[ 2017-05-06T08:44:36+08:00 ] 119.131.76.109 /favicon.ico
INFO: [ app_init ] --START--
INFO: Run Behavior\BuildLiteBehavior [ RunTime:0.000012s ]
INFO: [ app_init ] --END-- [ RunTime:0.000814s ]

[ 2017-05-06T09:05:02+08:00 ] 119.131.76.109 /favicon.ico
INFO: [ app_init ] --START--
INFO: Run Behavior\BuildLiteBehavior [ RunTime:0.000011s ]
INFO: [ app_init ] --END-- [ RunTime:0.000274s ]

[ 2017-05-06T09:15:46+08:00 ] 119.131.76.109 /
INFO: [ app_init ] --START--
INFO: Run Behavior\BuildLiteBehavior [ RunTime:0.000012s ]
INFO: [ app_init ] --END-- [ RunTime:0.000272s ]
INFO: [ app_begin ] --START--
INFO: Run Behavior\ReadHtmlCacheBehavior [ RunTime:0.000351s ]
INFO: [ app_begin ] --END-- [ RunTime:0.000389s ]
SQL: SHOW COLUMNS FROM `yd_company_info` [ RunTime:0.0008s ]
SQL: SELECT * FROM `yd_company_info` ORDER BY com_id desc LIMIT 60   [ RunTime:0.0002s ]
SQL: SHOW COLUMNS FROM `yd_image` [ RunTime:0.0005s ]
SQL: SELECT `img_id` FROM `yd_image` WHERE `img_storeid` = 606 LIMIT 1   [ RunTime:0.0002s ]
SQL: SELECT `img_id` FROM `yd_image` WHERE `img_storeid` = 543 LIMIT 1   [ RunTime:0.0001s ]
SQL: SELECT `img_id` FROM `yd_image` WHERE `img_storeid` = 533 LIMIT 1   [ RunTime:0.0001s ]
SQL: SELECT `img_id` FROM `yd_image` WHERE `img_storeid` = 532 LIMIT 1   [ RunTime:0.0001s ]
INFO: [ view_parse ] --START--
INFO: [ template_filter ] --START--
INFO: Run Behavior\ContentReplaceBehavior [ RunTime:0.000064s ]
INFO: [ template_filter ] --END-- [ RunTime:0.000117s ]
NOTIC: [8] Use of undefined constant scid - assumed 'scid' /mnt/web/association/public_html/Application/Runtime/Cache/Home/2a94b8bda04ff446dcedd42276fc99ee.php 第 97 行.
NOTIC: [8] Use of undefined constant scid - assumed 'scid' /mnt/web/association/public_html/Application/Runtime/Cache/Home/2a94b8bda04ff446dcedd42276fc99ee.php 第 97 行.
NOTIC: [8] Use of undefined constant scid - assumed 'scid' /mnt/web/association/public_html/Application/Runtime/Cache/Home/2a94b8bda04ff446dcedd42276fc99ee.php 第 97 行.
NOTIC: [8] Use of undefined constant scid - assumed 'scid' /mnt/web/association/public_html/Application/Runtime/Cache/Home/2a94b8bda04ff446dcedd42276fc99ee.php 第 97 行.
NOTIC: [8] Use of undefined constant scid - assumed 'scid' /mnt/web/association/public_html/Application/Runtime/Cache/Home/2a94b8bda04ff446dcedd42276fc99ee.php 第 97 行.
NOTIC: [8] Use of undefined constant scid - assumed 'scid' /mnt/web/association/public_html/Application/Runtime/Cache/Home/2a94b8bda04ff446dcedd42276fc99ee.php 第 97 行.
NOTIC: [8] Use of undefined constant scid - assumed 'scid' /mnt/web/association/public_html/Application/Runtime/Cache/Home/2a94b8bda04ff446dcedd42276fc99ee.php 第 97 行.
NOTIC: [8] Use of undefined constant scid - assumed 'scid' /mnt/web/association/public_html/Application/Runtime/Cache/Home/2a94b8bda04ff446dcedd42276fc99ee.php 第 97 行.
NOTIC: [8] Use of undefined constant scid - assumed 'scid' /mnt/web/association/public_html/Application/Runtime/Cache/Home/2a94b8bda04ff446dcedd42276fc99ee.php 第 97 行.
NOTIC: [8] Use of undefined constant scid - assumed 'scid' /mnt/web/association/public_html/Application/Runtime/Cache/Home/2a94b8bda04ff446dcedd42276fc99ee.php 第 97 行.
NOTIC: [8] Use of undefined constant scid - assumed 'scid' /mnt/web/association/public_html/Application/Runtime/Cache/Home/2a94b8bda04ff446dcedd42276fc99ee.php 第 97 行.
NOTIC: [8] Use of undefined constant scid - assumed 'scid' /mnt/web/association/public_html/Application/Runtime/Cache/Home/2a94b8bda04ff446dcedd42276fc99ee.php 第 97 行.
NOTIC: [8] Use of undefined constant scid - assumed 'scid' /mnt/web/association/public_html/Application/Runtime/Cache/Home/2a94b8bda04ff446dcedd42276fc99ee.php 第 97 行.
NOTIC: [8] Use of undefined constant scid - assumed 'scid' /mnt/web/association/public_html/Application/Runtime/Cache/Home/2a94b8bda04ff446dcedd42276fc99ee.php 第 97 行.
NOTIC: [8] Use of undefined constant scid - assumed 'scid' /mnt/web/association/public_html/Application/Runtime/Cache/Home/2a94b8bda04ff446dcedd42276fc99ee.php 第 97 行.
NOTIC: [8] Use of undefined constant scid - assumed 'scid' /mnt/web/association/public_html/Application/Runtime/Cache/Home/2a94b8bda04ff446dcedd42276fc99ee.php 第 97 行.
INFO: Run Behavior\ParseTemplateBehavior [ RunTime:0.066031s ]
INFO: [ view_parse ] --END-- [ RunTime:0.066069s ]
INFO: [ view_filter ] --START--
INFO: Run Behavior\WriteHtmlCacheBehavior [ RunTime:0.011672s ]
INFO: [ view_filter ] --END-- [ RunTime:0.011702s ]
INFO: [ app_end ] --START--
INFO: Run Behavior\ShowPageTraceBehavior [ RunTime:0.008216s ]
INFO: [ app_end ] --END-- [ RunTime:0.008252s ]

[ 2017-05-06T09:15:46+08:00 ] 119.131.76.109 /Public/ydhome/images/baidu.png
INFO: [ app_init ] --START--
INFO: Run Behavior\BuildLiteBehavior [ RunTime:0.000011s ]
INFO: [ app_init ] --END-- [ RunTime:0.000276s ]

[ 2017-05-06T09:15:47+08:00 ] 119.131.76.109 /favicon.ico
INFO: [ app_init ] --START--
INFO: Run Behavior\BuildLiteBehavior [ RunTime:0.000011s ]
INFO: [ app_init ] --END-- [ RunTime:0.000276s ]

[ 2017-05-06T09:20:45+08:00 ] 119.131.76.109 /Public/ydadmin/css/bootstrap.min.css.map
INFO: [ app_init ] --START--
INFO: Run Behavior\BuildLiteBehavior [ RunTime:0.000011s ]
INFO: [ app_init ] --END-- [ RunTime:0.000265s ]
INFO: [ app_begin ] --START--
INFO: Run Behavior\ReadHtmlCacheBehavior [ RunTime:0.000356s ]
INFO: [ app_begin ] --END-- [ RunTime:0.000394s ]
ERR: 无法加载控制器:Public

[ 2017-05-06T09:54:07+08:00 ] 119.131.76.109 /favicon.ico
INFO: [ app_init ] --START--
INFO: Run Behavior\BuildLiteBehavior [ RunTime:0.000011s ]
INFO: [ app_init ] --END-- [ RunTime:0.000265s ]

[ 2017-05-06T10:52:09+08:00 ] 119.131.76.109 /favicon.ico
INFO: [ app_init ] --START--
INFO: Run Behavior\BuildLiteBehavior [ RunTime:0.000012s ]
INFO: [ app_init ] --END-- [ RunTime:0.000278s ]

[ 2017-05-06T11:08:37+08:00 ] 119.131.76.109 /favicon.ico
INFO: [ app_init ] --START--
INFO: Run Behavior\BuildLiteBehavior [ RunTime:0.000011s ]
INFO: [ app_init ] --END-- [ RunTime:0.000261s ]

[ 2017-05-06T11:29:22+08:00 ] 119.131.76.109 /favicon.ico
INFO: [ app_init ] --START--
INFO: Run Behavior\BuildLiteBehavior [ RunTime:0.000012s ]
INFO: [ app_init ] --END-- [ RunTime:0.000280s ]

[ 2017-05-06T13:06:54+08:00 ] 119.131.76.109 /favicon.ico
INFO: [ app_init ] --START--
INFO: Run Behavior\BuildLiteBehavior [ RunTime:0.000010s ]
INFO: [ app_init ] --END-- [ RunTime:0.000256s ]

[ 2017-05-06T15:19:13+08:00 ] 119.131.76.109 /favicon.ico
INFO: [ app_init ] --START--
INFO: Run Behavior\BuildLiteBehavior [ RunTime:0.000012s ]
INFO: [ app_init ] --END-- [ RunTime:0.000278s ]

[ 2017-05-06T23:23:08+08:00 ] 140.205.201.40 /cunoagelyxmr
INFO: [ app_init ] --START--
INFO: Run Behavior\BuildLiteBehavior [ RunTime:0.000011s ]
INFO: [ app_init ] --END-- [ RunTime:0.000253s ]
INFO: [ app_begin ] --START--
INFO: Run Behavior\ReadHtmlCacheBehavior [ RunTime:0.000352s ]
INFO: [ app_begin ] --END-- [ RunTime:0.000391s ]
ERR: 无法加载控制器:Cunoagelyxmr

[ 2017-05-06T23:23:08+08:00 ] 140.205.201.40 /cunoagelyxmr
INFO: [ app_init ] --START--
INFO: Run Behavior\BuildLiteBehavior [ RunTime:0.000010s ]
INFO: [ app_init ] --END-- [ RunTime:0.000277s ]
INFO: [ app_begin ] --START--
INFO: Run Behavior\ReadHtmlCacheBehavior [ RunTime:0.000372s ]
INFO: [ app_begin ] --END-- [ RunTime:0.000410s ]
ERR: 无法加载控制器:Cunoagelyxmr

[ 2017-05-06T23:23:09+08:00 ] 140.205.201.40 /cunoagelyxmr
INFO: [ app_init ] --START--
INFO: Run Behavior\BuildLiteBehavior [ RunTime:0.000011s ]
INFO: [ app_init ] --END-- [ RunTime:0.000256s ]
INFO: [ app_begin ] --START--
INFO: Run Behavior\ReadHtmlCacheBehavior [ RunTime:0.000347s ]
INFO: [ app_begin ] --END-- [ RunTime:0.000387s ]
ERR: 无法加载控制器:Cunoagelyxmr

[ 2017-05-06T23:23:12+08:00 ] 140.205.201.40 /jobs/
INFO: [ app_init ] --START--
INFO: Run Behavior\BuildLiteBehavior [ RunTime:0.000011s ]
INFO: [ app_init ] --END-- [ RunTime:0.000261s ]
INFO: [ app_begin ] --START--
INFO: Run Behavior\ReadHtmlCacheBehavior [ RunTime:0.000348s ]
INFO: [ app_begin ] --END-- [ RunTime:0.000388s ]
ERR: 无法加载控制器:Jobs

[ 2017-05-06T23:23:14+08:00 ] 140.205.201.40 /ganglia/index.php
INFO: [ app_init ] --START--
INFO: Run Behavior\BuildLiteBehavior [ RunTime:0.000011s ]
INFO: [ app_init ] --END-- [ RunTime:0.000261s ]
INFO: [ app_begin ] --START--
INFO: Run Behavior\ReadHtmlCacheBehavior [ RunTime:0.000357s ]
INFO: [ app_begin ] --END-- [ RunTime:0.000398s ]
ERR: 无法加载控制器:Ganglia

[ 2017-05-06T23:23:14+08:00 ] 140.205.201.40 /Public/ueditor/utf8-php/php/spaces/viewdefaultdecorator.action?decoratorName=file:///etc/passwd
INFO: [ app_init ] --START--
INFO: Run Behavior\BuildLiteBehavior [ RunTime:0.000011s ]
INFO: [ app_init ] --END-- [ RunTime:0.000262s ]
INFO: [ app_begin ] --START--
INFO: Run Behavior\ReadHtmlCacheBehavior [ RunTime:0.000348s ]
INFO: [ app_begin ] --END-- [ RunTime:0.000387s ]
ERR: 无法加载控制器:Public

[ 2017-05-06T23:23:14+08:00 ] 140.205.201.40 /
INFO: [ app_init ] --START--
INFO: Run Behavior\BuildLiteBehavior [ RunTime:0.000010s ]
INFO: [ app_init ] --END-- [ RunTime:0.000260s ]
INFO: [ app_begin ] --START--
INFO: Run Behavior\ReadHtmlCacheBehavior [ RunTime:0.000337s ]
INFO: [ app_begin ] --END-- [ RunTime:0.000376s ]
SQL: SHOW COLUMNS FROM `yd_company_info` [ RunTime:0.0007s ]
SQL: SELECT * FROM `yd_company_info` ORDER BY com_id desc LIMIT 60   [ RunTime:0.0002s ]
SQL: SHOW COLUMNS FROM `yd_image` [ RunTime:0.0004s ]
SQL: SELECT `img_id` FROM `yd_image` WHERE `img_storeid` = 606 LIMIT 1   [ RunTime:0.0001s ]
SQL: SELECT `img_id` FROM `yd_image` WHERE `img_storeid` = 543 LIMIT 1   [ RunTime:0.0001s ]
SQL: SELECT `img_id` FROM `yd_image` WHERE `img_storeid` = 533 LIMIT 1   [ RunTime:0.0001s ]
SQL: SELECT `img_id` FROM `yd_image` WHERE `img_storeid` = 532 LIMIT 1   [ RunTime:0.0001s ]
INFO: [ view_parse ] --START--
INFO: [ template_filter ] --START--
INFO: Run Behavior\ContentReplaceBehavior [ RunTime:0.000053s ]
INFO: [ template_filter ] --END-- [ RunTime:0.000088s ]
NOTIC: [8] Use of undefined constant scid - assumed 'scid' /mnt/web/association/public_html/Application/Runtime/Cache/Home/2a94b8bda04ff446dcedd42276fc99ee.php 第 97 行.
NOTIC: [8] Use of undefined constant scid - assumed 'scid' /mnt/web/association/public_html/Application/Runtime/Cache/Home/2a94b8bda04ff446dcedd42276fc99ee.php 第 97 行.
NOTIC: [8] Use of undefined constant scid - assumed 'scid' /mnt/web/association/public_html/Application/Runtime/Cache/Home/2a94b8bda04ff446dcedd42276fc99ee.php 第 97 行.
NOTIC: [8] Use of undefined constant scid - assumed 'scid' /mnt/web/association/public_html/Application/Runtime/Cache/Home/2a94b8bda04ff446dcedd42276fc99ee.php 第 97 行.
NOTIC: [8] Use of undefined constant scid - assumed 'scid' /mnt/web/association/public_html/Application/Runtime/Cache/Home/2a94b8bda04ff446dcedd42276fc99ee.php 第 97 行.
NOTIC: [8] Use of undefined constant scid - assumed 'scid' /mnt/web/association/public_html/Application/Runtime/Cache/Home/2a94b8bda04ff446dcedd42276fc99ee.php 第 97 行.
NOTIC: [8] Use of undefined constant scid - assumed 'scid' /mnt/web/association/public_html/Application/Runtime/Cache/Home/2a94b8bda04ff446dcedd42276fc99ee.php 第 97 行.
NOTIC: [8] Use of undefined constant scid - assumed 'scid' /mnt/web/association/public_html/Application/Runtime/Cache/Home/2a94b8bda04ff446dcedd42276fc99ee.php 第 97 行.
NOTIC: [8] Use of undefined constant scid - assumed 'scid' /mnt/web/association/public_html/Application/Runtime/Cache/Home/2a94b8bda04ff446dcedd42276fc99ee.php 第 97 行.
NOTIC: [8] Use of undefined constant scid - assumed 'scid' /mnt/web/association/public_html/Application/Runtime/Cache/Home/2a94b8bda04ff446dcedd42276fc99ee.php 第 97 行.
NOTIC: [8] Use of undefined constant scid - assumed 'scid' /mnt/web/association/public_html/Application/Runtime/Cache/Home/2a94b8bda04ff446dcedd42276fc99ee.php 第 97 行.
NOTIC: [8] Use of undefined constant scid - assumed 'scid' /mnt/web/association/public_html/Application/Runtime/Cache/Home/2a94b8bda04ff446dcedd42276fc99ee.php 第 97 行.
NOTIC: [8] Use of undefined constant scid - assumed 'scid' /mnt/web/association/public_html/Application/Runtime/Cache/Home/2a94b8bda04ff446dcedd42276fc99ee.php 第 97 行.
NOTIC: [8] Use of undefined constant scid - assumed 'scid' /mnt/web/association/public_html/Application/Runtime/Cache/Home/2a94b8bda04ff446dcedd42276fc99ee.php 第 97 行.
NOTIC: [8] Use of undefined constant scid - assumed 'scid' /mnt/web/association/public_html/Application/Runtime/Cache/Home/2a94b8bda04ff446dcedd42276fc99ee.php 第 97 行.
NOTIC: [8] Use of undefined constant scid - assumed 'scid' /mnt/web/association/public_html/Application/Runtime/Cache/Home/2a94b8bda04ff446dcedd42276fc99ee.php 第 97 行.
INFO: Run Behavior\ParseTemplateBehavior [ RunTime:0.007311s ]
INFO: [ view_parse ] --END-- [ RunTime:0.007344s ]
INFO: [ view_filter ] --START--
INFO: Run Behavior\WriteHtmlCacheBehavior [ RunTime:0.000160s ]
INFO: [ view_filter ] --END-- [ RunTime:0.000187s ]
INFO: [ app_end ] --START--
INFO: Run Behavior\ShowPageTraceBehavior [ RunTime:0.000380s ]
INFO: [ app_end ] --END-- [ RunTime:0.000415s ]

[ 2017-05-06T23:23:22+08:00 ] 140.205.201.40 /index.php
INFO: [ app_init ] --START--
INFO: Run Behavior\BuildLiteBehavior [ RunTime:0.000011s ]
INFO: [ app_init ] --END-- [ RunTime:0.000291s ]
INFO: [ app_begin ] --START--
INFO: Run Behavior\ReadHtmlCacheBehavior [ RunTime:0.000373s ]
INFO: [ app_begin ] --END-- [ RunTime:0.000410s ]
SQL: SHOW COLUMNS FROM `yd_company_info` [ RunTime:0.0008s ]
SQL: SELECT * FROM `yd_company_info` ORDER BY com_id desc LIMIT 60   [ RunTime:0.0002s ]
SQL: SHOW COLUMNS FROM `yd_image` [ RunTime:0.0004s ]
SQL: SELECT `img_id` FROM `yd_image` WHERE `img_storeid` = 606 LIMIT 1   [ RunTime:0.0001s ]
SQL: SELECT `img_id` FROM `yd_image` WHERE `img_storeid` = 543 LIMIT 1   [ RunTime:0.0001s ]
SQL: SELECT `img_id` FROM `yd_image` WHERE `img_storeid` = 533 LIMIT 1   [ RunTime:0.0001s ]
SQL: SELECT `img_id` FROM `yd_image` WHERE `img_storeid` = 532 LIMIT 1   [ RunTime:0.0001s ]
INFO: [ view_parse ] --START--
INFO: [ template_filter ] --START--
INFO: Run Behavior\ContentReplaceBehavior [ RunTime:0.000055s ]
INFO: [ template_filter ] --END-- [ RunTime:0.000090s ]
NOTIC: [8] Use of undefined constant scid - assumed 'scid' /mnt/web/association/public_html/Application/Runtime/Cache/Home/2a94b8bda04ff446dcedd42276fc99ee.php 第 97 行.
NOTIC: [8] Use of undefined constant scid - assumed 'scid' /mnt/web/association/public_html/Application/Runtime/Cache/Home/2a94b8bda04ff446dcedd42276fc99ee.php 第 97 行.
NOTIC: [8] Use of undefined constant scid - assumed 'scid' /mnt/web/association/public_html/Application/Runtime/Cache/Home/2a94b8bda04ff446dcedd42276fc99ee.php 第 97 行.
NOTIC: [8] Use of undefined constant scid - assumed 'scid' /mnt/web/association/public_html/Application/Runtime/Cache/Home/2a94b8bda04ff446dcedd42276fc99ee.php 第 97 行.
NOTIC: [8] Use of undefined constant scid - assumed 'scid' /mnt/web/association/public_html/Application/Runtime/Cache/Home/2a94b8bda04ff446dcedd42276fc99ee.php 第 97 行.
NOTIC: [8] Use of undefined constant scid - assumed 'scid' /mnt/web/association/public_html/Application/Runtime/Cache/Home/2a94b8bda04ff446dcedd42276fc99ee.php 第 97 行.
NOTIC: [8] Use of undefined constant scid - assumed 'scid' /mnt/web/association/public_html/Application/Runtime/Cache/Home/2a94b8bda04ff446dcedd42276fc99ee.php 第 97 行.
NOTIC: [8] Use of undefined constant scid - assumed 'scid' /mnt/web/association/public_html/Application/Runtime/Cache/Home/2a94b8bda04ff446dcedd42276fc99ee.php 第 97 行.
NOTIC: [8] Use of undefined constant scid - assumed 'scid' /mnt/web/association/public_html/Application/Runtime/Cache/Home/2a94b8bda04ff446dcedd42276fc99ee.php 第 97 行.
NOTIC: [8] Use of undefined constant scid - assumed 'scid' /mnt/web/association/public_html/Application/Runtime/Cache/Home/2a94b8bda04ff446dcedd42276fc99ee.php 第 97 行.
NOTIC: [8] Use of undefined constant scid - assumed 'scid' /mnt/web/association/public_html/Application/Runtime/Cache/Home/2a94b8bda04ff446dcedd42276fc99ee.php 第 97 行.
NOTIC: [8] Use of undefined constant scid - assumed 'scid' /mnt/web/association/public_html/Application/Runtime/Cache/Home/2a94b8bda04ff446dcedd42276fc99ee.php 第 97 行.
NOTIC: [8] Use of undefined constant scid - assumed 'scid' /mnt/web/association/public_html/Application/Runtime/Cache/Home/2a94b8bda04ff446dcedd42276fc99ee.php 第 97 行.
NOTIC: [8] Use of undefined constant scid - assumed 'scid' /mnt/web/association/public_html/Application/Runtime/Cache/Home/2a94b8bda04ff446dcedd42276fc99ee.php 第 97 行.
NOTIC: [8] Use of undefined constant scid - assumed 'scid' /mnt/web/association/public_html/Application/Runtime/Cache/Home/2a94b8bda04ff446dcedd42276fc99ee.php 第 97 行.
NOTIC: [8] Use of undefined constant scid - assumed 'scid' /mnt/web/association/public_html/Application/Runtime/Cache/Home/2a94b8bda04ff446dcedd42276fc99ee.php 第 97 行.
INFO: Run Behavior\ParseTemplateBehavior [ RunTime:0.007282s ]
INFO: [ view_parse ] --END-- [ RunTime:0.007317s ]
INFO: [ view_filter ] --START--
INFO: Run Behavior\WriteHtmlCacheBehavior [ RunTime:0.000178s ]
INFO: [ view_filter ] --END-- [ RunTime:0.000206s ]
INFO: [ app_end ] --START--
INFO: Run Behavior\ShowPageTraceBehavior [ RunTime:0.000350s ]
INFO: [ app_end ] --END-- [ RunTime:0.000384s ]

[ 2017-05-06T23:23:25+08:00 ] 140.205.201.40 /rs-status
INFO: [ app_init ] --START--
INFO: Run Behavior\BuildLiteBehavior [ RunTime:0.000010s ]
INFO: [ app_init ] --END-- [ RunTime:0.000276s ]
INFO: [ app_begin ] --START--
INFO: Run Behavior\ReadHtmlCacheBehavior [ RunTime:0.000355s ]
INFO: [ app_begin ] --END-- [ RunTime:0.000394s ]
ERR: 无法加载控制器:Rs-status

[ 2017-05-06T23:23:36+08:00 ] 140.205.201.40 /Public/ueditor/utf8-php/php/'%22+onmouseover=alert()+d='%22
INFO: [ app_init ] --START--
INFO: Run Behavior\BuildLiteBehavior [ RunTime:0.000012s ]
INFO: [ app_init ] --END-- [ RunTime:0.000265s ]
INFO: [ app_begin ] --START--
INFO: Run Behavior\ReadHtmlCacheBehavior [ RunTime:0.000372s ]
INFO: [ app_begin ] --END-- [ RunTime:0.000410s ]
ERR: 无法加载控制器:Public

[ 2017-05-06T23:24:04+08:00 ] 140.205.201.40 /master-status
INFO: [ app_init ] --START--
INFO: Run Behavior\BuildLiteBehavior [ RunTime:0.000012s ]
INFO: [ app_init ] --END-- [ RunTime:0.000282s ]
INFO: [ app_begin ] --START--
INFO: Run Behavior\ReadHtmlCacheBehavior [ RunTime:0.000386s ]
INFO: [ app_begin ] --END-- [ RunTime:0.000424s ]
ERR: 无法加载控制器:Master-status

[ 2017-05-06T23:24:07+08:00 ] 140.205.201.40 /dfshealth.html
INFO: [ app_init ] --START--
INFO: Run Behavior\BuildLiteBehavior [ RunTime:0.000011s ]
INFO: [ app_init ] --END-- [ RunTime:0.000266s ]
INFO: [ app_begin ] --START--
INFO: Run Behavior\ReadHtmlCacheBehavior [ RunTime:0.000348s ]
INFO: [ app_begin ] --END-- [ RunTime:0.000386s ]
ERR: 无法加载控制器:Dfshealth

[ 2017-05-06T23:24:07+08:00 ] 140.205.201.40 /Public/ueditor/utf8-php/php/%27%22%20onmouseover%3Dalert%28%29%20d%3D%27%22
INFO: [ app_init ] --START--
INFO: Run Behavior\BuildLiteBehavior [ RunTime:0.000011s ]
INFO: [ app_init ] --END-- [ RunTime:0.000267s ]
INFO: [ app_begin ] --START--
INFO: Run Behavior\ReadHtmlCacheBehavior [ RunTime:0.000369s ]
INFO: [ app_begin ] --END-- [ RunTime:0.000406s ]
ERR: 无法加载控制器:Public

[ 2017-05-06T23:24:37+08:00 ] 140.205.201.40 /Public/ueditor/utf8-php/php/%2527%2522%2520onmouseover%253Dalert%2528%2529%2520d%253D%2527%2522
INFO: [ app_init ] --START--
INFO: Run Behavior\BuildLiteBehavior [ RunTime:0.000011s ]
INFO: [ app_init ] --END-- [ RunTime:0.000276s ]
INFO: [ app_begin ] --START--
INFO: Run Behavior\ReadHtmlCacheBehavior [ RunTime:0.000379s ]
INFO: [ app_begin ] --END-- [ RunTime:0.000416s ]
ERR: 无法加载控制器:Public

[ 2017-05-06T23:24:59+08:00 ] 140.205.201.40 /about/
INFO: [ app_init ] --START--
INFO: Run Behavior\BuildLiteBehavior [ RunTime:0.000011s ]
INFO: [ app_init ] --END-- [ RunTime:0.000268s ]
INFO: [ app_begin ] --START--
INFO: Run Behavior\ReadHtmlCacheBehavior [ RunTime:0.000341s ]
INFO: [ app_begin ] --END-- [ RunTime:0.000378s ]
ERR: 无法加载控制器:About

[ 2017-05-06T23:25:00+08:00 ] 140.205.201.40 /dfshealth.jsp
INFO: [ app_init ] --START--
INFO: Run Behavior\BuildLiteBehavior [ RunTime:0.000012s ]
INFO: [ app_init ] --END-- [ RunTime:0.000285s ]
INFO: [ app_begin ] --START--
INFO: Run Behavior\ReadHtmlCacheBehavior [ RunTime:0.000359s ]
INFO: [ app_begin ] --END-- [ RunTime:0.000399s ]
ERR: 无法加载控制器:Dfshealth.jsp

[ 2017-05-06T23:25:02+08:00 ] 140.205.201.40 /hadoop/dfshealth.jsp
INFO: [ app_init ] --START--
INFO: Run Behavior\BuildLiteBehavior [ RunTime:0.000010s ]
INFO: [ app_init ] --END-- [ RunTime:0.000275s ]
INFO: [ app_begin ] --START--
INFO: Run Behavior\ReadHtmlCacheBehavior [ RunTime:0.000347s ]
INFO: [ app_begin ] --END-- [ RunTime:0.000386s ]
ERR: 无法加载控制器:Hadoop

[ 2017-05-06T23:25:08+08:00 ] 140.205.201.40 /Public/ueditor/utf8-php/php/'%22/%3E%3C/script%3E%3Cscript%3Ealert()%3C/script%3E
INFO: [ app_init ] --START--
INFO: Run Behavior\BuildLiteBehavior [ RunTime:0.000012s ]
INFO: [ app_init ] --END-- [ RunTime:0.000265s ]
INFO: [ app_begin ] --START--
INFO: Run Behavior\ReadHtmlCacheBehavior [ RunTime:0.000371s ]
INFO: [ app_begin ] --END-- [ RunTime:0.000410s ]
ERR: 无法加载控制器:Public

[ 2017-05-06T23:25:13+08:00 ] 140.205.201.40 /
INFO: [ app_init ] --START--
INFO: Run Behavior\BuildLiteBehavior [ RunTime:0.000010s ]
INFO: [ app_init ] --END-- [ RunTime:0.000264s ]
INFO: [ app_begin ] --START--
INFO: Run Behavior\ReadHtmlCacheBehavior [ RunTime:0.000369s ]
INFO: [ app_begin ] --END-- [ RunTime:0.000408s ]
SQL: SHOW COLUMNS FROM `yd_company_info` [ RunTime:0.0008s ]
SQL: SELECT * FROM `yd_company_info` ORDER BY com_id desc LIMIT 60   [ RunTime:0.0002s ]
SQL: SHOW COLUMNS FROM `yd_image` [ RunTime:0.0004s ]
SQL: SELECT `img_id` FROM `yd_image` WHERE `img_storeid` = 606 LIMIT 1   [ RunTime:0.0001s ]
SQL: SELECT `img_id` FROM `yd_image` WHERE `img_storeid` = 543 LIMIT 1   [ RunTime:0.0001s ]
SQL: SELECT `img_id` FROM `yd_image` WHERE `img_storeid` = 533 LIMIT 1   [ RunTime:0.0001s ]
SQL: SELECT `img_id` FROM `yd_image` WHERE `img_storeid` = 532 LIMIT 1   [ RunTime:0.0001s ]
INFO: [ view_parse ] --START--
INFO: [ template_filter ] --START--
INFO: Run Behavior\ContentReplaceBehavior [ RunTime:0.000055s ]
INFO: [ template_filter ] --END-- [ RunTime:0.000090s ]
NOTIC: [8] Use of undefined constant scid - assumed 'scid' /mnt/web/association/public_html/Application/Runtime/Cache/Home/2a94b8bda04ff446dcedd42276fc99ee.php 第 97 行.
NOTIC: [8] Use of undefined constant scid - assumed 'scid' /mnt/web/association/public_html/Application/Runtime/Cache/Home/2a94b8bda04ff446dcedd42276fc99ee.php 第 97 行.
NOTIC: [8] Use of undefined constant scid - assumed 'scid' /mnt/web/association/public_html/Application/Runtime/Cache/Home/2a94b8bda04ff446dcedd42276fc99ee.php 第 97 行.
NOTIC: [8] Use of undefined constant scid - assumed 'scid' /mnt/web/association/public_html/Application/Runtime/Cache/Home/2a94b8bda04ff446dcedd42276fc99ee.php 第 97 行.
NOTIC: [8] Use of undefined constant scid - assumed 'scid' /mnt/web/association/public_html/Application/Runtime/Cache/Home/2a94b8bda04ff446dcedd42276fc99ee.php 第 97 行.
NOTIC: [8] Use of undefined constant scid - assumed 'scid' /mnt/web/association/public_html/Application/Runtime/Cache/Home/2a94b8bda04ff446dcedd42276fc99ee.php 第 97 行.
NOTIC: [8] Use of undefined constant scid - assumed 'scid' /mnt/web/association/public_html/Application/Runtime/Cache/Home/2a94b8bda04ff446dcedd42276fc99ee.php 第 97 行.
NOTIC: [8] Use of undefined constant scid - assumed 'scid' /mnt/web/association/public_html/Application/Runtime/Cache/Home/2a94b8bda04ff446dcedd42276fc99ee.php 第 97 行.
NOTIC: [8] Use of undefined constant scid - assumed 'scid' /mnt/web/association/public_html/Application/Runtime/Cache/Home/2a94b8bda04ff446dcedd42276fc99ee.php 第 97 行.
NOTIC: [8] Use of undefined constant scid - assumed 'scid' /mnt/web/association/public_html/Application/Runtime/Cache/Home/2a94b8bda04ff446dcedd42276fc99ee.php 第 97 行.
NOTIC: [8] Use of undefined constant scid - assumed 'scid' /mnt/web/association/public_html/Application/Runtime/Cache/Home/2a94b8bda04ff446dcedd42276fc99ee.php 第 97 行.
NOTIC: [8] Use of undefined constant scid - assumed 'scid' /mnt/web/association/public_html/Application/Runtime/Cache/Home/2a94b8bda04ff446dcedd42276fc99ee.php 第 97 行.
NOTIC: [8] Use of undefined constant scid - assumed 'scid' /mnt/web/association/public_html/Application/Runtime/Cache/Home/2a94b8bda04ff446dcedd42276fc99ee.php 第 97 行.
NOTIC: [8] Use of undefined constant scid - assumed 'scid' /mnt/web/association/public_html/Application/Runtime/Cache/Home/2a94b8bda04ff446dcedd42276fc99ee.php 第 97 行.
NOTIC: [8] Use of undefined constant scid - assumed 'scid' /mnt/web/association/public_html/Application/Runtime/Cache/Home/2a94b8bda04ff446dcedd42276fc99ee.php 第 97 行.
NOTIC: [8] Use of undefined constant scid - assumed 'scid' /mnt/web/association/public_html/Application/Runtime/Cache/Home/2a94b8bda04ff446dcedd42276fc99ee.php 第 97 行.
INFO: Run Behavior\ParseTemplateBehavior [ RunTime:0.007356s ]
INFO: [ view_parse ] --END-- [ RunTime:0.007393s ]
INFO: [ view_filter ] --START--
INFO: Run Behavior\WriteHtmlCacheBehavior [ RunTime:0.000159s ]
INFO: [ view_filter ] --END-- [ RunTime:0.000186s ]
INFO: [ app_end ] --START--
INFO: Run Behavior\ShowPageTraceBehavior [ RunTime:0.000386s ]
INFO: [ app_end ] --END-- [ RunTime:0.000420s ]

[ 2017-05-06T23:25:18+08:00 ] 140.205.201.40 /
INFO: [ app_init ] --START--
INFO: Run Behavior\BuildLiteBehavior [ RunTime:0.000011s ]
INFO: [ app_init ] --END-- [ RunTime:0.000280s ]
INFO: [ app_begin ] --START--
INFO: Run Behavior\ReadHtmlCacheBehavior [ RunTime:0.000363s ]
INFO: [ app_begin ] --END-- [ RunTime:0.000401s ]
SQL: SHOW COLUMNS FROM `yd_company_info` [ RunTime:0.0008s ]
SQL: SELECT * FROM `yd_company_info` ORDER BY com_id desc LIMIT 60   [ RunTime:0.0002s ]
SQL: SHOW COLUMNS FROM `yd_image` [ RunTime:0.0004s ]
SQL: SELECT `img_id` FROM `yd_image` WHERE `img_storeid` = 606 LIMIT 1   [ RunTime:0.0001s ]
SQL: SELECT `img_id` FROM `yd_image` WHERE `img_storeid` = 543 LIMIT 1   [ RunTime:0.0001s ]
SQL: SELECT `img_id` FROM `yd_image` WHERE `img_storeid` = 533 LIMIT 1   [ RunTime:0.0001s ]
SQL: SELECT `img_id` FROM `yd_image` WHERE `img_storeid` = 532 LIMIT 1   [ RunTime:0.0001s ]
INFO: [ view_parse ] --START--
INFO: [ template_filter ] --START--
INFO: Run Behavior\ContentReplaceBehavior [ RunTime:0.000078s ]
INFO: [ template_filter ] --END-- [ RunTime:0.000134s ]
NOTIC: [8] Use of undefined constant scid - assumed 'scid' /mnt/web/association/public_html/Application/Runtime/Cache/Home/2a94b8bda04ff446dcedd42276fc99ee.php 第 97 行.
NOTIC: [8] Use of undefined constant scid - assumed 'scid' /mnt/web/association/public_html/Application/Runtime/Cache/Home/2a94b8bda04ff446dcedd42276fc99ee.php 第 97 行.
NOTIC: [8] Use of undefined constant scid - assumed 'scid' /mnt/web/association/public_html/Application/Runtime/Cache/Home/2a94b8bda04ff446dcedd42276fc99ee.php 第 97 行.
NOTIC: [8] Use of undefined constant scid - assumed 'scid' /mnt/web/association/public_html/Application/Runtime/Cache/Home/2a94b8bda04ff446dcedd42276fc99ee.php 第 97 行.
NOTIC: [8] Use of undefined constant scid - assumed 'scid' /mnt/web/association/public_html/Application/Runtime/Cache/Home/2a94b8bda04ff446dcedd42276fc99ee.php 第 97 行.
NOTIC: [8] Use of undefined constant scid - assumed 'scid' /mnt/web/association/public_html/Application/Runtime/Cache/Home/2a94b8bda04ff446dcedd42276fc99ee.php 第 97 行.
NOTIC: [8] Use of undefined constant scid - assumed 'scid' /mnt/web/association/public_html/Application/Runtime/Cache/Home/2a94b8bda04ff446dcedd42276fc99ee.php 第 97 行.
NOTIC: [8] Use of undefined constant scid - assumed 'scid' /mnt/web/association/public_html/Application/Runtime/Cache/Home/2a94b8bda04ff446dcedd42276fc99ee.php 第 97 行.
NOTIC: [8] Use of undefined constant scid - assumed 'scid' /mnt/web/association/public_html/Application/Runtime/Cache/Home/2a94b8bda04ff446dcedd42276fc99ee.php 第 97 行.
NOTIC: [8] Use of undefined constant scid - assumed 'scid' /mnt/web/association/public_html/Application/Runtime/Cache/Home/2a94b8bda04ff446dcedd42276fc99ee.php 第 97 行.
NOTIC: [8] Use of undefined constant scid - assumed 'scid' /mnt/web/association/public_html/Application/Runtime/Cache/Home/2a94b8bda04ff446dcedd42276fc99ee.php 第 97 行.
NOTIC: [8] Use of undefined constant scid - assumed 'scid' /mnt/web/association/public_html/Application/Runtime/Cache/Home/2a94b8bda04ff446dcedd42276fc99ee.php 第 97 行.
NOTIC: [8] Use of undefined constant scid - assumed 'scid' /mnt/web/association/public_html/Application/Runtime/Cache/Home/2a94b8bda04ff446dcedd42276fc99ee.php 第 97 行.
NOTIC: [8] Use of undefined constant scid - assumed 'scid' /mnt/web/association/public_html/Application/Runtime/Cache/Home/2a94b8bda04ff446dcedd42276fc99ee.php 第 97 行.
NOTIC: [8] Use of undefined constant scid - assumed 'scid' /mnt/web/association/public_html/Application/Runtime/Cache/Home/2a94b8bda04ff446dcedd42276fc99ee.php 第 97 行.
NOTIC: [8] Use of undefined constant scid - assumed 'scid' /mnt/web/association/public_html/Application/Runtime/Cache/Home/2a94b8bda04ff446dcedd42276fc99ee.php 第 97 行.
INFO: Run Behavior\ParseTemplateBehavior [ RunTime:0.007529s ]
INFO: [ view_parse ] --END-- [ RunTime:0.007584s ]
INFO: [ view_filter ] --START--
INFO: Run Behavior\WriteHtmlCacheBehavior [ RunTime:0.000172s ]
INFO: [ view_filter ] --END-- [ RunTime:0.000201s ]
INFO: [ app_end ] --START--
INFO: Run Behavior\ShowPageTraceBehavior [ RunTime:0.000369s ]
INFO: [ app_end ] --END-- [ RunTime:0.000403s ]

[ 2017-05-06T23:25:21+08:00 ] 140.205.201.40 /
INFO: [ app_init ] --START--
INFO: Run Behavior\BuildLiteBehavior [ RunTime:0.000011s ]
INFO: [ app_init ] --END-- [ RunTime:0.000262s ]
INFO: [ app_begin ] --START--
INFO: Run Behavior\ReadHtmlCacheBehavior [ RunTime:0.000343s ]
INFO: [ app_begin ] --END-- [ RunTime:0.000382s ]
SQL: SHOW COLUMNS FROM `yd_company_info` [ RunTime:0.0008s ]
SQL: SELECT * FROM `yd_company_info` ORDER BY com_id desc LIMIT 60   [ RunTime:0.0002s ]
SQL: SHOW COLUMNS FROM `yd_image` [ RunTime:0.0005s ]
SQL: SELECT `img_id` FROM `yd_image` WHERE `img_storeid` = 606 LIMIT 1   [ RunTime:0.0001s ]
SQL: SELECT `img_id` FROM `yd_image` WHERE `img_storeid` = 543 LIMIT 1   [ RunTime:0.0001s ]
SQL: SELECT `img_id` FROM `yd_image` WHERE `img_storeid` = 533 LIMIT 1   [ RunTime:0.0001s ]
SQL: SELECT `img_id` FROM `yd_image` WHERE `img_storeid` = 532 LIMIT 1   [ RunTime:0.0001s ]
INFO: [ view_parse ] --START--
INFO: [ template_filter ] --START--
INFO: Run Behavior\ContentReplaceBehavior [ RunTime:0.000068s ]
INFO: [ template_filter ] --END-- [ RunTime:0.000107s ]
NOTIC: [8] Use of undefined constant scid - assumed 'scid' /mnt/web/association/public_html/Application/Runtime/Cache/Home/2a94b8bda04ff446dcedd42276fc99ee.php 第 97 行.
NOTIC: [8] Use of undefined constant scid - assumed 'scid' /mnt/web/association/public_html/Application/Runtime/Cache/Home/2a94b8bda04ff446dcedd42276fc99ee.php 第 97 行.
NOTIC: [8] Use of undefined constant scid - assumed 'scid' /mnt/web/association/public_html/Application/Runtime/Cache/Home/2a94b8bda04ff446dcedd42276fc99ee.php 第 97 行.
NOTIC: [8] Use of undefined constant scid - assumed 'scid' /mnt/web/association/public_html/Application/Runtime/Cache/Home/2a94b8bda04ff446dcedd42276fc99ee.php 第 97 行.
NOTIC: [8] Use of undefined constant scid - assumed 'scid' /mnt/web/association/public_html/Application/Runtime/Cache/Home/2a94b8bda04ff446dcedd42276fc99ee.php 第 97 行.
NOTIC: [8] Use of undefined constant scid - assumed 'scid' /mnt/web/association/public_html/Application/Runtime/Cache/Home/2a94b8bda04ff446dcedd42276fc99ee.php 第 97 行.
NOTIC: [8] Use of undefined constant scid - assumed 'scid' /mnt/web/association/public_html/Application/Runtime/Cache/Home/2a94b8bda04ff446dcedd42276fc99ee.php 第 97 行.
NOTIC: [8] Use of undefined constant scid - assumed 'scid' /mnt/web/association/public_html/Application/Runtime/Cache/Home/2a94b8bda04ff446dcedd42276fc99ee.php 第 97 行.
NOTIC: [8] Use of undefined constant scid - assumed 'scid' /mnt/web/association/public_html/Application/Runtime/Cache/Home/2a94b8bda04ff446dcedd42276fc99ee.php 第 97 行.
NOTIC: [8] Use of undefined constant scid - assumed 'scid' /mnt/web/association/public_html/Application/Runtime/Cache/Home/2a94b8bda04ff446dcedd42276fc99ee.php 第 97 行.
NOTIC: [8] Use of undefined constant scid - assumed 'scid' /mnt/web/association/public_html/Application/Runtime/Cache/Home/2a94b8bda04ff446dcedd42276fc99ee.php 第 97 行.
NOTIC: [8] Use of undefined constant scid - assumed 'scid' /mnt/web/association/public_html/Application/Runtime/Cache/Home/2a94b8bda04ff446dcedd42276fc99ee.php 第 97 行.
NOTIC: [8] Use of undefined constant scid - assumed 'scid' /mnt/web/association/public_html/Application/Runtime/Cache/Home/2a94b8bda04ff446dcedd42276fc99ee.php 第 97 行.
NOTIC: [8] Use of undefined constant scid - assumed 'scid' /mnt/web/association/public_html/Application/Runtime/Cache/Home/2a94b8bda04ff446dcedd42276fc99ee.php 第 97 行.
NOTIC: [8] Use of undefined constant scid - assumed 'scid' /mnt/web/association/public_html/Application/Runtime/Cache/Home/2a94b8bda04ff446dcedd42276fc99ee.php 第 97 行.
NOTIC: [8] Use of undefined constant scid - assumed 'scid' /mnt/web/association/public_html/Application/Runtime/Cache/Home/2a94b8bda04ff446dcedd42276fc99ee.php 第 97 行.
INFO: Run Behavior\ParseTemplateBehavior [ RunTime:0.007420s ]
INFO: [ view_parse ] --END-- [ RunTime:0.007472s ]
INFO: [ view_filter ] --START--
INFO: Run Behavior\WriteHtmlCacheBehavior [ RunTime:0.000158s ]
INFO: [ view_filter ] --END-- [ RunTime:0.000186s ]
INFO: [ app_end ] --START--
INFO: Run Behavior\ShowPageTraceBehavior [ RunTime:0.000369s ]
INFO: [ app_end ] --END-- [ RunTime:0.000404s ]

[ 2017-05-06T23:25:23+08:00 ] 140.205.201.40 /
INFO: [ app_init ] --START--
INFO: Run Behavior\BuildLiteBehavior [ RunTime:0.000012s ]
INFO: [ app_init ] --END-- [ RunTime:0.000268s ]
INFO: [ app_begin ] --START--
INFO: Run Behavior\ReadHtmlCacheBehavior [ RunTime:0.000344s ]
INFO: [ app_begin ] --END-- [ RunTime:0.000385s ]
SQL: SHOW COLUMNS FROM `yd_company_info` [ RunTime:0.0008s ]
SQL: SELECT * FROM `yd_company_info` ORDER BY com_id desc LIMIT 60   [ RunTime:0.0002s ]
SQL: SHOW COLUMNS FROM `yd_image` [ RunTime:0.0005s ]
SQL: SELECT `img_id` FROM `yd_image` WHERE `img_storeid` = 606 LIMIT 1   [ RunTime:0.0001s ]
SQL: SELECT `img_id` FROM `yd_image` WHERE `img_storeid` = 543 LIMIT 1   [ RunTime:0.0001s ]
SQL: SELECT `img_id` FROM `yd_image` WHERE `img_storeid` = 533 LIMIT 1   [ RunTime:0.0001s ]
SQL: SELECT `img_id` FROM `yd_image` WHERE `img_storeid` = 532 LIMIT 1   [ RunTime:0.0001s ]
INFO: [ view_parse ] --START--
INFO: [ template_filter ] --START--
INFO: Run Behavior\ContentReplaceBehavior [ RunTime:0.000056s ]
INFO: [ template_filter ] --END-- [ RunTime:0.000093s ]
NOTIC: [8] Use of undefined constant scid - assumed 'scid' /mnt/web/association/public_html/Application/Runtime/Cache/Home/2a94b8bda04ff446dcedd42276fc99ee.php 第 97 行.
NOTIC: [8] Use of undefined constant scid - assumed 'scid' /mnt/web/association/public_html/Application/Runtime/Cache/Home/2a94b8bda04ff446dcedd42276fc99ee.php 第 97 行.
NOTIC: [8] Use of undefined constant scid - assumed 'scid' /mnt/web/association/public_html/Application/Runtime/Cache/Home/2a94b8bda04ff446dcedd42276fc99ee.php 第 97 行.
NOTIC: [8] Use of undefined constant scid - assumed 'scid' /mnt/web/association/public_html/Application/Runtime/Cache/Home/2a94b8bda04ff446dcedd42276fc99ee.php 第 97 行.
NOTIC: [8] Use of undefined constant scid - assumed 'scid' /mnt/web/association/public_html/Application/Runtime/Cache/Home/2a94b8bda04ff446dcedd42276fc99ee.php 第 97 行.
NOTIC: [8] Use of undefined constant scid - assumed 'scid' /mnt/web/association/public_html/Application/Runtime/Cache/Home/2a94b8bda04ff446dcedd42276fc99ee.php 第 97 行.
NOTIC: [8] Use of undefined constant scid - assumed 'scid' /mnt/web/association/public_html/Application/Runtime/Cache/Home/2a94b8bda04ff446dcedd42276fc99ee.php 第 97 行.
NOTIC: [8] Use of undefined constant scid - assumed 'scid' /mnt/web/association/public_html/Application/Runtime/Cache/Home/2a94b8bda04ff446dcedd42276fc99ee.php 第 97 行.
NOTIC: [8] Use of undefined constant scid - assumed 'scid' /mnt/web/association/public_html/Application/Runtime/Cache/Home/2a94b8bda04ff446dcedd42276fc99ee.php 第 97 行.
NOTIC: [8] Use of undefined constant scid - assumed 'scid' /mnt/web/association/public_html/Application/Runtime/Cache/Home/2a94b8bda04ff446dcedd42276fc99ee.php 第 97 行.
NOTIC: [8] Use of undefined constant scid - assumed 'scid' /mnt/web/association/public_html/Application/Runtime/Cache/Home/2a94b8bda04ff446dcedd42276fc99ee.php 第 97 行.
NOTIC: [8] Use of undefined constant scid - assumed 'scid' /mnt/web/association/public_html/Application/Runtime/Cache/Home/2a94b8bda04ff446dcedd42276fc99ee.php 第 97 行.
NOTIC: [8] Use of undefined constant scid - assumed 'scid' /mnt/web/association/public_html/Application/Runtime/Cache/Home/2a94b8bda04ff446dcedd42276fc99ee.php 第 97 行.
NOTIC: [8] Use of undefined constant scid - assumed 'scid' /mnt/web/association/public_html/Application/Runtime/Cache/Home/2a94b8bda04ff446dcedd42276fc99ee.php 第 97 行.
NOTIC: [8] Use of undefined constant scid - assumed 'scid' /mnt/web/association/public_html/Application/Runtime/Cache/Home/2a94b8bda04ff446dcedd42276fc99ee.php 第 97 行.
NOTIC: [8] Use of undefined constant scid - assumed 'scid' /mnt/web/association/public_html/Application/Runtime/Cache/Home/2a94b8bda04ff446dcedd42276fc99ee.php 第 97 行.
INFO: Run Behavior\ParseTemplateBehavior [ RunTime:0.007405s ]
INFO: [ view_parse ] --END-- [ RunTime:0.007447s ]
INFO: [ view_filter ] --START--
INFO: Run Behavior\WriteHtmlCacheBehavior [ RunTime:0.000160s ]
INFO: [ view_filter ] --END-- [ RunTime:0.000189s ]
INFO: [ app_end ] --START--
INFO: Run Behavior\ShowPageTraceBehavior [ RunTime:0.000385s ]
INFO: [ app_end ] --END-- [ RunTime:0.000422s ]

[ 2017-05-06T23:25:26+08:00 ] 140.205.201.40 /spaces/viewdefaultdecorator.action?decoratorName=file:///etc/passwd
INFO: [ app_init ] --START--
INFO: Run Behavior\BuildLiteBehavior [ RunTime:0.000013s ]
INFO: [ app_init ] --END-- [ RunTime:0.000295s ]
INFO: [ app_begin ] --START--
INFO: Run Behavior\ReadHtmlCacheBehavior [ RunTime:0.000352s ]
INFO: [ app_begin ] --END-- [ RunTime:0.000407s ]
ERR: 无法加载控制器:Spaces

[ 2017-05-06T23:25:28+08:00 ] 140.205.201.40 /spaces/viewdefaultdecorator.action?decoratorName=file:///etc/passwd
INFO: [ app_init ] --START--
INFO: Run Behavior\BuildLiteBehavior [ RunTime:0.000011s ]
INFO: [ app_init ] --END-- [ RunTime:0.000285s ]
INFO: [ app_begin ] --START--
INFO: Run Behavior\ReadHtmlCacheBehavior [ RunTime:0.000352s ]
INFO: [ app_begin ] --END-- [ RunTime:0.000391s ]
ERR: 无法加载控制器:Spaces

[ 2017-05-06T23:25:38+08:00 ] 140.205.201.40 /clusters.jsf
INFO: [ app_init ] --START--
INFO: Run Behavior\BuildLiteBehavior [ RunTime:0.000011s ]
INFO: [ app_init ] --END-- [ RunTime:0.000291s ]
INFO: [ app_begin ] --START--
INFO: Run Behavior\ReadHtmlCacheBehavior [ RunTime:0.000379s ]
INFO: [ app_begin ] --END-- [ RunTime:0.000417s ]
ERR: 无法加载控制器:Clusters.jsf

[ 2017-05-06T23:25:41+08:00 ] 140.205.201.40 /
INFO: [ app_init ] --START--
INFO: Run Behavior\BuildLiteBehavior [ RunTime:0.000011s ]
INFO: [ app_init ] --END-- [ RunTime:0.000262s ]
INFO: [ app_begin ] --START--
INFO: Run Behavior\ReadHtmlCacheBehavior [ RunTime:0.000345s ]
INFO: [ app_begin ] --END-- [ RunTime:0.000381s ]
SQL: SHOW COLUMNS FROM `yd_company_info` [ RunTime:0.0007s ]
SQL: SELECT * FROM `yd_company_info` ORDER BY com_id desc LIMIT 60   [ RunTime:0.0002s ]
SQL: SHOW COLUMNS FROM `yd_image` [ RunTime:0.0004s ]
SQL: SELECT `img_id` FROM `yd_image` WHERE `img_storeid` = 606 LIMIT 1   [ RunTime:0.0001s ]
SQL: SELECT `img_id` FROM `yd_image` WHERE `img_storeid` = 543 LIMIT 1   [ RunTime:0.0001s ]
SQL: SELECT `img_id` FROM `yd_image` WHERE `img_storeid` = 533 LIMIT 1   [ RunTime:0.0001s ]
SQL: SELECT `img_id` FROM `yd_image` WHERE `img_storeid` = 532 LIMIT 1   [ RunTime:0.0001s ]
INFO: [ view_parse ] --START--
INFO: [ template_filter ] --START--
INFO: Run Behavior\ContentReplaceBehavior [ RunTime:0.000055s ]
INFO: [ template_filter ] --END-- [ RunTime:0.000091s ]
NOTIC: [8] Use of undefined constant scid - assumed 'scid' /mnt/web/association/public_html/Application/Runtime/Cache/Home/2a94b8bda04ff446dcedd42276fc99ee.php 第 97 行.
NOTIC: [8] Use of undefined constant scid - assumed 'scid' /mnt/web/association/public_html/Application/Runtime/Cache/Home/2a94b8bda04ff446dcedd42276fc99ee.php 第 97 行.
NOTIC: [8] Use of undefined constant scid - assumed 'scid' /mnt/web/association/public_html/Application/Runtime/Cache/Home/2a94b8bda04ff446dcedd42276fc99ee.php 第 97 行.
NOTIC: [8] Use of undefined constant scid - assumed 'scid' /mnt/web/association/public_html/Application/Runtime/Cache/Home/2a94b8bda04ff446dcedd42276fc99ee.php 第 97 行.
NOTIC: [8] Use of undefined constant scid - assumed 'scid' /mnt/web/association/public_html/Application/Runtime/Cache/Home/2a94b8bda04ff446dcedd42276fc99ee.php 第 97 行.
NOTIC: [8] Use of undefined constant scid - assumed 'scid' /mnt/web/association/public_html/Application/Runtime/Cache/Home/2a94b8bda04ff446dcedd42276fc99ee.php 第 97 行.
NOTIC: [8] Use of undefined constant scid - assumed 'scid' /mnt/web/association/public_html/Application/Runtime/Cache/Home/2a94b8bda04ff446dcedd42276fc99ee.php 第 97 行.
NOTIC: [8] Use of undefined constant scid - assumed 'scid' /mnt/web/association/public_html/Application/Runtime/Cache/Home/2a94b8bda04ff446dcedd42276fc99ee.php 第 97 行.
NOTIC: [8] Use of undefined constant scid - assumed 'scid' /mnt/web/association/public_html/Application/Runtime/Cache/Home/2a94b8bda04ff446dcedd42276fc99ee.php 第 97 行.
NOTIC: [8] Use of undefined constant scid - assumed 'scid' /mnt/web/association/public_html/Application/Runtime/Cache/Home/2a94b8bda04ff446dcedd42276fc99ee.php 第 97 行.
NOTIC: [8] Use of undefined constant scid - assumed 'scid' /mnt/web/association/public_html/Application/Runtime/Cache/Home/2a94b8bda04ff446dcedd42276fc99ee.php 第 97 行.
NOTIC: [8] Use of undefined constant scid - assumed 'scid' /mnt/web/association/public_html/Application/Runtime/Cache/Home/2a94b8bda04ff446dcedd42276fc99ee.php 第 97 行.
NOTIC: [8] Use of undefined constant scid - assumed 'scid' /mnt/web/association/public_html/Application/Runtime/Cache/Home/2a94b8bda04ff446dcedd42276fc99ee.php 第 97 行.
NOTIC: [8] Use of undefined constant scid - assumed 'scid' /mnt/web/association/public_html/Application/Runtime/Cache/Home/2a94b8bda04ff446dcedd42276fc99ee.php 第 97 行.
NOTIC: [8] Use of undefined constant scid - assumed 'scid' /mnt/web/association/public_html/Application/Runtime/Cache/Home/2a94b8bda04ff446dcedd42276fc99ee.php 第 97 行.
NOTIC: [8] Use of undefined constant scid - assumed 'scid' /mnt/web/association/public_html/Application/Runtime/Cache/Home/2a94b8bda04ff446dcedd42276fc99ee.php 第 97 行.
INFO: Run Behavior\ParseTemplateBehavior [ RunTime:0.007366s ]
INFO: [ view_parse ] --END-- [ RunTime:0.007402s ]
INFO: [ view_filter ] --START--
INFO: Run Behavior\WriteHtmlCacheBehavior [ RunTime:0.000159s ]
INFO: [ view_filter ] --END-- [ RunTime:0.000187s ]
INFO: [ app_end ] --START--
INFO: Run Behavior\ShowPageTraceBehavior [ RunTime:0.000373s ]
INFO: [ app_end ] --END-- [ RunTime:0.000421s ]

[ 2017-05-06T23:25:44+08:00 ] 140.205.201.40 /hwi/
INFO: [ app_init ] --START--
INFO: Run Behavior\BuildLiteBehavior [ RunTime:0.000012s ]
INFO: [ app_init ] --END-- [ RunTime:0.000265s ]
INFO: [ app_begin ] --START--
INFO: Run Behavior\ReadHtmlCacheBehavior [ RunTime:0.000352s ]
INFO: [ app_begin ] --END-- [ RunTime:0.000404s ]
ERR: 无法加载控制器:Hwi

[ 2017-05-06T23:25:47+08:00 ] 140.205.201.40 /
INFO: [ app_init ] --START--
INFO: Run Behavior\BuildLiteBehavior [ RunTime:0.000011s ]
INFO: [ app_init ] --END-- [ RunTime:0.000285s ]
INFO: [ app_begin ] --START--
INFO: Run Behavior\ReadHtmlCacheBehavior [ RunTime:0.000378s ]
INFO: [ app_begin ] --END-- [ RunTime:0.000416s ]
SQL: SHOW COLUMNS FROM `yd_company_info` [ RunTime:0.0007s ]
SQL: SELECT * FROM `yd_company_info` ORDER BY com_id desc LIMIT 60   [ RunTime:0.0002s ]
SQL: SHOW COLUMNS FROM `yd_image` [ RunTime:0.0005s ]
SQL: SELECT `img_id` FROM `yd_image` WHERE `img_storeid` = 606 LIMIT 1   [ RunTime:0.0001s ]
SQL: SELECT `img_id` FROM `yd_image` WHERE `img_storeid` = 543 LIMIT 1   [ RunTime:0.0001s ]
SQL: SELECT `img_id` FROM `yd_image` WHERE `img_storeid` = 533 LIMIT 1   [ RunTime:0.0001s ]
SQL: SELECT `img_id` FROM `yd_image` WHERE `img_storeid` = 532 LIMIT 1   [ RunTime:0.0001s ]
INFO: [ view_parse ] --START--
INFO: [ template_filter ] --START--
INFO: Run Behavior\ContentReplaceBehavior [ RunTime:0.000058s ]
INFO: [ template_filter ] --END-- [ RunTime:0.000100s ]
NOTIC: [8] Use of undefined constant scid - assumed 'scid' /mnt/web/association/public_html/Application/Runtime/Cache/Home/2a94b8bda04ff446dcedd42276fc99ee.php 第 97 行.
NOTIC: [8] Use of undefined constant scid - assumed 'scid' /mnt/web/association/public_html/Application/Runtime/Cache/Home/2a94b8bda04ff446dcedd42276fc99ee.php 第 97 行.
NOTIC: [8] Use of undefined constant scid - assumed 'scid' /mnt/web/association/public_html/Application/Runtime/Cache/Home/2a94b8bda04ff446dcedd42276fc99ee.php 第 97 行.
NOTIC: [8] Use of undefined constant scid - assumed 'scid' /mnt/web/association/public_html/Application/Runtime/Cache/Home/2a94b8bda04ff446dcedd42276fc99ee.php 第 97 行.
NOTIC: [8] Use of undefined constant scid - assumed 'scid' /mnt/web/association/public_html/Application/Runtime/Cache/Home/2a94b8bda04ff446dcedd42276fc99ee.php 第 97 行.
NOTIC: [8] Use of undefined constant scid - assumed 'scid' /mnt/web/association/public_html/Application/Runtime/Cache/Home/2a94b8bda04ff446dcedd42276fc99ee.php 第 97 行.
NOTIC: [8] Use of undefined constant scid - assumed 'scid' /mnt/web/association/public_html/Application/Runtime/Cache/Home/2a94b8bda04ff446dcedd42276fc99ee.php 第 97 行.
NOTIC: [8] Use of undefined constant scid - assumed 'scid' /mnt/web/association/public_html/Application/Runtime/Cache/Home/2a94b8bda04ff446dcedd42276fc99ee.php 第 97 行.
NOTIC: [8] Use of undefined constant scid - assumed 'scid' /mnt/web/association/public_html/Application/Runtime/Cache/Home/2a94b8bda04ff446dcedd42276fc99ee.php 第 97 行.
NOTIC: [8] Use of undefined constant scid - assumed 'scid' /mnt/web/association/public_html/Application/Runtime/Cache/Home/2a94b8bda04ff446dcedd42276fc99ee.php 第 97 行.
NOTIC: [8] Use of undefined constant scid - assumed 'scid' /mnt/web/association/public_html/Application/Runtime/Cache/Home/2a94b8bda04ff446dcedd42276fc99ee.php 第 97 行.
NOTIC: [8] Use of undefined constant scid - assumed 'scid' /mnt/web/association/public_html/Application/Runtime/Cache/Home/2a94b8bda04ff446dcedd42276fc99ee.php 第 97 行.
NOTIC: [8] Use of undefined constant scid - assumed 'scid' /mnt/web/association/public_html/Application/Runtime/Cache/Home/2a94b8bda04ff446dcedd42276fc99ee.php 第 97 行.
NOTIC: [8] Use of undefined constant scid - assumed 'scid' /mnt/web/association/public_html/Application/Runtime/Cache/Home/2a94b8bda04ff446dcedd42276fc99ee.php 第 97 行.
NOTIC: [8] Use of undefined constant scid - assumed 'scid' /mnt/web/association/public_html/Application/Runtime/Cache/Home/2a94b8bda04ff446dcedd42276fc99ee.php 第 97 行.
NOTIC: [8] Use of undefined constant scid - assumed 'scid' /mnt/web/association/public_html/Application/Runtime/Cache/Home/2a94b8bda04ff446dcedd42276fc99ee.php 第 97 行.
INFO: Run Behavior\ParseTemplateBehavior [ RunTime:0.007545s ]
INFO: [ view_parse ] --END-- [ RunTime:0.007589s ]
INFO: [ view_filter ] --START--
INFO: Run Behavior\WriteHtmlCacheBehavior [ RunTime:0.000183s ]
INFO: [ view_filter ] --END-- [ RunTime:0.000211s ]
INFO: [ app_end ] --START--
INFO: Run Behavior\ShowPageTraceBehavior [ RunTime:0.000373s ]
INFO: [ app_end ] --END-- [ RunTime:0.000409s ]

[ 2017-05-06T23:25:54+08:00 ] 140.205.201.40 /
INFO: [ app_init ] --START--
INFO: Run Behavior\BuildLiteBehavior [ RunTime:0.000019s ]
INFO: [ app_init ] --END-- [ RunTime:0.000283s ]
INFO: [ app_begin ] --START--
INFO: Run Behavior\ReadHtmlCacheBehavior [ RunTime:0.000367s ]
INFO: [ app_begin ] --END-- [ RunTime:0.000405s ]
SQL: SHOW COLUMNS FROM `yd_company_info` [ RunTime:0.0006s ]
SQL: SELECT * FROM `yd_company_info` ORDER BY com_id desc LIMIT 60   [ RunTime:0.0002s ]
SQL: SHOW COLUMNS FROM `yd_image` [ RunTime:0.0003s ]
SQL: SELECT `img_id` FROM `yd_image` WHERE `img_storeid` = 606 LIMIT 1   [ RunTime:0.0001s ]
SQL: SELECT `img_id` FROM `yd_image` WHERE `img_storeid` = 543 LIMIT 1   [ RunTime:0.0001s ]
SQL: SELECT `img_id` FROM `yd_image` WHERE `img_storeid` = 533 LIMIT 1   [ RunTime:0.0001s ]
SQL: SELECT `img_id` FROM `yd_image` WHERE `img_storeid` = 532 LIMIT 1   [ RunTime:0.0001s ]
INFO: [ view_parse ] --START--
INFO: [ template_filter ] --START--
INFO: Run Behavior\ContentReplaceBehavior [ RunTime:0.000057s ]
INFO: [ template_filter ] --END-- [ RunTime:0.000095s ]
NOTIC: [8] Use of undefined constant scid - assumed 'scid' /mnt/web/association/public_html/Application/Runtime/Cache/Home/2a94b8bda04ff446dcedd42276fc99ee.php 第 97 行.
NOTIC: [8] Use of undefined constant scid - assumed 'scid' /mnt/web/association/public_html/Application/Runtime/Cache/Home/2a94b8bda04ff446dcedd42276fc99ee.php 第 97 行.
NOTIC: [8] Use of undefined constant scid - assumed 'scid' /mnt/web/association/public_html/Application/Runtime/Cache/Home/2a94b8bda04ff446dcedd42276fc99ee.php 第 97 行.
NOTIC: [8] Use of undefined constant scid - assumed 'scid' /mnt/web/association/public_html/Application/Runtime/Cache/Home/2a94b8bda04ff446dcedd42276fc99ee.php 第 97 行.
NOTIC: [8] Use of undefined constant scid - assumed 'scid' /mnt/web/association/public_html/Application/Runtime/Cache/Home/2a94b8bda04ff446dcedd42276fc99ee.php 第 97 行.
NOTIC: [8] Use of undefined constant scid - assumed 'scid' /mnt/web/association/public_html/Application/Runtime/Cache/Home/2a94b8bda04ff446dcedd42276fc99ee.php 第 97 行.
NOTIC: [8] Use of undefined constant scid - assumed 'scid' /mnt/web/association/public_html/Application/Runtime/Cache/Home/2a94b8bda04ff446dcedd42276fc99ee.php 第 97 行.
NOTIC: [8] Use of undefined constant scid - assumed 'scid' /mnt/web/association/public_html/Application/Runtime/Cache/Home/2a94b8bda04ff446dcedd42276fc99ee.php 第 97 行.
NOTIC: [8] Use of undefined constant scid - assumed 'scid' /mnt/web/association/public_html/Application/Runtime/Cache/Home/2a94b8bda04ff446dcedd42276fc99ee.php 第 97 行.
NOTIC: [8] Use of undefined constant scid - assumed 'scid' /mnt/web/association/public_html/Application/Runtime/Cache/Home/2a94b8bda04ff446dcedd42276fc99ee.php 第 97 行.
NOTIC: [8] Use of undefined constant scid - assumed 'scid' /mnt/web/association/public_html/Application/Runtime/Cache/Home/2a94b8bda04ff446dcedd42276fc99ee.php 第 97 行.
NOTIC: [8] Use of undefined constant scid - assumed 'scid' /mnt/web/association/public_html/Application/Runtime/Cache/Home/2a94b8bda04ff446dcedd42276fc99ee.php 第 97 行.
NOTIC: [8] Use of undefined constant scid - assumed 'scid' /mnt/web/association/public_html/Application/Runtime/Cache/Home/2a94b8bda04ff446dcedd42276fc99ee.php 第 97 行.
NOTIC: [8] Use of undefined constant scid - assumed 'scid' /mnt/web/association/public_html/Application/Runtime/Cache/Home/2a94b8bda04ff446dcedd42276fc99ee.php 第 97 行.
NOTIC: [8] Use of undefined constant scid - assumed 'scid' /mnt/web/association/public_html/Application/Runtime/Cache/Home/2a94b8bda04ff446dcedd42276fc99ee.php 第 97 行.
NOTIC: [8] Use of undefined constant scid - assumed 'scid' /mnt/web/association/public_html/Application/Runtime/Cache/Home/2a94b8bda04ff446dcedd42276fc99ee.php 第 97 行.
INFO: Run Behavior\ParseTemplateBehavior [ RunTime:0.007360s ]
INFO: [ view_parse ] --END-- [ RunTime:0.007401s ]
INFO: [ view_filter ] --START--
INFO: Run Behavior\WriteHtmlCacheBehavior [ RunTime:0.000156s ]
INFO: [ view_filter ] --END-- [ RunTime:0.000183s ]
INFO: [ app_end ] --START--
INFO: Run Behavior\ShowPageTraceBehavior [ RunTime:0.000367s ]
INFO: [ app_end ] --END-- [ RunTime:0.000404s ]

[ 2017-05-06T23:25:57+08:00 ] 140.205.201.40 /
INFO: [ app_init ] --START--
INFO: Run Behavior\BuildLiteBehavior [ RunTime:0.000011s ]
INFO: [ app_init ] --END-- [ RunTime:0.000265s ]
INFO: [ app_begin ] --START--
INFO: Run Behavior\ReadHtmlCacheBehavior [ RunTime:0.000344s ]
INFO: [ app_begin ] --END-- [ RunTime:0.000394s ]
SQL: SHOW COLUMNS FROM `yd_company_info` [ RunTime:0.0008s ]
SQL: SELECT * FROM `yd_company_info` ORDER BY com_id desc LIMIT 60   [ RunTime:0.0002s ]
SQL: SHOW COLUMNS FROM `yd_image` [ RunTime:0.0004s ]
SQL: SELECT `img_id` FROM `yd_image` WHERE `img_storeid` = 606 LIMIT 1   [ RunTime:0.0001s ]
SQL: SELECT `img_id` FROM `yd_image` WHERE `img_storeid` = 543 LIMIT 1   [ RunTime:0.0001s ]
SQL: SELECT `img_id` FROM `yd_image` WHERE `img_storeid` = 533 LIMIT 1   [ RunTime:0.0001s ]
SQL: SELECT `img_id` FROM `yd_image` WHERE `img_storeid` = 532 LIMIT 1   [ RunTime:0.0001s ]
INFO: [ view_parse ] --START--
INFO: [ template_filter ] --START--
INFO: Run Behavior\ContentReplaceBehavior [ RunTime:0.000064s ]
INFO: [ template_filter ] --END-- [ RunTime:0.000111s ]
NOTIC: [8] Use of undefined constant scid - assumed 'scid' /mnt/web/association/public_html/Application/Runtime/Cache/Home/2a94b8bda04ff446dcedd42276fc99ee.php 第 97 行.
NOTIC: [8] Use of undefined constant scid - assumed 'scid' /mnt/web/association/public_html/Application/Runtime/Cache/Home/2a94b8bda04ff446dcedd42276fc99ee.php 第 97 行.
NOTIC: [8] Use of undefined constant scid - assumed 'scid' /mnt/web/association/public_html/Application/Runtime/Cache/Home/2a94b8bda04ff446dcedd42276fc99ee.php 第 97 行.
NOTIC: [8] Use of undefined constant scid - assumed 'scid' /mnt/web/association/public_html/Application/Runtime/Cache/Home/2a94b8bda04ff446dcedd42276fc99ee.php 第 97 行.
NOTIC: [8] Use of undefined constant scid - assumed 'scid' /mnt/web/association/public_html/Application/Runtime/Cache/Home/2a94b8bda04ff446dcedd42276fc99ee.php 第 97 行.
NOTIC: [8] Use of undefined constant scid - assumed 'scid' /mnt/web/association/public_html/Application/Runtime/Cache/Home/2a94b8bda04ff446dcedd42276fc99ee.php 第 97 行.
NOTIC: [8] Use of undefined constant scid - assumed 'scid' /mnt/web/association/public_html/Application/Runtime/Cache/Home/2a94b8bda04ff446dcedd42276fc99ee.php 第 97 行.
NOTIC: [8] Use of undefined constant scid - assumed 'scid' /mnt/web/association/public_html/Application/Runtime/Cache/Home/2a94b8bda04ff446dcedd42276fc99ee.php 第 97 行.
NOTIC: [8] Use of undefined constant scid - assumed 'scid' /mnt/web/association/public_html/Application/Runtime/Cache/Home/2a94b8bda04ff446dcedd42276fc99ee.php 第 97 行.
NOTIC: [8] Use of undefined constant scid - assumed 'scid' /mnt/web/association/public_html/Application/Runtime/Cache/Home/2a94b8bda04ff446dcedd42276fc99ee.php 第 97 行.
NOTIC: [8] Use of undefined constant scid - assumed 'scid' /mnt/web/association/public_html/Application/Runtime/Cache/Home/2a94b8bda04ff446dcedd42276fc99ee.php 第 97 行.
NOTIC: [8] Use of undefined constant scid - assumed 'scid' /mnt/web/association/public_html/Application/Runtime/Cache/Home/2a94b8bda04ff446dcedd42276fc99ee.php 第 97 行.
NOTIC: [8] Use of undefined constant scid - assumed 'scid' /mnt/web/association/public_html/Application/Runtime/Cache/Home/2a94b8bda04ff446dcedd42276fc99ee.php 第 97 行.
NOTIC: [8] Use of undefined constant scid - assumed 'scid' /mnt/web/association/public_html/Application/Runtime/Cache/Home/2a94b8bda04ff446dcedd42276fc99ee.php 第 97 行.
NOTIC: [8] Use of undefined constant scid - assumed 'scid' /mnt/web/association/public_html/Application/Runtime/Cache/Home/2a94b8bda04ff446dcedd42276fc99ee.php 第 97 行.
NOTIC: [8] Use of undefined constant scid - assumed 'scid' /mnt/web/association/public_html/Application/Runtime/Cache/Home/2a94b8bda04ff446dcedd42276fc99ee.php 第 97 行.
INFO: Run Behavior\ParseTemplateBehavior [ RunTime:0.007327s ]
INFO: [ view_parse ] --END-- [ RunTime:0.007361s ]
INFO: [ view_filter ] --START--
INFO: Run Behavior\WriteHtmlCacheBehavior [ RunTime:0.000177s ]
INFO: [ view_filter ] --END-- [ RunTime:0.000205s ]
INFO: 
INFO: 
INFO: 

[ 2017-05-06T23:25:59+08:00 ] 140.205.201.4 /?.tmp=t
INFO: [ app_init ] --START--
INFO: Run Behavior\BuildLiteBehavior [ RunTime:0.000010s ]
INFO: [ app_init ] --END-- [ RunTime:0.000253s ]
INFO: [ app_begin ] --START--
INFO: Run Behavior\ReadHtmlCacheBehavior [ RunTime:0.000343s ]
INFO: [ app_begin ] --END-- [ RunTime:0.000381s ]
SQL: SHOW COLUMNS FROM `yd_company_info` [ RunTime:0.0007s ]
SQL: SELECT * FROM `yd_company_info` ORDER BY com_id desc LIMIT 60   [ RunTime:0.0002s ]
SQL: SHOW COLUMNS FROM `yd_image` [ RunTime:0.0004s ]
SQL: SELECT `img_id` FROM `yd_image` WHERE `img_storeid` = 606 LIMIT 1   [ RunTime:0.0001s ]
SQL: SELECT `img_id` FROM `yd_image` WHERE `img_storeid` = 543 LIMIT 1   [ RunTime:0.0001s ]
SQL: SELECT `img_id` FROM `yd_image` WHERE `img_storeid` = 533 LIMIT 1   [ RunTime:0.0001s ]
SQL: SELECT `img_id` FROM `yd_image` WHERE `img_storeid` = 532 LIMIT 1   [ RunTime:0.0001s ]
INFO: [ view_parse ] --START--
INFO: [ template_filter ] --START--
INFO: Run Behavior\ContentReplaceBehavior [ RunTime:0.000069s ]
INFO: [ template_filter ] --END-- [ RunTime:0.000111s ]
NOTIC: [8] Use of undefined constant scid - assumed 'scid' /mnt/web/association/public_html/Application/Runtime/Cache/Home/2a94b8bda04ff446dcedd42276fc99ee.php 第 97 行.
NOTIC: [8] Use of undefined constant scid - assumed 'scid' /mnt/web/association/public_html/Application/Runtime/Cache/Home/2a94b8bda04ff446dcedd42276fc99ee.php 第 97 行.
NOTIC: [8] Use of undefined constant scid - assumed 'scid' /mnt/web/association/public_html/Application/Runtime/Cache/Home/2a94b8bda04ff446dcedd42276fc99ee.php 第 97 行.
NOTIC: [8] Use of undefined constant scid - assumed 'scid' /mnt/web/association/public_html/Application/Runtime/Cache/Home/2a94b8bda04ff446dcedd42276fc99ee.php 第 97 行.
NOTIC: [8] Use of undefined constant scid - assumed 'scid' /mnt/web/association/public_html/Application/Runtime/Cache/Home/2a94b8bda04ff446dcedd42276fc99ee.php 第 97 行.
NOTIC: [8] Use of undefined constant scid - assumed 'scid' /mnt/web/association/public_html/Application/Runtime/Cache/Home/2a94b8bda04ff446dcedd42276fc99ee.php 第 97 行.
NOTIC: [8] Use of undefined constant scid - assumed 'scid' /mnt/web/association/public_html/Application/Runtime/Cache/Home/2a94b8bda04ff446dcedd42276fc99ee.php 第 97 行.
NOTIC: [8] Use of undefined constant scid - assumed 'scid' /mnt/web/association/public_html/Application/Runtime/Cache/Home/2a94b8bda04ff446dcedd42276fc99ee.php 第 97 行.
NOTIC: [8] Use of undefined constant scid - assumed 'scid' /mnt/web/association/public_html/Application/Runtime/Cache/Home/2a94b8bda04ff446dcedd42276fc99ee.php 第 97 行.
NOTIC: [8] Use of undefined constant scid - assumed 'scid' /mnt/web/association/public_html/Application/Runtime/Cache/Home/2a94b8bda04ff446dcedd42276fc99ee.php 第 97 行.
NOTIC: [8] Use of undefined constant scid - assumed 'scid' /mnt/web/association/public_html/Application/Runtime/Cache/Home/2a94b8bda04ff446dcedd42276fc99ee.php 第 97 行.
NOTIC: [8] Use of undefined constant scid - assumed 'scid' /mnt/web/association/public_html/Application/Runtime/Cache/Home/2a94b8bda04ff446dcedd42276fc99ee.php 第 97 行.
NOTIC: [8] Use of undefined constant scid - assumed 'scid' /mnt/web/association/public_html/Application/Runtime/Cache/Home/2a94b8bda04ff446dcedd42276fc99ee.php 第 97 行.
NOTIC: [8] Use of undefined constant scid - assumed 'scid' /mnt/web/association/public_html/Application/Runtime/Cache/Home/2a94b8bda04ff446dcedd42276fc99ee.php 第 97 行.
NOTIC: [8] Use of undefined constant scid - assumed 'scid' /mnt/web/association/public_html/Application/Runtime/Cache/Home/2a94b8bda04ff446dcedd42276fc99ee.php 第 97 行.
NOTIC: [8] Use of undefined constant scid - assumed 'scid' /mnt/web/association/public_html/Application/Runtime/Cache/Home/2a94b8bda04ff446dcedd42276fc99ee.php 第 97 行.
INFO: Run Behavior\ParseTemplateBehavior [ RunTime:0.007560s ]
INFO: [ view_parse ] --END-- [ RunTime:0.007604s ]
INFO: [ view_filter ] --START--
INFO: Run Behavior\WriteHtmlCacheBehavior [ RunTime:0.000175s ]
INFO: [ view_filter ] --END-- [ RunTime:0.000205s ]
INFO: [ app_end ] --START--
INFO: Run Behavior\ShowPageTraceBehavior [ RunTime:0.000395s ]
INFO: [ app_end ] --END-- [ RunTime:0.000431s ]

[ 2017-05-06T23:26:01+08:00 ] 140.205.201.40 /'%22+onmouseover=alert()+d='%22
INFO: [ app_init ] --START--
INFO: Run Behavior\BuildLiteBehavior [ RunTime:0.000012s ]
INFO: [ app_init ] --END-- [ RunTime:0.000288s ]
INFO: [ app_begin ] --START--
INFO: Run Behavior\ReadHtmlCacheBehavior [ RunTime:0.000378s ]
INFO: [ app_begin ] --END-- [ RunTime:0.000417s ]
ERR: 无法加载控制器:'"+onmouseover=alert()+d='"

[ 2017-05-06T23:26:04+08:00 ] 140.205.201.40 /%27%22%20onmouseover%3Dalert%28%29%20d%3D%27%22
INFO: [ app_init ] --START--
INFO: Run Behavior\BuildLiteBehavior [ RunTime:0.000012s ]
INFO: [ app_init ] --END-- [ RunTime:0.000272s ]
INFO: [ app_begin ] --START--
INFO: Run Behavior\ReadHtmlCacheBehavior [ RunTime:0.000355s ]
INFO: [ app_begin ] --END-- [ RunTime:0.000395s ]
ERR: 无法加载控制器:'" onmouseover=alert() d='"

[ 2017-05-06T23:26:06+08:00 ] 140.205.201.40 /%2527%2522%2520onmouseover%253Dalert%2528%2529%2520d%253D%2527%2522
INFO: [ app_init ] --START--
INFO: Run Behavior\BuildLiteBehavior [ RunTime:0.000011s ]
INFO: [ app_init ] --END-- [ RunTime:0.000264s ]
INFO: [ app_begin ] --START--
INFO: Run Behavior\ReadHtmlCacheBehavior [ RunTime:0.000343s ]
INFO: [ app_begin ] --END-- [ RunTime:0.000380s ]
ERR: 无法加载控制器:'" onmouseover=alert() d='"

[ 2017-05-06T23:26:07+08:00 ] 140.205.201.40 /'%22+onmouseover=alert()+d='%22/?.tmp=t
INFO: [ app_init ] --START--
INFO: Run Behavior\BuildLiteBehavior [ RunTime:0.000025s ]
INFO: [ app_init ] --END-- [ RunTime:0.000286s ]
INFO: [ app_begin ] --START--
INFO: Run Behavior\ReadHtmlCacheBehavior [ RunTime:0.000380s ]
INFO: [ app_begin ] --END-- [ RunTime:0.000418s ]
ERR: 无法加载控制器:'"+onmouseover=alert()+d='"

[ 2017-05-06T23:26:07+08:00 ] 140.205.201.40 /%27%22%20onmouseover%3Dalert%28%29%20d%3D%27%22/?.tmp=t
INFO: [ app_init ] --START--
INFO: Run Behavior\BuildLiteBehavior [ RunTime:0.000012s ]
INFO: [ app_init ] --END-- [ RunTime:0.000266s ]
INFO: [ app_begin ] --START--
INFO: Run Behavior\ReadHtmlCacheBehavior [ RunTime:0.000423s ]
INFO: [ app_begin ] --END-- [ RunTime:0.000484s ]
ERR: 无法加载控制器:'" onmouseover=alert() d='"

[ 2017-05-06T23:26:09+08:00 ] 140.205.201.40 /%2527%2522%2520onmouseover%253Dalert%2528%2529%2520d%253D%2527%2522/?.tmp=t
INFO: [ app_init ] --START--
INFO: Run Behavior\BuildLiteBehavior [ RunTime:0.000011s ]
INFO: [ app_init ] --END-- [ RunTime:0.000263s ]
INFO: [ app_begin ] --START--
INFO: Run Behavior\ReadHtmlCacheBehavior [ RunTime:0.000345s ]
INFO: [ app_begin ] --END-- [ RunTime:0.000383s ]
ERR: 无法加载控制器:'" onmouseover=alert() d='"

[ 2017-05-06T23:26:12+08:00 ] 140.205.201.40 /'%22/%3E%3C/script%3E%3Cscript%3Ealert()%3C/script%3E
INFO: [ app_init ] --START--
INFO: Run Behavior\BuildLiteBehavior [ RunTime:0.000011s ]
INFO: [ app_init ] --END-- [ RunTime:0.000265s ]
INFO: [ app_begin ] --START--
INFO: Run Behavior\ReadHtmlCacheBehavior [ RunTime:0.000367s ]
INFO: [ app_begin ] --END-- [ RunTime:0.000405s ]
ERR: 无法加载控制器:'"

[ 2017-05-06T23:26:19+08:00 ] 140.205.201.40 /'%22/%3E%3C/script%3E%3Cscript%3Ealert()%3C/script%3E/?.tmp=t
INFO: [ app_init ] --START--
INFO: Run Behavior\BuildLiteBehavior [ RunTime:0.000011s ]
INFO: [ app_init ] --END-- [ RunTime:0.000263s ]
INFO: [ app_begin ] --START--
INFO: Run Behavior\ReadHtmlCacheBehavior [ RunTime:0.000341s ]
INFO: [ app_begin ] --END-- [ RunTime:0.000380s ]
ERR: 无法加载控制器:'"

[ 2017-05-06T23:26:22+08:00 ] 140.205.201.40 /
INFO: [ app_init ] --START--
INFO: Run Behavior\BuildLiteBehavior [ RunTime:0.000020s ]
INFO: [ app_init ] --END-- [ RunTime:0.000291s ]
INFO: [ app_begin ] --START--
INFO: Run Behavior\ReadHtmlCacheBehavior [ RunTime:0.000377s ]
INFO: [ app_begin ] --END-- [ RunTime:0.000415s ]
SQL: SHOW COLUMNS FROM `yd_company_info` [ RunTime:0.0008s ]
SQL: SELECT * FROM `yd_company_info` ORDER BY com_id desc LIMIT 60   [ RunTime:0.0002s ]
SQL: SHOW COLUMNS FROM `yd_image` [ RunTime:0.0004s ]
SQL: SELECT `img_id` FROM `yd_image` WHERE `img_storeid` = 606 LIMIT 1   [ RunTime:0.0001s ]
SQL: SELECT `img_id` FROM `yd_image` WHERE `img_storeid` = 543 LIMIT 1   [ RunTime:0.0001s ]
SQL: SELECT `img_id` FROM `yd_image` WHERE `img_storeid` = 533 LIMIT 1   [ RunTime:0.0001s ]
SQL: SELECT `img_id` FROM `yd_image` WHERE `img_storeid` = 532 LIMIT 1   [ RunTime:0.0002s ]
INFO: [ view_parse ] --START--
INFO: [ template_filter ] --START--
INFO: Run Behavior\ContentReplaceBehavior [ RunTime:0.000059s ]
INFO: [ template_filter ] --END-- [ RunTime:0.000096s ]
NOTIC: [8] Use of undefined constant scid - assumed 'scid' /mnt/web/association/public_html/Application/Runtime/Cache/Home/2a94b8bda04ff446dcedd42276fc99ee.php 第 97 行.
NOTIC: [8] Use of undefined constant scid - assumed 'scid' /mnt/web/association/public_html/Application/Runtime/Cache/Home/2a94b8bda04ff446dcedd42276fc99ee.php 第 97 行.
NOTIC: [8] Use of undefined constant scid - assumed 'scid' /mnt/web/association/public_html/Application/Runtime/Cache/Home/2a94b8bda04ff446dcedd42276fc99ee.php 第 97 行.
NOTIC: [8] Use of undefined constant scid - assumed 'scid' /mnt/web/association/public_html/Application/Runtime/Cache/Home/2a94b8bda04ff446dcedd42276fc99ee.php 第 97 行.
NOTIC: [8] Use of undefined constant scid - assumed 'scid' /mnt/web/association/public_html/Application/Runtime/Cache/Home/2a94b8bda04ff446dcedd42276fc99ee.php 第 97 行.
NOTIC: [8] Use of undefined constant scid - assumed 'scid' /mnt/web/association/public_html/Application/Runtime/Cache/Home/2a94b8bda04ff446dcedd42276fc99ee.php 第 97 行.
NOTIC: [8] Use of undefined constant scid - assumed 'scid' /mnt/web/association/public_html/Application/Runtime/Cache/Home/2a94b8bda04ff446dcedd42276fc99ee.php 第 97 行.
NOTIC: [8] Use of undefined constant scid - assumed 'scid' /mnt/web/association/public_html/Application/Runtime/Cache/Home/2a94b8bda04ff446dcedd42276fc99ee.php 第 97 行.
NOTIC: [8] Use of undefined constant scid - assumed 'scid' /mnt/web/association/public_html/Application/Runtime/Cache/Home/2a94b8bda04ff446dcedd42276fc99ee.php 第 97 行.
NOTIC: [8] Use of undefined constant scid - assumed 'scid' /mnt/web/association/public_html/Application/Runtime/Cache/Home/2a94b8bda04ff446dcedd42276fc99ee.php 第 97 行.
NOTIC: [8] Use of undefined constant scid - assumed 'scid' /mnt/web/association/public_html/Application/Runtime/Cache/Home/2a94b8bda04ff446dcedd42276fc99ee.php 第 97 行.
NOTIC: [8] Use of undefined constant scid - assumed 'scid' /mnt/web/association/public_html/Application/Runtime/Cache/Home/2a94b8bda04ff446dcedd42276fc99ee.php 第 97 行.
NOTIC: [8] Use of undefined constant scid - assumed 'scid' /mnt/web/association/public_html/Application/Runtime/Cache/Home/2a94b8bda04ff446dcedd42276fc99ee.php 第 97 行.
NOTIC: [8] Use of undefined constant scid - assumed 'scid' /mnt/web/association/public_html/Application/Runtime/Cache/Home/2a94b8bda04ff446dcedd42276fc99ee.php 第 97 行.
NOTIC: [8] Use of undefined constant scid - assumed 'scid' /mnt/web/association/public_html/Application/Runtime/Cache/Home/2a94b8bda04ff446dcedd42276fc99ee.php 第 97 行.
NOTIC: [8] Use of undefined constant scid - assumed 'scid' /mnt/web/association/public_html/Application/Runtime/Cache/Home/2a94b8bda04ff446dcedd42276fc99ee.php 第 97 行.
INFO: Run Behavior\ParseTemplateBehavior [ RunTime:0.007531s ]
INFO: [ view_parse ] --END-- [ RunTime:0.007567s ]
INFO: [ view_filter ] --START--
INFO: Run Behavior\WriteHtmlCacheBehavior [ RunTime:0.000183s ]
INFO: [ view_filter ] --END-- [ RunTime:0.000211s ]
INFO: [ app_end ] --START--
INFO: Run Behavior\ShowPageTraceBehavior [ RunTime:0.000372s ]
INFO: [ app_end ] --END-- [ RunTime:0.000408s ]

[ 2017-05-06T23:26:28+08:00 ] 140.205.201.40 /
INFO: [ app_init ] --START--
INFO: Run Behavior\BuildLiteBehavior [ RunTime:0.000011s ]
INFO: [ app_init ] --END-- [ RunTime:0.000265s ]
INFO: [ app_begin ] --START--
INFO: Run Behavior\ReadHtmlCacheBehavior [ RunTime:0.000343s ]
INFO: [ app_begin ] --END-- [ RunTime:0.000381s ]
SQL: SHOW COLUMNS FROM `yd_company_info` [ RunTime:0.0008s ]
SQL: SELECT * FROM `yd_company_info` ORDER BY com_id desc LIMIT 60   [ RunTime:0.0002s ]
SQL: SHOW COLUMNS FROM `yd_image` [ RunTime:0.0004s ]
SQL: SELECT `img_id` FROM `yd_image` WHERE `img_storeid` = 606 LIMIT 1   [ RunTime:0.0001s ]
SQL: SELECT `img_id` FROM `yd_image` WHERE `img_storeid` = 543 LIMIT 1   [ RunTime:0.0001s ]
SQL: SELECT `img_id` FROM `yd_image` WHERE `img_storeid` = 533 LIMIT 1   [ RunTime:0.0001s ]
SQL: SELECT `img_id` FROM `yd_image` WHERE `img_storeid` = 532 LIMIT 1   [ RunTime:0.0001s ]
INFO: [ view_parse ] --START--
INFO: [ template_filter ] --START--
INFO: Run Behavior\ContentReplaceBehavior [ RunTime:0.000059s ]
INFO: [ template_filter ] --END-- [ RunTime:0.000094s ]
NOTIC: [8] Use of undefined constant scid - assumed 'scid' /mnt/web/association/public_html/Application/Runtime/Cache/Home/2a94b8bda04ff446dcedd42276fc99ee.php 第 97 行.
NOTIC: [8] Use of undefined constant scid - assumed 'scid' /mnt/web/association/public_html/Application/Runtime/Cache/Home/2a94b8bda04ff446dcedd42276fc99ee.php 第 97 行.
NOTIC: [8] Use of undefined constant scid - assumed 'scid' /mnt/web/association/public_html/Application/Runtime/Cache/Home/2a94b8bda04ff446dcedd42276fc99ee.php 第 97 行.
NOTIC: [8] Use of undefined constant scid - assumed 'scid' /mnt/web/association/public_html/Application/Runtime/Cache/Home/2a94b8bda04ff446dcedd42276fc99ee.php 第 97 行.
NOTIC: [8] Use of undefined constant scid - assumed 'scid' /mnt/web/association/public_html/Application/Runtime/Cache/Home/2a94b8bda04ff446dcedd42276fc99ee.php 第 97 行.
NOTIC: [8] Use of undefined constant scid - assumed 'scid' /mnt/web/association/public_html/Application/Runtime/Cache/Home/2a94b8bda04ff446dcedd42276fc99ee.php 第 97 行.
NOTIC: [8] Use of undefined constant scid - assumed 'scid' /mnt/web/association/public_html/Application/Runtime/Cache/Home/2a94b8bda04ff446dcedd42276fc99ee.php 第 97 行.
NOTIC: [8] Use of undefined constant scid - assumed 'scid' /mnt/web/association/public_html/Application/Runtime/Cache/Home/2a94b8bda04ff446dcedd42276fc99ee.php 第 97 行.
NOTIC: [8] Use of undefined constant scid - assumed 'scid' /mnt/web/association/public_html/Application/Runtime/Cache/Home/2a94b8bda04ff446dcedd42276fc99ee.php 第 97 行.
NOTIC: [8] Use of undefined constant scid - assumed 'scid' /mnt/web/association/public_html/Application/Runtime/Cache/Home/2a94b8bda04ff446dcedd42276fc99ee.php 第 97 行.
NOTIC: [8] Use of undefined constant scid - assumed 'scid' /mnt/web/association/public_html/Application/Runtime/Cache/Home/2a94b8bda04ff446dcedd42276fc99ee.php 第 97 行.
NOTIC: [8] Use of undefined constant scid - assumed 'scid' /mnt/web/association/public_html/Application/Runtime/Cache/Home/2a94b8bda04ff446dcedd42276fc99ee.php 第 97 行.
NOTIC: [8] Use of undefined constant scid - assumed 'scid' /mnt/web/association/public_html/Application/Runtime/Cache/Home/2a94b8bda04ff446dcedd42276fc99ee.php 第 97 行.
NOTIC: [8] Use of undefined constant scid - assumed 'scid' /mnt/web/association/public_html/Application/Runtime/Cache/Home/2a94b8bda04ff446dcedd42276fc99ee.php 第 97 行.
NOTIC: [8] Use of undefined constant scid - assumed 'scid' /mnt/web/association/public_html/Application/Runtime/Cache/Home/2a94b8bda04ff446dcedd42276fc99ee.php 第 97 行.
NOTIC: [8] Use of undefined constant scid - assumed 'scid' /mnt/web/association/public_html/Application/Runtime/Cache/Home/2a94b8bda04ff446dcedd42276fc99ee.php 第 97 行.
INFO: Run Behavior\ParseTemplateBehavior [ RunTime:0.007388s ]
INFO: [ view_parse ] --END-- [ RunTime:0.007421s ]
INFO: [ view_filter ] --START--
INFO: Run Behavior\WriteHtmlCacheBehavior [ RunTime:0.000182s ]
INFO: [ view_filter ] --END-- [ RunTime:0.000210s ]
INFO: [ app_end ] --START--
INFO: Run Behavior\ShowPageTraceBehavior [ RunTime:0.000369s ]
INFO: [ app_end ] --END-- [ RunTime:0.000403s ]

