[ 2017-05-08T09:07:55+08:00 ] 42.156.251.187 /
INFO: [ app_init ] --START--
INFO: Run Behavior\BuildLiteBehavior [ RunTime:0.000011s ]
INFO: [ app_init ] --END-- [ RunTime:0.000284s ]
INFO: [ app_begin ] --START--
INFO: Run Behavior\ReadHtmlCacheBehavior [ RunTime:0.000366s ]
INFO: [ app_begin ] --END-- [ RunTime:0.000404s ]
SQL: SHOW COLUMNS FROM `yd_company_info` [ RunTime:0.0008s ]
SQL: SELECT * FROM `yd_company_info` ORDER BY com_id desc LIMIT 60   [ RunTime:0.0002s ]
SQL: SHOW COLUMNS FROM `yd_image` [ RunTime:0.0004s ]
SQL: SELECT `img_id` FROM `yd_image` WHERE `img_storeid` = 606 LIMIT 1   [ RunTime:0.0001s ]
SQL: SELECT `img_id` FROM `yd_image` WHERE `img_storeid` = 543 LIMIT 1   [ RunTime:0.0001s ]
SQL: SELECT `img_id` FROM `yd_image` WHERE `img_storeid` = 533 LIMIT 1   [ RunTime:0.0001s ]
SQL: SELECT `img_id` FROM `yd_image` WHERE `img_storeid` = 532 LIMIT 1   [ RunTime:0.0001s ]
INFO: [ view_parse ] --START--
INFO: [ template_filter ] --START--
INFO: Run Behavior\ContentReplaceBehavior [ RunTime:0.000059s ]
INFO: [ template_filter ] --END-- [ RunTime:0.000100s ]
NOTIC: [8] Use of undefined constant scid - assumed 'scid' /mnt/web/association/public_html/Application/Runtime/Cache/Home/2a94b8bda04ff446dcedd42276fc99ee.php 第 97 行.
NOTIC: [8] Use of undefined constant scid - assumed 'scid' /mnt/web/association/public_html/Application/Runtime/Cache/Home/2a94b8bda04ff446dcedd42276fc99ee.php 第 97 行.
NOTIC: [8] Use of undefined constant scid - assumed 'scid' /mnt/web/association/public_html/Application/Runtime/Cache/Home/2a94b8bda04ff446dcedd42276fc99ee.php 第 97 行.
NOTIC: [8] Use of undefined constant scid - assumed 'scid' /mnt/web/association/public_html/Application/Runtime/Cache/Home/2a94b8bda04ff446dcedd42276fc99ee.php 第 97 行.
NOTIC: [8] Use of undefined constant scid - assumed 'scid' /mnt/web/association/public_html/Application/Runtime/Cache/Home/2a94b8bda04ff446dcedd42276fc99ee.php 第 97 行.
NOTIC: [8] Use of undefined constant scid - assumed 'scid' /mnt/web/association/public_html/Application/Runtime/Cache/Home/2a94b8bda04ff446dcedd42276fc99ee.php 第 97 行.
NOTIC: [8] Use of undefined constant scid - assumed 'scid' /mnt/web/association/public_html/Application/Runtime/Cache/Home/2a94b8bda04ff446dcedd42276fc99ee.php 第 97 行.
NOTIC: [8] Use of undefined constant scid - assumed 'scid' /mnt/web/association/public_html/Application/Runtime/Cache/Home/2a94b8bda04ff446dcedd42276fc99ee.php 第 97 行.
NOTIC: [8] Use of undefined constant scid - assumed 'scid' /mnt/web/association/public_html/Application/Runtime/Cache/Home/2a94b8bda04ff446dcedd42276fc99ee.php 第 97 行.
NOTIC: [8] Use of undefined constant scid - assumed 'scid' /mnt/web/association/public_html/Application/Runtime/Cache/Home/2a94b8bda04ff446dcedd42276fc99ee.php 第 97 行.
NOTIC: [8] Use of undefined constant scid - assumed 'scid' /mnt/web/association/public_html/Application/Runtime/Cache/Home/2a94b8bda04ff446dcedd42276fc99ee.php 第 97 行.
NOTIC: [8] Use of undefined constant scid - assumed 'scid' /mnt/web/association/public_html/Application/Runtime/Cache/Home/2a94b8bda04ff446dcedd42276fc99ee.php 第 97 行.
NOTIC: [8] Use of undefined constant scid - assumed 'scid' /mnt/web/association/public_html/Application/Runtime/Cache/Home/2a94b8bda04ff446dcedd42276fc99ee.php 第 97 行.
NOTIC: [8] Use of undefined constant scid - assumed 'scid' /mnt/web/association/public_html/Application/Runtime/Cache/Home/2a94b8bda04ff446dcedd42276fc99ee.php 第 97 行.
NOTIC: [8] Use of undefined constant scid - assumed 'scid' /mnt/web/association/public_html/Application/Runtime/Cache/Home/2a94b8bda04ff446dcedd42276fc99ee.php 第 97 行.
NOTIC: [8] Use of undefined constant scid - assumed 'scid' /mnt/web/association/public_html/Application/Runtime/Cache/Home/2a94b8bda04ff446dcedd42276fc99ee.php 第 97 行.
INFO: Run Behavior\ParseTemplateBehavior [ RunTime:0.007526s ]
INFO: [ view_parse ] --END-- [ RunTime:0.007569s ]
INFO: [ view_filter ] --START--
INFO: Run Behavior\WriteHtmlCacheBehavior [ RunTime:0.000172s ]
INFO: [ view_filter ] --END-- [ RunTime:0.000201s ]
INFO: [ app_end ] --START--
INFO: Run Behavior\ShowPageTraceBehavior [ RunTime:0.000369s ]
INFO: [ app_end ] --END-- [ RunTime:0.000403s ]

[ 2017-05-08T11:09:21+08:00 ] 218.19.99.118 /favicon.ico
INFO: [ app_init ] --START--
INFO: Run Behavior\BuildLiteBehavior [ RunTime:0.000011s ]
INFO: [ app_init ] --END-- [ RunTime:0.000266s ]

[ 2017-05-08T13:12:36+08:00 ] 218.19.99.118 /favicon.ico
INFO: [ app_init ] --START--
INFO: Run Behavior\BuildLiteBehavior [ RunTime:0.000013s ]
INFO: [ app_init ] --END-- [ RunTime:0.000861s ]

[ 2017-05-08T17:22:35+08:00 ] 218.19.99.118 /
INFO: [ app_init ] --START--
INFO: Run Behavior\BuildLiteBehavior [ RunTime:0.000013s ]
INFO: [ app_init ] --END-- [ RunTime:0.000368s ]
INFO: [ app_begin ] --START--
INFO: Run Behavior\ReadHtmlCacheBehavior [ RunTime:0.000469s ]
INFO: [ app_begin ] --END-- [ RunTime:0.000516s ]
SQL: SHOW COLUMNS FROM `yd_company_info` [ RunTime:0.0011s ]
SQL: SELECT * FROM `yd_company_info` ORDER BY com_id desc LIMIT 60   [ RunTime:0.0002s ]
SQL: SHOW COLUMNS FROM `yd_image` [ RunTime:0.0008s ]
SQL: SELECT `img_id` FROM `yd_image` WHERE `img_storeid` = 606 LIMIT 1   [ RunTime:0.0001s ]
SQL: SELECT `img_id` FROM `yd_image` WHERE `img_storeid` = 543 LIMIT 1   [ RunTime:0.0001s ]
SQL: SELECT `img_id` FROM `yd_image` WHERE `img_storeid` = 533 LIMIT 1   [ RunTime:0.0001s ]
SQL: SELECT `img_id` FROM `yd_image` WHERE `img_storeid` = 532 LIMIT 1   [ RunTime:0.0001s ]
INFO: [ view_parse ] --START--
INFO: [ template_filter ] --START--
INFO: Run Behavior\ContentReplaceBehavior [ RunTime:0.000064s ]
INFO: [ template_filter ] --END-- [ RunTime:0.000108s ]
NOTIC: [8] Use of undefined constant scid - assumed 'scid' /mnt/web/association/public_html/Application/Runtime/Cache/Home/2a94b8bda04ff446dcedd42276fc99ee.php 第 97 行.
NOTIC: [8] Use of undefined constant scid - assumed 'scid' /mnt/web/association/public_html/Application/Runtime/Cache/Home/2a94b8bda04ff446dcedd42276fc99ee.php 第 97 行.
NOTIC: [8] Use of undefined constant scid - assumed 'scid' /mnt/web/association/public_html/Application/Runtime/Cache/Home/2a94b8bda04ff446dcedd42276fc99ee.php 第 97 行.
NOTIC: [8] Use of undefined constant scid - assumed 'scid' /mnt/web/association/public_html/Application/Runtime/Cache/Home/2a94b8bda04ff446dcedd42276fc99ee.php 第 97 行.
NOTIC: [8] Use of undefined constant scid - assumed 'scid' /mnt/web/association/public_html/Application/Runtime/Cache/Home/2a94b8bda04ff446dcedd42276fc99ee.php 第 97 行.
NOTIC: [8] Use of undefined constant scid - assumed 'scid' /mnt/web/association/public_html/Application/Runtime/Cache/Home/2a94b8bda04ff446dcedd42276fc99ee.php 第 97 行.
NOTIC: [8] Use of undefined constant scid - assumed 'scid' /mnt/web/association/public_html/Application/Runtime/Cache/Home/2a94b8bda04ff446dcedd42276fc99ee.php 第 97 行.
NOTIC: [8] Use of undefined constant scid - assumed 'scid' /mnt/web/association/public_html/Application/Runtime/Cache/Home/2a94b8bda04ff446dcedd42276fc99ee.php 第 97 行.
NOTIC: [8] Use of undefined constant scid - assumed 'scid' /mnt/web/association/public_html/Application/Runtime/Cache/Home/2a94b8bda04ff446dcedd42276fc99ee.php 第 97 行.
NOTIC: [8] Use of undefined constant scid - assumed 'scid' /mnt/web/association/public_html/Application/Runtime/Cache/Home/2a94b8bda04ff446dcedd42276fc99ee.php 第 97 行.
NOTIC: [8] Use of undefined constant scid - assumed 'scid' /mnt/web/association/public_html/Application/Runtime/Cache/Home/2a94b8bda04ff446dcedd42276fc99ee.php 第 97 行.
NOTIC: [8] Use of undefined constant scid - assumed 'scid' /mnt/web/association/public_html/Application/Runtime/Cache/Home/2a94b8bda04ff446dcedd42276fc99ee.php 第 97 行.
NOTIC: [8] Use of undefined constant scid - assumed 'scid' /mnt/web/association/public_html/Application/Runtime/Cache/Home/2a94b8bda04ff446dcedd42276fc99ee.php 第 97 行.
NOTIC: [8] Use of undefined constant scid - assumed 'scid' /mnt/web/association/public_html/Application/Runtime/Cache/Home/2a94b8bda04ff446dcedd42276fc99ee.php 第 97 行.
NOTIC: [8] Use of undefined constant scid - assumed 'scid' /mnt/web/association/public_html/Application/Runtime/Cache/Home/2a94b8bda04ff446dcedd42276fc99ee.php 第 97 行.
NOTIC: [8] Use of undefined constant scid - assumed 'scid' /mnt/web/association/public_html/Application/Runtime/Cache/Home/2a94b8bda04ff446dcedd42276fc99ee.php 第 97 行.
INFO: Run Behavior\ParseTemplateBehavior [ RunTime:0.083549s ]
INFO: [ view_parse ] --END-- [ RunTime:0.083590s ]
INFO: [ view_filter ] --START--
INFO: Run Behavior\WriteHtmlCacheBehavior [ RunTime:0.000282s ]
INFO: [ view_filter ] --END-- [ RunTime:0.000316s ]
INFO: [ app_end ] --START--
INFO: Run Behavior\ShowPageTraceBehavior [ RunTime:0.000490s ]
INFO: [ app_end ] --END-- [ RunTime:0.000538s ]

[ 2017-05-08T17:22:35+08:00 ] 218.19.99.118 /Public/ydhome/images/baidu.png
INFO: [ app_init ] --START--
INFO: Run Behavior\BuildLiteBehavior [ RunTime:0.000012s ]
INFO: [ app_init ] --END-- [ RunTime:0.000373s ]

[ 2017-05-08T17:22:36+08:00 ] 218.19.99.118 /favicon.ico
INFO: [ app_init ] --START--
INFO: Run Behavior\BuildLiteBehavior [ RunTime:0.000012s ]
INFO: [ app_init ] --END-- [ RunTime:0.000380s ]

[ 2017-05-08T17:54:30+08:00 ] 218.19.99.118 /
INFO: [ app_init ] --START--
INFO: Run Behavior\BuildLiteBehavior [ RunTime:0.000014s ]
INFO: [ app_init ] --END-- [ RunTime:0.000372s ]
INFO: [ app_begin ] --START--
INFO: Run Behavior\ReadHtmlCacheBehavior [ RunTime:0.000462s ]
INFO: [ app_begin ] --END-- [ RunTime:0.000534s ]
SQL: SHOW COLUMNS FROM `yd_company_info` [ RunTime:0.0011s ]
SQL: SELECT * FROM `yd_company_info` ORDER BY com_id desc LIMIT 60   [ RunTime:0.0002s ]
SQL: SHOW COLUMNS FROM `yd_image` [ RunTime:0.0008s ]
SQL: SELECT `img_id` FROM `yd_image` WHERE `img_storeid` = 606 LIMIT 1   [ RunTime:0.0001s ]
SQL: SELECT `img_id` FROM `yd_image` WHERE `img_storeid` = 543 LIMIT 1   [ RunTime:0.0001s ]
SQL: SELECT `img_id` FROM `yd_image` WHERE `img_storeid` = 533 LIMIT 1   [ RunTime:0.0001s ]
SQL: SELECT `img_id` FROM `yd_image` WHERE `img_storeid` = 532 LIMIT 1   [ RunTime:0.0001s ]
ERR: 1146:Table 'baike.yd_navigation' doesn't exist
 [ SQL语句 ] : SHOW COLUMNS FROM `yd_navigation`
ERR: 1146:Table 'baike.yd_navigation' doesn't exist
 [ SQL语句 ] : SHOW COLUMNS FROM `yd_navigation`

[ 2017-05-08T17:54:30+08:00 ] 218.19.99.118 /
INFO: [ app_init ] --START--
INFO: Run Behavior\BuildLiteBehavior [ RunTime:0.000014s ]
INFO: [ app_init ] --END-- [ RunTime:0.000386s ]
INFO: [ app_begin ] --START--
INFO: Run Behavior\ReadHtmlCacheBehavior [ RunTime:0.000444s ]
INFO: [ app_begin ] --END-- [ RunTime:0.000491s ]
SQL: SHOW COLUMNS FROM `yd_company_info` [ RunTime:0.0011s ]
SQL: SELECT * FROM `yd_company_info` ORDER BY com_id desc LIMIT 60   [ RunTime:0.0002s ]
SQL: SHOW COLUMNS FROM `yd_image` [ RunTime:0.0008s ]
SQL: SELECT `img_id` FROM `yd_image` WHERE `img_storeid` = 606 LIMIT 1   [ RunTime:0.0002s ]
SQL: SELECT `img_id` FROM `yd_image` WHERE `img_storeid` = 543 LIMIT 1   [ RunTime:0.0001s ]
SQL: SELECT `img_id` FROM `yd_image` WHERE `img_storeid` = 533 LIMIT 1   [ RunTime:0.0001s ]
SQL: SELECT `img_id` FROM `yd_image` WHERE `img_storeid` = 532 LIMIT 1   [ RunTime:0.0001s ]
ERR: 1146:Table 'baike.yd_navigation' doesn't exist
 [ SQL语句 ] : SHOW COLUMNS FROM `yd_navigation`
ERR: 1146:Table 'baike.yd_navigation' doesn't exist
 [ SQL语句 ] : SHOW COLUMNS FROM `yd_navigation`

[ 2017-05-08T17:56:26+08:00 ] 218.19.99.118 /
INFO: [ app_init ] --START--
INFO: Run Behavior\BuildLiteBehavior [ RunTime:0.000013s ]
INFO: [ app_init ] --END-- [ RunTime:0.000368s ]
INFO: [ app_begin ] --START--
INFO: Run Behavior\ReadHtmlCacheBehavior [ RunTime:0.000441s ]
INFO: [ app_begin ] --END-- [ RunTime:0.000488s ]
SQL: SHOW COLUMNS FROM `yd_company_info` [ RunTime:0.0012s ]
SQL: SELECT * FROM `yd_company_info` ORDER BY com_id desc LIMIT 60   [ RunTime:0.0002s ]
SQL: SHOW COLUMNS FROM `yd_image` [ RunTime:0.0008s ]
SQL: SELECT `img_id` FROM `yd_image` WHERE `img_storeid` = 606 LIMIT 1   [ RunTime:0.0002s ]
SQL: SELECT `img_id` FROM `yd_image` WHERE `img_storeid` = 543 LIMIT 1   [ RunTime:0.0001s ]
SQL: SELECT `img_id` FROM `yd_image` WHERE `img_storeid` = 533 LIMIT 1   [ RunTime:0.0001s ]
SQL: SELECT `img_id` FROM `yd_image` WHERE `img_storeid` = 532 LIMIT 1   [ RunTime:0.0001s ]
SQL: SHOW COLUMNS FROM `yd_navigation` [ RunTime:0.0008s ]
SQL: SELECT * FROM `yd_navigation` WHERE `is_show` = 1 AND `pid` = 0  [ RunTime:0.0002s ]
SQL: SHOW COLUMNS FROM `yd_shuffling` [ RunTime:0.0008s ]
SQL: SELECT * FROM `yd_shuffling` WHERE `is_show` = 1 AND `pid` = 1  [ RunTime:0.0002s ]
SQL: SELECT * FROM `yd_shuffling` WHERE `is_show` = 1 AND `pid` = 6  [ RunTime:0.0001s ]
INFO: [ view_parse ] --START--
INFO: [ template_filter ] --START--
INFO: Run Behavior\ContentReplaceBehavior [ RunTime:0.000060s ]
INFO: [ template_filter ] --END-- [ RunTime:0.000102s ]
NOTIC: [8] Use of undefined constant img - assumed 'img' /mnt/web/association/public_html/Application/Runtime/Cache/Home/2a94b8bda04ff446dcedd42276fc99ee.php 第 48 行.
NOTIC: [8] Use of undefined constant img - assumed 'img' /mnt/web/association/public_html/Application/Runtime/Cache/Home/2a94b8bda04ff446dcedd42276fc99ee.php 第 48 行.
NOTIC: [8] Use of undefined constant scid - assumed 'scid' /mnt/web/association/public_html/Application/Runtime/Cache/Home/2a94b8bda04ff446dcedd42276fc99ee.php 第 91 行.
NOTIC: [8] Use of undefined constant scid - assumed 'scid' /mnt/web/association/public_html/Application/Runtime/Cache/Home/2a94b8bda04ff446dcedd42276fc99ee.php 第 91 行.
NOTIC: [8] Use of undefined constant scid - assumed 'scid' /mnt/web/association/public_html/Application/Runtime/Cache/Home/2a94b8bda04ff446dcedd42276fc99ee.php 第 91 行.
NOTIC: [8] Use of undefined constant scid - assumed 'scid' /mnt/web/association/public_html/Application/Runtime/Cache/Home/2a94b8bda04ff446dcedd42276fc99ee.php 第 91 行.
NOTIC: [8] Use of undefined constant scid - assumed 'scid' /mnt/web/association/public_html/Application/Runtime/Cache/Home/2a94b8bda04ff446dcedd42276fc99ee.php 第 91 行.
NOTIC: [8] Use of undefined constant scid - assumed 'scid' /mnt/web/association/public_html/Application/Runtime/Cache/Home/2a94b8bda04ff446dcedd42276fc99ee.php 第 91 行.
NOTIC: [8] Use of undefined constant scid - assumed 'scid' /mnt/web/association/public_html/Application/Runtime/Cache/Home/2a94b8bda04ff446dcedd42276fc99ee.php 第 91 行.
NOTIC: [8] Use of undefined constant scid - assumed 'scid' /mnt/web/association/public_html/Application/Runtime/Cache/Home/2a94b8bda04ff446dcedd42276fc99ee.php 第 91 行.
NOTIC: [8] Use of undefined constant scid - assumed 'scid' /mnt/web/association/public_html/Application/Runtime/Cache/Home/2a94b8bda04ff446dcedd42276fc99ee.php 第 91 行.
NOTIC: [8] Use of undefined constant scid - assumed 'scid' /mnt/web/association/public_html/Application/Runtime/Cache/Home/2a94b8bda04ff446dcedd42276fc99ee.php 第 91 行.
NOTIC: [8] Use of undefined constant scid - assumed 'scid' /mnt/web/association/public_html/Application/Runtime/Cache/Home/2a94b8bda04ff446dcedd42276fc99ee.php 第 91 行.
NOTIC: [8] Use of undefined constant scid - assumed 'scid' /mnt/web/association/public_html/Application/Runtime/Cache/Home/2a94b8bda04ff446dcedd42276fc99ee.php 第 91 行.
NOTIC: [8] Use of undefined constant scid - assumed 'scid' /mnt/web/association/public_html/Application/Runtime/Cache/Home/2a94b8bda04ff446dcedd42276fc99ee.php 第 91 行.
NOTIC: [8] Use of undefined constant scid - assumed 'scid' /mnt/web/association/public_html/Application/Runtime/Cache/Home/2a94b8bda04ff446dcedd42276fc99ee.php 第 91 行.
NOTIC: [8] Use of undefined constant scid - assumed 'scid' /mnt/web/association/public_html/Application/Runtime/Cache/Home/2a94b8bda04ff446dcedd42276fc99ee.php 第 91 行.
NOTIC: [8] Use of undefined constant scid - assumed 'scid' /mnt/web/association/public_html/Application/Runtime/Cache/Home/2a94b8bda04ff446dcedd42276fc99ee.php 第 91 行.
INFO: Run Behavior\ParseTemplateBehavior [ RunTime:0.010486s ]
INFO: [ view_parse ] --END-- [ RunTime:0.010524s ]
INFO: [ view_filter ] --START--
INFO: Run Behavior\WriteHtmlCacheBehavior [ RunTime:0.000273s ]
INFO: [ view_filter ] --END-- [ RunTime:0.000307s ]
INFO: [ app_end ] --START--
INFO: Run Behavior\ShowPageTraceBehavior [ RunTime:0.000492s ]
INFO: [ app_end ] --END-- [ RunTime:0.000537s ]

[ 2017-05-08T17:56:50+08:00 ] 218.19.99.118 /Public/Upadmin/static/h-ui/css/H-ui.min.css
INFO: [ app_init ] --START--
INFO: Run Behavior\BuildLiteBehavior [ RunTime:0.000013s ]
INFO: [ app_init ] --END-- [ RunTime:0.000387s ]
INFO: [ app_begin ] --START--
INFO: Run Behavior\ReadHtmlCacheBehavior [ RunTime:0.000456s ]
INFO: [ app_begin ] --END-- [ RunTime:0.000502s ]
ERR: 无法加载控制器:Public

[ 2017-05-08T17:56:50+08:00 ] 218.19.99.118 /Public/Upadmin/static/h-ui.admin/css/style.css
INFO: [ app_init ] --START--
INFO: Run Behavior\BuildLiteBehavior [ RunTime:0.000012s ]
INFO: [ app_init ] --END-- [ RunTime:0.000359s ]
INFO: [ app_begin ] --START--
INFO: Run Behavior\ReadHtmlCacheBehavior [ RunTime:0.000474s ]
INFO: [ app_begin ] --END-- [ RunTime:0.000520s ]
ERR: 无法加载控制器:Public

[ 2017-05-08T17:56:50+08:00 ] 218.19.99.118 /Public/Upadmin/lib/jquery/1.9.1/jquery.min.js
INFO: [ app_init ] --START--
INFO: Run Behavior\BuildLiteBehavior [ RunTime:0.000012s ]
INFO: [ app_init ] --END-- [ RunTime:0.000349s ]
INFO: [ app_begin ] --START--
INFO: Run Behavior\ReadHtmlCacheBehavior [ RunTime:0.000462s ]
INFO: [ app_begin ] --END-- [ RunTime:0.000510s ]
ERR: 无法加载控制器:Public

[ 2017-05-08T17:56:50+08:00 ] 218.19.99.118 /Public/Upadmin/static/h-ui/css/H-ui.login.css
INFO: [ app_init ] --START--
INFO: Run Behavior\BuildLiteBehavior [ RunTime:0.000013s ]
INFO: [ app_init ] --END-- [ RunTime:0.000378s ]
INFO: [ app_begin ] --START--
INFO: Run Behavior\ReadHtmlCacheBehavior [ RunTime:0.000447s ]
INFO: [ app_begin ] --END-- [ RunTime:0.000494s ]
ERR: 无法加载控制器:Public

[ 2017-05-08T17:56:50+08:00 ] 218.19.99.118 /Public/Upadmin/lib/Hui-iconfont/1.0.8/iconfont.css
INFO: [ app_init ] --START--
INFO: Run Behavior\BuildLiteBehavior [ RunTime:0.000012s ]
INFO: [ app_init ] --END-- [ RunTime:0.000353s ]
INFO: [ app_begin ] --START--
INFO: Run Behavior\ReadHtmlCacheBehavior [ RunTime:0.000431s ]
INFO: [ app_begin ] --END-- [ RunTime:0.000478s ]
ERR: 无法加载控制器:Public

[ 2017-05-08T17:56:50+08:00 ] 218.19.99.118 /Public/Upadmin/static/h-ui/js/H-ui.js
INFO: [ app_init ] --START--
INFO: Run Behavior\BuildLiteBehavior [ RunTime:0.000012s ]
INFO: [ app_init ] --END-- [ RunTime:0.000349s ]
INFO: [ app_begin ] --START--
INFO: Run Behavior\ReadHtmlCacheBehavior [ RunTime:0.000426s ]
INFO: [ app_begin ] --END-- [ RunTime:0.000484s ]
ERR: 无法加载控制器:Public

[ 2017-05-08T17:58:33+08:00 ] 218.19.99.118 /Public/Upadmin/static/h-ui/css/H-ui.login.css
INFO: [ app_init ] --START--
INFO: Run Behavior\BuildLiteBehavior [ RunTime:0.000012s ]
INFO: [ app_init ] --END-- [ RunTime:0.000351s ]
INFO: [ app_begin ] --START--
INFO: Run Behavior\ReadHtmlCacheBehavior [ RunTime:0.000471s ]
INFO: [ app_begin ] --END-- [ RunTime:0.000515s ]
ERR: 无法加载控制器:Public

[ 2017-05-08T19:21:07+08:00 ] 218.19.99.118 /favicon.ico
INFO: [ app_init ] --START--
INFO: Run Behavior\BuildLiteBehavior [ RunTime:0.000013s ]
INFO: [ app_init ] --END-- [ RunTime:0.000377s ]

[ 2017-05-08T20:11:46+08:00 ] 218.19.99.118 /
INFO: [ app_init ] --START--
INFO: Run Behavior\BuildLiteBehavior [ RunTime:0.000012s ]
INFO: [ app_init ] --END-- [ RunTime:0.000363s ]
INFO: [ app_begin ] --START--
INFO: Run Behavior\ReadHtmlCacheBehavior [ RunTime:0.000452s ]
INFO: [ app_begin ] --END-- [ RunTime:0.000498s ]
SQL: SHOW COLUMNS FROM `yd_company_info` [ RunTime:0.0011s ]
SQL: SELECT * FROM `yd_company_info` ORDER BY com_id desc LIMIT 60   [ RunTime:0.0002s ]
SQL: SHOW COLUMNS FROM `yd_image` [ RunTime:0.0008s ]
SQL: SELECT `img_id` FROM `yd_image` WHERE `img_storeid` = 606 LIMIT 1   [ RunTime:0.0001s ]
SQL: SHOW COLUMNS FROM `yd_navigation` [ RunTime:0.0008s ]
SQL: SELECT * FROM `yd_navigation` WHERE `is_show` = 1 AND `pid` = 0  [ RunTime:0.0001s ]
SQL: SHOW COLUMNS FROM `yd_shuffling` [ RunTime:0.0008s ]
SQL: SELECT * FROM `yd_shuffling` WHERE `is_show` = 1 AND `pid` = 1  [ RunTime:0.0001s ]
SQL: SELECT * FROM `yd_shuffling` WHERE `is_show` = 1 AND `pid` = 6  [ RunTime:0.0001s ]
INFO: [ view_parse ] --START--
INFO: [ template_filter ] --START--
INFO: Run Behavior\ContentReplaceBehavior [ RunTime:0.000056s ]
INFO: [ template_filter ] --END-- [ RunTime:0.000098s ]
NOTIC: [8] Use of undefined constant img - assumed 'img' /mnt/web/association/public_html/Application/Runtime/Cache/Home/2a94b8bda04ff446dcedd42276fc99ee.php 第 48 行.
NOTIC: [8] Use of undefined constant img - assumed 'img' /mnt/web/association/public_html/Application/Runtime/Cache/Home/2a94b8bda04ff446dcedd42276fc99ee.php 第 48 行.
NOTIC: [8] Use of undefined constant scid - assumed 'scid' /mnt/web/association/public_html/Application/Runtime/Cache/Home/2a94b8bda04ff446dcedd42276fc99ee.php 第 91 行.
NOTIC: [8] Use of undefined constant scid - assumed 'scid' /mnt/web/association/public_html/Application/Runtime/Cache/Home/2a94b8bda04ff446dcedd42276fc99ee.php 第 91 行.
NOTIC: [8] Use of undefined constant scid - assumed 'scid' /mnt/web/association/public_html/Application/Runtime/Cache/Home/2a94b8bda04ff446dcedd42276fc99ee.php 第 91 行.
NOTIC: [8] Use of undefined constant scid - assumed 'scid' /mnt/web/association/public_html/Application/Runtime/Cache/Home/2a94b8bda04ff446dcedd42276fc99ee.php 第 91 行.
NOTIC: [8] Use of undefined constant scid - assumed 'scid' /mnt/web/association/public_html/Application/Runtime/Cache/Home/2a94b8bda04ff446dcedd42276fc99ee.php 第 91 行.
NOTIC: [8] Use of undefined constant scid - assumed 'scid' /mnt/web/association/public_html/Application/Runtime/Cache/Home/2a94b8bda04ff446dcedd42276fc99ee.php 第 91 行.
NOTIC: [8] Use of undefined constant scid - assumed 'scid' /mnt/web/association/public_html/Application/Runtime/Cache/Home/2a94b8bda04ff446dcedd42276fc99ee.php 第 91 行.
NOTIC: [8] Use of undefined constant scid - assumed 'scid' /mnt/web/association/public_html/Application/Runtime/Cache/Home/2a94b8bda04ff446dcedd42276fc99ee.php 第 91 行.
NOTIC: [8] Use of undefined constant scid - assumed 'scid' /mnt/web/association/public_html/Application/Runtime/Cache/Home/2a94b8bda04ff446dcedd42276fc99ee.php 第 91 行.
NOTIC: [8] Use of undefined constant scid - assumed 'scid' /mnt/web/association/public_html/Application/Runtime/Cache/Home/2a94b8bda04ff446dcedd42276fc99ee.php 第 91 行.
NOTIC: [8] Use of undefined constant scid - assumed 'scid' /mnt/web/association/public_html/Application/Runtime/Cache/Home/2a94b8bda04ff446dcedd42276fc99ee.php 第 91 行.
NOTIC: [8] Use of undefined constant scid - assumed 'scid' /mnt/web/association/public_html/Application/Runtime/Cache/Home/2a94b8bda04ff446dcedd42276fc99ee.php 第 91 行.
NOTIC: [8] Use of undefined constant scid - assumed 'scid' /mnt/web/association/public_html/Application/Runtime/Cache/Home/2a94b8bda04ff446dcedd42276fc99ee.php 第 91 行.
NOTIC: [8] Use of undefined constant scid - assumed 'scid' /mnt/web/association/public_html/Application/Runtime/Cache/Home/2a94b8bda04ff446dcedd42276fc99ee.php 第 91 行.
NOTIC: [8] Use of undefined constant scid - assumed 'scid' /mnt/web/association/public_html/Application/Runtime/Cache/Home/2a94b8bda04ff446dcedd42276fc99ee.php 第 91 行.
NOTIC: [8] Use of undefined constant scid - assumed 'scid' /mnt/web/association/public_html/Application/Runtime/Cache/Home/2a94b8bda04ff446dcedd42276fc99ee.php 第 91 行.
INFO: Run Behavior\ParseTemplateBehavior [ RunTime:0.010522s ]
INFO: [ view_parse ] --END-- [ RunTime:0.010562s ]
INFO: [ view_filter ] --START--
INFO: Run Behavior\WriteHtmlCacheBehavior [ RunTime:0.000255s ]
INFO: [ view_filter ] --END-- [ RunTime:0.000289s ]
INFO: [ app_end ] --START--
INFO: Run Behavior\ShowPageTraceBehavior [ RunTime:0.000488s ]
INFO: [ app_end ] --END-- [ RunTime:0.000534s ]

[ 2017-05-08T20:11:48+08:00 ] 218.19.99.118 /CompanyInfo/details?id=64
INFO: [ app_init ] --START--
INFO: Run Behavior\BuildLiteBehavior [ RunTime:0.000013s ]
INFO: [ app_init ] --END-- [ RunTime:0.000382s ]
INFO: [ app_begin ] --START--
INFO: Run Behavior\ReadHtmlCacheBehavior [ RunTime:0.000476s ]
INFO: [ app_begin ] --END-- [ RunTime:0.000523s ]
SQL: SHOW COLUMNS FROM `yd_company_info` [ RunTime:0.0011s ]
SQL: SELECT * FROM `yd_company_info` WHERE `com_id` = '64' LIMIT 1   [ RunTime:0.0002s ]
SQL: UPDATE `yd_company_info` SET `com_visit`='9' WHERE `com_id` = '64' [ RunTime:0.0033s ]
SQL: SHOW COLUMNS FROM `yd_media` [ RunTime:0.0009s ]
SQL: SELECT * FROM `yd_media` WHERE `med_storeid` = '606'  [ RunTime:0.0002s ]
INFO: [ view_parse ] --START--
INFO: [ template_filter ] --START--
INFO: Run Behavior\ContentReplaceBehavior [ RunTime:0.000071s ]
INFO: [ template_filter ] --END-- [ RunTime:0.000115s ]
INFO: Run Behavior\ParseTemplateBehavior [ RunTime:0.018848s ]
INFO: [ view_parse ] --END-- [ RunTime:0.018903s ]
INFO: [ view_filter ] --START--
INFO: Run Behavior\WriteHtmlCacheBehavior [ RunTime:0.000252s ]
INFO: [ view_filter ] --END-- [ RunTime:0.000287s ]
INFO: [ app_end ] --START--
INFO: Run Behavior\ShowPageTraceBehavior [ RunTime:0.000475s ]
INFO: [ app_end ] --END-- [ RunTime:0.000522s ]

[ 2017-05-08T21:06:48+08:00 ] 218.19.99.118 /apadmin
INFO: [ app_init ] --START--
INFO: Run Behavior\BuildLiteBehavior [ RunTime:0.000013s ]
INFO: [ app_init ] --END-- [ RunTime:0.000373s ]
INFO: [ app_begin ] --START--
INFO: Run Behavior\ReadHtmlCacheBehavior [ RunTime:0.000475s ]
INFO: [ app_begin ] --END-- [ RunTime:0.000523s ]
ERR: 无法加载控制器:Apadmin

[ 2017-05-08T21:06:54+08:00 ] 218.19.99.118 /adadmin
INFO: [ app_init ] --START--
INFO: Run Behavior\BuildLiteBehavior [ RunTime:0.000014s ]
INFO: [ app_init ] --END-- [ RunTime:0.000374s ]
INFO: [ app_begin ] --START--
INFO: Run Behavior\ReadHtmlCacheBehavior [ RunTime:0.000438s ]
INFO: [ app_begin ] --END-- [ RunTime:0.000483s ]
ERR: 无法加载控制器:Adadmin

