[ 2017-05-27T17:31:35+08:00 ] 127.0.0.1 /
INFO: [ app_init ] --START--
INFO: Run Behavior\BuildLiteBehavior [ RunTime:0.000036s ]
INFO: [ app_init ] --END-- [ RunTime:0.001086s ]
INFO: [ app_begin ] --START--
INFO: Run Behavior\ReadHtmlCacheBehavior [ RunTime:0.001649s ]
INFO: [ app_begin ] --END-- [ RunTime:0.001836s ]
SQL: SHOW COLUMNS FROM `yd_navigation` [ RunTime:0.0008s ]
SQL: SELECT * FROM `yd_navigation` WHERE `is_show` = 1 AND `pid` = 0  [ RunTime:0.0004s ]
SQL: SHOW COLUMNS FROM `yd_system` [ RunTime:0.0006s ]
SQL: SELECT * FROM `yd_system` LIMIT 1   [ RunTime:0.0003s ]
SQL: SELECT * FROM `yd_navigation` WHERE `is_show` = 1 AND `pid` = 0  [ RunTime:0.0004s ]
SQL: SHOW COLUMNS FROM `yd_shuffling` [ RunTime:0.0007s ]
SQL: SELECT * FROM `yd_shuffling` WHERE `is_show` = 1 AND `pid` = 1  [ RunTime:0.0004s ]
SQL: SELECT * FROM `yd_shuffling` WHERE `is_show` = 1 AND `pid` = 6  [ RunTime:0.0004s ]
INFO: [ view_parse ] --START--
INFO: [ template_filter ] --START--
INFO: Run Behavior\ContentReplaceBehavior [ RunTime:0.000132s ]
INFO: [ template_filter ] --END-- [ RunTime:0.000249s ]
NOTIC: [8] Use of undefined constant img - assumed 'img' D:\wamp64\www\spectrum\public_html\Application\Runtime\Cache\Home\2a94b8bda04ff446dcedd42276fc99ee.php 第 80 行.
NOTIC: [8] Use of undefined constant img - assumed 'img' D:\wamp64\www\spectrum\public_html\Application\Runtime\Cache\Home\2a94b8bda04ff446dcedd42276fc99ee.php 第 80 行.
NOTIC: [8] Undefined variable: company D:\wamp64\www\spectrum\public_html\Application\Runtime\Cache\Home\2a94b8bda04ff446dcedd42276fc99ee.php 第 99 行.
NOTIC: [8] Undefined variable: company D:\wamp64\www\spectrum\public_html\Application\Runtime\Cache\Home\2a94b8bda04ff446dcedd42276fc99ee.php 第 113 行.
NOTIC: [8] Use of undefined constant scid - assumed 'scid' D:\wamp64\www\spectrum\public_html\Application\Runtime\Cache\Home\2a94b8bda04ff446dcedd42276fc99ee.php 第 136 行.
NOTIC: [8] Use of undefined constant scid - assumed 'scid' D:\wamp64\www\spectrum\public_html\Application\Runtime\Cache\Home\2a94b8bda04ff446dcedd42276fc99ee.php 第 136 行.
NOTIC: [8] Use of undefined constant scid - assumed 'scid' D:\wamp64\www\spectrum\public_html\Application\Runtime\Cache\Home\2a94b8bda04ff446dcedd42276fc99ee.php 第 136 行.
NOTIC: [8] Use of undefined constant scid - assumed 'scid' D:\wamp64\www\spectrum\public_html\Application\Runtime\Cache\Home\2a94b8bda04ff446dcedd42276fc99ee.php 第 136 行.
NOTIC: [8] Use of undefined constant scid - assumed 'scid' D:\wamp64\www\spectrum\public_html\Application\Runtime\Cache\Home\2a94b8bda04ff446dcedd42276fc99ee.php 第 136 行.
NOTIC: [8] Use of undefined constant scid - assumed 'scid' D:\wamp64\www\spectrum\public_html\Application\Runtime\Cache\Home\2a94b8bda04ff446dcedd42276fc99ee.php 第 136 行.
NOTIC: [8] Use of undefined constant scid - assumed 'scid' D:\wamp64\www\spectrum\public_html\Application\Runtime\Cache\Home\2a94b8bda04ff446dcedd42276fc99ee.php 第 136 行.
NOTIC: [8] Use of undefined constant scid - assumed 'scid' D:\wamp64\www\spectrum\public_html\Application\Runtime\Cache\Home\2a94b8bda04ff446dcedd42276fc99ee.php 第 136 行.
NOTIC: [8] Use of undefined constant scid - assumed 'scid' D:\wamp64\www\spectrum\public_html\Application\Runtime\Cache\Home\2a94b8bda04ff446dcedd42276fc99ee.php 第 136 行.
NOTIC: [8] Use of undefined constant scid - assumed 'scid' D:\wamp64\www\spectrum\public_html\Application\Runtime\Cache\Home\2a94b8bda04ff446dcedd42276fc99ee.php 第 136 行.
NOTIC: [8] Use of undefined constant scid - assumed 'scid' D:\wamp64\www\spectrum\public_html\Application\Runtime\Cache\Home\2a94b8bda04ff446dcedd42276fc99ee.php 第 136 行.
NOTIC: [8] Use of undefined constant scid - assumed 'scid' D:\wamp64\www\spectrum\public_html\Application\Runtime\Cache\Home\2a94b8bda04ff446dcedd42276fc99ee.php 第 136 行.
NOTIC: [8] Use of undefined constant scid - assumed 'scid' D:\wamp64\www\spectrum\public_html\Application\Runtime\Cache\Home\2a94b8bda04ff446dcedd42276fc99ee.php 第 136 行.
NOTIC: [8] Use of undefined constant scid - assumed 'scid' D:\wamp64\www\spectrum\public_html\Application\Runtime\Cache\Home\2a94b8bda04ff446dcedd42276fc99ee.php 第 136 行.
NOTIC: [8] Use of undefined constant scid - assumed 'scid' D:\wamp64\www\spectrum\public_html\Application\Runtime\Cache\Home\2a94b8bda04ff446dcedd42276fc99ee.php 第 136 行.
NOTIC: [8] Use of undefined constant scid - assumed 'scid' D:\wamp64\www\spectrum\public_html\Application\Runtime\Cache\Home\2a94b8bda04ff446dcedd42276fc99ee.php 第 136 行.
INFO: Run Behavior\ParseTemplateBehavior [ RunTime:0.037909s ]
INFO: [ view_parse ] --END-- [ RunTime:0.038027s ]
INFO: [ view_filter ] --START--
INFO: Run Behavior\WriteHtmlCacheBehavior [ RunTime:0.001074s ]
INFO: [ view_filter ] --END-- [ RunTime:0.001189s ]
INFO: [ app_end ] --START--
INFO: Run Behavior\ShowPageTraceBehavior [ RunTime:0.001204s ]
INFO: [ app_end ] --END-- [ RunTime:0.001396s ]

[ 2017-05-27T17:31:35+08:00 ] 127.0.0.1 /Home/Index/ajax_company?p=undefined
INFO: [ app_init ] --START--
INFO: Run Behavior\BuildLiteBehavior [ RunTime:0.000033s ]
INFO: [ app_init ] --END-- [ RunTime:0.000689s ]
INFO: [ app_begin ] --START--
INFO: Run Behavior\ReadHtmlCacheBehavior [ RunTime:0.000798s ]
INFO: [ app_begin ] --END-- [ RunTime:0.000944s ]
SQL: SHOW COLUMNS FROM `yd_navigation` [ RunTime:0.0007s ]
SQL: SELECT * FROM `yd_navigation` WHERE `is_show` = 1 AND `pid` = 0  [ RunTime:0.0005s ]
SQL: SHOW COLUMNS FROM `yd_system` [ RunTime:0.0007s ]
SQL: SELECT * FROM `yd_system` LIMIT 1   [ RunTime:0.0002s ]
SQL: SHOW COLUMNS FROM `yd_company_info` [ RunTime:0.0011s ]
SQL: SELECT * FROM `yd_company_info` WHERE `com_is_rec` = 1 AND `com_status` = 1 LIMIT 0,8   [ RunTime:0.0009s ]
SQL: SHOW COLUMNS FROM `yd_image` [ RunTime:0.0009s ]
SQL: SELECT `img_id` FROM `yd_image` WHERE `img_storeid` = 606 LIMIT 1   [ RunTime:0.0014s ]
SQL: SELECT `img_id` FROM `yd_image` WHERE `img_storeid` = 607 LIMIT 1   [ RunTime:0.0005s ]
SQL: SELECT `img_id` FROM `yd_image` WHERE `img_storeid` = 622 LIMIT 1   [ RunTime:0.0004s ]
SQL: SELECT `img_id` FROM `yd_image` WHERE `img_storeid` = 617 LIMIT 1   [ RunTime:0.0008s ]
ERR: 模板不存在:./Application/Home/View/Index/ajax_company.html

[ 2017-05-27T17:31:37+08:00 ] 127.0.0.1 /Home/Index/ajax_company?p=1
INFO: [ app_init ] --START--
INFO: Run Behavior\BuildLiteBehavior [ RunTime:0.000018s ]
INFO: [ app_init ] --END-- [ RunTime:0.000484s ]
INFO: [ app_begin ] --START--
INFO: Run Behavior\ReadHtmlCacheBehavior [ RunTime:0.000627s ]
INFO: [ app_begin ] --END-- [ RunTime:0.000699s ]
SQL: SHOW COLUMNS FROM `yd_navigation` [ RunTime:0.0006s ]
SQL: SELECT * FROM `yd_navigation` WHERE `is_show` = 1 AND `pid` = 0  [ RunTime:0.0003s ]
SQL: SHOW COLUMNS FROM `yd_system` [ RunTime:0.0005s ]
SQL: SELECT * FROM `yd_system` LIMIT 1   [ RunTime:0.0003s ]
SQL: SHOW COLUMNS FROM `yd_company_info` [ RunTime:0.0007s ]
SQL: SELECT * FROM `yd_company_info` WHERE `com_is_rec` = 1 AND `com_status` = 1 LIMIT 0,8   [ RunTime:0.0004s ]
SQL: SHOW COLUMNS FROM `yd_image` [ RunTime:0.0005s ]
SQL: SELECT `img_id` FROM `yd_image` WHERE `img_storeid` = 606 LIMIT 1   [ RunTime:0.0003s ]
SQL: SELECT `img_id` FROM `yd_image` WHERE `img_storeid` = 607 LIMIT 1   [ RunTime:0.0003s ]
SQL: SELECT `img_id` FROM `yd_image` WHERE `img_storeid` = 622 LIMIT 1   [ RunTime:0.0003s ]
SQL: SELECT `img_id` FROM `yd_image` WHERE `img_storeid` = 617 LIMIT 1   [ RunTime:0.0003s ]
ERR: 模板不存在:./Application/Home/View/Index/ajax_company.html

[ 2017-05-27T17:31:38+08:00 ] 127.0.0.1 /Home/Index/ajax_company?p=1
INFO: [ app_init ] --START--
INFO: Run Behavior\BuildLiteBehavior [ RunTime:0.000018s ]
INFO: [ app_init ] --END-- [ RunTime:0.000486s ]
INFO: [ app_begin ] --START--
INFO: Run Behavior\ReadHtmlCacheBehavior [ RunTime:0.000604s ]
INFO: [ app_begin ] --END-- [ RunTime:0.000676s ]
SQL: SHOW COLUMNS FROM `yd_navigation` [ RunTime:0.0005s ]
SQL: SELECT * FROM `yd_navigation` WHERE `is_show` = 1 AND `pid` = 0  [ RunTime:0.0003s ]
SQL: SHOW COLUMNS FROM `yd_system` [ RunTime:0.0005s ]
SQL: SELECT * FROM `yd_system` LIMIT 1   [ RunTime:0.0003s ]
SQL: SHOW COLUMNS FROM `yd_company_info` [ RunTime:0.0005s ]
SQL: SELECT * FROM `yd_company_info` WHERE `com_is_rec` = 1 AND `com_status` = 1 LIMIT 0,8   [ RunTime:0.0004s ]
SQL: SHOW COLUMNS FROM `yd_image` [ RunTime:0.0005s ]
SQL: SELECT `img_id` FROM `yd_image` WHERE `img_storeid` = 606 LIMIT 1   [ RunTime:0.0003s ]
SQL: SELECT `img_id` FROM `yd_image` WHERE `img_storeid` = 607 LIMIT 1   [ RunTime:0.0003s ]
SQL: SELECT `img_id` FROM `yd_image` WHERE `img_storeid` = 622 LIMIT 1   [ RunTime:0.0003s ]
SQL: SELECT `img_id` FROM `yd_image` WHERE `img_storeid` = 617 LIMIT 1   [ RunTime:0.0003s ]
ERR: 模板不存在:./Application/Home/View/Index/ajax_company.html

[ 2017-05-27T17:31:39+08:00 ] 127.0.0.1 /Home/Index/ajax_company?p=1
INFO: [ app_init ] --START--
INFO: Run Behavior\BuildLiteBehavior [ RunTime:0.000018s ]
INFO: [ app_init ] --END-- [ RunTime:0.000484s ]
INFO: [ app_begin ] --START--
INFO: Run Behavior\ReadHtmlCacheBehavior [ RunTime:0.000602s ]
INFO: [ app_begin ] --END-- [ RunTime:0.000676s ]
SQL: SHOW COLUMNS FROM `yd_navigation` [ RunTime:0.0005s ]
SQL: SELECT * FROM `yd_navigation` WHERE `is_show` = 1 AND `pid` = 0  [ RunTime:0.0004s ]
SQL: SHOW COLUMNS FROM `yd_system` [ RunTime:0.0005s ]
SQL: SELECT * FROM `yd_system` LIMIT 1   [ RunTime:0.0002s ]
SQL: SHOW COLUMNS FROM `yd_company_info` [ RunTime:0.0006s ]
SQL: SELECT * FROM `yd_company_info` WHERE `com_is_rec` = 1 AND `com_status` = 1 LIMIT 0,8   [ RunTime:0.0004s ]
SQL: SHOW COLUMNS FROM `yd_image` [ RunTime:0.0005s ]
SQL: SELECT `img_id` FROM `yd_image` WHERE `img_storeid` = 606 LIMIT 1   [ RunTime:0.0003s ]
SQL: SELECT `img_id` FROM `yd_image` WHERE `img_storeid` = 607 LIMIT 1   [ RunTime:0.0003s ]
SQL: SELECT `img_id` FROM `yd_image` WHERE `img_storeid` = 622 LIMIT 1   [ RunTime:0.0003s ]
SQL: SELECT `img_id` FROM `yd_image` WHERE `img_storeid` = 617 LIMIT 1   [ RunTime:0.0002s ]
ERR: 模板不存在:./Application/Home/View/Index/ajax_company.html

[ 2017-05-27T17:31:39+08:00 ] 127.0.0.1 /Home/Index/ajax_company?p=1
INFO: [ app_init ] --START--
INFO: Run Behavior\BuildLiteBehavior [ RunTime:0.000019s ]
INFO: [ app_init ] --END-- [ RunTime:0.000492s ]
INFO: [ app_begin ] --START--
INFO: Run Behavior\ReadHtmlCacheBehavior [ RunTime:0.000604s ]
INFO: [ app_begin ] --END-- [ RunTime:0.000676s ]
SQL: SHOW COLUMNS FROM `yd_navigation` [ RunTime:0.0005s ]
SQL: SELECT * FROM `yd_navigation` WHERE `is_show` = 1 AND `pid` = 0  [ RunTime:0.0003s ]
SQL: SHOW COLUMNS FROM `yd_system` [ RunTime:0.0006s ]
SQL: SELECT * FROM `yd_system` LIMIT 1   [ RunTime:0.0003s ]
SQL: SHOW COLUMNS FROM `yd_company_info` [ RunTime:0.0006s ]
SQL: SELECT * FROM `yd_company_info` WHERE `com_is_rec` = 1 AND `com_status` = 1 LIMIT 0,8   [ RunTime:0.0004s ]
SQL: SHOW COLUMNS FROM `yd_image` [ RunTime:0.0005s ]
SQL: SELECT `img_id` FROM `yd_image` WHERE `img_storeid` = 606 LIMIT 1   [ RunTime:0.0002s ]
SQL: SELECT `img_id` FROM `yd_image` WHERE `img_storeid` = 607 LIMIT 1   [ RunTime:0.0003s ]
SQL: SELECT `img_id` FROM `yd_image` WHERE `img_storeid` = 622 LIMIT 1   [ RunTime:0.0003s ]
SQL: SELECT `img_id` FROM `yd_image` WHERE `img_storeid` = 617 LIMIT 1   [ RunTime:0.0003s ]
ERR: 模板不存在:./Application/Home/View/Index/ajax_company.html

[ 2017-05-27T17:38:19+08:00 ] 127.0.0.1 /index.php/index
INFO: [ app_init ] --START--
INFO: Run Behavior\BuildLiteBehavior [ RunTime:0.000020s ]
INFO: [ app_init ] --END-- [ RunTime:0.000399s ]
INFO: [ app_begin ] --START--
INFO: Run Behavior\ReadHtmlCacheBehavior [ RunTime:0.000534s ]
INFO: [ app_begin ] --END-- [ RunTime:0.000649s ]
SQL: SHOW COLUMNS FROM `yd_navigation` [ RunTime:0.0007s ]
SQL: SELECT * FROM `yd_navigation` WHERE `is_show` = 1 AND `pid` = 0  [ RunTime:0.0003s ]
SQL: SHOW COLUMNS FROM `yd_system` [ RunTime:0.0006s ]
SQL: SELECT * FROM `yd_system` LIMIT 1   [ RunTime:0.0003s ]
SQL: SELECT * FROM `yd_navigation` WHERE `is_show` = 1 AND `pid` = 0  [ RunTime:0.0003s ]
SQL: SHOW COLUMNS FROM `yd_shuffling` [ RunTime:0.0008s ]
SQL: SELECT * FROM `yd_shuffling` WHERE `is_show` = 1 AND `pid` = 1  [ RunTime:0.0003s ]
SQL: SELECT * FROM `yd_shuffling` WHERE `is_show` = 1 AND `pid` = 6  [ RunTime:0.0003s ]
INFO: [ view_parse ] --START--
INFO: [ template_filter ] --START--
INFO: Run Behavior\ContentReplaceBehavior [ RunTime:0.000105s ]
INFO: [ template_filter ] --END-- [ RunTime:0.000197s ]
NOTIC: [8] Use of undefined constant img - assumed 'img' D:\wamp64\www\spectrum\public_html\Application\Runtime\Cache\Home\2a94b8bda04ff446dcedd42276fc99ee.php 第 80 行.
NOTIC: [8] Use of undefined constant img - assumed 'img' D:\wamp64\www\spectrum\public_html\Application\Runtime\Cache\Home\2a94b8bda04ff446dcedd42276fc99ee.php 第 80 行.
NOTIC: [8] Undefined variable: company D:\wamp64\www\spectrum\public_html\Application\Runtime\Cache\Home\2a94b8bda04ff446dcedd42276fc99ee.php 第 99 行.
NOTIC: [8] Undefined variable: company D:\wamp64\www\spectrum\public_html\Application\Runtime\Cache\Home\2a94b8bda04ff446dcedd42276fc99ee.php 第 113 行.
NOTIC: [8] Use of undefined constant scid - assumed 'scid' D:\wamp64\www\spectrum\public_html\Application\Runtime\Cache\Home\2a94b8bda04ff446dcedd42276fc99ee.php 第 136 行.
NOTIC: [8] Use of undefined constant scid - assumed 'scid' D:\wamp64\www\spectrum\public_html\Application\Runtime\Cache\Home\2a94b8bda04ff446dcedd42276fc99ee.php 第 136 行.
NOTIC: [8] Use of undefined constant scid - assumed 'scid' D:\wamp64\www\spectrum\public_html\Application\Runtime\Cache\Home\2a94b8bda04ff446dcedd42276fc99ee.php 第 136 行.
NOTIC: [8] Use of undefined constant scid - assumed 'scid' D:\wamp64\www\spectrum\public_html\Application\Runtime\Cache\Home\2a94b8bda04ff446dcedd42276fc99ee.php 第 136 行.
NOTIC: [8] Use of undefined constant scid - assumed 'scid' D:\wamp64\www\spectrum\public_html\Application\Runtime\Cache\Home\2a94b8bda04ff446dcedd42276fc99ee.php 第 136 行.
NOTIC: [8] Use of undefined constant scid - assumed 'scid' D:\wamp64\www\spectrum\public_html\Application\Runtime\Cache\Home\2a94b8bda04ff446dcedd42276fc99ee.php 第 136 行.
NOTIC: [8] Use of undefined constant scid - assumed 'scid' D:\wamp64\www\spectrum\public_html\Application\Runtime\Cache\Home\2a94b8bda04ff446dcedd42276fc99ee.php 第 136 行.
NOTIC: [8] Use of undefined constant scid - assumed 'scid' D:\wamp64\www\spectrum\public_html\Application\Runtime\Cache\Home\2a94b8bda04ff446dcedd42276fc99ee.php 第 136 行.
NOTIC: [8] Use of undefined constant scid - assumed 'scid' D:\wamp64\www\spectrum\public_html\Application\Runtime\Cache\Home\2a94b8bda04ff446dcedd42276fc99ee.php 第 136 行.
NOTIC: [8] Use of undefined constant scid - assumed 'scid' D:\wamp64\www\spectrum\public_html\Application\Runtime\Cache\Home\2a94b8bda04ff446dcedd42276fc99ee.php 第 136 行.
NOTIC: [8] Use of undefined constant scid - assumed 'scid' D:\wamp64\www\spectrum\public_html\Application\Runtime\Cache\Home\2a94b8bda04ff446dcedd42276fc99ee.php 第 136 行.
NOTIC: [8] Use of undefined constant scid - assumed 'scid' D:\wamp64\www\spectrum\public_html\Application\Runtime\Cache\Home\2a94b8bda04ff446dcedd42276fc99ee.php 第 136 行.
NOTIC: [8] Use of undefined constant scid - assumed 'scid' D:\wamp64\www\spectrum\public_html\Application\Runtime\Cache\Home\2a94b8bda04ff446dcedd42276fc99ee.php 第 136 行.
NOTIC: [8] Use of undefined constant scid - assumed 'scid' D:\wamp64\www\spectrum\public_html\Application\Runtime\Cache\Home\2a94b8bda04ff446dcedd42276fc99ee.php 第 136 行.
NOTIC: [8] Use of undefined constant scid - assumed 'scid' D:\wamp64\www\spectrum\public_html\Application\Runtime\Cache\Home\2a94b8bda04ff446dcedd42276fc99ee.php 第 136 行.
NOTIC: [8] Use of undefined constant scid - assumed 'scid' D:\wamp64\www\spectrum\public_html\Application\Runtime\Cache\Home\2a94b8bda04ff446dcedd42276fc99ee.php 第 136 行.
INFO: Run Behavior\ParseTemplateBehavior [ RunTime:0.017874s ]
INFO: [ view_parse ] --END-- [ RunTime:0.017987s ]
INFO: [ view_filter ] --START--
INFO: Run Behavior\WriteHtmlCacheBehavior [ RunTime:0.000490s ]
INFO: [ view_filter ] --END-- [ RunTime:0.000576s ]
INFO: [ app_end ] --START--
INFO: Run Behavior\ShowPageTraceBehavior [ RunTime:0.000866s ]
INFO: [ app_end ] --END-- [ RunTime:0.001011s ]

[ 2017-05-27T17:38:19+08:00 ] 127.0.0.1 /Home/Index/ajax_company?p=undefined
INFO: [ app_init ] --START--
INFO: Run Behavior\BuildLiteBehavior [ RunTime:0.000032s ]
INFO: [ app_init ] --END-- [ RunTime:0.000589s ]
INFO: [ app_begin ] --START--
INFO: Run Behavior\ReadHtmlCacheBehavior [ RunTime:0.000735s ]
INFO: [ app_begin ] --END-- [ RunTime:0.000869s ]
SQL: SHOW COLUMNS FROM `yd_navigation` [ RunTime:0.0008s ]
SQL: SELECT * FROM `yd_navigation` WHERE `is_show` = 1 AND `pid` = 0  [ RunTime:0.0006s ]
SQL: SHOW COLUMNS FROM `yd_system` [ RunTime:0.0010s ]
SQL: SELECT * FROM `yd_system` LIMIT 1   [ RunTime:0.0005s ]
SQL: SHOW COLUMNS FROM `yd_company_info` [ RunTime:0.0009s ]
SQL: SELECT * FROM `yd_company_info` WHERE `com_is_rec` = 1 AND `com_status` = 1 LIMIT 0,8   [ RunTime:0.0007s ]
SQL: SHOW COLUMNS FROM `yd_image` [ RunTime:0.0013s ]
SQL: SELECT `img_id` FROM `yd_image` WHERE `img_storeid` = 606 LIMIT 1   [ RunTime:0.0019s ]
SQL: SELECT `img_id` FROM `yd_image` WHERE `img_storeid` = 607 LIMIT 1   [ RunTime:0.0005s ]
SQL: SELECT `img_id` FROM `yd_image` WHERE `img_storeid` = 622 LIMIT 1   [ RunTime:0.0006s ]
SQL: SELECT `img_id` FROM `yd_image` WHERE `img_storeid` = 617 LIMIT 1   [ RunTime:0.0006s ]
ERR: 模板不存在:./Application/Home/View/Index/ajax_company.html

[ 2017-05-27T17:38:36+08:00 ] 127.0.0.1 /Home
INFO: [ app_init ] --START--
INFO: Run Behavior\BuildLiteBehavior [ RunTime:0.000020s ]
INFO: [ app_init ] --END-- [ RunTime:0.000401s ]
INFO: [ app_begin ] --START--
INFO: Run Behavior\ReadHtmlCacheBehavior [ RunTime:0.000747s ]
INFO: [ app_begin ] --END-- [ RunTime:0.000876s ]
SQL: SHOW COLUMNS FROM `yd_navigation` [ RunTime:0.0006s ]
SQL: SELECT * FROM `yd_navigation` WHERE `is_show` = 1 AND `pid` = 0  [ RunTime:0.0004s ]
SQL: SHOW COLUMNS FROM `yd_system` [ RunTime:0.0005s ]
SQL: SELECT * FROM `yd_system` LIMIT 1   [ RunTime:0.0003s ]
SQL: SELECT * FROM `yd_navigation` WHERE `is_show` = 1 AND `pid` = 0  [ RunTime:0.0004s ]
SQL: SHOW COLUMNS FROM `yd_shuffling` [ RunTime:0.0005s ]
SQL: SELECT * FROM `yd_shuffling` WHERE `is_show` = 1 AND `pid` = 1  [ RunTime:0.0003s ]
SQL: SELECT * FROM `yd_shuffling` WHERE `is_show` = 1 AND `pid` = 6  [ RunTime:0.0003s ]
INFO: [ view_parse ] --START--
INFO: [ template_filter ] --START--
INFO: Run Behavior\ContentReplaceBehavior [ RunTime:0.000107s ]
INFO: [ template_filter ] --END-- [ RunTime:0.000200s ]
NOTIC: [8] Use of undefined constant img - assumed 'img' D:\wamp64\www\spectrum\public_html\Application\Runtime\Cache\Home\2a94b8bda04ff446dcedd42276fc99ee.php 第 80 行.
NOTIC: [8] Use of undefined constant img - assumed 'img' D:\wamp64\www\spectrum\public_html\Application\Runtime\Cache\Home\2a94b8bda04ff446dcedd42276fc99ee.php 第 80 行.
NOTIC: [8] Undefined variable: company D:\wamp64\www\spectrum\public_html\Application\Runtime\Cache\Home\2a94b8bda04ff446dcedd42276fc99ee.php 第 99 行.
NOTIC: [8] Undefined variable: company D:\wamp64\www\spectrum\public_html\Application\Runtime\Cache\Home\2a94b8bda04ff446dcedd42276fc99ee.php 第 113 行.
NOTIC: [8] Use of undefined constant scid - assumed 'scid' D:\wamp64\www\spectrum\public_html\Application\Runtime\Cache\Home\2a94b8bda04ff446dcedd42276fc99ee.php 第 136 行.
NOTIC: [8] Use of undefined constant scid - assumed 'scid' D:\wamp64\www\spectrum\public_html\Application\Runtime\Cache\Home\2a94b8bda04ff446dcedd42276fc99ee.php 第 136 行.
NOTIC: [8] Use of undefined constant scid - assumed 'scid' D:\wamp64\www\spectrum\public_html\Application\Runtime\Cache\Home\2a94b8bda04ff446dcedd42276fc99ee.php 第 136 行.
NOTIC: [8] Use of undefined constant scid - assumed 'scid' D:\wamp64\www\spectrum\public_html\Application\Runtime\Cache\Home\2a94b8bda04ff446dcedd42276fc99ee.php 第 136 行.
NOTIC: [8] Use of undefined constant scid - assumed 'scid' D:\wamp64\www\spectrum\public_html\Application\Runtime\Cache\Home\2a94b8bda04ff446dcedd42276fc99ee.php 第 136 行.
NOTIC: [8] Use of undefined constant scid - assumed 'scid' D:\wamp64\www\spectrum\public_html\Application\Runtime\Cache\Home\2a94b8bda04ff446dcedd42276fc99ee.php 第 136 行.
NOTIC: [8] Use of undefined constant scid - assumed 'scid' D:\wamp64\www\spectrum\public_html\Application\Runtime\Cache\Home\2a94b8bda04ff446dcedd42276fc99ee.php 第 136 行.
NOTIC: [8] Use of undefined constant scid - assumed 'scid' D:\wamp64\www\spectrum\public_html\Application\Runtime\Cache\Home\2a94b8bda04ff446dcedd42276fc99ee.php 第 136 行.
NOTIC: [8] Use of undefined constant scid - assumed 'scid' D:\wamp64\www\spectrum\public_html\Application\Runtime\Cache\Home\2a94b8bda04ff446dcedd42276fc99ee.php 第 136 行.
NOTIC: [8] Use of undefined constant scid - assumed 'scid' D:\wamp64\www\spectrum\public_html\Application\Runtime\Cache\Home\2a94b8bda04ff446dcedd42276fc99ee.php 第 136 行.
NOTIC: [8] Use of undefined constant scid - assumed 'scid' D:\wamp64\www\spectrum\public_html\Application\Runtime\Cache\Home\2a94b8bda04ff446dcedd42276fc99ee.php 第 136 行.
NOTIC: [8] Use of undefined constant scid - assumed 'scid' D:\wamp64\www\spectrum\public_html\Application\Runtime\Cache\Home\2a94b8bda04ff446dcedd42276fc99ee.php 第 136 行.
NOTIC: [8] Use of undefined constant scid - assumed 'scid' D:\wamp64\www\spectrum\public_html\Application\Runtime\Cache\Home\2a94b8bda04ff446dcedd42276fc99ee.php 第 136 行.
NOTIC: [8] Use of undefined constant scid - assumed 'scid' D:\wamp64\www\spectrum\public_html\Application\Runtime\Cache\Home\2a94b8bda04ff446dcedd42276fc99ee.php 第 136 行.
NOTIC: [8] Use of undefined constant scid - assumed 'scid' D:\wamp64\www\spectrum\public_html\Application\Runtime\Cache\Home\2a94b8bda04ff446dcedd42276fc99ee.php 第 136 行.
NOTIC: [8] Use of undefined constant scid - assumed 'scid' D:\wamp64\www\spectrum\public_html\Application\Runtime\Cache\Home\2a94b8bda04ff446dcedd42276fc99ee.php 第 136 行.
INFO: Run Behavior\ParseTemplateBehavior [ RunTime:0.017668s ]
INFO: [ view_parse ] --END-- [ RunTime:0.017763s ]
INFO: [ view_filter ] --START--
INFO: Run Behavior\WriteHtmlCacheBehavior [ RunTime:0.000469s ]
INFO: [ view_filter ] --END-- [ RunTime:0.000556s ]
INFO: [ app_end ] --START--
INFO: Run Behavior\ShowPageTraceBehavior [ RunTime:0.000762s ]
INFO: [ app_end ] --END-- [ RunTime:0.000880s ]

[ 2017-05-27T17:38:36+08:00 ] 127.0.0.1 /Home/Index/ajax_company?p=undefined
INFO: [ app_init ] --START--
INFO: Run Behavior\BuildLiteBehavior [ RunTime:0.000035s ]
INFO: [ app_init ] --END-- [ RunTime:0.000656s ]
INFO: [ app_begin ] --START--
INFO: Run Behavior\ReadHtmlCacheBehavior [ RunTime:0.000838s ]
INFO: [ app_begin ] --END-- [ RunTime:0.000983s ]
SQL: SHOW COLUMNS FROM `yd_navigation` [ RunTime:0.0006s ]
SQL: SELECT * FROM `yd_navigation` WHERE `is_show` = 1 AND `pid` = 0  [ RunTime:0.0003s ]
SQL: SHOW COLUMNS FROM `yd_system` [ RunTime:0.0006s ]
SQL: SELECT * FROM `yd_system` LIMIT 1   [ RunTime:0.0005s ]
SQL: SHOW COLUMNS FROM `yd_company_info` [ RunTime:0.0010s ]
SQL: SELECT * FROM `yd_company_info` WHERE `com_is_rec` = 1 AND `com_status` = 1 LIMIT 0,8   [ RunTime:0.0019s ]
SQL: SHOW COLUMNS FROM `yd_image` [ RunTime:0.0009s ]
SQL: SELECT `img_id` FROM `yd_image` WHERE `img_storeid` = 606 LIMIT 1   [ RunTime:0.0004s ]
SQL: SELECT `img_id` FROM `yd_image` WHERE `img_storeid` = 607 LIMIT 1   [ RunTime:0.0002s ]
SQL: SELECT `img_id` FROM `yd_image` WHERE `img_storeid` = 622 LIMIT 1   [ RunTime:0.0004s ]
SQL: SELECT `img_id` FROM `yd_image` WHERE `img_storeid` = 617 LIMIT 1   [ RunTime:0.0013s ]
ERR: 模板不存在:./Application/Home/View/Index/ajax_company.html

[ 2017-05-27T17:38:47+08:00 ] 127.0.0.1 /Home/index/index
INFO: [ app_init ] --START--
INFO: Run Behavior\BuildLiteBehavior [ RunTime:0.000022s ]
INFO: [ app_init ] --END-- [ RunTime:0.000435s ]
INFO: [ app_begin ] --START--
INFO: Run Behavior\ReadHtmlCacheBehavior [ RunTime:0.000529s ]
INFO: [ app_begin ] --END-- [ RunTime:0.000635s ]
SQL: SHOW COLUMNS FROM `yd_navigation` [ RunTime:0.0005s ]
SQL: SELECT * FROM `yd_navigation` WHERE `is_show` = 1 AND `pid` = 0  [ RunTime:0.0003s ]
SQL: SHOW COLUMNS FROM `yd_system` [ RunTime:0.0005s ]
SQL: SELECT * FROM `yd_system` LIMIT 1   [ RunTime:0.0002s ]
SQL: SELECT * FROM `yd_navigation` WHERE `is_show` = 1 AND `pid` = 0  [ RunTime:0.0003s ]
SQL: SHOW COLUMNS FROM `yd_shuffling` [ RunTime:0.0005s ]
SQL: SELECT * FROM `yd_shuffling` WHERE `is_show` = 1 AND `pid` = 1  [ RunTime:0.0003s ]
SQL: SELECT * FROM `yd_shuffling` WHERE `is_show` = 1 AND `pid` = 6  [ RunTime:0.0002s ]
INFO: [ view_parse ] --START--
INFO: [ template_filter ] --START--
INFO: Run Behavior\ContentReplaceBehavior [ RunTime:0.000096s ]
INFO: [ template_filter ] --END-- [ RunTime:0.000192s ]
NOTIC: [8] Use of undefined constant img - assumed 'img' D:\wamp64\www\spectrum\public_html\Application\Runtime\Cache\Home\2a94b8bda04ff446dcedd42276fc99ee.php 第 80 行.
NOTIC: [8] Use of undefined constant img - assumed 'img' D:\wamp64\www\spectrum\public_html\Application\Runtime\Cache\Home\2a94b8bda04ff446dcedd42276fc99ee.php 第 80 行.
NOTIC: [8] Undefined variable: company D:\wamp64\www\spectrum\public_html\Application\Runtime\Cache\Home\2a94b8bda04ff446dcedd42276fc99ee.php 第 99 行.
NOTIC: [8] Undefined variable: company D:\wamp64\www\spectrum\public_html\Application\Runtime\Cache\Home\2a94b8bda04ff446dcedd42276fc99ee.php 第 113 行.
NOTIC: [8] Use of undefined constant scid - assumed 'scid' D:\wamp64\www\spectrum\public_html\Application\Runtime\Cache\Home\2a94b8bda04ff446dcedd42276fc99ee.php 第 136 行.
NOTIC: [8] Use of undefined constant scid - assumed 'scid' D:\wamp64\www\spectrum\public_html\Application\Runtime\Cache\Home\2a94b8bda04ff446dcedd42276fc99ee.php 第 136 行.
NOTIC: [8] Use of undefined constant scid - assumed 'scid' D:\wamp64\www\spectrum\public_html\Application\Runtime\Cache\Home\2a94b8bda04ff446dcedd42276fc99ee.php 第 136 行.
NOTIC: [8] Use of undefined constant scid - assumed 'scid' D:\wamp64\www\spectrum\public_html\Application\Runtime\Cache\Home\2a94b8bda04ff446dcedd42276fc99ee.php 第 136 行.
NOTIC: [8] Use of undefined constant scid - assumed 'scid' D:\wamp64\www\spectrum\public_html\Application\Runtime\Cache\Home\2a94b8bda04ff446dcedd42276fc99ee.php 第 136 行.
NOTIC: [8] Use of undefined constant scid - assumed 'scid' D:\wamp64\www\spectrum\public_html\Application\Runtime\Cache\Home\2a94b8bda04ff446dcedd42276fc99ee.php 第 136 行.
NOTIC: [8] Use of undefined constant scid - assumed 'scid' D:\wamp64\www\spectrum\public_html\Application\Runtime\Cache\Home\2a94b8bda04ff446dcedd42276fc99ee.php 第 136 行.
NOTIC: [8] Use of undefined constant scid - assumed 'scid' D:\wamp64\www\spectrum\public_html\Application\Runtime\Cache\Home\2a94b8bda04ff446dcedd42276fc99ee.php 第 136 行.
NOTIC: [8] Use of undefined constant scid - assumed 'scid' D:\wamp64\www\spectrum\public_html\Application\Runtime\Cache\Home\2a94b8bda04ff446dcedd42276fc99ee.php 第 136 行.
NOTIC: [8] Use of undefined constant scid - assumed 'scid' D:\wamp64\www\spectrum\public_html\Application\Runtime\Cache\Home\2a94b8bda04ff446dcedd42276fc99ee.php 第 136 行.
NOTIC: [8] Use of undefined constant scid - assumed 'scid' D:\wamp64\www\spectrum\public_html\Application\Runtime\Cache\Home\2a94b8bda04ff446dcedd42276fc99ee.php 第 136 行.
NOTIC: [8] Use of undefined constant scid - assumed 'scid' D:\wamp64\www\spectrum\public_html\Application\Runtime\Cache\Home\2a94b8bda04ff446dcedd42276fc99ee.php 第 136 行.
NOTIC: [8] Use of undefined constant scid - assumed 'scid' D:\wamp64\www\spectrum\public_html\Application\Runtime\Cache\Home\2a94b8bda04ff446dcedd42276fc99ee.php 第 136 行.
NOTIC: [8] Use of undefined constant scid - assumed 'scid' D:\wamp64\www\spectrum\public_html\Application\Runtime\Cache\Home\2a94b8bda04ff446dcedd42276fc99ee.php 第 136 行.
NOTIC: [8] Use of undefined constant scid - assumed 'scid' D:\wamp64\www\spectrum\public_html\Application\Runtime\Cache\Home\2a94b8bda04ff446dcedd42276fc99ee.php 第 136 行.
NOTIC: [8] Use of undefined constant scid - assumed 'scid' D:\wamp64\www\spectrum\public_html\Application\Runtime\Cache\Home\2a94b8bda04ff446dcedd42276fc99ee.php 第 136 行.
INFO: Run Behavior\ParseTemplateBehavior [ RunTime:0.017442s ]
INFO: [ view_parse ] --END-- [ RunTime:0.017537s ]
INFO: [ view_filter ] --START--
INFO: Run Behavior\WriteHtmlCacheBehavior [ RunTime:0.000426s ]
INFO: [ view_filter ] --END-- [ RunTime:0.000509s ]
INFO: [ app_end ] --START--
INFO: Run Behavior\ShowPageTraceBehavior [ RunTime:0.000657s ]
INFO: [ app_end ] --END-- [ RunTime:0.000779s ]

[ 2017-05-27T17:38:47+08:00 ] 127.0.0.1 /Home/Index/ajax_company?p=undefined
INFO: [ app_init ] --START--
INFO: Run Behavior\BuildLiteBehavior [ RunTime:0.000050s ]
INFO: [ app_init ] --END-- [ RunTime:0.000678s ]
INFO: [ app_begin ] --START--
INFO: Run Behavior\ReadHtmlCacheBehavior [ RunTime:0.001339s ]
INFO: [ app_begin ] --END-- [ RunTime:0.001494s ]
SQL: SHOW COLUMNS FROM `yd_navigation` [ RunTime:0.0008s ]
SQL: SELECT * FROM `yd_navigation` WHERE `is_show` = 1 AND `pid` = 0  [ RunTime:0.0011s ]
SQL: SHOW COLUMNS FROM `yd_system` [ RunTime:0.0007s ]
SQL: SELECT * FROM `yd_system` LIMIT 1   [ RunTime:0.0003s ]
SQL: SHOW COLUMNS FROM `yd_company_info` [ RunTime:0.0015s ]
SQL: SELECT * FROM `yd_company_info` WHERE `com_is_rec` = 1 AND `com_status` = 1 LIMIT 0,8   [ RunTime:0.0005s ]
SQL: SHOW COLUMNS FROM `yd_image` [ RunTime:0.0006s ]
SQL: SELECT `img_id` FROM `yd_image` WHERE `img_storeid` = 606 LIMIT 1   [ RunTime:0.0003s ]
SQL: SELECT `img_id` FROM `yd_image` WHERE `img_storeid` = 607 LIMIT 1   [ RunTime:0.0002s ]
SQL: SELECT `img_id` FROM `yd_image` WHERE `img_storeid` = 622 LIMIT 1   [ RunTime:0.0002s ]
SQL: SELECT `img_id` FROM `yd_image` WHERE `img_storeid` = 617 LIMIT 1   [ RunTime:0.0002s ]
ERR: 模板不存在:./Application/Home/View/Index/ajax_company.html

[ 2017-05-27T17:38:59+08:00 ] 127.0.0.1 /Home/Index/ajax_company?p=1
INFO: [ app_init ] --START--
INFO: Run Behavior\BuildLiteBehavior [ RunTime:0.000018s ]
INFO: [ app_init ] --END-- [ RunTime:0.000494s ]
INFO: [ app_begin ] --START--
INFO: Run Behavior\ReadHtmlCacheBehavior [ RunTime:0.000611s ]
INFO: [ app_begin ] --END-- [ RunTime:0.000683s ]
SQL: SHOW COLUMNS FROM `yd_navigation` [ RunTime:0.0005s ]
SQL: SELECT * FROM `yd_navigation` WHERE `is_show` = 1 AND `pid` = 0  [ RunTime:0.0003s ]
SQL: SHOW COLUMNS FROM `yd_system` [ RunTime:0.0005s ]
SQL: SELECT * FROM `yd_system` LIMIT 1   [ RunTime:0.0003s ]
SQL: SHOW COLUMNS FROM `yd_company_info` [ RunTime:0.0006s ]
SQL: SELECT * FROM `yd_company_info` WHERE `com_is_rec` = 1 AND `com_status` = 1 LIMIT 0,8   [ RunTime:0.0004s ]
SQL: SHOW COLUMNS FROM `yd_image` [ RunTime:0.0005s ]
SQL: SELECT `img_id` FROM `yd_image` WHERE `img_storeid` = 606 LIMIT 1   [ RunTime:0.0003s ]
SQL: SELECT `img_id` FROM `yd_image` WHERE `img_storeid` = 607 LIMIT 1   [ RunTime:0.0003s ]
SQL: SELECT `img_id` FROM `yd_image` WHERE `img_storeid` = 622 LIMIT 1   [ RunTime:0.0003s ]
SQL: SELECT `img_id` FROM `yd_image` WHERE `img_storeid` = 617 LIMIT 1   [ RunTime:0.0003s ]
ERR: 模板不存在:./Application/Home/View/Index/ajax_company.html

[ 2017-05-27T17:39:08+08:00 ] 127.0.0.1 /index.php/Home/CompanyInfo/lists/scid/414.html
INFO: [ app_init ] --START--
INFO: Run Behavior\BuildLiteBehavior [ RunTime:0.000020s ]
INFO: [ app_init ] --END-- [ RunTime:0.000507s ]
INFO: [ app_begin ] --START--
INFO: Run Behavior\ReadHtmlCacheBehavior [ RunTime:0.000616s ]
INFO: [ app_begin ] --END-- [ RunTime:0.000701s ]
SQL: SHOW COLUMNS FROM `yd_navigation` [ RunTime:0.0005s ]
SQL: SELECT * FROM `yd_navigation` WHERE `is_show` = 1 AND `pid` = 0  [ RunTime:0.0003s ]
SQL: SHOW COLUMNS FROM `yd_system` [ RunTime:0.0006s ]
SQL: SELECT * FROM `yd_system` LIMIT 1   [ RunTime:0.0003s ]
SQL: SHOW COLUMNS FROM `yd_company_info` [ RunTime:0.0013s ]
SQL: SELECT * FROM `yd_company_info` WHERE `com_scid` = 414 AND `com_status` = 1 ORDER BY com_id desc LIMIT 5   [ RunTime:0.0004s ]
SQL: SELECT COUNT(*) AS tp_count FROM `yd_company_info` WHERE `com_scid` = 414 AND `com_status` = 1 LIMIT 1   [ RunTime:0.0004s ]
SQL: SELECT * FROM `yd_company_info` WHERE `com_scid` = 414 AND `com_status` = 1 ORDER BY com_id desc LIMIT 0,10   [ RunTime:0.0013s ]
INFO: [ view_parse ] --START--
INFO: [ template_filter ] --START--
INFO: Run Behavior\ContentReplaceBehavior [ RunTime:0.000087s ]
INFO: [ template_filter ] --END-- [ RunTime:0.000175s ]
INFO: Run Behavior\ParseTemplateBehavior [ RunTime:0.023222s ]
INFO: [ view_parse ] --END-- [ RunTime:0.023322s ]
INFO: [ view_filter ] --START--
INFO: Run Behavior\WriteHtmlCacheBehavior [ RunTime:0.000505s ]
INFO: [ view_filter ] --END-- [ RunTime:0.000584s ]
INFO: [ app_end ] --START--
INFO: Run Behavior\ShowPageTraceBehavior [ RunTime:0.000660s ]
INFO: [ app_end ] --END-- [ RunTime:0.000756s ]

[ 2017-05-27T17:39:12+08:00 ] 127.0.0.1 /index.php/Home/CompanyInfo/lists/scid/414.html
INFO: [ app_init ] --START--
INFO: Run Behavior\BuildLiteBehavior [ RunTime:0.000019s ]
INFO: [ app_init ] --END-- [ RunTime:0.000490s ]
INFO: [ app_begin ] --START--
INFO: Run Behavior\ReadHtmlCacheBehavior [ RunTime:0.000616s ]
INFO: [ app_begin ] --END-- [ RunTime:0.000703s ]
SQL: SHOW COLUMNS FROM `yd_navigation` [ RunTime:0.0005s ]
SQL: SELECT * FROM `yd_navigation` WHERE `is_show` = 1 AND `pid` = 0  [ RunTime:0.0004s ]
SQL: SHOW COLUMNS FROM `yd_system` [ RunTime:0.0006s ]
SQL: SELECT * FROM `yd_system` LIMIT 1   [ RunTime:0.0004s ]
SQL: SHOW COLUMNS FROM `yd_company_info` [ RunTime:0.0006s ]
SQL: SELECT * FROM `yd_company_info` WHERE `com_scid` = 414 AND `com_status` = 1 ORDER BY com_id desc LIMIT 5   [ RunTime:0.0004s ]
SQL: SELECT COUNT(*) AS tp_count FROM `yd_company_info` WHERE `com_scid` = 414 AND `com_status` = 1 LIMIT 1   [ RunTime:0.0003s ]
SQL: SELECT * FROM `yd_company_info` WHERE `com_scid` = 414 AND `com_status` = 1 ORDER BY com_id desc LIMIT 0,10   [ RunTime:0.0003s ]
INFO: [ view_parse ] --START--
INFO: [ template_filter ] --START--
INFO: Run Behavior\ContentReplaceBehavior [ RunTime:0.000087s ]
INFO: [ template_filter ] --END-- [ RunTime:0.000176s ]
INFO: Run Behavior\ParseTemplateBehavior [ RunTime:0.012792s ]
INFO: [ view_parse ] --END-- [ RunTime:0.012886s ]
INFO: [ view_filter ] --START--
INFO: Run Behavior\WriteHtmlCacheBehavior [ RunTime:0.000433s ]
INFO: [ view_filter ] --END-- [ RunTime:0.000509s ]
INFO: [ app_end ] --START--
INFO: Run Behavior\ShowPageTraceBehavior [ RunTime:0.000568s ]
INFO: [ app_end ] --END-- [ RunTime:0.000670s ]

[ 2017-05-27T17:39:13+08:00 ] 127.0.0.1 /index.php/Home/CompanyInfo/lists/scid/414.html
INFO: [ app_init ] --START--
INFO: Run Behavior\BuildLiteBehavior [ RunTime:0.000019s ]
INFO: [ app_init ] --END-- [ RunTime:0.000491s ]
INFO: [ app_begin ] --START--
INFO: Run Behavior\ReadHtmlCacheBehavior [ RunTime:0.001137s ]
INFO: [ app_begin ] --END-- [ RunTime:0.001293s ]
SQL: SHOW COLUMNS FROM `yd_navigation` [ RunTime:0.0005s ]
SQL: SELECT * FROM `yd_navigation` WHERE `is_show` = 1 AND `pid` = 0  [ RunTime:0.0003s ]
SQL: SHOW COLUMNS FROM `yd_system` [ RunTime:0.0005s ]
SQL: SELECT * FROM `yd_system` LIMIT 1   [ RunTime:0.0003s ]
SQL: SHOW COLUMNS FROM `yd_company_info` [ RunTime:0.0007s ]
SQL: SELECT * FROM `yd_company_info` WHERE `com_scid` = 414 AND `com_status` = 1 ORDER BY com_id desc LIMIT 5   [ RunTime:0.0006s ]
SQL: SELECT COUNT(*) AS tp_count FROM `yd_company_info` WHERE `com_scid` = 414 AND `com_status` = 1 LIMIT 1   [ RunTime:0.0003s ]
SQL: SELECT * FROM `yd_company_info` WHERE `com_scid` = 414 AND `com_status` = 1 ORDER BY com_id desc LIMIT 0,10   [ RunTime:0.0006s ]
INFO: [ view_parse ] --START--
INFO: [ template_filter ] --START--
INFO: Run Behavior\ContentReplaceBehavior [ RunTime:0.000086s ]
INFO: [ template_filter ] --END-- [ RunTime:0.000175s ]
INFO: Run Behavior\ParseTemplateBehavior [ RunTime:0.012494s ]
INFO: [ view_parse ] --END-- [ RunTime:0.012595s ]
INFO: [ view_filter ] --START--
INFO: Run Behavior\WriteHtmlCacheBehavior [ RunTime:0.000521s ]
INFO: [ view_filter ] --END-- [ RunTime:0.000606s ]
INFO: [ app_end ] --START--
INFO: Run Behavior\ShowPageTraceBehavior [ RunTime:0.000609s ]
INFO: [ app_end ] --END-- [ RunTime:0.000731s ]

[ 2017-05-27T17:39:13+08:00 ] 127.0.0.1 /index.php/Home/CompanyInfo/lists/scid/414.html
INFO: [ app_init ] --START--
INFO: Run Behavior\BuildLiteBehavior [ RunTime:0.000018s ]
INFO: [ app_init ] --END-- [ RunTime:0.000488s ]
INFO: [ app_begin ] --START--
INFO: Run Behavior\ReadHtmlCacheBehavior [ RunTime:0.000629s ]
INFO: [ app_begin ] --END-- [ RunTime:0.000785s ]
SQL: SHOW COLUMNS FROM `yd_navigation` [ RunTime:0.0005s ]
SQL: SELECT * FROM `yd_navigation` WHERE `is_show` = 1 AND `pid` = 0  [ RunTime:0.0003s ]
SQL: SHOW COLUMNS FROM `yd_system` [ RunTime:0.0005s ]
SQL: SELECT * FROM `yd_system` LIMIT 1   [ RunTime:0.0002s ]
SQL: SHOW COLUMNS FROM `yd_company_info` [ RunTime:0.0005s ]
SQL: SELECT * FROM `yd_company_info` WHERE `com_scid` = 414 AND `com_status` = 1 ORDER BY com_id desc LIMIT 5   [ RunTime:0.0004s ]
SQL: SELECT COUNT(*) AS tp_count FROM `yd_company_info` WHERE `com_scid` = 414 AND `com_status` = 1 LIMIT 1   [ RunTime:0.0006s ]
SQL: SELECT * FROM `yd_company_info` WHERE `com_scid` = 414 AND `com_status` = 1 ORDER BY com_id desc LIMIT 0,10   [ RunTime:0.0005s ]
INFO: [ view_parse ] --START--
INFO: [ template_filter ] --START--
INFO: Run Behavior\ContentReplaceBehavior [ RunTime:0.000082s ]
INFO: [ template_filter ] --END-- [ RunTime:0.000167s ]
INFO: Run Behavior\ParseTemplateBehavior [ RunTime:0.012199s ]
INFO: [ view_parse ] --END-- [ RunTime:0.012293s ]
INFO: [ view_filter ] --START--
INFO: Run Behavior\WriteHtmlCacheBehavior [ RunTime:0.000494s ]
INFO: [ view_filter ] --END-- [ RunTime:0.000572s ]
INFO: [ app_end ] --START--
INFO: Run Behavior\ShowPageTraceBehavior [ RunTime:0.001021s ]
INFO: [ app_end ] --END-- [ RunTime:0.001224s ]

[ 2017-05-27T17:39:14+08:00 ] 127.0.0.1 /index.php/Home/CompanyInfo/lists/scid/414.html
INFO: [ app_init ] --START--
INFO: Run Behavior\BuildLiteBehavior [ RunTime:0.000019s ]
INFO: [ app_init ] --END-- [ RunTime:0.000489s ]
INFO: [ app_begin ] --START--
INFO: Run Behavior\ReadHtmlCacheBehavior [ RunTime:0.000607s ]
INFO: [ app_begin ] --END-- [ RunTime:0.000695s ]
SQL: SHOW COLUMNS FROM `yd_navigation` [ RunTime:0.0005s ]
SQL: SELECT * FROM `yd_navigation` WHERE `is_show` = 1 AND `pid` = 0  [ RunTime:0.0004s ]
SQL: SHOW COLUMNS FROM `yd_system` [ RunTime:0.0005s ]
SQL: SELECT * FROM `yd_system` LIMIT 1   [ RunTime:0.0003s ]
SQL: SHOW COLUMNS FROM `yd_company_info` [ RunTime:0.0006s ]
SQL: SELECT * FROM `yd_company_info` WHERE `com_scid` = 414 AND `com_status` = 1 ORDER BY com_id desc LIMIT 5   [ RunTime:0.0004s ]
SQL: SELECT COUNT(*) AS tp_count FROM `yd_company_info` WHERE `com_scid` = 414 AND `com_status` = 1 LIMIT 1   [ RunTime:0.0003s ]
SQL: SELECT * FROM `yd_company_info` WHERE `com_scid` = 414 AND `com_status` = 1 ORDER BY com_id desc LIMIT 0,10   [ RunTime:0.0004s ]
INFO: [ view_parse ] --START--
INFO: [ template_filter ] --START--
INFO: Run Behavior\ContentReplaceBehavior [ RunTime:0.000086s ]
INFO: [ template_filter ] --END-- [ RunTime:0.000173s ]
INFO: Run Behavior\ParseTemplateBehavior [ RunTime:0.012239s ]
INFO: [ view_parse ] --END-- [ RunTime:0.012335s ]
INFO: [ view_filter ] --START--
INFO: Run Behavior\WriteHtmlCacheBehavior [ RunTime:0.000613s ]
INFO: [ view_filter ] --END-- [ RunTime:0.000741s ]
INFO: [ app_end ] --START--
INFO: Run Behavior\ShowPageTraceBehavior [ RunTime:0.000653s ]
INFO: [ app_end ] --END-- [ RunTime:0.000759s ]

[ 2017-05-27T17:39:14+08:00 ] 127.0.0.1 /index.php/Home/CompanyInfo/lists/scid/414.html
INFO: [ app_init ] --START--
INFO: Run Behavior\BuildLiteBehavior [ RunTime:0.000018s ]
INFO: [ app_init ] --END-- [ RunTime:0.000489s ]
INFO: [ app_begin ] --START--
INFO: Run Behavior\ReadHtmlCacheBehavior [ RunTime:0.000545s ]
INFO: [ app_begin ] --END-- [ RunTime:0.000630s ]
SQL: SHOW COLUMNS FROM `yd_navigation` [ RunTime:0.0005s ]
SQL: SELECT * FROM `yd_navigation` WHERE `is_show` = 1 AND `pid` = 0  [ RunTime:0.0004s ]
SQL: SHOW COLUMNS FROM `yd_system` [ RunTime:0.0005s ]
SQL: SELECT * FROM `yd_system` LIMIT 1   [ RunTime:0.0002s ]
SQL: SHOW COLUMNS FROM `yd_company_info` [ RunTime:0.0006s ]
SQL: SELECT * FROM `yd_company_info` WHERE `com_scid` = 414 AND `com_status` = 1 ORDER BY com_id desc LIMIT 5   [ RunTime:0.0003s ]
SQL: SELECT COUNT(*) AS tp_count FROM `yd_company_info` WHERE `com_scid` = 414 AND `com_status` = 1 LIMIT 1   [ RunTime:0.0003s ]
SQL: SELECT * FROM `yd_company_info` WHERE `com_scid` = 414 AND `com_status` = 1 ORDER BY com_id desc LIMIT 0,10   [ RunTime:0.0003s ]
INFO: [ view_parse ] --START--
INFO: [ template_filter ] --START--
INFO: Run Behavior\ContentReplaceBehavior [ RunTime:0.000086s ]
INFO: [ template_filter ] --END-- [ RunTime:0.000178s ]
INFO: Run Behavior\ParseTemplateBehavior [ RunTime:0.012677s ]
INFO: [ view_parse ] --END-- [ RunTime:0.012770s ]
INFO: [ view_filter ] --START--
INFO: Run Behavior\WriteHtmlCacheBehavior [ RunTime:0.000518s ]
INFO: [ view_filter ] --END-- [ RunTime:0.000597s ]
INFO: [ app_end ] --START--
INFO: Run Behavior\ShowPageTraceBehavior [ RunTime:0.000603s ]
INFO: [ app_end ] --END-- [ RunTime:0.000695s ]

[ 2017-05-27T17:39:15+08:00 ] 127.0.0.1 /index.php/Home/CompanyInfo/lists/scid/414.html
INFO: [ app_init ] --START--
INFO: Run Behavior\BuildLiteBehavior [ RunTime:0.000018s ]
INFO: [ app_init ] --END-- [ RunTime:0.000491s ]
INFO: [ app_begin ] --START--
INFO: Run Behavior\ReadHtmlCacheBehavior [ RunTime:0.000605s ]
INFO: [ app_begin ] --END-- [ RunTime:0.000691s ]
SQL: SHOW COLUMNS FROM `yd_navigation` [ RunTime:0.0005s ]
SQL: SELECT * FROM `yd_navigation` WHERE `is_show` = 1 AND `pid` = 0  [ RunTime:0.0003s ]
SQL: SHOW COLUMNS FROM `yd_system` [ RunTime:0.0005s ]
SQL: SELECT * FROM `yd_system` LIMIT 1   [ RunTime:0.0003s ]
SQL: SHOW COLUMNS FROM `yd_company_info` [ RunTime:0.0006s ]
SQL: SELECT * FROM `yd_company_info` WHERE `com_scid` = 414 AND `com_status` = 1 ORDER BY com_id desc LIMIT 5   [ RunTime:0.0004s ]
SQL: SELECT COUNT(*) AS tp_count FROM `yd_company_info` WHERE `com_scid` = 414 AND `com_status` = 1 LIMIT 1   [ RunTime:0.0003s ]
SQL: SELECT * FROM `yd_company_info` WHERE `com_scid` = 414 AND `com_status` = 1 ORDER BY com_id desc LIMIT 0,10   [ RunTime:0.0004s ]
INFO: [ view_parse ] --START--
INFO: [ template_filter ] --START--
INFO: Run Behavior\ContentReplaceBehavior [ RunTime:0.000083s ]
INFO: [ template_filter ] --END-- [ RunTime:0.000171s ]
INFO: Run Behavior\ParseTemplateBehavior [ RunTime:0.012837s ]
INFO: [ view_parse ] --END-- [ RunTime:0.012930s ]
INFO: [ view_filter ] --START--
INFO: Run Behavior\WriteHtmlCacheBehavior [ RunTime:0.000498s ]
INFO: [ view_filter ] --END-- [ RunTime:0.000576s ]
INFO: [ app_end ] --START--
INFO: Run Behavior\ShowPageTraceBehavior [ RunTime:0.000584s ]
INFO: [ app_end ] --END-- [ RunTime:0.000681s ]

[ 2017-05-27T17:39:15+08:00 ] 127.0.0.1 /index.php/Home/CompanyInfo/lists/scid/414.html
INFO: [ app_init ] --START--
INFO: Run Behavior\BuildLiteBehavior [ RunTime:0.000019s ]
INFO: [ app_init ] --END-- [ RunTime:0.000489s ]
INFO: [ app_begin ] --START--
INFO: Run Behavior\ReadHtmlCacheBehavior [ RunTime:0.000604s ]
INFO: [ app_begin ] --END-- [ RunTime:0.000692s ]
SQL: SHOW COLUMNS FROM `yd_navigation` [ RunTime:0.0005s ]
SQL: SELECT * FROM `yd_navigation` WHERE `is_show` = 1 AND `pid` = 0  [ RunTime:0.0003s ]
SQL: SHOW COLUMNS FROM `yd_system` [ RunTime:0.0005s ]
SQL: SELECT * FROM `yd_system` LIMIT 1   [ RunTime:0.0003s ]
SQL: SHOW COLUMNS FROM `yd_company_info` [ RunTime:0.0006s ]
SQL: SELECT * FROM `yd_company_info` WHERE `com_scid` = 414 AND `com_status` = 1 ORDER BY com_id desc LIMIT 5   [ RunTime:0.0005s ]
SQL: SELECT COUNT(*) AS tp_count FROM `yd_company_info` WHERE `com_scid` = 414 AND `com_status` = 1 LIMIT 1   [ RunTime:0.0005s ]
SQL: SELECT * FROM `yd_company_info` WHERE `com_scid` = 414 AND `com_status` = 1 ORDER BY com_id desc LIMIT 0,10   [ RunTime:0.0004s ]
INFO: [ view_parse ] --START--
INFO: [ template_filter ] --START--
INFO: Run Behavior\ContentReplaceBehavior [ RunTime:0.000081s ]
INFO: [ template_filter ] --END-- [ RunTime:0.000168s ]
INFO: Run Behavior\ParseTemplateBehavior [ RunTime:0.012686s ]
INFO: [ view_parse ] --END-- [ RunTime:0.012782s ]
INFO: [ view_filter ] --START--
INFO: Run Behavior\WriteHtmlCacheBehavior [ RunTime:0.000496s ]
INFO: [ view_filter ] --END-- [ RunTime:0.000574s ]
INFO: [ app_end ] --START--
INFO: Run Behavior\ShowPageTraceBehavior [ RunTime:0.000620s ]
INFO: [ app_end ] --END-- [ RunTime:0.000733s ]

