[ 2017-05-13T05:34:20+08:00 ] 140.205.201.39 /citrfwbqulos
INFO: [ app_init ] --START--
INFO: Run Behavior\BuildLiteBehavior [ RunTime:0.000012s ]
INFO: [ app_init ] --END-- [ RunTime:0.000406s ]
INFO: [ app_begin ] --START--
INFO: Run Behavior\ReadHtmlCacheBehavior [ RunTime:0.000443s ]
INFO: [ app_begin ] --END-- [ RunTime:0.000490s ]
ERR: 无法加载控制器:Citrfwbqulos

[ 2017-05-13T05:34:20+08:00 ] 140.205.201.39 /citrfwbqulos
INFO: [ app_init ] --START--
INFO: Run Behavior\BuildLiteBehavior [ RunTime:0.000013s ]
INFO: [ app_init ] --END-- [ RunTime:0.000364s ]
INFO: [ app_begin ] --START--
INFO: Run Behavior\ReadHtmlCacheBehavior [ RunTime:0.000473s ]
INFO: [ app_begin ] --END-- [ RunTime:0.000519s ]
ERR: 无法加载控制器:Citrfwbqulos

[ 2017-05-13T05:34:21+08:00 ] 140.205.201.39 /
INFO: [ app_init ] --START--
INFO: Run Behavior\BuildLiteBehavior [ RunTime:0.000012s ]
INFO: [ app_init ] --END-- [ RunTime:0.000367s ]
INFO: [ app_begin ] --START--
INFO: Run Behavior\ReadHtmlCacheBehavior [ RunTime:0.000446s ]
INFO: [ app_begin ] --END-- [ RunTime:0.000514s ]
SQL: SHOW COLUMNS FROM `yd_navigation` [ RunTime:0.0010s ]
SQL: SELECT * FROM `yd_navigation` WHERE `is_show` = 1 AND `pid` = 0  [ RunTime:0.0002s ]
SQL: SHOW COLUMNS FROM `yd_system` [ RunTime:0.0008s ]
SQL: SELECT * FROM `yd_system` LIMIT 1   [ RunTime:0.0001s ]
SQL: SHOW COLUMNS FROM `yd_company_info` [ RunTime:0.0009s ]
SQL: SELECT * FROM `yd_company_info` WHERE `com_is_rec` = 1 AND `com_status` = 1 LIMIT 60   [ RunTime:0.0002s ]
SQL: SHOW COLUMNS FROM `yd_image` [ RunTime:0.0008s ]
SQL: SELECT `img_id` FROM `yd_image` WHERE `img_storeid` = 606 LIMIT 1   [ RunTime:0.0001s ]
SQL: SELECT `img_id` FROM `yd_image` WHERE `img_storeid` = 622 LIMIT 1   [ RunTime:0.0001s ]
SQL: SELECT * FROM `yd_navigation` WHERE `is_show` = 1 AND `pid` = 0  [ RunTime:0.0001s ]
SQL: SHOW COLUMNS FROM `yd_shuffling` [ RunTime:0.0008s ]
SQL: SELECT * FROM `yd_shuffling` WHERE `is_show` = 1 AND `pid` = 1  [ RunTime:0.0001s ]
SQL: SELECT * FROM `yd_shuffling` WHERE `is_show` = 1 AND `pid` = 6  [ RunTime:0.0001s ]
INFO: [ view_parse ] --START--
INFO: [ template_filter ] --START--
INFO: Run Behavior\ContentReplaceBehavior [ RunTime:0.000056s ]
INFO: [ template_filter ] --END-- [ RunTime:0.000097s ]
NOTIC: [8] Use of undefined constant img - assumed 'img' /mnt/web/spectrum/public_html/Application/Runtime/Cache/Home/2a94b8bda04ff446dcedd42276fc99ee.php 第 66 行.
NOTIC: [8] Use of undefined constant img - assumed 'img' /mnt/web/spectrum/public_html/Application/Runtime/Cache/Home/2a94b8bda04ff446dcedd42276fc99ee.php 第 66 行.
NOTIC: [8] Use of undefined constant scid - assumed 'scid' /mnt/web/spectrum/public_html/Application/Runtime/Cache/Home/2a94b8bda04ff446dcedd42276fc99ee.php 第 107 行.
NOTIC: [8] Use of undefined constant scid - assumed 'scid' /mnt/web/spectrum/public_html/Application/Runtime/Cache/Home/2a94b8bda04ff446dcedd42276fc99ee.php 第 107 行.
NOTIC: [8] Use of undefined constant scid - assumed 'scid' /mnt/web/spectrum/public_html/Application/Runtime/Cache/Home/2a94b8bda04ff446dcedd42276fc99ee.php 第 107 行.
NOTIC: [8] Use of undefined constant scid - assumed 'scid' /mnt/web/spectrum/public_html/Application/Runtime/Cache/Home/2a94b8bda04ff446dcedd42276fc99ee.php 第 107 行.
NOTIC: [8] Use of undefined constant scid - assumed 'scid' /mnt/web/spectrum/public_html/Application/Runtime/Cache/Home/2a94b8bda04ff446dcedd42276fc99ee.php 第 107 行.
NOTIC: [8] Use of undefined constant scid - assumed 'scid' /mnt/web/spectrum/public_html/Application/Runtime/Cache/Home/2a94b8bda04ff446dcedd42276fc99ee.php 第 107 行.
NOTIC: [8] Use of undefined constant scid - assumed 'scid' /mnt/web/spectrum/public_html/Application/Runtime/Cache/Home/2a94b8bda04ff446dcedd42276fc99ee.php 第 107 行.
NOTIC: [8] Use of undefined constant scid - assumed 'scid' /mnt/web/spectrum/public_html/Application/Runtime/Cache/Home/2a94b8bda04ff446dcedd42276fc99ee.php 第 107 行.
NOTIC: [8] Use of undefined constant scid - assumed 'scid' /mnt/web/spectrum/public_html/Application/Runtime/Cache/Home/2a94b8bda04ff446dcedd42276fc99ee.php 第 107 行.
NOTIC: [8] Use of undefined constant scid - assumed 'scid' /mnt/web/spectrum/public_html/Application/Runtime/Cache/Home/2a94b8bda04ff446dcedd42276fc99ee.php 第 107 行.
NOTIC: [8] Use of undefined constant scid - assumed 'scid' /mnt/web/spectrum/public_html/Application/Runtime/Cache/Home/2a94b8bda04ff446dcedd42276fc99ee.php 第 107 行.
NOTIC: [8] Use of undefined constant scid - assumed 'scid' /mnt/web/spectrum/public_html/Application/Runtime/Cache/Home/2a94b8bda04ff446dcedd42276fc99ee.php 第 107 行.
NOTIC: [8] Use of undefined constant scid - assumed 'scid' /mnt/web/spectrum/public_html/Application/Runtime/Cache/Home/2a94b8bda04ff446dcedd42276fc99ee.php 第 107 行.
NOTIC: [8] Use of undefined constant scid - assumed 'scid' /mnt/web/spectrum/public_html/Application/Runtime/Cache/Home/2a94b8bda04ff446dcedd42276fc99ee.php 第 107 行.
NOTIC: [8] Use of undefined constant scid - assumed 'scid' /mnt/web/spectrum/public_html/Application/Runtime/Cache/Home/2a94b8bda04ff446dcedd42276fc99ee.php 第 107 行.
NOTIC: [8] Use of undefined constant scid - assumed 'scid' /mnt/web/spectrum/public_html/Application/Runtime/Cache/Home/2a94b8bda04ff446dcedd42276fc99ee.php 第 107 行.
INFO: Run Behavior\ParseTemplateBehavior [ RunTime:0.010859s ]
INFO: [ view_parse ] --END-- [ RunTime:0.010895s ]
INFO: [ view_filter ] --START--
INFO: Run Behavior\WriteHtmlCacheBehavior [ RunTime:0.000274s ]
INFO: [ view_filter ] --END-- [ RunTime:0.000309s ]
INFO: [ app_end ] --START--
INFO: Run Behavior\ShowPageTraceBehavior [ RunTime:0.000480s ]
INFO: [ app_end ] --END-- [ RunTime:0.000525s ]

[ 2017-05-13T05:34:32+08:00 ] 140.205.201.39 /matrix_callback.php
INFO: [ app_init ] --START--
INFO: Run Behavior\BuildLiteBehavior [ RunTime:0.000013s ]
INFO: [ app_init ] --END-- [ RunTime:0.000404s ]
INFO: [ app_begin ] --START--
INFO: Run Behavior\ReadHtmlCacheBehavior [ RunTime:0.000449s ]
INFO: [ app_begin ] --END-- [ RunTime:0.000497s ]
ERR: 无法加载控制器:Matrix_callback.php

[ 2017-05-13T05:34:47+08:00 ] 140.205.201.39 /jobs/
INFO: [ app_init ] --START--
INFO: Run Behavior\BuildLiteBehavior [ RunTime:0.000013s ]
INFO: [ app_init ] --END-- [ RunTime:0.000399s ]
INFO: [ app_begin ] --START--
INFO: Run Behavior\ReadHtmlCacheBehavior [ RunTime:0.000448s ]
INFO: [ app_begin ] --END-- [ RunTime:0.000494s ]
ERR: 无法加载控制器:Jobs

[ 2017-05-13T05:35:17+08:00 ] 140.205.201.39 /ganglia/index.php
INFO: [ app_init ] --START--
INFO: Run Behavior\BuildLiteBehavior [ RunTime:0.000013s ]
INFO: [ app_init ] --END-- [ RunTime:0.000401s ]
INFO: [ app_begin ] --START--
INFO: Run Behavior\ReadHtmlCacheBehavior [ RunTime:0.000451s ]
INFO: [ app_begin ] --END-- [ RunTime:0.000498s ]
ERR: 无法加载控制器:Ganglia

[ 2017-05-13T05:35:27+08:00 ] 140.205.201.39 /index.php
INFO: [ app_init ] --START--
INFO: Run Behavior\BuildLiteBehavior [ RunTime:0.000012s ]
INFO: [ app_init ] --END-- [ RunTime:0.000373s ]
INFO: [ app_begin ] --START--
INFO: Run Behavior\ReadHtmlCacheBehavior [ RunTime:0.000494s ]
INFO: [ app_begin ] --END-- [ RunTime:0.000542s ]
SQL: SHOW COLUMNS FROM `yd_navigation` [ RunTime:0.0010s ]
SQL: SELECT * FROM `yd_navigation` WHERE `is_show` = 1 AND `pid` = 0  [ RunTime:0.0002s ]
SQL: SHOW COLUMNS FROM `yd_system` [ RunTime:0.0008s ]
SQL: SELECT * FROM `yd_system` LIMIT 1   [ RunTime:0.0001s ]
SQL: SHOW COLUMNS FROM `yd_company_info` [ RunTime:0.0009s ]
SQL: SELECT * FROM `yd_company_info` WHERE `com_is_rec` = 1 AND `com_status` = 1 LIMIT 60   [ RunTime:0.0002s ]
SQL: SHOW COLUMNS FROM `yd_image` [ RunTime:0.0008s ]
SQL: SELECT `img_id` FROM `yd_image` WHERE `img_storeid` = 606 LIMIT 1   [ RunTime:0.0001s ]
SQL: SELECT `img_id` FROM `yd_image` WHERE `img_storeid` = 622 LIMIT 1   [ RunTime:0.0001s ]
SQL: SELECT * FROM `yd_navigation` WHERE `is_show` = 1 AND `pid` = 0  [ RunTime:0.0001s ]
SQL: SHOW COLUMNS FROM `yd_shuffling` [ RunTime:0.0008s ]
SQL: SELECT * FROM `yd_shuffling` WHERE `is_show` = 1 AND `pid` = 1  [ RunTime:0.0001s ]
SQL: SELECT * FROM `yd_shuffling` WHERE `is_show` = 1 AND `pid` = 6  [ RunTime:0.0001s ]
INFO: [ view_parse ] --START--
INFO: [ template_filter ] --START--
INFO: Run Behavior\ContentReplaceBehavior [ RunTime:0.000056s ]
INFO: [ template_filter ] --END-- [ RunTime:0.000100s ]
NOTIC: [8] Use of undefined constant img - assumed 'img' /mnt/web/spectrum/public_html/Application/Runtime/Cache/Home/2a94b8bda04ff446dcedd42276fc99ee.php 第 66 行.
NOTIC: [8] Use of undefined constant img - assumed 'img' /mnt/web/spectrum/public_html/Application/Runtime/Cache/Home/2a94b8bda04ff446dcedd42276fc99ee.php 第 66 行.
NOTIC: [8] Use of undefined constant scid - assumed 'scid' /mnt/web/spectrum/public_html/Application/Runtime/Cache/Home/2a94b8bda04ff446dcedd42276fc99ee.php 第 107 行.
NOTIC: [8] Use of undefined constant scid - assumed 'scid' /mnt/web/spectrum/public_html/Application/Runtime/Cache/Home/2a94b8bda04ff446dcedd42276fc99ee.php 第 107 行.
NOTIC: [8] Use of undefined constant scid - assumed 'scid' /mnt/web/spectrum/public_html/Application/Runtime/Cache/Home/2a94b8bda04ff446dcedd42276fc99ee.php 第 107 行.
NOTIC: [8] Use of undefined constant scid - assumed 'scid' /mnt/web/spectrum/public_html/Application/Runtime/Cache/Home/2a94b8bda04ff446dcedd42276fc99ee.php 第 107 行.
NOTIC: [8] Use of undefined constant scid - assumed 'scid' /mnt/web/spectrum/public_html/Application/Runtime/Cache/Home/2a94b8bda04ff446dcedd42276fc99ee.php 第 107 行.
NOTIC: [8] Use of undefined constant scid - assumed 'scid' /mnt/web/spectrum/public_html/Application/Runtime/Cache/Home/2a94b8bda04ff446dcedd42276fc99ee.php 第 107 行.
NOTIC: [8] Use of undefined constant scid - assumed 'scid' /mnt/web/spectrum/public_html/Application/Runtime/Cache/Home/2a94b8bda04ff446dcedd42276fc99ee.php 第 107 行.
NOTIC: [8] Use of undefined constant scid - assumed 'scid' /mnt/web/spectrum/public_html/Application/Runtime/Cache/Home/2a94b8bda04ff446dcedd42276fc99ee.php 第 107 行.
NOTIC: [8] Use of undefined constant scid - assumed 'scid' /mnt/web/spectrum/public_html/Application/Runtime/Cache/Home/2a94b8bda04ff446dcedd42276fc99ee.php 第 107 行.
NOTIC: [8] Use of undefined constant scid - assumed 'scid' /mnt/web/spectrum/public_html/Application/Runtime/Cache/Home/2a94b8bda04ff446dcedd42276fc99ee.php 第 107 行.
NOTIC: [8] Use of undefined constant scid - assumed 'scid' /mnt/web/spectrum/public_html/Application/Runtime/Cache/Home/2a94b8bda04ff446dcedd42276fc99ee.php 第 107 行.
NOTIC: [8] Use of undefined constant scid - assumed 'scid' /mnt/web/spectrum/public_html/Application/Runtime/Cache/Home/2a94b8bda04ff446dcedd42276fc99ee.php 第 107 行.
NOTIC: [8] Use of undefined constant scid - assumed 'scid' /mnt/web/spectrum/public_html/Application/Runtime/Cache/Home/2a94b8bda04ff446dcedd42276fc99ee.php 第 107 行.
NOTIC: [8] Use of undefined constant scid - assumed 'scid' /mnt/web/spectrum/public_html/Application/Runtime/Cache/Home/2a94b8bda04ff446dcedd42276fc99ee.php 第 107 行.
NOTIC: [8] Use of undefined constant scid - assumed 'scid' /mnt/web/spectrum/public_html/Application/Runtime/Cache/Home/2a94b8bda04ff446dcedd42276fc99ee.php 第 107 行.
NOTIC: [8] Use of undefined constant scid - assumed 'scid' /mnt/web/spectrum/public_html/Application/Runtime/Cache/Home/2a94b8bda04ff446dcedd42276fc99ee.php 第 107 行.
INFO: Run Behavior\ParseTemplateBehavior [ RunTime:0.011017s ]
INFO: [ view_parse ] --END-- [ RunTime:0.011056s ]
INFO: [ view_filter ] --START--
INFO: Run Behavior\WriteHtmlCacheBehavior [ RunTime:0.000265s ]
INFO: [ view_filter ] --END-- [ RunTime:0.000301s ]
INFO: [ app_end ] --START--
INFO: Run Behavior\ShowPageTraceBehavior [ RunTime:0.000476s ]
INFO: [ app_end ] --END-- [ RunTime:0.000527s ]

[ 2017-05-13T05:36:04+08:00 ] 140.205.201.39 /rs-status
INFO: [ app_init ] --START--
INFO: Run Behavior\BuildLiteBehavior [ RunTime:0.000014s ]
INFO: [ app_init ] --END-- [ RunTime:0.000415s ]
INFO: [ app_begin ] --START--
INFO: Run Behavior\ReadHtmlCacheBehavior [ RunTime:0.000470s ]
INFO: [ app_begin ] --END-- [ RunTime:0.000517s ]
ERR: 无法加载控制器:Rs-status

[ 2017-05-13T05:36:25+08:00 ] 140.205.201.39 /master-status
INFO: [ app_init ] --START--
INFO: Run Behavior\BuildLiteBehavior [ RunTime:0.000035s ]
INFO: [ app_init ] --END-- [ RunTime:0.000404s ]
INFO: [ app_begin ] --START--
INFO: Run Behavior\ReadHtmlCacheBehavior [ RunTime:0.000456s ]
INFO: [ app_begin ] --END-- [ RunTime:0.000505s ]
ERR: 无法加载控制器:Master-status

[ 2017-05-13T05:36:27+08:00 ] 140.205.201.39 /dfshealth.html
INFO: [ app_init ] --START--
INFO: Run Behavior\BuildLiteBehavior [ RunTime:0.000012s ]
INFO: [ app_init ] --END-- [ RunTime:0.000397s ]
INFO: [ app_begin ] --START--
INFO: Run Behavior\ReadHtmlCacheBehavior [ RunTime:0.000449s ]
INFO: [ app_begin ] --END-- [ RunTime:0.000496s ]
ERR: 无法加载控制器:Dfshealth

[ 2017-05-13T05:36:35+08:00 ] 140.205.201.39 /about/
INFO: [ app_init ] --START--
INFO: Run Behavior\BuildLiteBehavior [ RunTime:0.000014s ]
INFO: [ app_init ] --END-- [ RunTime:0.000378s ]
INFO: [ app_begin ] --START--
INFO: Run Behavior\ReadHtmlCacheBehavior [ RunTime:0.000484s ]
INFO: [ app_begin ] --END-- [ RunTime:0.000529s ]
ERR: 无法加载控制器:About

[ 2017-05-13T05:36:37+08:00 ] 140.205.201.39 /dfshealth.jsp
INFO: [ app_init ] --START--
INFO: Run Behavior\BuildLiteBehavior [ RunTime:0.000013s ]
INFO: [ app_init ] --END-- [ RunTime:0.000371s ]
INFO: [ app_begin ] --START--
INFO: Run Behavior\ReadHtmlCacheBehavior [ RunTime:0.000464s ]
INFO: [ app_begin ] --END-- [ RunTime:0.000519s ]
ERR: 无法加载控制器:Dfshealth.jsp

[ 2017-05-13T05:36:39+08:00 ] 140.205.201.39 /hadoop/dfshealth.jsp
INFO: [ app_init ] --START--
INFO: Run Behavior\BuildLiteBehavior [ RunTime:0.000013s ]
INFO: [ app_init ] --END-- [ RunTime:0.000376s ]
INFO: [ app_begin ] --START--
INFO: Run Behavior\ReadHtmlCacheBehavior [ RunTime:0.000477s ]
INFO: [ app_begin ] --END-- [ RunTime:0.000522s ]
ERR: 无法加载控制器:Hadoop

[ 2017-05-13T05:36:49+08:00 ] 140.205.201.39 /
INFO: [ app_init ] --START--
INFO: Run Behavior\BuildLiteBehavior [ RunTime:0.000014s ]
INFO: [ app_init ] --END-- [ RunTime:0.000391s ]
INFO: [ app_begin ] --START--
INFO: Run Behavior\ReadHtmlCacheBehavior [ RunTime:0.000447s ]
INFO: [ app_begin ] --END-- [ RunTime:0.000493s ]
SQL: SHOW COLUMNS FROM `yd_navigation` [ RunTime:0.0010s ]
SQL: SELECT * FROM `yd_navigation` WHERE `is_show` = 1 AND `pid` = 0  [ RunTime:0.0002s ]
SQL: SHOW COLUMNS FROM `yd_system` [ RunTime:0.0008s ]
SQL: SELECT * FROM `yd_system` LIMIT 1   [ RunTime:0.0001s ]
SQL: SHOW COLUMNS FROM `yd_company_info` [ RunTime:0.0009s ]
SQL: SELECT * FROM `yd_company_info` WHERE `com_is_rec` = 1 AND `com_status` = 1 LIMIT 60   [ RunTime:0.0002s ]
SQL: SHOW COLUMNS FROM `yd_image` [ RunTime:0.0008s ]
SQL: SELECT `img_id` FROM `yd_image` WHERE `img_storeid` = 606 LIMIT 1   [ RunTime:0.0001s ]
SQL: SELECT `img_id` FROM `yd_image` WHERE `img_storeid` = 622 LIMIT 1   [ RunTime:0.0001s ]
SQL: SELECT * FROM `yd_navigation` WHERE `is_show` = 1 AND `pid` = 0  [ RunTime:0.0002s ]
SQL: SHOW COLUMNS FROM `yd_shuffling` [ RunTime:0.0008s ]
SQL: SELECT * FROM `yd_shuffling` WHERE `is_show` = 1 AND `pid` = 1  [ RunTime:0.0001s ]
SQL: SELECT * FROM `yd_shuffling` WHERE `is_show` = 1 AND `pid` = 6  [ RunTime:0.0001s ]
INFO: [ view_parse ] --START--
INFO: [ template_filter ] --START--
INFO: Run Behavior\ContentReplaceBehavior [ RunTime:0.000059s ]
INFO: [ template_filter ] --END-- [ RunTime:0.000102s ]
NOTIC: [8] Use of undefined constant img - assumed 'img' /mnt/web/spectrum/public_html/Application/Runtime/Cache/Home/2a94b8bda04ff446dcedd42276fc99ee.php 第 66 行.
NOTIC: [8] Use of undefined constant img - assumed 'img' /mnt/web/spectrum/public_html/Application/Runtime/Cache/Home/2a94b8bda04ff446dcedd42276fc99ee.php 第 66 行.
NOTIC: [8] Use of undefined constant scid - assumed 'scid' /mnt/web/spectrum/public_html/Application/Runtime/Cache/Home/2a94b8bda04ff446dcedd42276fc99ee.php 第 107 行.
NOTIC: [8] Use of undefined constant scid - assumed 'scid' /mnt/web/spectrum/public_html/Application/Runtime/Cache/Home/2a94b8bda04ff446dcedd42276fc99ee.php 第 107 行.
NOTIC: [8] Use of undefined constant scid - assumed 'scid' /mnt/web/spectrum/public_html/Application/Runtime/Cache/Home/2a94b8bda04ff446dcedd42276fc99ee.php 第 107 行.
NOTIC: [8] Use of undefined constant scid - assumed 'scid' /mnt/web/spectrum/public_html/Application/Runtime/Cache/Home/2a94b8bda04ff446dcedd42276fc99ee.php 第 107 行.
NOTIC: [8] Use of undefined constant scid - assumed 'scid' /mnt/web/spectrum/public_html/Application/Runtime/Cache/Home/2a94b8bda04ff446dcedd42276fc99ee.php 第 107 行.
NOTIC: [8] Use of undefined constant scid - assumed 'scid' /mnt/web/spectrum/public_html/Application/Runtime/Cache/Home/2a94b8bda04ff446dcedd42276fc99ee.php 第 107 行.
NOTIC: [8] Use of undefined constant scid - assumed 'scid' /mnt/web/spectrum/public_html/Application/Runtime/Cache/Home/2a94b8bda04ff446dcedd42276fc99ee.php 第 107 行.
NOTIC: [8] Use of undefined constant scid - assumed 'scid' /mnt/web/spectrum/public_html/Application/Runtime/Cache/Home/2a94b8bda04ff446dcedd42276fc99ee.php 第 107 行.
NOTIC: [8] Use of undefined constant scid - assumed 'scid' /mnt/web/spectrum/public_html/Application/Runtime/Cache/Home/2a94b8bda04ff446dcedd42276fc99ee.php 第 107 行.
NOTIC: [8] Use of undefined constant scid - assumed 'scid' /mnt/web/spectrum/public_html/Application/Runtime/Cache/Home/2a94b8bda04ff446dcedd42276fc99ee.php 第 107 行.
NOTIC: [8] Use of undefined constant scid - assumed 'scid' /mnt/web/spectrum/public_html/Application/Runtime/Cache/Home/2a94b8bda04ff446dcedd42276fc99ee.php 第 107 行.
NOTIC: [8] Use of undefined constant scid - assumed 'scid' /mnt/web/spectrum/public_html/Application/Runtime/Cache/Home/2a94b8bda04ff446dcedd42276fc99ee.php 第 107 行.
NOTIC: [8] Use of undefined constant scid - assumed 'scid' /mnt/web/spectrum/public_html/Application/Runtime/Cache/Home/2a94b8bda04ff446dcedd42276fc99ee.php 第 107 行.
NOTIC: [8] Use of undefined constant scid - assumed 'scid' /mnt/web/spectrum/public_html/Application/Runtime/Cache/Home/2a94b8bda04ff446dcedd42276fc99ee.php 第 107 行.
NOTIC: [8] Use of undefined constant scid - assumed 'scid' /mnt/web/spectrum/public_html/Application/Runtime/Cache/Home/2a94b8bda04ff446dcedd42276fc99ee.php 第 107 行.
NOTIC: [8] Use of undefined constant scid - assumed 'scid' /mnt/web/spectrum/public_html/Application/Runtime/Cache/Home/2a94b8bda04ff446dcedd42276fc99ee.php 第 107 行.
INFO: Run Behavior\ParseTemplateBehavior [ RunTime:0.011342s ]
INFO: [ view_parse ] --END-- [ RunTime:0.011381s ]
INFO: [ view_filter ] --START--
INFO: Run Behavior\WriteHtmlCacheBehavior [ RunTime:0.000262s ]
INFO: [ view_filter ] --END-- [ RunTime:0.000299s ]
INFO: [ app_end ] --START--
INFO: Run Behavior\ShowPageTraceBehavior [ RunTime:0.000480s ]
INFO: [ app_end ] --END-- [ RunTime:0.000529s ]

[ 2017-05-13T05:36:58+08:00 ] 140.205.201.39 /
INFO: [ app_init ] --START--
INFO: Run Behavior\BuildLiteBehavior [ RunTime:0.000013s ]
INFO: [ app_init ] --END-- [ RunTime:0.000376s ]
INFO: [ app_begin ] --START--
INFO: Run Behavior\ReadHtmlCacheBehavior [ RunTime:0.000477s ]
INFO: [ app_begin ] --END-- [ RunTime:0.000522s ]
SQL: SHOW COLUMNS FROM `yd_navigation` [ RunTime:0.0011s ]
SQL: SELECT * FROM `yd_navigation` WHERE `is_show` = 1 AND `pid` = 0  [ RunTime:0.0002s ]
SQL: SHOW COLUMNS FROM `yd_system` [ RunTime:0.0008s ]
SQL: SELECT * FROM `yd_system` LIMIT 1   [ RunTime:0.0002s ]
SQL: SHOW COLUMNS FROM `yd_company_info` [ RunTime:0.0009s ]
SQL: SELECT * FROM `yd_company_info` WHERE `com_is_rec` = 1 AND `com_status` = 1 LIMIT 60   [ RunTime:0.0002s ]
SQL: SHOW COLUMNS FROM `yd_image` [ RunTime:0.0008s ]
SQL: SELECT `img_id` FROM `yd_image` WHERE `img_storeid` = 606 LIMIT 1   [ RunTime:0.0001s ]
SQL: SELECT `img_id` FROM `yd_image` WHERE `img_storeid` = 622 LIMIT 1   [ RunTime:0.0001s ]
SQL: SELECT * FROM `yd_navigation` WHERE `is_show` = 1 AND `pid` = 0  [ RunTime:0.0002s ]
SQL: SHOW COLUMNS FROM `yd_shuffling` [ RunTime:0.0008s ]
SQL: SELECT * FROM `yd_shuffling` WHERE `is_show` = 1 AND `pid` = 1  [ RunTime:0.0001s ]
SQL: SELECT * FROM `yd_shuffling` WHERE `is_show` = 1 AND `pid` = 6  [ RunTime:0.0001s ]
INFO: [ view_parse ] --START--
INFO: [ template_filter ] --START--
INFO: Run Behavior\ContentReplaceBehavior [ RunTime:0.000057s ]
INFO: [ template_filter ] --END-- [ RunTime:0.000100s ]
NOTIC: [8] Use of undefined constant img - assumed 'img' /mnt/web/spectrum/public_html/Application/Runtime/Cache/Home/2a94b8bda04ff446dcedd42276fc99ee.php 第 66 行.
NOTIC: [8] Use of undefined constant img - assumed 'img' /mnt/web/spectrum/public_html/Application/Runtime/Cache/Home/2a94b8bda04ff446dcedd42276fc99ee.php 第 66 行.
NOTIC: [8] Use of undefined constant scid - assumed 'scid' /mnt/web/spectrum/public_html/Application/Runtime/Cache/Home/2a94b8bda04ff446dcedd42276fc99ee.php 第 107 行.
NOTIC: [8] Use of undefined constant scid - assumed 'scid' /mnt/web/spectrum/public_html/Application/Runtime/Cache/Home/2a94b8bda04ff446dcedd42276fc99ee.php 第 107 行.
NOTIC: [8] Use of undefined constant scid - assumed 'scid' /mnt/web/spectrum/public_html/Application/Runtime/Cache/Home/2a94b8bda04ff446dcedd42276fc99ee.php 第 107 行.
NOTIC: [8] Use of undefined constant scid - assumed 'scid' /mnt/web/spectrum/public_html/Application/Runtime/Cache/Home/2a94b8bda04ff446dcedd42276fc99ee.php 第 107 行.
NOTIC: [8] Use of undefined constant scid - assumed 'scid' /mnt/web/spectrum/public_html/Application/Runtime/Cache/Home/2a94b8bda04ff446dcedd42276fc99ee.php 第 107 行.
NOTIC: [8] Use of undefined constant scid - assumed 'scid' /mnt/web/spectrum/public_html/Application/Runtime/Cache/Home/2a94b8bda04ff446dcedd42276fc99ee.php 第 107 行.
NOTIC: [8] Use of undefined constant scid - assumed 'scid' /mnt/web/spectrum/public_html/Application/Runtime/Cache/Home/2a94b8bda04ff446dcedd42276fc99ee.php 第 107 行.
NOTIC: [8] Use of undefined constant scid - assumed 'scid' /mnt/web/spectrum/public_html/Application/Runtime/Cache/Home/2a94b8bda04ff446dcedd42276fc99ee.php 第 107 行.
NOTIC: [8] Use of undefined constant scid - assumed 'scid' /mnt/web/spectrum/public_html/Application/Runtime/Cache/Home/2a94b8bda04ff446dcedd42276fc99ee.php 第 107 行.
NOTIC: [8] Use of undefined constant scid - assumed 'scid' /mnt/web/spectrum/public_html/Application/Runtime/Cache/Home/2a94b8bda04ff446dcedd42276fc99ee.php 第 107 行.
NOTIC: [8] Use of undefined constant scid - assumed 'scid' /mnt/web/spectrum/public_html/Application/Runtime/Cache/Home/2a94b8bda04ff446dcedd42276fc99ee.php 第 107 行.
NOTIC: [8] Use of undefined constant scid - assumed 'scid' /mnt/web/spectrum/public_html/Application/Runtime/Cache/Home/2a94b8bda04ff446dcedd42276fc99ee.php 第 107 行.
NOTIC: [8] Use of undefined constant scid - assumed 'scid' /mnt/web/spectrum/public_html/Application/Runtime/Cache/Home/2a94b8bda04ff446dcedd42276fc99ee.php 第 107 行.
NOTIC: [8] Use of undefined constant scid - assumed 'scid' /mnt/web/spectrum/public_html/Application/Runtime/Cache/Home/2a94b8bda04ff446dcedd42276fc99ee.php 第 107 行.
NOTIC: [8] Use of undefined constant scid - assumed 'scid' /mnt/web/spectrum/public_html/Application/Runtime/Cache/Home/2a94b8bda04ff446dcedd42276fc99ee.php 第 107 行.
NOTIC: [8] Use of undefined constant scid - assumed 'scid' /mnt/web/spectrum/public_html/Application/Runtime/Cache/Home/2a94b8bda04ff446dcedd42276fc99ee.php 第 107 行.
INFO: Run Behavior\ParseTemplateBehavior [ RunTime:0.011101s ]
INFO: [ view_parse ] --END-- [ RunTime:0.011141s ]
INFO: [ view_filter ] --START--
INFO: Run Behavior\WriteHtmlCacheBehavior [ RunTime:0.000281s ]
INFO: [ view_filter ] --END-- [ RunTime:0.000316s ]
INFO: [ app_end ] --START--
INFO: Run Behavior\ShowPageTraceBehavior [ RunTime:0.000518s ]
INFO: [ app_end ] --END-- [ RunTime:0.000567s ]

[ 2017-05-13T05:36:59+08:00 ] 140.205.201.39 /
INFO: [ app_init ] --START--
INFO: Run Behavior\BuildLiteBehavior [ RunTime:0.000014s ]
INFO: [ app_init ] --END-- [ RunTime:0.000410s ]
INFO: [ app_begin ] --START--
INFO: Run Behavior\ReadHtmlCacheBehavior [ RunTime:0.000459s ]
INFO: [ app_begin ] --END-- [ RunTime:0.000506s ]
SQL: SHOW COLUMNS FROM `yd_navigation` [ RunTime:0.0011s ]
SQL: SELECT * FROM `yd_navigation` WHERE `is_show` = 1 AND `pid` = 0  [ RunTime:0.0002s ]
SQL: SHOW COLUMNS FROM `yd_system` [ RunTime:0.0009s ]
SQL: SELECT * FROM `yd_system` LIMIT 1   [ RunTime:0.0002s ]
SQL: SHOW COLUMNS FROM `yd_company_info` [ RunTime:0.0009s ]
SQL: SELECT * FROM `yd_company_info` WHERE `com_is_rec` = 1 AND `com_status` = 1 LIMIT 60   [ RunTime:0.0002s ]
SQL: SHOW COLUMNS FROM `yd_image` [ RunTime:0.0008s ]
SQL: SELECT `img_id` FROM `yd_image` WHERE `img_storeid` = 606 LIMIT 1   [ RunTime:0.0002s ]
SQL: SELECT `img_id` FROM `yd_image` WHERE `img_storeid` = 622 LIMIT 1   [ RunTime:0.0001s ]
SQL: SELECT * FROM `yd_navigation` WHERE `is_show` = 1 AND `pid` = 0  [ RunTime:0.0002s ]
SQL: SHOW COLUMNS FROM `yd_shuffling` [ RunTime:0.0008s ]
SQL: SELECT * FROM `yd_shuffling` WHERE `is_show` = 1 AND `pid` = 1  [ RunTime:0.0001s ]
SQL: SELECT * FROM `yd_shuffling` WHERE `is_show` = 1 AND `pid` = 6  [ RunTime:0.0001s ]
INFO: [ view_parse ] --START--
INFO: [ template_filter ] --START--
INFO: Run Behavior\ContentReplaceBehavior [ RunTime:0.000053s ]
INFO: [ template_filter ] --END-- [ RunTime:0.000095s ]
NOTIC: [8] Use of undefined constant img - assumed 'img' /mnt/web/spectrum/public_html/Application/Runtime/Cache/Home/2a94b8bda04ff446dcedd42276fc99ee.php 第 66 行.
NOTIC: [8] Use of undefined constant img - assumed 'img' /mnt/web/spectrum/public_html/Application/Runtime/Cache/Home/2a94b8bda04ff446dcedd42276fc99ee.php 第 66 行.
NOTIC: [8] Use of undefined constant scid - assumed 'scid' /mnt/web/spectrum/public_html/Application/Runtime/Cache/Home/2a94b8bda04ff446dcedd42276fc99ee.php 第 107 行.
NOTIC: [8] Use of undefined constant scid - assumed 'scid' /mnt/web/spectrum/public_html/Application/Runtime/Cache/Home/2a94b8bda04ff446dcedd42276fc99ee.php 第 107 行.
NOTIC: [8] Use of undefined constant scid - assumed 'scid' /mnt/web/spectrum/public_html/Application/Runtime/Cache/Home/2a94b8bda04ff446dcedd42276fc99ee.php 第 107 行.
NOTIC: [8] Use of undefined constant scid - assumed 'scid' /mnt/web/spectrum/public_html/Application/Runtime/Cache/Home/2a94b8bda04ff446dcedd42276fc99ee.php 第 107 行.
NOTIC: [8] Use of undefined constant scid - assumed 'scid' /mnt/web/spectrum/public_html/Application/Runtime/Cache/Home/2a94b8bda04ff446dcedd42276fc99ee.php 第 107 行.
NOTIC: [8] Use of undefined constant scid - assumed 'scid' /mnt/web/spectrum/public_html/Application/Runtime/Cache/Home/2a94b8bda04ff446dcedd42276fc99ee.php 第 107 行.
NOTIC: [8] Use of undefined constant scid - assumed 'scid' /mnt/web/spectrum/public_html/Application/Runtime/Cache/Home/2a94b8bda04ff446dcedd42276fc99ee.php 第 107 行.
NOTIC: [8] Use of undefined constant scid - assumed 'scid' /mnt/web/spectrum/public_html/Application/Runtime/Cache/Home/2a94b8bda04ff446dcedd42276fc99ee.php 第 107 行.
NOTIC: [8] Use of undefined constant scid - assumed 'scid' /mnt/web/spectrum/public_html/Application/Runtime/Cache/Home/2a94b8bda04ff446dcedd42276fc99ee.php 第 107 行.
NOTIC: [8] Use of undefined constant scid - assumed 'scid' /mnt/web/spectrum/public_html/Application/Runtime/Cache/Home/2a94b8bda04ff446dcedd42276fc99ee.php 第 107 行.
NOTIC: [8] Use of undefined constant scid - assumed 'scid' /mnt/web/spectrum/public_html/Application/Runtime/Cache/Home/2a94b8bda04ff446dcedd42276fc99ee.php 第 107 行.
NOTIC: [8] Use of undefined constant scid - assumed 'scid' /mnt/web/spectrum/public_html/Application/Runtime/Cache/Home/2a94b8bda04ff446dcedd42276fc99ee.php 第 107 行.
NOTIC: [8] Use of undefined constant scid - assumed 'scid' /mnt/web/spectrum/public_html/Application/Runtime/Cache/Home/2a94b8bda04ff446dcedd42276fc99ee.php 第 107 行.
NOTIC: [8] Use of undefined constant scid - assumed 'scid' /mnt/web/spectrum/public_html/Application/Runtime/Cache/Home/2a94b8bda04ff446dcedd42276fc99ee.php 第 107 行.
NOTIC: [8] Use of undefined constant scid - assumed 'scid' /mnt/web/spectrum/public_html/Application/Runtime/Cache/Home/2a94b8bda04ff446dcedd42276fc99ee.php 第 107 行.
NOTIC: [8] Use of undefined constant scid - assumed 'scid' /mnt/web/spectrum/public_html/Application/Runtime/Cache/Home/2a94b8bda04ff446dcedd42276fc99ee.php 第 107 行.
INFO: Run Behavior\ParseTemplateBehavior [ RunTime:0.010853s ]
INFO: [ view_parse ] --END-- [ RunTime:0.010890s ]
INFO: [ view_filter ] --START--
INFO: Run Behavior\WriteHtmlCacheBehavior [ RunTime:0.000256s ]
INFO: [ view_filter ] --END-- [ RunTime:0.000290s ]
INFO: [ app_end ] --START--
INFO: Run Behavior\ShowPageTraceBehavior [ RunTime:0.000474s ]
INFO: [ app_end ] --END-- [ RunTime:0.000520s ]

[ 2017-05-13T05:36:59+08:00 ] 140.205.201.39 /
INFO: [ app_init ] --START--
INFO: Run Behavior\BuildLiteBehavior [ RunTime:0.000013s ]
INFO: [ app_init ] --END-- [ RunTime:0.000369s ]
INFO: [ app_begin ] --START--
INFO: Run Behavior\ReadHtmlCacheBehavior [ RunTime:0.000472s ]
INFO: [ app_begin ] --END-- [ RunTime:0.000522s ]
SQL: SHOW COLUMNS FROM `yd_navigation` [ RunTime:0.0010s ]
SQL: SELECT * FROM `yd_navigation` WHERE `is_show` = 1 AND `pid` = 0  [ RunTime:0.0002s ]
SQL: SHOW COLUMNS FROM `yd_system` [ RunTime:0.0008s ]
SQL: SELECT * FROM `yd_system` LIMIT 1   [ RunTime:0.0001s ]
SQL: SHOW COLUMNS FROM `yd_company_info` [ RunTime:0.0009s ]
SQL: SELECT * FROM `yd_company_info` WHERE `com_is_rec` = 1 AND `com_status` = 1 LIMIT 60   [ RunTime:0.0002s ]
SQL: SHOW COLUMNS FROM `yd_image` [ RunTime:0.0008s ]
SQL: SELECT `img_id` FROM `yd_image` WHERE `img_storeid` = 606 LIMIT 1   [ RunTime:0.0001s ]
SQL: SELECT `img_id` FROM `yd_image` WHERE `img_storeid` = 622 LIMIT 1   [ RunTime:0.0001s ]
SQL: SELECT * FROM `yd_navigation` WHERE `is_show` = 1 AND `pid` = 0  [ RunTime:0.0002s ]
SQL: SHOW COLUMNS FROM `yd_shuffling` [ RunTime:0.0008s ]
SQL: SELECT * FROM `yd_shuffling` WHERE `is_show` = 1 AND `pid` = 1  [ RunTime:0.0001s ]
SQL: SELECT * FROM `yd_shuffling` WHERE `is_show` = 1 AND `pid` = 6  [ RunTime:0.0001s ]
INFO: [ view_parse ] --START--
INFO: [ template_filter ] --START--
INFO: Run Behavior\ContentReplaceBehavior [ RunTime:0.000053s ]
INFO: [ template_filter ] --END-- [ RunTime:0.000096s ]
NOTIC: [8] Use of undefined constant img - assumed 'img' /mnt/web/spectrum/public_html/Application/Runtime/Cache/Home/2a94b8bda04ff446dcedd42276fc99ee.php 第 66 行.
NOTIC: [8] Use of undefined constant img - assumed 'img' /mnt/web/spectrum/public_html/Application/Runtime/Cache/Home/2a94b8bda04ff446dcedd42276fc99ee.php 第 66 行.
NOTIC: [8] Use of undefined constant scid - assumed 'scid' /mnt/web/spectrum/public_html/Application/Runtime/Cache/Home/2a94b8bda04ff446dcedd42276fc99ee.php 第 107 行.
NOTIC: [8] Use of undefined constant scid - assumed 'scid' /mnt/web/spectrum/public_html/Application/Runtime/Cache/Home/2a94b8bda04ff446dcedd42276fc99ee.php 第 107 行.
NOTIC: [8] Use of undefined constant scid - assumed 'scid' /mnt/web/spectrum/public_html/Application/Runtime/Cache/Home/2a94b8bda04ff446dcedd42276fc99ee.php 第 107 行.
NOTIC: [8] Use of undefined constant scid - assumed 'scid' /mnt/web/spectrum/public_html/Application/Runtime/Cache/Home/2a94b8bda04ff446dcedd42276fc99ee.php 第 107 行.
NOTIC: [8] Use of undefined constant scid - assumed 'scid' /mnt/web/spectrum/public_html/Application/Runtime/Cache/Home/2a94b8bda04ff446dcedd42276fc99ee.php 第 107 行.
NOTIC: [8] Use of undefined constant scid - assumed 'scid' /mnt/web/spectrum/public_html/Application/Runtime/Cache/Home/2a94b8bda04ff446dcedd42276fc99ee.php 第 107 行.
NOTIC: [8] Use of undefined constant scid - assumed 'scid' /mnt/web/spectrum/public_html/Application/Runtime/Cache/Home/2a94b8bda04ff446dcedd42276fc99ee.php 第 107 行.
NOTIC: [8] Use of undefined constant scid - assumed 'scid' /mnt/web/spectrum/public_html/Application/Runtime/Cache/Home/2a94b8bda04ff446dcedd42276fc99ee.php 第 107 行.
NOTIC: [8] Use of undefined constant scid - assumed 'scid' /mnt/web/spectrum/public_html/Application/Runtime/Cache/Home/2a94b8bda04ff446dcedd42276fc99ee.php 第 107 行.
NOTIC: [8] Use of undefined constant scid - assumed 'scid' /mnt/web/spectrum/public_html/Application/Runtime/Cache/Home/2a94b8bda04ff446dcedd42276fc99ee.php 第 107 行.
NOTIC: [8] Use of undefined constant scid - assumed 'scid' /mnt/web/spectrum/public_html/Application/Runtime/Cache/Home/2a94b8bda04ff446dcedd42276fc99ee.php 第 107 行.
NOTIC: [8] Use of undefined constant scid - assumed 'scid' /mnt/web/spectrum/public_html/Application/Runtime/Cache/Home/2a94b8bda04ff446dcedd42276fc99ee.php 第 107 行.
NOTIC: [8] Use of undefined constant scid - assumed 'scid' /mnt/web/spectrum/public_html/Application/Runtime/Cache/Home/2a94b8bda04ff446dcedd42276fc99ee.php 第 107 行.
NOTIC: [8] Use of undefined constant scid - assumed 'scid' /mnt/web/spectrum/public_html/Application/Runtime/Cache/Home/2a94b8bda04ff446dcedd42276fc99ee.php 第 107 行.
NOTIC: [8] Use of undefined constant scid - assumed 'scid' /mnt/web/spectrum/public_html/Application/Runtime/Cache/Home/2a94b8bda04ff446dcedd42276fc99ee.php 第 107 行.
NOTIC: [8] Use of undefined constant scid - assumed 'scid' /mnt/web/spectrum/public_html/Application/Runtime/Cache/Home/2a94b8bda04ff446dcedd42276fc99ee.php 第 107 行.
INFO: Run Behavior\ParseTemplateBehavior [ RunTime:0.010965s ]
INFO: [ view_parse ] --END-- [ RunTime:0.011004s ]
INFO: [ view_filter ] --START--
INFO: Run Behavior\WriteHtmlCacheBehavior [ RunTime:0.000282s ]
INFO: [ view_filter ] --END-- [ RunTime:0.000319s ]
INFO: [ app_end ] --START--
INFO: Run Behavior\ShowPageTraceBehavior [ RunTime:0.000493s ]
INFO: [ app_end ] --END-- [ RunTime:0.000562s ]

[ 2017-05-13T05:37:04+08:00 ] 140.205.201.39 /clusters.jsf
INFO: [ app_init ] --START--
INFO: Run Behavior\BuildLiteBehavior [ RunTime:0.000014s ]
INFO: [ app_init ] --END-- [ RunTime:0.000383s ]
INFO: [ app_begin ] --START--
INFO: Run Behavior\ReadHtmlCacheBehavior [ RunTime:0.000477s ]
INFO: [ app_begin ] --END-- [ RunTime:0.000533s ]
ERR: 无法加载控制器:Clusters.jsf

[ 2017-05-13T05:37:11+08:00 ] 140.205.201.39 /
INFO: [ app_init ] --START--
INFO: Run Behavior\BuildLiteBehavior [ RunTime:0.000013s ]
INFO: [ app_init ] --END-- [ RunTime:0.000375s ]
INFO: [ app_begin ] --START--
INFO: Run Behavior\ReadHtmlCacheBehavior [ RunTime:0.000486s ]
INFO: [ app_begin ] --END-- [ RunTime:0.000532s ]
SQL: SHOW COLUMNS FROM `yd_navigation` [ RunTime:0.0010s ]
SQL: SELECT * FROM `yd_navigation` WHERE `is_show` = 1 AND `pid` = 0  [ RunTime:0.0002s ]
SQL: SHOW COLUMNS FROM `yd_system` [ RunTime:0.0008s ]
SQL: SELECT * FROM `yd_system` LIMIT 1   [ RunTime:0.0001s ]
SQL: SHOW COLUMNS FROM `yd_company_info` [ RunTime:0.0009s ]
SQL: SELECT * FROM `yd_company_info` WHERE `com_is_rec` = 1 AND `com_status` = 1 LIMIT 60   [ RunTime:0.0002s ]
SQL: SHOW COLUMNS FROM `yd_image` [ RunTime:0.0008s ]
SQL: SELECT `img_id` FROM `yd_image` WHERE `img_storeid` = 606 LIMIT 1   [ RunTime:0.0001s ]
SQL: SELECT `img_id` FROM `yd_image` WHERE `img_storeid` = 622 LIMIT 1   [ RunTime:0.0001s ]
SQL: SELECT * FROM `yd_navigation` WHERE `is_show` = 1 AND `pid` = 0  [ RunTime:0.0002s ]
SQL: SHOW COLUMNS FROM `yd_shuffling` [ RunTime:0.0008s ]
SQL: SELECT * FROM `yd_shuffling` WHERE `is_show` = 1 AND `pid` = 1  [ RunTime:0.0001s ]
SQL: SELECT * FROM `yd_shuffling` WHERE `is_show` = 1 AND `pid` = 6  [ RunTime:0.0001s ]
INFO: [ view_parse ] --START--
INFO: [ template_filter ] --START--
INFO: Run Behavior\ContentReplaceBehavior [ RunTime:0.000059s ]
INFO: [ template_filter ] --END-- [ RunTime:0.000101s ]
NOTIC: [8] Use of undefined constant img - assumed 'img' /mnt/web/spectrum/public_html/Application/Runtime/Cache/Home/2a94b8bda04ff446dcedd42276fc99ee.php 第 66 行.
NOTIC: [8] Use of undefined constant img - assumed 'img' /mnt/web/spectrum/public_html/Application/Runtime/Cache/Home/2a94b8bda04ff446dcedd42276fc99ee.php 第 66 行.
NOTIC: [8] Use of undefined constant scid - assumed 'scid' /mnt/web/spectrum/public_html/Application/Runtime/Cache/Home/2a94b8bda04ff446dcedd42276fc99ee.php 第 107 行.
NOTIC: [8] Use of undefined constant scid - assumed 'scid' /mnt/web/spectrum/public_html/Application/Runtime/Cache/Home/2a94b8bda04ff446dcedd42276fc99ee.php 第 107 行.
NOTIC: [8] Use of undefined constant scid - assumed 'scid' /mnt/web/spectrum/public_html/Application/Runtime/Cache/Home/2a94b8bda04ff446dcedd42276fc99ee.php 第 107 行.
NOTIC: [8] Use of undefined constant scid - assumed 'scid' /mnt/web/spectrum/public_html/Application/Runtime/Cache/Home/2a94b8bda04ff446dcedd42276fc99ee.php 第 107 行.
NOTIC: [8] Use of undefined constant scid - assumed 'scid' /mnt/web/spectrum/public_html/Application/Runtime/Cache/Home/2a94b8bda04ff446dcedd42276fc99ee.php 第 107 行.
NOTIC: [8] Use of undefined constant scid - assumed 'scid' /mnt/web/spectrum/public_html/Application/Runtime/Cache/Home/2a94b8bda04ff446dcedd42276fc99ee.php 第 107 行.
NOTIC: [8] Use of undefined constant scid - assumed 'scid' /mnt/web/spectrum/public_html/Application/Runtime/Cache/Home/2a94b8bda04ff446dcedd42276fc99ee.php 第 107 行.
NOTIC: [8] Use of undefined constant scid - assumed 'scid' /mnt/web/spectrum/public_html/Application/Runtime/Cache/Home/2a94b8bda04ff446dcedd42276fc99ee.php 第 107 行.
NOTIC: [8] Use of undefined constant scid - assumed 'scid' /mnt/web/spectrum/public_html/Application/Runtime/Cache/Home/2a94b8bda04ff446dcedd42276fc99ee.php 第 107 行.
NOTIC: [8] Use of undefined constant scid - assumed 'scid' /mnt/web/spectrum/public_html/Application/Runtime/Cache/Home/2a94b8bda04ff446dcedd42276fc99ee.php 第 107 行.
NOTIC: [8] Use of undefined constant scid - assumed 'scid' /mnt/web/spectrum/public_html/Application/Runtime/Cache/Home/2a94b8bda04ff446dcedd42276fc99ee.php 第 107 行.
NOTIC: [8] Use of undefined constant scid - assumed 'scid' /mnt/web/spectrum/public_html/Application/Runtime/Cache/Home/2a94b8bda04ff446dcedd42276fc99ee.php 第 107 行.
NOTIC: [8] Use of undefined constant scid - assumed 'scid' /mnt/web/spectrum/public_html/Application/Runtime/Cache/Home/2a94b8bda04ff446dcedd42276fc99ee.php 第 107 行.
NOTIC: [8] Use of undefined constant scid - assumed 'scid' /mnt/web/spectrum/public_html/Application/Runtime/Cache/Home/2a94b8bda04ff446dcedd42276fc99ee.php 第 107 行.
NOTIC: [8] Use of undefined constant scid - assumed 'scid' /mnt/web/spectrum/public_html/Application/Runtime/Cache/Home/2a94b8bda04ff446dcedd42276fc99ee.php 第 107 行.
NOTIC: [8] Use of undefined constant scid - assumed 'scid' /mnt/web/spectrum/public_html/Application/Runtime/Cache/Home/2a94b8bda04ff446dcedd42276fc99ee.php 第 107 行.
INFO: Run Behavior\ParseTemplateBehavior [ RunTime:0.011127s ]
INFO: [ view_parse ] --END-- [ RunTime:0.011166s ]
INFO: [ view_filter ] --START--
INFO: Run Behavior\WriteHtmlCacheBehavior [ RunTime:0.000278s ]
INFO: [ view_filter ] --END-- [ RunTime:0.000314s ]
INFO: [ app_end ] --START--
INFO: Run Behavior\ShowPageTraceBehavior [ RunTime:0.000519s ]
INFO: [ app_end ] --END-- [ RunTime:0.000568s ]

[ 2017-05-13T05:37:13+08:00 ] 140.205.201.39 /hwi/
INFO: [ app_init ] --START--
INFO: Run Behavior\BuildLiteBehavior [ RunTime:0.000016s ]
INFO: [ app_init ] --END-- [ RunTime:0.000403s ]
INFO: [ app_begin ] --START--
INFO: Run Behavior\ReadHtmlCacheBehavior [ RunTime:0.000474s ]
INFO: [ app_begin ] --END-- [ RunTime:0.000519s ]
ERR: 无法加载控制器:Hwi

[ 2017-05-13T05:37:16+08:00 ] 140.205.201.39 /
INFO: [ app_init ] --START--
INFO: Run Behavior\BuildLiteBehavior [ RunTime:0.000013s ]
INFO: [ app_init ] --END-- [ RunTime:0.000376s ]
INFO: [ app_begin ] --START--
INFO: Run Behavior\ReadHtmlCacheBehavior [ RunTime:0.000477s ]
INFO: [ app_begin ] --END-- [ RunTime:0.000522s ]
SQL: SHOW COLUMNS FROM `yd_navigation` [ RunTime:0.0011s ]
SQL: SELECT * FROM `yd_navigation` WHERE `is_show` = 1 AND `pid` = 0  [ RunTime:0.0002s ]
SQL: SHOW COLUMNS FROM `yd_system` [ RunTime:0.0008s ]
SQL: SELECT * FROM `yd_system` LIMIT 1   [ RunTime:0.0001s ]
SQL: SHOW COLUMNS FROM `yd_company_info` [ RunTime:0.0009s ]
SQL: SELECT * FROM `yd_company_info` WHERE `com_is_rec` = 1 AND `com_status` = 1 LIMIT 60   [ RunTime:0.0002s ]
SQL: SHOW COLUMNS FROM `yd_image` [ RunTime:0.0008s ]
SQL: SELECT `img_id` FROM `yd_image` WHERE `img_storeid` = 606 LIMIT 1   [ RunTime:0.0001s ]
SQL: SELECT `img_id` FROM `yd_image` WHERE `img_storeid` = 622 LIMIT 1   [ RunTime:0.0001s ]
SQL: SELECT * FROM `yd_navigation` WHERE `is_show` = 1 AND `pid` = 0  [ RunTime:0.0001s ]
SQL: SHOW COLUMNS FROM `yd_shuffling` [ RunTime:0.0008s ]
SQL: SELECT * FROM `yd_shuffling` WHERE `is_show` = 1 AND `pid` = 1  [ RunTime:0.0001s ]
SQL: SELECT * FROM `yd_shuffling` WHERE `is_show` = 1 AND `pid` = 6  [ RunTime:0.0001s ]
INFO: [ view_parse ] --START--
INFO: [ template_filter ] --START--
INFO: Run Behavior\ContentReplaceBehavior [ RunTime:0.000053s ]
INFO: [ template_filter ] --END-- [ RunTime:0.000095s ]
NOTIC: [8] Use of undefined constant img - assumed 'img' /mnt/web/spectrum/public_html/Application/Runtime/Cache/Home/2a94b8bda04ff446dcedd42276fc99ee.php 第 66 行.
NOTIC: [8] Use of undefined constant img - assumed 'img' /mnt/web/spectrum/public_html/Application/Runtime/Cache/Home/2a94b8bda04ff446dcedd42276fc99ee.php 第 66 行.
NOTIC: [8] Use of undefined constant scid - assumed 'scid' /mnt/web/spectrum/public_html/Application/Runtime/Cache/Home/2a94b8bda04ff446dcedd42276fc99ee.php 第 107 行.
NOTIC: [8] Use of undefined constant scid - assumed 'scid' /mnt/web/spectrum/public_html/Application/Runtime/Cache/Home/2a94b8bda04ff446dcedd42276fc99ee.php 第 107 行.
NOTIC: [8] Use of undefined constant scid - assumed 'scid' /mnt/web/spectrum/public_html/Application/Runtime/Cache/Home/2a94b8bda04ff446dcedd42276fc99ee.php 第 107 行.
NOTIC: [8] Use of undefined constant scid - assumed 'scid' /mnt/web/spectrum/public_html/Application/Runtime/Cache/Home/2a94b8bda04ff446dcedd42276fc99ee.php 第 107 行.
NOTIC: [8] Use of undefined constant scid - assumed 'scid' /mnt/web/spectrum/public_html/Application/Runtime/Cache/Home/2a94b8bda04ff446dcedd42276fc99ee.php 第 107 行.
NOTIC: [8] Use of undefined constant scid - assumed 'scid' /mnt/web/spectrum/public_html/Application/Runtime/Cache/Home/2a94b8bda04ff446dcedd42276fc99ee.php 第 107 行.
NOTIC: [8] Use of undefined constant scid - assumed 'scid' /mnt/web/spectrum/public_html/Application/Runtime/Cache/Home/2a94b8bda04ff446dcedd42276fc99ee.php 第 107 行.
NOTIC: [8] Use of undefined constant scid - assumed 'scid' /mnt/web/spectrum/public_html/Application/Runtime/Cache/Home/2a94b8bda04ff446dcedd42276fc99ee.php 第 107 行.
NOTIC: [8] Use of undefined constant scid - assumed 'scid' /mnt/web/spectrum/public_html/Application/Runtime/Cache/Home/2a94b8bda04ff446dcedd42276fc99ee.php 第 107 行.
NOTIC: [8] Use of undefined constant scid - assumed 'scid' /mnt/web/spectrum/public_html/Application/Runtime/Cache/Home/2a94b8bda04ff446dcedd42276fc99ee.php 第 107 行.
NOTIC: [8] Use of undefined constant scid - assumed 'scid' /mnt/web/spectrum/public_html/Application/Runtime/Cache/Home/2a94b8bda04ff446dcedd42276fc99ee.php 第 107 行.
NOTIC: [8] Use of undefined constant scid - assumed 'scid' /mnt/web/spectrum/public_html/Application/Runtime/Cache/Home/2a94b8bda04ff446dcedd42276fc99ee.php 第 107 行.
NOTIC: [8] Use of undefined constant scid - assumed 'scid' /mnt/web/spectrum/public_html/Application/Runtime/Cache/Home/2a94b8bda04ff446dcedd42276fc99ee.php 第 107 行.
NOTIC: [8] Use of undefined constant scid - assumed 'scid' /mnt/web/spectrum/public_html/Application/Runtime/Cache/Home/2a94b8bda04ff446dcedd42276fc99ee.php 第 107 行.
NOTIC: [8] Use of undefined constant scid - assumed 'scid' /mnt/web/spectrum/public_html/Application/Runtime/Cache/Home/2a94b8bda04ff446dcedd42276fc99ee.php 第 107 行.
NOTIC: [8] Use of undefined constant scid - assumed 'scid' /mnt/web/spectrum/public_html/Application/Runtime/Cache/Home/2a94b8bda04ff446dcedd42276fc99ee.php 第 107 行.
INFO: Run Behavior\ParseTemplateBehavior [ RunTime:0.010812s ]
INFO: [ view_parse ] --END-- [ RunTime:0.010849s ]
INFO: [ view_filter ] --START--
INFO: Run Behavior\WriteHtmlCacheBehavior [ RunTime:0.000291s ]
INFO: [ view_filter ] --END-- [ RunTime:0.000327s ]
INFO: [ app_end ] --START--
INFO: Run Behavior\ShowPageTraceBehavior [ RunTime:0.000490s ]
INFO: [ app_end ] --END-- [ RunTime:0.000537s ]

[ 2017-05-13T05:37:23+08:00 ] 140.205.201.39 /
INFO: [ app_init ] --START--
INFO: Run Behavior\BuildLiteBehavior [ RunTime:0.000013s ]
INFO: [ app_init ] --END-- [ RunTime:0.000378s ]
INFO: [ app_begin ] --START--
INFO: Run Behavior\ReadHtmlCacheBehavior [ RunTime:0.000450s ]
INFO: [ app_begin ] --END-- [ RunTime:0.000505s ]
SQL: SHOW COLUMNS FROM `yd_navigation` [ RunTime:0.0010s ]
SQL: SELECT * FROM `yd_navigation` WHERE `is_show` = 1 AND `pid` = 0  [ RunTime:0.0002s ]
SQL: SHOW COLUMNS FROM `yd_system` [ RunTime:0.0008s ]
SQL: SELECT * FROM `yd_system` LIMIT 1   [ RunTime:0.0001s ]
SQL: SHOW COLUMNS FROM `yd_company_info` [ RunTime:0.0009s ]
SQL: SELECT * FROM `yd_company_info` WHERE `com_is_rec` = 1 AND `com_status` = 1 LIMIT 60   [ RunTime:0.0002s ]
SQL: SHOW COLUMNS FROM `yd_image` [ RunTime:0.0008s ]
SQL: SELECT `img_id` FROM `yd_image` WHERE `img_storeid` = 606 LIMIT 1   [ RunTime:0.0001s ]
SQL: SELECT `img_id` FROM `yd_image` WHERE `img_storeid` = 622 LIMIT 1   [ RunTime:0.0001s ]
SQL: SELECT * FROM `yd_navigation` WHERE `is_show` = 1 AND `pid` = 0  [ RunTime:0.0002s ]
SQL: SHOW COLUMNS FROM `yd_shuffling` [ RunTime:0.0009s ]
SQL: SELECT * FROM `yd_shuffling` WHERE `is_show` = 1 AND `pid` = 1  [ RunTime:0.0001s ]
SQL: SELECT * FROM `yd_shuffling` WHERE `is_show` = 1 AND `pid` = 6  [ RunTime:0.0001s ]
INFO: [ view_parse ] --START--
INFO: [ template_filter ] --START--
INFO: Run Behavior\ContentReplaceBehavior [ RunTime:0.000053s ]
INFO: [ template_filter ] --END-- [ RunTime:0.000096s ]
NOTIC: [8] Use of undefined constant img - assumed 'img' /mnt/web/spectrum/public_html/Application/Runtime/Cache/Home/2a94b8bda04ff446dcedd42276fc99ee.php 第 66 行.
NOTIC: [8] Use of undefined constant img - assumed 'img' /mnt/web/spectrum/public_html/Application/Runtime/Cache/Home/2a94b8bda04ff446dcedd42276fc99ee.php 第 66 行.
NOTIC: [8] Use of undefined constant scid - assumed 'scid' /mnt/web/spectrum/public_html/Application/Runtime/Cache/Home/2a94b8bda04ff446dcedd42276fc99ee.php 第 107 行.
NOTIC: [8] Use of undefined constant scid - assumed 'scid' /mnt/web/spectrum/public_html/Application/Runtime/Cache/Home/2a94b8bda04ff446dcedd42276fc99ee.php 第 107 行.
NOTIC: [8] Use of undefined constant scid - assumed 'scid' /mnt/web/spectrum/public_html/Application/Runtime/Cache/Home/2a94b8bda04ff446dcedd42276fc99ee.php 第 107 行.
NOTIC: [8] Use of undefined constant scid - assumed 'scid' /mnt/web/spectrum/public_html/Application/Runtime/Cache/Home/2a94b8bda04ff446dcedd42276fc99ee.php 第 107 行.
NOTIC: [8] Use of undefined constant scid - assumed 'scid' /mnt/web/spectrum/public_html/Application/Runtime/Cache/Home/2a94b8bda04ff446dcedd42276fc99ee.php 第 107 行.
NOTIC: [8] Use of undefined constant scid - assumed 'scid' /mnt/web/spectrum/public_html/Application/Runtime/Cache/Home/2a94b8bda04ff446dcedd42276fc99ee.php 第 107 行.
NOTIC: [8] Use of undefined constant scid - assumed 'scid' /mnt/web/spectrum/public_html/Application/Runtime/Cache/Home/2a94b8bda04ff446dcedd42276fc99ee.php 第 107 行.
NOTIC: [8] Use of undefined constant scid - assumed 'scid' /mnt/web/spectrum/public_html/Application/Runtime/Cache/Home/2a94b8bda04ff446dcedd42276fc99ee.php 第 107 行.
NOTIC: [8] Use of undefined constant scid - assumed 'scid' /mnt/web/spectrum/public_html/Application/Runtime/Cache/Home/2a94b8bda04ff446dcedd42276fc99ee.php 第 107 行.
NOTIC: [8] Use of undefined constant scid - assumed 'scid' /mnt/web/spectrum/public_html/Application/Runtime/Cache/Home/2a94b8bda04ff446dcedd42276fc99ee.php 第 107 行.
NOTIC: [8] Use of undefined constant scid - assumed 'scid' /mnt/web/spectrum/public_html/Application/Runtime/Cache/Home/2a94b8bda04ff446dcedd42276fc99ee.php 第 107 行.
NOTIC: [8] Use of undefined constant scid - assumed 'scid' /mnt/web/spectrum/public_html/Application/Runtime/Cache/Home/2a94b8bda04ff446dcedd42276fc99ee.php 第 107 行.
NOTIC: [8] Use of undefined constant scid - assumed 'scid' /mnt/web/spectrum/public_html/Application/Runtime/Cache/Home/2a94b8bda04ff446dcedd42276fc99ee.php 第 107 行.
NOTIC: [8] Use of undefined constant scid - assumed 'scid' /mnt/web/spectrum/public_html/Application/Runtime/Cache/Home/2a94b8bda04ff446dcedd42276fc99ee.php 第 107 行.
NOTIC: [8] Use of undefined constant scid - assumed 'scid' /mnt/web/spectrum/public_html/Application/Runtime/Cache/Home/2a94b8bda04ff446dcedd42276fc99ee.php 第 107 行.
NOTIC: [8] Use of undefined constant scid - assumed 'scid' /mnt/web/spectrum/public_html/Application/Runtime/Cache/Home/2a94b8bda04ff446dcedd42276fc99ee.php 第 107 行.
INFO: Run Behavior\ParseTemplateBehavior [ RunTime:0.010884s ]
INFO: [ view_parse ] --END-- [ RunTime:0.010923s ]
INFO: [ view_filter ] --START--
INFO: Run Behavior\WriteHtmlCacheBehavior [ RunTime:0.000257s ]
INFO: [ view_filter ] --END-- [ RunTime:0.000292s ]
INFO: [ app_end ] --START--
INFO: Run Behavior\ShowPageTraceBehavior [ RunTime:0.000494s ]
INFO: [ app_end ] --END-- [ RunTime:0.000541s ]

[ 2017-05-13T05:37:26+08:00 ] 140.205.201.39 /
INFO: [ app_init ] --START--
INFO: Run Behavior\BuildLiteBehavior [ RunTime:0.000014s ]
INFO: [ app_init ] --END-- [ RunTime:0.000390s ]
INFO: [ app_begin ] --START--
INFO: Run Behavior\ReadHtmlCacheBehavior [ RunTime:0.000445s ]
INFO: [ app_begin ] --END-- [ RunTime:0.000492s ]
SQL: SHOW COLUMNS FROM `yd_navigation` [ RunTime:0.0011s ]
SQL: SELECT * FROM `yd_navigation` WHERE `is_show` = 1 AND `pid` = 0  [ RunTime:0.0002s ]
SQL: SHOW COLUMNS FROM `yd_system` [ RunTime:0.0008s ]
SQL: SELECT * FROM `yd_system` LIMIT 1   [ RunTime:0.0002s ]
SQL: SHOW COLUMNS FROM `yd_company_info` [ RunTime:0.0010s ]
SQL: SELECT * FROM `yd_company_info` WHERE `com_is_rec` = 1 AND `com_status` = 1 LIMIT 60   [ RunTime:0.0002s ]
SQL: SHOW COLUMNS FROM `yd_image` [ RunTime:0.0008s ]
SQL: SELECT `img_id` FROM `yd_image` WHERE `img_storeid` = 606 LIMIT 1   [ RunTime:0.0002s ]
SQL: SELECT `img_id` FROM `yd_image` WHERE `img_storeid` = 622 LIMIT 1   [ RunTime:0.0001s ]
SQL: SELECT * FROM `yd_navigation` WHERE `is_show` = 1 AND `pid` = 0  [ RunTime:0.0001s ]
SQL: SHOW COLUMNS FROM `yd_shuffling` [ RunTime:0.0008s ]
SQL: SELECT * FROM `yd_shuffling` WHERE `is_show` = 1 AND `pid` = 1  [ RunTime:0.0001s ]
SQL: SELECT * FROM `yd_shuffling` WHERE `is_show` = 1 AND `pid` = 6  [ RunTime:0.0001s ]
INFO: [ view_parse ] --START--
INFO: [ template_filter ] --START--
INFO: Run Behavior\ContentReplaceBehavior [ RunTime:0.000053s ]
INFO: [ template_filter ] --END-- [ RunTime:0.000094s ]
NOTIC: [8] Use of undefined constant img - assumed 'img' /mnt/web/spectrum/public_html/Application/Runtime/Cache/Home/2a94b8bda04ff446dcedd42276fc99ee.php 第 66 行.
NOTIC: [8] Use of undefined constant img - assumed 'img' /mnt/web/spectrum/public_html/Application/Runtime/Cache/Home/2a94b8bda04ff446dcedd42276fc99ee.php 第 66 行.
NOTIC: [8] Use of undefined constant scid - assumed 'scid' /mnt/web/spectrum/public_html/Application/Runtime/Cache/Home/2a94b8bda04ff446dcedd42276fc99ee.php 第 107 行.
NOTIC: [8] Use of undefined constant scid - assumed 'scid' /mnt/web/spectrum/public_html/Application/Runtime/Cache/Home/2a94b8bda04ff446dcedd42276fc99ee.php 第 107 行.
NOTIC: [8] Use of undefined constant scid - assumed 'scid' /mnt/web/spectrum/public_html/Application/Runtime/Cache/Home/2a94b8bda04ff446dcedd42276fc99ee.php 第 107 行.
NOTIC: [8] Use of undefined constant scid - assumed 'scid' /mnt/web/spectrum/public_html/Application/Runtime/Cache/Home/2a94b8bda04ff446dcedd42276fc99ee.php 第 107 行.
NOTIC: [8] Use of undefined constant scid - assumed 'scid' /mnt/web/spectrum/public_html/Application/Runtime/Cache/Home/2a94b8bda04ff446dcedd42276fc99ee.php 第 107 行.
NOTIC: [8] Use of undefined constant scid - assumed 'scid' /mnt/web/spectrum/public_html/Application/Runtime/Cache/Home/2a94b8bda04ff446dcedd42276fc99ee.php 第 107 行.
NOTIC: [8] Use of undefined constant scid - assumed 'scid' /mnt/web/spectrum/public_html/Application/Runtime/Cache/Home/2a94b8bda04ff446dcedd42276fc99ee.php 第 107 行.
NOTIC: [8] Use of undefined constant scid - assumed 'scid' /mnt/web/spectrum/public_html/Application/Runtime/Cache/Home/2a94b8bda04ff446dcedd42276fc99ee.php 第 107 行.
NOTIC: [8] Use of undefined constant scid - assumed 'scid' /mnt/web/spectrum/public_html/Application/Runtime/Cache/Home/2a94b8bda04ff446dcedd42276fc99ee.php 第 107 行.
NOTIC: [8] Use of undefined constant scid - assumed 'scid' /mnt/web/spectrum/public_html/Application/Runtime/Cache/Home/2a94b8bda04ff446dcedd42276fc99ee.php 第 107 行.
NOTIC: [8] Use of undefined constant scid - assumed 'scid' /mnt/web/spectrum/public_html/Application/Runtime/Cache/Home/2a94b8bda04ff446dcedd42276fc99ee.php 第 107 行.
NOTIC: [8] Use of undefined constant scid - assumed 'scid' /mnt/web/spectrum/public_html/Application/Runtime/Cache/Home/2a94b8bda04ff446dcedd42276fc99ee.php 第 107 行.
NOTIC: [8] Use of undefined constant scid - assumed 'scid' /mnt/web/spectrum/public_html/Application/Runtime/Cache/Home/2a94b8bda04ff446dcedd42276fc99ee.php 第 107 行.
NOTIC: [8] Use of undefined constant scid - assumed 'scid' /mnt/web/spectrum/public_html/Application/Runtime/Cache/Home/2a94b8bda04ff446dcedd42276fc99ee.php 第 107 行.
NOTIC: [8] Use of undefined constant scid - assumed 'scid' /mnt/web/spectrum/public_html/Application/Runtime/Cache/Home/2a94b8bda04ff446dcedd42276fc99ee.php 第 107 行.
NOTIC: [8] Use of undefined constant scid - assumed 'scid' /mnt/web/spectrum/public_html/Application/Runtime/Cache/Home/2a94b8bda04ff446dcedd42276fc99ee.php 第 107 行.
INFO: Run Behavior\ParseTemplateBehavior [ RunTime:0.010853s ]
INFO: [ view_parse ] --END-- [ RunTime:0.010890s ]
INFO: [ view_filter ] --START--
INFO: Run Behavior\WriteHtmlCacheBehavior [ RunTime:0.000257s ]
INFO: [ view_filter ] --END-- [ RunTime:0.000292s ]
INFO: 
INFO: 
INFO: 

[ 2017-05-13T05:37:29+08:00 ] 140.205.201.4 /?.tmp=t
INFO: [ app_init ] --START--
INFO: Run Behavior\BuildLiteBehavior [ RunTime:0.000014s ]
INFO: [ app_init ] --END-- [ RunTime:0.000400s ]
INFO: [ app_begin ] --START--
INFO: Run Behavior\ReadHtmlCacheBehavior [ RunTime:0.000449s ]
INFO: [ app_begin ] --END-- [ RunTime:0.000495s ]
SQL: SHOW COLUMNS FROM `yd_navigation` [ RunTime:0.0010s ]
SQL: SELECT * FROM `yd_navigation` WHERE `is_show` = 1 AND `pid` = 0  [ RunTime:0.0002s ]
SQL: SHOW COLUMNS FROM `yd_system` [ RunTime:0.0008s ]
SQL: SELECT * FROM `yd_system` LIMIT 1   [ RunTime:0.0001s ]
SQL: SHOW COLUMNS FROM `yd_company_info` [ RunTime:0.0009s ]
SQL: SELECT * FROM `yd_company_info` WHERE `com_is_rec` = 1 AND `com_status` = 1 LIMIT 60   [ RunTime:0.0002s ]
SQL: SHOW COLUMNS FROM `yd_image` [ RunTime:0.0008s ]
SQL: SELECT `img_id` FROM `yd_image` WHERE `img_storeid` = 606 LIMIT 1   [ RunTime:0.0001s ]
SQL: SELECT `img_id` FROM `yd_image` WHERE `img_storeid` = 622 LIMIT 1   [ RunTime:0.0001s ]
SQL: SELECT * FROM `yd_navigation` WHERE `is_show` = 1 AND `pid` = 0  [ RunTime:0.0002s ]
SQL: SHOW COLUMNS FROM `yd_shuffling` [ RunTime:0.0008s ]
SQL: SELECT * FROM `yd_shuffling` WHERE `is_show` = 1 AND `pid` = 1  [ RunTime:0.0001s ]
SQL: SELECT * FROM `yd_shuffling` WHERE `is_show` = 1 AND `pid` = 6  [ RunTime:0.0001s ]
INFO: [ view_parse ] --START--
INFO: [ template_filter ] --START--
INFO: Run Behavior\ContentReplaceBehavior [ RunTime:0.000056s ]
INFO: [ template_filter ] --END-- [ RunTime:0.000097s ]
NOTIC: [8] Use of undefined constant img - assumed 'img' /mnt/web/spectrum/public_html/Application/Runtime/Cache/Home/2a94b8bda04ff446dcedd42276fc99ee.php 第 66 行.
NOTIC: [8] Use of undefined constant img - assumed 'img' /mnt/web/spectrum/public_html/Application/Runtime/Cache/Home/2a94b8bda04ff446dcedd42276fc99ee.php 第 66 行.
NOTIC: [8] Use of undefined constant scid - assumed 'scid' /mnt/web/spectrum/public_html/Application/Runtime/Cache/Home/2a94b8bda04ff446dcedd42276fc99ee.php 第 107 行.
NOTIC: [8] Use of undefined constant scid - assumed 'scid' /mnt/web/spectrum/public_html/Application/Runtime/Cache/Home/2a94b8bda04ff446dcedd42276fc99ee.php 第 107 行.
NOTIC: [8] Use of undefined constant scid - assumed 'scid' /mnt/web/spectrum/public_html/Application/Runtime/Cache/Home/2a94b8bda04ff446dcedd42276fc99ee.php 第 107 行.
NOTIC: [8] Use of undefined constant scid - assumed 'scid' /mnt/web/spectrum/public_html/Application/Runtime/Cache/Home/2a94b8bda04ff446dcedd42276fc99ee.php 第 107 行.
NOTIC: [8] Use of undefined constant scid - assumed 'scid' /mnt/web/spectrum/public_html/Application/Runtime/Cache/Home/2a94b8bda04ff446dcedd42276fc99ee.php 第 107 行.
NOTIC: [8] Use of undefined constant scid - assumed 'scid' /mnt/web/spectrum/public_html/Application/Runtime/Cache/Home/2a94b8bda04ff446dcedd42276fc99ee.php 第 107 行.
NOTIC: [8] Use of undefined constant scid - assumed 'scid' /mnt/web/spectrum/public_html/Application/Runtime/Cache/Home/2a94b8bda04ff446dcedd42276fc99ee.php 第 107 行.
NOTIC: [8] Use of undefined constant scid - assumed 'scid' /mnt/web/spectrum/public_html/Application/Runtime/Cache/Home/2a94b8bda04ff446dcedd42276fc99ee.php 第 107 行.
NOTIC: [8] Use of undefined constant scid - assumed 'scid' /mnt/web/spectrum/public_html/Application/Runtime/Cache/Home/2a94b8bda04ff446dcedd42276fc99ee.php 第 107 行.
NOTIC: [8] Use of undefined constant scid - assumed 'scid' /mnt/web/spectrum/public_html/Application/Runtime/Cache/Home/2a94b8bda04ff446dcedd42276fc99ee.php 第 107 行.
NOTIC: [8] Use of undefined constant scid - assumed 'scid' /mnt/web/spectrum/public_html/Application/Runtime/Cache/Home/2a94b8bda04ff446dcedd42276fc99ee.php 第 107 行.
NOTIC: [8] Use of undefined constant scid - assumed 'scid' /mnt/web/spectrum/public_html/Application/Runtime/Cache/Home/2a94b8bda04ff446dcedd42276fc99ee.php 第 107 行.
NOTIC: [8] Use of undefined constant scid - assumed 'scid' /mnt/web/spectrum/public_html/Application/Runtime/Cache/Home/2a94b8bda04ff446dcedd42276fc99ee.php 第 107 行.
NOTIC: [8] Use of undefined constant scid - assumed 'scid' /mnt/web/spectrum/public_html/Application/Runtime/Cache/Home/2a94b8bda04ff446dcedd42276fc99ee.php 第 107 行.
NOTIC: [8] Use of undefined constant scid - assumed 'scid' /mnt/web/spectrum/public_html/Application/Runtime/Cache/Home/2a94b8bda04ff446dcedd42276fc99ee.php 第 107 行.
NOTIC: [8] Use of undefined constant scid - assumed 'scid' /mnt/web/spectrum/public_html/Application/Runtime/Cache/Home/2a94b8bda04ff446dcedd42276fc99ee.php 第 107 行.
INFO: Run Behavior\ParseTemplateBehavior [ RunTime:0.011006s ]
INFO: [ view_parse ] --END-- [ RunTime:0.011043s ]
INFO: [ view_filter ] --START--
INFO: Run Behavior\WriteHtmlCacheBehavior [ RunTime:0.000292s ]
INFO: [ view_filter ] --END-- [ RunTime:0.000328s ]
INFO: [ app_end ] --START--
INFO: Run Behavior\ShowPageTraceBehavior [ RunTime:0.000489s ]
INFO: [ app_end ] --END-- [ RunTime:0.000538s ]

[ 2017-05-13T05:37:32+08:00 ] 140.205.201.39 /'%22+onmouseover=alert()+d='%22
INFO: [ app_init ] --START--
INFO: Run Behavior\BuildLiteBehavior [ RunTime:0.000014s ]
INFO: [ app_init ] --END-- [ RunTime:0.000397s ]
INFO: [ app_begin ] --START--
INFO: Run Behavior\ReadHtmlCacheBehavior [ RunTime:0.000453s ]
INFO: [ app_begin ] --END-- [ RunTime:0.000500s ]
ERR: 无法加载控制器:'"+onmouseover=alert()+d='"

[ 2017-05-13T05:37:34+08:00 ] 140.205.201.39 /%27%22%20onmouseover%3Dalert%28%29%20d%3D%27%22
INFO: [ app_init ] --START--
INFO: Run Behavior\BuildLiteBehavior [ RunTime:0.000013s ]
INFO: [ app_init ] --END-- [ RunTime:0.000399s ]
INFO: [ app_begin ] --START--
INFO: Run Behavior\ReadHtmlCacheBehavior [ RunTime:0.000453s ]
INFO: [ app_begin ] --END-- [ RunTime:0.000498s ]
ERR: 无法加载控制器:'" onmouseover=alert() d='"

[ 2017-05-13T05:37:36+08:00 ] 140.205.201.39 /%2527%2522%2520onmouseover%253Dalert%2528%2529%2520d%253D%2527%2522
INFO: [ app_init ] --START--
INFO: Run Behavior\BuildLiteBehavior [ RunTime:0.000013s ]
INFO: [ app_init ] --END-- [ RunTime:0.000398s ]
INFO: [ app_begin ] --START--
INFO: Run Behavior\ReadHtmlCacheBehavior [ RunTime:0.000448s ]
INFO: [ app_begin ] --END-- [ RunTime:0.000492s ]
ERR: 无法加载控制器:'" onmouseover=alert() d='"

[ 2017-05-13T05:37:44+08:00 ] 140.205.201.39 /'%22/%3E%3C/script%3E%3Cscript%3Ealert()%3C/script%3E
INFO: [ app_init ] --START--
INFO: Run Behavior\BuildLiteBehavior [ RunTime:0.000013s ]
INFO: [ app_init ] --END-- [ RunTime:0.000378s ]
INFO: [ app_begin ] --START--
INFO: Run Behavior\ReadHtmlCacheBehavior [ RunTime:0.000471s ]
INFO: [ app_begin ] --END-- [ RunTime:0.000524s ]
ERR: 无法加载控制器:'"

[ 2017-05-13T05:37:58+08:00 ] 140.205.201.39 /
INFO: [ app_init ] --START--
INFO: Run Behavior\BuildLiteBehavior [ RunTime:0.000013s ]
INFO: [ app_init ] --END-- [ RunTime:0.000380s ]
INFO: [ app_begin ] --START--
INFO: Run Behavior\ReadHtmlCacheBehavior [ RunTime:0.000455s ]
INFO: [ app_begin ] --END-- [ RunTime:0.000501s ]
SQL: SHOW COLUMNS FROM `yd_navigation` [ RunTime:0.0011s ]
SQL: SELECT * FROM `yd_navigation` WHERE `is_show` = 1 AND `pid` = 0  [ RunTime:0.0002s ]
SQL: SHOW COLUMNS FROM `yd_system` [ RunTime:0.0009s ]
SQL: SELECT * FROM `yd_system` LIMIT 1   [ RunTime:0.0002s ]
SQL: SHOW COLUMNS FROM `yd_company_info` [ RunTime:0.0009s ]
SQL: SELECT * FROM `yd_company_info` WHERE `com_is_rec` = 1 AND `com_status` = 1 LIMIT 60   [ RunTime:0.0002s ]
SQL: SHOW COLUMNS FROM `yd_image` [ RunTime:0.0008s ]
SQL: SELECT `img_id` FROM `yd_image` WHERE `img_storeid` = 606 LIMIT 1   [ RunTime:0.0001s ]
SQL: SELECT `img_id` FROM `yd_image` WHERE `img_storeid` = 622 LIMIT 1   [ RunTime:0.0001s ]
SQL: SELECT * FROM `yd_navigation` WHERE `is_show` = 1 AND `pid` = 0  [ RunTime:0.0002s ]
SQL: SHOW COLUMNS FROM `yd_shuffling` [ RunTime:0.0008s ]
SQL: SELECT * FROM `yd_shuffling` WHERE `is_show` = 1 AND `pid` = 1  [ RunTime:0.0001s ]
SQL: SELECT * FROM `yd_shuffling` WHERE `is_show` = 1 AND `pid` = 6  [ RunTime:0.0001s ]
INFO: [ view_parse ] --START--
INFO: [ template_filter ] --START--
INFO: Run Behavior\ContentReplaceBehavior [ RunTime:0.000060s ]
INFO: [ template_filter ] --END-- [ RunTime:0.000105s ]
NOTIC: [8] Use of undefined constant img - assumed 'img' /mnt/web/spectrum/public_html/Application/Runtime/Cache/Home/2a94b8bda04ff446dcedd42276fc99ee.php 第 66 行.
NOTIC: [8] Use of undefined constant img - assumed 'img' /mnt/web/spectrum/public_html/Application/Runtime/Cache/Home/2a94b8bda04ff446dcedd42276fc99ee.php 第 66 行.
NOTIC: [8] Use of undefined constant scid - assumed 'scid' /mnt/web/spectrum/public_html/Application/Runtime/Cache/Home/2a94b8bda04ff446dcedd42276fc99ee.php 第 107 行.
NOTIC: [8] Use of undefined constant scid - assumed 'scid' /mnt/web/spectrum/public_html/Application/Runtime/Cache/Home/2a94b8bda04ff446dcedd42276fc99ee.php 第 107 行.
NOTIC: [8] Use of undefined constant scid - assumed 'scid' /mnt/web/spectrum/public_html/Application/Runtime/Cache/Home/2a94b8bda04ff446dcedd42276fc99ee.php 第 107 行.
NOTIC: [8] Use of undefined constant scid - assumed 'scid' /mnt/web/spectrum/public_html/Application/Runtime/Cache/Home/2a94b8bda04ff446dcedd42276fc99ee.php 第 107 行.
NOTIC: [8] Use of undefined constant scid - assumed 'scid' /mnt/web/spectrum/public_html/Application/Runtime/Cache/Home/2a94b8bda04ff446dcedd42276fc99ee.php 第 107 行.
NOTIC: [8] Use of undefined constant scid - assumed 'scid' /mnt/web/spectrum/public_html/Application/Runtime/Cache/Home/2a94b8bda04ff446dcedd42276fc99ee.php 第 107 行.
NOTIC: [8] Use of undefined constant scid - assumed 'scid' /mnt/web/spectrum/public_html/Application/Runtime/Cache/Home/2a94b8bda04ff446dcedd42276fc99ee.php 第 107 行.
NOTIC: [8] Use of undefined constant scid - assumed 'scid' /mnt/web/spectrum/public_html/Application/Runtime/Cache/Home/2a94b8bda04ff446dcedd42276fc99ee.php 第 107 行.
NOTIC: [8] Use of undefined constant scid - assumed 'scid' /mnt/web/spectrum/public_html/Application/Runtime/Cache/Home/2a94b8bda04ff446dcedd42276fc99ee.php 第 107 行.
NOTIC: [8] Use of undefined constant scid - assumed 'scid' /mnt/web/spectrum/public_html/Application/Runtime/Cache/Home/2a94b8bda04ff446dcedd42276fc99ee.php 第 107 行.
NOTIC: [8] Use of undefined constant scid - assumed 'scid' /mnt/web/spectrum/public_html/Application/Runtime/Cache/Home/2a94b8bda04ff446dcedd42276fc99ee.php 第 107 行.
NOTIC: [8] Use of undefined constant scid - assumed 'scid' /mnt/web/spectrum/public_html/Application/Runtime/Cache/Home/2a94b8bda04ff446dcedd42276fc99ee.php 第 107 行.
NOTIC: [8] Use of undefined constant scid - assumed 'scid' /mnt/web/spectrum/public_html/Application/Runtime/Cache/Home/2a94b8bda04ff446dcedd42276fc99ee.php 第 107 行.
NOTIC: [8] Use of undefined constant scid - assumed 'scid' /mnt/web/spectrum/public_html/Application/Runtime/Cache/Home/2a94b8bda04ff446dcedd42276fc99ee.php 第 107 行.
NOTIC: [8] Use of undefined constant scid - assumed 'scid' /mnt/web/spectrum/public_html/Application/Runtime/Cache/Home/2a94b8bda04ff446dcedd42276fc99ee.php 第 107 行.
NOTIC: [8] Use of undefined constant scid - assumed 'scid' /mnt/web/spectrum/public_html/Application/Runtime/Cache/Home/2a94b8bda04ff446dcedd42276fc99ee.php 第 107 行.
INFO: Run Behavior\ParseTemplateBehavior [ RunTime:0.011353s ]
INFO: [ view_parse ] --END-- [ RunTime:0.011395s ]
INFO: [ view_filter ] --START--
INFO: Run Behavior\WriteHtmlCacheBehavior [ RunTime:0.000289s ]
INFO: [ view_filter ] --END-- [ RunTime:0.000328s ]
INFO: [ app_end ] --START--
INFO: Run Behavior\ShowPageTraceBehavior [ RunTime:0.000528s ]
INFO: [ app_end ] --END-- [ RunTime:0.000580s ]

[ 2017-05-13T05:38:08+08:00 ] 140.205.201.39 /
INFO: [ app_init ] --START--
INFO: Run Behavior\BuildLiteBehavior [ RunTime:0.000012s ]
INFO: [ app_init ] --END-- [ RunTime:0.000376s ]
INFO: [ app_begin ] --START--
INFO: Run Behavior\ReadHtmlCacheBehavior [ RunTime:0.000458s ]
INFO: [ app_begin ] --END-- [ RunTime:0.000518s ]
SQL: SHOW COLUMNS FROM `yd_navigation` [ RunTime:0.0024s ]
SQL: SELECT * FROM `yd_navigation` WHERE `is_show` = 1 AND `pid` = 0  [ RunTime:0.0002s ]
SQL: SHOW COLUMNS FROM `yd_system` [ RunTime:0.0028s ]
SQL: SELECT * FROM `yd_system` LIMIT 1   [ RunTime:0.0002s ]
SQL: SHOW COLUMNS FROM `yd_company_info` [ RunTime:0.0025s ]
SQL: SELECT * FROM `yd_company_info` WHERE `com_is_rec` = 1 AND `com_status` = 1 LIMIT 60   [ RunTime:0.0002s ]
SQL: SHOW COLUMNS FROM `yd_image` [ RunTime:0.0019s ]
SQL: SELECT `img_id` FROM `yd_image` WHERE `img_storeid` = 606 LIMIT 1   [ RunTime:0.0001s ]
SQL: SELECT `img_id` FROM `yd_image` WHERE `img_storeid` = 622 LIMIT 1   [ RunTime:0.0001s ]
SQL: SELECT * FROM `yd_navigation` WHERE `is_show` = 1 AND `pid` = 0  [ RunTime:0.0001s ]
SQL: SHOW COLUMNS FROM `yd_shuffling` [ RunTime:0.0008s ]
SQL: SELECT * FROM `yd_shuffling` WHERE `is_show` = 1 AND `pid` = 1  [ RunTime:0.0001s ]
SQL: SELECT * FROM `yd_shuffling` WHERE `is_show` = 1 AND `pid` = 6  [ RunTime:0.0001s ]
INFO: [ view_parse ] --START--
INFO: [ template_filter ] --START--
INFO: Run Behavior\ContentReplaceBehavior [ RunTime:0.000054s ]
INFO: [ template_filter ] --END-- [ RunTime:0.000095s ]
NOTIC: [8] Use of undefined constant img - assumed 'img' /mnt/web/spectrum/public_html/Application/Runtime/Cache/Home/2a94b8bda04ff446dcedd42276fc99ee.php 第 66 行.
NOTIC: [8] Use of undefined constant img - assumed 'img' /mnt/web/spectrum/public_html/Application/Runtime/Cache/Home/2a94b8bda04ff446dcedd42276fc99ee.php 第 66 行.
NOTIC: [8] Use of undefined constant scid - assumed 'scid' /mnt/web/spectrum/public_html/Application/Runtime/Cache/Home/2a94b8bda04ff446dcedd42276fc99ee.php 第 107 行.
NOTIC: [8] Use of undefined constant scid - assumed 'scid' /mnt/web/spectrum/public_html/Application/Runtime/Cache/Home/2a94b8bda04ff446dcedd42276fc99ee.php 第 107 行.
NOTIC: [8] Use of undefined constant scid - assumed 'scid' /mnt/web/spectrum/public_html/Application/Runtime/Cache/Home/2a94b8bda04ff446dcedd42276fc99ee.php 第 107 行.
NOTIC: [8] Use of undefined constant scid - assumed 'scid' /mnt/web/spectrum/public_html/Application/Runtime/Cache/Home/2a94b8bda04ff446dcedd42276fc99ee.php 第 107 行.
NOTIC: [8] Use of undefined constant scid - assumed 'scid' /mnt/web/spectrum/public_html/Application/Runtime/Cache/Home/2a94b8bda04ff446dcedd42276fc99ee.php 第 107 行.
NOTIC: [8] Use of undefined constant scid - assumed 'scid' /mnt/web/spectrum/public_html/Application/Runtime/Cache/Home/2a94b8bda04ff446dcedd42276fc99ee.php 第 107 行.
NOTIC: [8] Use of undefined constant scid - assumed 'scid' /mnt/web/spectrum/public_html/Application/Runtime/Cache/Home/2a94b8bda04ff446dcedd42276fc99ee.php 第 107 行.
NOTIC: [8] Use of undefined constant scid - assumed 'scid' /mnt/web/spectrum/public_html/Application/Runtime/Cache/Home/2a94b8bda04ff446dcedd42276fc99ee.php 第 107 行.
NOTIC: [8] Use of undefined constant scid - assumed 'scid' /mnt/web/spectrum/public_html/Application/Runtime/Cache/Home/2a94b8bda04ff446dcedd42276fc99ee.php 第 107 行.
NOTIC: [8] Use of undefined constant scid - assumed 'scid' /mnt/web/spectrum/public_html/Application/Runtime/Cache/Home/2a94b8bda04ff446dcedd42276fc99ee.php 第 107 行.
NOTIC: [8] Use of undefined constant scid - assumed 'scid' /mnt/web/spectrum/public_html/Application/Runtime/Cache/Home/2a94b8bda04ff446dcedd42276fc99ee.php 第 107 行.
NOTIC: [8] Use of undefined constant scid - assumed 'scid' /mnt/web/spectrum/public_html/Application/Runtime/Cache/Home/2a94b8bda04ff446dcedd42276fc99ee.php 第 107 行.
NOTIC: [8] Use of undefined constant scid - assumed 'scid' /mnt/web/spectrum/public_html/Application/Runtime/Cache/Home/2a94b8bda04ff446dcedd42276fc99ee.php 第 107 行.
NOTIC: [8] Use of undefined constant scid - assumed 'scid' /mnt/web/spectrum/public_html/Application/Runtime/Cache/Home/2a94b8bda04ff446dcedd42276fc99ee.php 第 107 行.
NOTIC: [8] Use of undefined constant scid - assumed 'scid' /mnt/web/spectrum/public_html/Application/Runtime/Cache/Home/2a94b8bda04ff446dcedd42276fc99ee.php 第 107 行.
NOTIC: [8] Use of undefined constant scid - assumed 'scid' /mnt/web/spectrum/public_html/Application/Runtime/Cache/Home/2a94b8bda04ff446dcedd42276fc99ee.php 第 107 行.
INFO: Run Behavior\ParseTemplateBehavior [ RunTime:0.010931s ]
INFO: [ view_parse ] --END-- [ RunTime:0.010969s ]
INFO: [ view_filter ] --START--
INFO: Run Behavior\WriteHtmlCacheBehavior [ RunTime:0.000259s ]
INFO: [ view_filter ] --END-- [ RunTime:0.000295s ]
INFO: [ app_end ] --START--
INFO: Run Behavior\ShowPageTraceBehavior [ RunTime:0.000494s ]
INFO: [ app_end ] --END-- [ RunTime:0.000543s ]

[ 2017-05-13T09:57:00+08:00 ] 119.130.231.35 /favicon.ico
INFO: [ app_init ] --START--
INFO: Run Behavior\BuildLiteBehavior [ RunTime:0.000012s ]
INFO: [ app_init ] --END-- [ RunTime:0.000373s ]

[ 2017-05-13T10:47:32+08:00 ] 101.226.66.173 /index.php/Home/CompanyInfo/lists/scid/741.html
INFO: [ app_init ] --START--
INFO: Run Behavior\BuildLiteBehavior [ RunTime:0.000013s ]
INFO: [ app_init ] --END-- [ RunTime:0.000376s ]
INFO: [ app_begin ] --START--
INFO: Run Behavior\ReadHtmlCacheBehavior [ RunTime:0.000487s ]
INFO: [ app_begin ] --END-- [ RunTime:0.000535s ]
SQL: SHOW COLUMNS FROM `yd_navigation` [ RunTime:0.0010s ]
SQL: SELECT * FROM `yd_navigation` WHERE `is_show` = 1 AND `pid` = 0  [ RunTime:0.0002s ]
SQL: SHOW COLUMNS FROM `yd_system` [ RunTime:0.0008s ]
SQL: SELECT * FROM `yd_system` LIMIT 1   [ RunTime:0.0001s ]
SQL: SHOW COLUMNS FROM `yd_company_info` [ RunTime:0.0009s ]
SQL: SELECT * FROM `yd_company_info` WHERE `com_scid` = 741 AND `com_status` = 1 ORDER BY com_id desc LIMIT 5   [ RunTime:0.0002s ]
SQL: SELECT COUNT(*) AS tp_count FROM `yd_company_info` WHERE `com_scid` = 741 AND `com_status` = 1 LIMIT 1   [ RunTime:0.0001s ]
SQL: SELECT * FROM `yd_company_info` WHERE `com_scid` = 741 AND `com_status` = 1 ORDER BY com_id desc LIMIT 0,10   [ RunTime:0.0002s ]
INFO: [ view_parse ] --START--
INFO: [ template_filter ] --START--
INFO: Run Behavior\ContentReplaceBehavior [ RunTime:0.000054s ]
INFO: [ template_filter ] --END-- [ RunTime:0.000098s ]
NOTIC: [8] Use of undefined constant id - assumed 'id' /mnt/web/spectrum/public_html/Application/Runtime/Cache/Home/3580abde5f24a77749f706913011ba9e.php 第 73 行.
NOTIC: [8] Use of undefined constant id - assumed 'id' /mnt/web/spectrum/public_html/Application/Runtime/Cache/Home/3580abde5f24a77749f706913011ba9e.php 第 73 行.
NOTIC: [8] Use of undefined constant id - assumed 'id' /mnt/web/spectrum/public_html/Application/Runtime/Cache/Home/3580abde5f24a77749f706913011ba9e.php 第 102 行.
NOTIC: [8] Use of undefined constant id - assumed 'id' /mnt/web/spectrum/public_html/Application/Runtime/Cache/Home/3580abde5f24a77749f706913011ba9e.php 第 102 行.
INFO: Run Behavior\ParseTemplateBehavior [ RunTime:0.010556s ]
INFO: [ view_parse ] --END-- [ RunTime:0.010598s ]
INFO: [ view_filter ] --START--
INFO: Run Behavior\WriteHtmlCacheBehavior [ RunTime:0.000263s ]
INFO: [ view_filter ] --END-- [ RunTime:0.000298s ]
INFO: [ app_end ] --START--
INFO: Run Behavior\ShowPageTraceBehavior [ RunTime:0.000488s ]
INFO: [ app_end ] --END-- [ RunTime:0.000537s ]

[ 2017-05-13T13:12:39+08:00 ] 119.130.231.35 /favicon.ico
INFO: [ app_init ] --START--
INFO: Run Behavior\BuildLiteBehavior [ RunTime:0.000013s ]
INFO: [ app_init ] --END-- [ RunTime:0.000416s ]

[ 2017-05-13T13:25:06+08:00 ] 119.130.231.35 /favicon.ico
INFO: [ app_init ] --START--
INFO: Run Behavior\BuildLiteBehavior [ RunTime:0.000013s ]
INFO: [ app_init ] --END-- [ RunTime:0.000388s ]

[ 2017-05-13T15:14:20+08:00 ] 119.130.231.35 /favicon.ico
INFO: [ app_init ] --START--
INFO: Run Behavior\BuildLiteBehavior [ RunTime:0.000012s ]
INFO: [ app_init ] --END-- [ RunTime:0.000369s ]

[ 2017-05-13T15:33:41+08:00 ] 119.129.112.199 /?nav_id=15
INFO: [ app_init ] --START--
INFO: Run Behavior\BuildLiteBehavior [ RunTime:0.000014s ]
INFO: [ app_init ] --END-- [ RunTime:0.000400s ]
INFO: [ app_begin ] --START--
INFO: Run Behavior\ReadHtmlCacheBehavior [ RunTime:0.000466s ]
INFO: [ app_begin ] --END-- [ RunTime:0.000514s ]
SQL: SHOW COLUMNS FROM `yd_navigation` [ RunTime:0.0011s ]
SQL: SELECT * FROM `yd_navigation` WHERE `is_show` = 1 AND `pid` = 0  [ RunTime:0.0002s ]
SQL: SHOW COLUMNS FROM `yd_system` [ RunTime:0.0008s ]
SQL: SELECT * FROM `yd_system` LIMIT 1   [ RunTime:0.0002s ]
SQL: SHOW COLUMNS FROM `yd_company_info` [ RunTime:0.0009s ]
SQL: SELECT * FROM `yd_company_info` WHERE `com_is_rec` = 1 AND `com_status` = 1 LIMIT 60   [ RunTime:0.0002s ]
SQL: SHOW COLUMNS FROM `yd_image` [ RunTime:0.0008s ]
SQL: SELECT `img_id` FROM `yd_image` WHERE `img_storeid` = 606 LIMIT 1   [ RunTime:0.0001s ]
SQL: SELECT `img_id` FROM `yd_image` WHERE `img_storeid` = 622 LIMIT 1   [ RunTime:0.0001s ]
SQL: SELECT * FROM `yd_navigation` WHERE `is_show` = 1 AND `pid` = 0  [ RunTime:0.0002s ]
SQL: SHOW COLUMNS FROM `yd_shuffling` [ RunTime:0.0008s ]
SQL: SELECT * FROM `yd_shuffling` WHERE `is_show` = 1 AND `pid` = 1  [ RunTime:0.0001s ]
SQL: SELECT * FROM `yd_shuffling` WHERE `is_show` = 1 AND `pid` = 6  [ RunTime:0.0001s ]
INFO: [ view_parse ] --START--
INFO: [ template_filter ] --START--
INFO: Run Behavior\ContentReplaceBehavior [ RunTime:0.000056s ]
INFO: [ template_filter ] --END-- [ RunTime:0.000110s ]
NOTIC: [8] Use of undefined constant img - assumed 'img' /mnt/web/spectrum/public_html/Application/Runtime/Cache/Home/2a94b8bda04ff446dcedd42276fc99ee.php 第 66 行.
NOTIC: [8] Use of undefined constant img - assumed 'img' /mnt/web/spectrum/public_html/Application/Runtime/Cache/Home/2a94b8bda04ff446dcedd42276fc99ee.php 第 66 行.
NOTIC: [8] Use of undefined constant scid - assumed 'scid' /mnt/web/spectrum/public_html/Application/Runtime/Cache/Home/2a94b8bda04ff446dcedd42276fc99ee.php 第 107 行.
NOTIC: [8] Use of undefined constant scid - assumed 'scid' /mnt/web/spectrum/public_html/Application/Runtime/Cache/Home/2a94b8bda04ff446dcedd42276fc99ee.php 第 107 行.
NOTIC: [8] Use of undefined constant scid - assumed 'scid' /mnt/web/spectrum/public_html/Application/Runtime/Cache/Home/2a94b8bda04ff446dcedd42276fc99ee.php 第 107 行.
NOTIC: [8] Use of undefined constant scid - assumed 'scid' /mnt/web/spectrum/public_html/Application/Runtime/Cache/Home/2a94b8bda04ff446dcedd42276fc99ee.php 第 107 行.
NOTIC: [8] Use of undefined constant scid - assumed 'scid' /mnt/web/spectrum/public_html/Application/Runtime/Cache/Home/2a94b8bda04ff446dcedd42276fc99ee.php 第 107 行.
NOTIC: [8] Use of undefined constant scid - assumed 'scid' /mnt/web/spectrum/public_html/Application/Runtime/Cache/Home/2a94b8bda04ff446dcedd42276fc99ee.php 第 107 行.
NOTIC: [8] Use of undefined constant scid - assumed 'scid' /mnt/web/spectrum/public_html/Application/Runtime/Cache/Home/2a94b8bda04ff446dcedd42276fc99ee.php 第 107 行.
NOTIC: [8] Use of undefined constant scid - assumed 'scid' /mnt/web/spectrum/public_html/Application/Runtime/Cache/Home/2a94b8bda04ff446dcedd42276fc99ee.php 第 107 行.
NOTIC: [8] Use of undefined constant scid - assumed 'scid' /mnt/web/spectrum/public_html/Application/Runtime/Cache/Home/2a94b8bda04ff446dcedd42276fc99ee.php 第 107 行.
NOTIC: [8] Use of undefined constant scid - assumed 'scid' /mnt/web/spectrum/public_html/Application/Runtime/Cache/Home/2a94b8bda04ff446dcedd42276fc99ee.php 第 107 行.
NOTIC: [8] Use of undefined constant scid - assumed 'scid' /mnt/web/spectrum/public_html/Application/Runtime/Cache/Home/2a94b8bda04ff446dcedd42276fc99ee.php 第 107 行.
NOTIC: [8] Use of undefined constant scid - assumed 'scid' /mnt/web/spectrum/public_html/Application/Runtime/Cache/Home/2a94b8bda04ff446dcedd42276fc99ee.php 第 107 行.
NOTIC: [8] Use of undefined constant scid - assumed 'scid' /mnt/web/spectrum/public_html/Application/Runtime/Cache/Home/2a94b8bda04ff446dcedd42276fc99ee.php 第 107 行.
NOTIC: [8] Use of undefined constant scid - assumed 'scid' /mnt/web/spectrum/public_html/Application/Runtime/Cache/Home/2a94b8bda04ff446dcedd42276fc99ee.php 第 107 行.
NOTIC: [8] Use of undefined constant scid - assumed 'scid' /mnt/web/spectrum/public_html/Application/Runtime/Cache/Home/2a94b8bda04ff446dcedd42276fc99ee.php 第 107 行.
NOTIC: [8] Use of undefined constant scid - assumed 'scid' /mnt/web/spectrum/public_html/Application/Runtime/Cache/Home/2a94b8bda04ff446dcedd42276fc99ee.php 第 107 行.
INFO: Run Behavior\ParseTemplateBehavior [ RunTime:0.011044s ]
INFO: [ view_parse ] --END-- [ RunTime:0.011083s ]
INFO: [ view_filter ] --START--
INFO: Run Behavior\WriteHtmlCacheBehavior [ RunTime:0.000271s ]
INFO: [ view_filter ] --END-- [ RunTime:0.000310s ]
INFO: [ app_end ] --START--
INFO: Run Behavior\ShowPageTraceBehavior [ RunTime:0.000492s ]
INFO: [ app_end ] --END-- [ RunTime:0.000542s ]

[ 2017-05-13T17:49:50+08:00 ] 119.130.231.35 /favicon.ico
INFO: [ app_init ] --START--
INFO: Run Behavior\BuildLiteBehavior [ RunTime:0.000013s ]
INFO: [ app_init ] --END-- [ RunTime:0.000386s ]

[ 2017-05-13T20:14:40+08:00 ] 66.249.79.139 /robots.txt
INFO: [ app_init ] --START--
INFO: Run Behavior\BuildLiteBehavior [ RunTime:0.000013s ]
INFO: [ app_init ] --END-- [ RunTime:0.000387s ]
INFO: [ app_begin ] --START--
INFO: Run Behavior\ReadHtmlCacheBehavior [ RunTime:0.000469s ]
INFO: [ app_begin ] --END-- [ RunTime:0.000515s ]
ERR: 无法加载控制器:Robots.txt

[ 2017-05-13T20:14:40+08:00 ] 66.249.79.131 /?nav_id=15
INFO: [ app_init ] --START--
INFO: Run Behavior\BuildLiteBehavior [ RunTime:0.000012s ]
INFO: [ app_init ] --END-- [ RunTime:0.000391s ]
INFO: [ app_begin ] --START--
INFO: Run Behavior\ReadHtmlCacheBehavior [ RunTime:0.000456s ]
INFO: [ app_begin ] --END-- [ RunTime:0.000503s ]
SQL: SHOW COLUMNS FROM `yd_navigation` [ RunTime:0.0011s ]
SQL: SELECT * FROM `yd_navigation` WHERE `is_show` = 1 AND `pid` = 0  [ RunTime:0.0002s ]
SQL: SHOW COLUMNS FROM `yd_system` [ RunTime:0.0008s ]
SQL: SELECT * FROM `yd_system` LIMIT 1   [ RunTime:0.0001s ]
SQL: SHOW COLUMNS FROM `yd_company_info` [ RunTime:0.0009s ]
SQL: SELECT * FROM `yd_company_info` WHERE `com_is_rec` = 1 AND `com_status` = 1 LIMIT 60   [ RunTime:0.0002s ]
SQL: SHOW COLUMNS FROM `yd_image` [ RunTime:0.0008s ]
SQL: SELECT `img_id` FROM `yd_image` WHERE `img_storeid` = 606 LIMIT 1   [ RunTime:0.0001s ]
SQL: SELECT `img_id` FROM `yd_image` WHERE `img_storeid` = 622 LIMIT 1   [ RunTime:0.0001s ]
SQL: SELECT * FROM `yd_navigation` WHERE `is_show` = 1 AND `pid` = 0  [ RunTime:0.0002s ]
SQL: SHOW COLUMNS FROM `yd_shuffling` [ RunTime:0.0009s ]
SQL: SELECT * FROM `yd_shuffling` WHERE `is_show` = 1 AND `pid` = 1  [ RunTime:0.0002s ]
SQL: SELECT * FROM `yd_shuffling` WHERE `is_show` = 1 AND `pid` = 6  [ RunTime:0.0001s ]
INFO: [ view_parse ] --START--
INFO: [ template_filter ] --START--
INFO: Run Behavior\ContentReplaceBehavior [ RunTime:0.000061s ]
INFO: [ template_filter ] --END-- [ RunTime:0.000105s ]
NOTIC: [8] Use of undefined constant img - assumed 'img' /mnt/web/spectrum/public_html/Application/Runtime/Cache/Home/2a94b8bda04ff446dcedd42276fc99ee.php 第 66 行.
NOTIC: [8] Use of undefined constant img - assumed 'img' /mnt/web/spectrum/public_html/Application/Runtime/Cache/Home/2a94b8bda04ff446dcedd42276fc99ee.php 第 66 行.
NOTIC: [8] Use of undefined constant scid - assumed 'scid' /mnt/web/spectrum/public_html/Application/Runtime/Cache/Home/2a94b8bda04ff446dcedd42276fc99ee.php 第 107 行.
NOTIC: [8] Use of undefined constant scid - assumed 'scid' /mnt/web/spectrum/public_html/Application/Runtime/Cache/Home/2a94b8bda04ff446dcedd42276fc99ee.php 第 107 行.
NOTIC: [8] Use of undefined constant scid - assumed 'scid' /mnt/web/spectrum/public_html/Application/Runtime/Cache/Home/2a94b8bda04ff446dcedd42276fc99ee.php 第 107 行.
NOTIC: [8] Use of undefined constant scid - assumed 'scid' /mnt/web/spectrum/public_html/Application/Runtime/Cache/Home/2a94b8bda04ff446dcedd42276fc99ee.php 第 107 行.
NOTIC: [8] Use of undefined constant scid - assumed 'scid' /mnt/web/spectrum/public_html/Application/Runtime/Cache/Home/2a94b8bda04ff446dcedd42276fc99ee.php 第 107 行.
NOTIC: [8] Use of undefined constant scid - assumed 'scid' /mnt/web/spectrum/public_html/Application/Runtime/Cache/Home/2a94b8bda04ff446dcedd42276fc99ee.php 第 107 行.
NOTIC: [8] Use of undefined constant scid - assumed 'scid' /mnt/web/spectrum/public_html/Application/Runtime/Cache/Home/2a94b8bda04ff446dcedd42276fc99ee.php 第 107 行.
NOTIC: [8] Use of undefined constant scid - assumed 'scid' /mnt/web/spectrum/public_html/Application/Runtime/Cache/Home/2a94b8bda04ff446dcedd42276fc99ee.php 第 107 行.
NOTIC: [8] Use of undefined constant scid - assumed 'scid' /mnt/web/spectrum/public_html/Application/Runtime/Cache/Home/2a94b8bda04ff446dcedd42276fc99ee.php 第 107 行.
NOTIC: [8] Use of undefined constant scid - assumed 'scid' /mnt/web/spectrum/public_html/Application/Runtime/Cache/Home/2a94b8bda04ff446dcedd42276fc99ee.php 第 107 行.
NOTIC: [8] Use of undefined constant scid - assumed 'scid' /mnt/web/spectrum/public_html/Application/Runtime/Cache/Home/2a94b8bda04ff446dcedd42276fc99ee.php 第 107 行.
NOTIC: [8] Use of undefined constant scid - assumed 'scid' /mnt/web/spectrum/public_html/Application/Runtime/Cache/Home/2a94b8bda04ff446dcedd42276fc99ee.php 第 107 行.
NOTIC: [8] Use of undefined constant scid - assumed 'scid' /mnt/web/spectrum/public_html/Application/Runtime/Cache/Home/2a94b8bda04ff446dcedd42276fc99ee.php 第 107 行.
NOTIC: [8] Use of undefined constant scid - assumed 'scid' /mnt/web/spectrum/public_html/Application/Runtime/Cache/Home/2a94b8bda04ff446dcedd42276fc99ee.php 第 107 行.
NOTIC: [8] Use of undefined constant scid - assumed 'scid' /mnt/web/spectrum/public_html/Application/Runtime/Cache/Home/2a94b8bda04ff446dcedd42276fc99ee.php 第 107 行.
NOTIC: [8] Use of undefined constant scid - assumed 'scid' /mnt/web/spectrum/public_html/Application/Runtime/Cache/Home/2a94b8bda04ff446dcedd42276fc99ee.php 第 107 行.
INFO: Run Behavior\ParseTemplateBehavior [ RunTime:0.011211s ]
INFO: [ view_parse ] --END-- [ RunTime:0.011250s ]
INFO: [ view_filter ] --START--
INFO: Run Behavior\WriteHtmlCacheBehavior [ RunTime:0.000276s ]
INFO: [ view_filter ] --END-- [ RunTime:0.000312s ]
INFO: [ app_end ] --START--
INFO: Run Behavior\ShowPageTraceBehavior [ RunTime:0.000498s ]
INFO: [ app_end ] --END-- [ RunTime:0.000547s ]

