[ 2017-05-19T03:33:37+08:00 ] 66.249.73.237 /Mobile/sort_cat?sc_id=1
INFO: [ app_init ] --START--
INFO: Run Behavior\BuildLiteBehavior [ RunTime:0.000014s ]
INFO: [ app_init ] --END-- [ RunTime:0.000395s ]
INFO: [ app_begin ] --START--
INFO: Run Behavior\ReadHtmlCacheBehavior [ RunTime:0.000453s ]
INFO: [ app_begin ] --END-- [ RunTime:0.000502s ]
INFO: [ view_parse ] --START--
INFO: [ template_filter ] --START--
INFO: Run Behavior\ContentReplaceBehavior [ RunTime:0.000041s ]
INFO: [ template_filter ] --END-- [ RunTime:0.000084s ]
INFO: Run Behavior\ParseTemplateBehavior [ RunTime:0.005044s ]
INFO: [ view_parse ] --END-- [ RunTime:0.005092s ]
INFO: [ view_filter ] --START--
INFO: Run Behavior\WriteHtmlCacheBehavior [ RunTime:0.000265s ]
INFO: [ view_filter ] --END-- [ RunTime:0.000301s ]
INFO: [ app_end ] --START--
INFO: Run Behavior\ShowPageTraceBehavior [ RunTime:0.000500s ]
INFO: [ app_end ] --END-- [ RunTime:0.000543s ]

[ 2017-05-19T03:34:59+08:00 ] 66.249.73.234 /mobile/search_com?name=
INFO: [ app_init ] --START--
INFO: Run Behavior\BuildLiteBehavior [ RunTime:0.000012s ]
INFO: [ app_init ] --END-- [ RunTime:0.000378s ]
INFO: [ app_begin ] --START--
INFO: Run Behavior\ReadHtmlCacheBehavior [ RunTime:0.000478s ]
INFO: [ app_begin ] --END-- [ RunTime:0.000526s ]
INFO: [ view_parse ] --START--
INFO: [ template_filter ] --START--
INFO: Run Behavior\ContentReplaceBehavior [ RunTime:0.000038s ]
INFO: [ template_filter ] --END-- [ RunTime:0.000079s ]
INFO: Run Behavior\ParseTemplateBehavior [ RunTime:0.006850s ]
INFO: [ view_parse ] --END-- [ RunTime:0.006898s ]
INFO: [ view_filter ] --START--
INFO: Run Behavior\WriteHtmlCacheBehavior [ RunTime:0.000259s ]
INFO: [ view_filter ] --END-- [ RunTime:0.000304s ]
INFO: [ app_end ] --START--
INFO: Run Behavior\ShowPageTraceBehavior [ RunTime:0.000499s ]
INFO: [ app_end ] --END-- [ RunTime:0.000537s ]

[ 2017-05-19T03:36:18+08:00 ] 66.249.73.231 /Mobile/sort_cat?sc_id=63
INFO: [ app_init ] --START--
INFO: Run Behavior\BuildLiteBehavior [ RunTime:0.000013s ]
INFO: [ app_init ] --END-- [ RunTime:0.000396s ]
INFO: [ app_begin ] --START--
INFO: Run Behavior\ReadHtmlCacheBehavior [ RunTime:0.000467s ]
INFO: [ app_begin ] --END-- [ RunTime:0.000515s ]
INFO: [ view_parse ] --START--
INFO: [ template_filter ] --START--
INFO: Run Behavior\ContentReplaceBehavior [ RunTime:0.000040s ]
INFO: [ template_filter ] --END-- [ RunTime:0.000080s ]
INFO: Run Behavior\ParseTemplateBehavior [ RunTime:0.004990s ]
INFO: [ view_parse ] --END-- [ RunTime:0.005036s ]
INFO: [ view_filter ] --START--
INFO: Run Behavior\WriteHtmlCacheBehavior [ RunTime:0.000253s ]
INFO: [ view_filter ] --END-- [ RunTime:0.000288s ]
INFO: [ app_end ] --START--
INFO: Run Behavior\ShowPageTraceBehavior [ RunTime:0.000484s ]
INFO: [ app_end ] --END-- [ RunTime:0.000523s ]

[ 2017-05-19T03:38:36+08:00 ] 66.249.73.234 /Mobile/sort_cat?sc_id=964
INFO: [ app_init ] --START--
INFO: Run Behavior\BuildLiteBehavior [ RunTime:0.000013s ]
INFO: [ app_init ] --END-- [ RunTime:0.000369s ]
INFO: [ app_begin ] --START--
INFO: Run Behavior\ReadHtmlCacheBehavior [ RunTime:0.000465s ]
INFO: [ app_begin ] --END-- [ RunTime:0.000513s ]
INFO: [ view_parse ] --START--
INFO: [ template_filter ] --START--
INFO: Run Behavior\ContentReplaceBehavior [ RunTime:0.000040s ]
INFO: [ template_filter ] --END-- [ RunTime:0.000082s ]
INFO: Run Behavior\ParseTemplateBehavior [ RunTime:0.005216s ]
INFO: [ view_parse ] --END-- [ RunTime:0.005265s ]
INFO: [ view_filter ] --START--
INFO: Run Behavior\WriteHtmlCacheBehavior [ RunTime:0.000262s ]
INFO: [ view_filter ] --END-- [ RunTime:0.000298s ]
INFO: [ app_end ] --START--
INFO: Run Behavior\ShowPageTraceBehavior [ RunTime:0.000469s ]
INFO: [ app_end ] --END-- [ RunTime:0.000524s ]

[ 2017-05-19T03:40:48+08:00 ] 66.249.73.237 /Mobile/sort_cat?sc_id=308
INFO: [ app_init ] --START--
INFO: Run Behavior\BuildLiteBehavior [ RunTime:0.000013s ]
INFO: [ app_init ] --END-- [ RunTime:0.000373s ]
INFO: [ app_begin ] --START--
INFO: Run Behavior\ReadHtmlCacheBehavior [ RunTime:0.000447s ]
INFO: [ app_begin ] --END-- [ RunTime:0.000494s ]
INFO: [ view_parse ] --START--
INFO: [ template_filter ] --START--
INFO: Run Behavior\ContentReplaceBehavior [ RunTime:0.000038s ]
INFO: [ template_filter ] --END-- [ RunTime:0.000079s ]
INFO: Run Behavior\ParseTemplateBehavior [ RunTime:0.004930s ]
INFO: [ view_parse ] --END-- [ RunTime:0.004976s ]
INFO: [ view_filter ] --START--
INFO: Run Behavior\WriteHtmlCacheBehavior [ RunTime:0.000257s ]
INFO: [ view_filter ] --END-- [ RunTime:0.000291s ]
INFO: [ app_end ] --START--
INFO: Run Behavior\ShowPageTraceBehavior [ RunTime:0.000456s ]
INFO: [ app_end ] --END-- [ RunTime:0.000495s ]

[ 2017-05-19T03:43:40+08:00 ] 66.249.73.234 /Mobile/sort_cat?sc_id=518
INFO: [ app_init ] --START--
INFO: Run Behavior\BuildLiteBehavior [ RunTime:0.000013s ]
INFO: [ app_init ] --END-- [ RunTime:0.000379s ]
INFO: [ app_begin ] --START--
INFO: Run Behavior\ReadHtmlCacheBehavior [ RunTime:0.000477s ]
INFO: [ app_begin ] --END-- [ RunTime:0.000526s ]
INFO: [ view_parse ] --START--
INFO: [ template_filter ] --START--
INFO: Run Behavior\ContentReplaceBehavior [ RunTime:0.000041s ]
INFO: [ template_filter ] --END-- [ RunTime:0.000083s ]
INFO: Run Behavior\ParseTemplateBehavior [ RunTime:0.005045s ]
INFO: [ view_parse ] --END-- [ RunTime:0.005093s ]
INFO: [ view_filter ] --START--
INFO: Run Behavior\WriteHtmlCacheBehavior [ RunTime:0.000266s ]
INFO: [ view_filter ] --END-- [ RunTime:0.000304s ]
INFO: [ app_end ] --START--
INFO: Run Behavior\ShowPageTraceBehavior [ RunTime:0.000471s ]
INFO: [ app_end ] --END-- [ RunTime:0.000512s ]

[ 2017-05-19T03:46:32+08:00 ] 66.249.73.237 /Mobile/sort_cat?sc_id=185
INFO: [ app_init ] --START--
INFO: Run Behavior\BuildLiteBehavior [ RunTime:0.000012s ]
INFO: [ app_init ] --END-- [ RunTime:0.000376s ]
INFO: [ app_begin ] --START--
INFO: Run Behavior\ReadHtmlCacheBehavior [ RunTime:0.000466s ]
INFO: [ app_begin ] --END-- [ RunTime:0.000514s ]
INFO: [ view_parse ] --START--
INFO: [ template_filter ] --START--
INFO: Run Behavior\ContentReplaceBehavior [ RunTime:0.000044s ]
INFO: [ template_filter ] --END-- [ RunTime:0.000092s ]
INFO: Run Behavior\ParseTemplateBehavior [ RunTime:0.005219s ]
INFO: [ view_parse ] --END-- [ RunTime:0.005275s ]
INFO: [ view_filter ] --START--
INFO: Run Behavior\WriteHtmlCacheBehavior [ RunTime:0.000261s ]
INFO: [ view_filter ] --END-- [ RunTime:0.000296s ]
INFO: [ app_end ] --START--
INFO: Run Behavior\ShowPageTraceBehavior [ RunTime:0.000474s ]
INFO: [ app_end ] --END-- [ RunTime:0.000513s ]

[ 2017-05-19T03:51:28+08:00 ] 66.249.73.234 /Mobile/sort_cat?sc_id=414
INFO: [ app_init ] --START--
INFO: Run Behavior\BuildLiteBehavior [ RunTime:0.000013s ]
INFO: [ app_init ] --END-- [ RunTime:0.000404s ]
INFO: [ app_begin ] --START--
INFO: Run Behavior\ReadHtmlCacheBehavior [ RunTime:0.000446s ]
INFO: [ app_begin ] --END-- [ RunTime:0.000496s ]
INFO: [ view_parse ] --START--
INFO: [ template_filter ] --START--
INFO: Run Behavior\ContentReplaceBehavior [ RunTime:0.000039s ]
INFO: [ template_filter ] --END-- [ RunTime:0.000079s ]
INFO: Run Behavior\ParseTemplateBehavior [ RunTime:0.004949s ]
INFO: [ view_parse ] --END-- [ RunTime:0.004997s ]
INFO: [ view_filter ] --START--
INFO: Run Behavior\WriteHtmlCacheBehavior [ RunTime:0.000254s ]
INFO: [ view_filter ] --END-- [ RunTime:0.000288s ]
INFO: [ app_end ] --START--
INFO: Run Behavior\ShowPageTraceBehavior [ RunTime:0.000485s ]
INFO: [ app_end ] --END-- [ RunTime:0.000524s ]

[ 2017-05-19T03:55:39+08:00 ] 66.249.73.231 /Mobile/sort_cat?sc_id=873
INFO: [ app_init ] --START--
INFO: Run Behavior\BuildLiteBehavior [ RunTime:0.000013s ]
INFO: [ app_init ] --END-- [ RunTime:0.000381s ]
INFO: [ app_begin ] --START--
INFO: Run Behavior\ReadHtmlCacheBehavior [ RunTime:0.000446s ]
INFO: [ app_begin ] --END-- [ RunTime:0.000494s ]
INFO: [ view_parse ] --START--
INFO: [ template_filter ] --START--
INFO: Run Behavior\ContentReplaceBehavior [ RunTime:0.000042s ]
INFO: [ template_filter ] --END-- [ RunTime:0.000086s ]
INFO: Run Behavior\ParseTemplateBehavior [ RunTime:0.005055s ]
INFO: [ view_parse ] --END-- [ RunTime:0.005104s ]
INFO: [ view_filter ] --START--
INFO: Run Behavior\WriteHtmlCacheBehavior [ RunTime:0.000266s ]
INFO: [ view_filter ] --END-- [ RunTime:0.000304s ]
INFO: [ app_end ] --START--
INFO: Run Behavior\ShowPageTraceBehavior [ RunTime:0.000500s ]
INFO: [ app_end ] --END-- [ RunTime:0.000543s ]

[ 2017-05-19T03:56:11+08:00 ] 66.249.73.237 /Mobile/sort_cat?sc_id=248
INFO: [ app_init ] --START--
INFO: Run Behavior\BuildLiteBehavior [ RunTime:0.000013s ]
INFO: [ app_init ] --END-- [ RunTime:0.000399s ]
INFO: [ app_begin ] --START--
INFO: Run Behavior\ReadHtmlCacheBehavior [ RunTime:0.000444s ]
INFO: [ app_begin ] --END-- [ RunTime:0.000492s ]
INFO: [ view_parse ] --START--
INFO: [ template_filter ] --START--
INFO: Run Behavior\ContentReplaceBehavior [ RunTime:0.000042s ]
INFO: [ template_filter ] --END-- [ RunTime:0.000082s ]
INFO: Run Behavior\ParseTemplateBehavior [ RunTime:0.005039s ]
INFO: [ view_parse ] --END-- [ RunTime:0.005087s ]
INFO: [ view_filter ] --START--
INFO: Run Behavior\WriteHtmlCacheBehavior [ RunTime:0.000262s ]
INFO: [ view_filter ] --END-- [ RunTime:0.000297s ]
INFO: [ app_end ] --START--
INFO: Run Behavior\ShowPageTraceBehavior [ RunTime:0.000506s ]
INFO: [ app_end ] --END-- [ RunTime:0.000546s ]

[ 2017-05-19T04:00:07+08:00 ] 66.249.73.231 /Mobile/sort_cat?sc_id=741
INFO: [ app_init ] --START--
INFO: Run Behavior\BuildLiteBehavior [ RunTime:0.000013s ]
INFO: [ app_init ] --END-- [ RunTime:0.000384s ]
INFO: [ app_begin ] --START--
INFO: Run Behavior\ReadHtmlCacheBehavior [ RunTime:0.000493s ]
INFO: [ app_begin ] --END-- [ RunTime:0.000543s ]
INFO: [ view_parse ] --START--
INFO: [ template_filter ] --START--
INFO: Run Behavior\ContentReplaceBehavior [ RunTime:0.000042s ]
INFO: [ template_filter ] --END-- [ RunTime:0.000082s ]
INFO: Run Behavior\ParseTemplateBehavior [ RunTime:0.005047s ]
INFO: [ view_parse ] --END-- [ RunTime:0.005093s ]
INFO: [ view_filter ] --START--
INFO: Run Behavior\WriteHtmlCacheBehavior [ RunTime:0.000281s ]
INFO: [ view_filter ] --END-- [ RunTime:0.000317s ]
INFO: [ app_end ] --START--
INFO: Run Behavior\ShowPageTraceBehavior [ RunTime:0.000460s ]
INFO: [ app_end ] --END-- [ RunTime:0.000499s ]

[ 2017-05-19T04:01:00+08:00 ] 66.249.73.237 /Mobile/sort_cat?sc_id=620
INFO: [ app_init ] --START--
INFO: Run Behavior\BuildLiteBehavior [ RunTime:0.000013s ]
INFO: [ app_init ] --END-- [ RunTime:0.000378s ]
INFO: [ app_begin ] --START--
INFO: Run Behavior\ReadHtmlCacheBehavior [ RunTime:0.000474s ]
INFO: [ app_begin ] --END-- [ RunTime:0.000522s ]
INFO: [ view_parse ] --START--
INFO: [ template_filter ] --START--
INFO: Run Behavior\ContentReplaceBehavior [ RunTime:0.000046s ]
INFO: [ template_filter ] --END-- [ RunTime:0.000087s ]
INFO: Run Behavior\ParseTemplateBehavior [ RunTime:0.004955s ]
INFO: [ view_parse ] --END-- [ RunTime:0.005001s ]
INFO: [ view_filter ] --START--
INFO: Run Behavior\WriteHtmlCacheBehavior [ RunTime:0.000253s ]
INFO: [ view_filter ] --END-- [ RunTime:0.000287s ]
INFO: [ app_end ] --START--
INFO: Run Behavior\ShowPageTraceBehavior [ RunTime:0.000487s ]
INFO: [ app_end ] --END-- [ RunTime:0.000526s ]

[ 2017-05-19T04:03:48+08:00 ] 66.249.73.234 /Mobile/sort_cat?sc_id=1084
INFO: [ app_init ] --START--
INFO: Run Behavior\BuildLiteBehavior [ RunTime:0.000013s ]
INFO: [ app_init ] --END-- [ RunTime:0.000392s ]
INFO: [ app_begin ] --START--
INFO: Run Behavior\ReadHtmlCacheBehavior [ RunTime:0.000444s ]
INFO: [ app_begin ] --END-- [ RunTime:0.000493s ]
INFO: [ view_parse ] --START--
INFO: [ template_filter ] --START--
INFO: Run Behavior\ContentReplaceBehavior [ RunTime:0.000042s ]
INFO: [ template_filter ] --END-- [ RunTime:0.000083s ]
INFO: Run Behavior\ParseTemplateBehavior [ RunTime:0.005036s ]
INFO: [ view_parse ] --END-- [ RunTime:0.005083s ]
INFO: [ view_filter ] --START--
INFO: Run Behavior\WriteHtmlCacheBehavior [ RunTime:0.000260s ]
INFO: [ view_filter ] --END-- [ RunTime:0.000296s ]
INFO: [ app_end ] --START--
INFO: Run Behavior\ShowPageTraceBehavior [ RunTime:0.000471s ]
INFO: [ app_end ] --END-- [ RunTime:0.000527s ]

[ 2017-05-19T04:06:41+08:00 ] 66.249.73.231 /Mobile/sort_cat?sc_id=1473
INFO: [ app_init ] --START--
INFO: Run Behavior\BuildLiteBehavior [ RunTime:0.000013s ]
INFO: [ app_init ] --END-- [ RunTime:0.000386s ]
INFO: [ app_begin ] --START--
INFO: Run Behavior\ReadHtmlCacheBehavior [ RunTime:0.000462s ]
INFO: [ app_begin ] --END-- [ RunTime:0.000509s ]
INFO: [ view_parse ] --START--
INFO: [ template_filter ] --START--
INFO: Run Behavior\ContentReplaceBehavior [ RunTime:0.000041s ]
INFO: [ template_filter ] --END-- [ RunTime:0.000081s ]
INFO: Run Behavior\ParseTemplateBehavior [ RunTime:0.004959s ]
INFO: [ view_parse ] --END-- [ RunTime:0.005005s ]
INFO: [ view_filter ] --START--
INFO: Run Behavior\WriteHtmlCacheBehavior [ RunTime:0.000254s ]
INFO: [ view_filter ] --END-- [ RunTime:0.000288s ]
INFO: [ app_end ] --START--
INFO: Run Behavior\ShowPageTraceBehavior [ RunTime:0.000486s ]
INFO: [ app_end ] --END-- [ RunTime:0.000527s ]

[ 2017-05-19T04:10:56+08:00 ] 66.249.73.234 /Mobile/sort_cat?sc_id=1321
INFO: [ app_init ] --START--
INFO: Run Behavior\BuildLiteBehavior [ RunTime:0.000013s ]
INFO: [ app_init ] --END-- [ RunTime:0.000378s ]
INFO: [ app_begin ] --START--
INFO: Run Behavior\ReadHtmlCacheBehavior [ RunTime:0.000469s ]
INFO: [ app_begin ] --END-- [ RunTime:0.000518s ]
INFO: [ view_parse ] --START--
INFO: [ template_filter ] --START--
INFO: Run Behavior\ContentReplaceBehavior [ RunTime:0.000039s ]
INFO: [ template_filter ] --END-- [ RunTime:0.000079s ]
INFO: Run Behavior\ParseTemplateBehavior [ RunTime:0.005087s ]
INFO: [ view_parse ] --END-- [ RunTime:0.005135s ]
INFO: [ view_filter ] --START--
INFO: Run Behavior\WriteHtmlCacheBehavior [ RunTime:0.000254s ]
INFO: [ view_filter ] --END-- [ RunTime:0.000287s ]
INFO: [ app_end ] --START--
INFO: Run Behavior\ShowPageTraceBehavior [ RunTime:0.000480s ]
INFO: [ app_end ] --END-- [ RunTime:0.000520s ]

[ 2017-05-19T04:15:30+08:00 ] 66.249.73.234 /Mobile/sort_cat?sc_id=1395
INFO: [ app_init ] --START--
INFO: Run Behavior\BuildLiteBehavior [ RunTime:0.000013s ]
INFO: [ app_init ] --END-- [ RunTime:0.000391s ]
INFO: [ app_begin ] --START--
INFO: Run Behavior\ReadHtmlCacheBehavior [ RunTime:0.000443s ]
INFO: [ app_begin ] --END-- [ RunTime:0.000489s ]
INFO: [ view_parse ] --START--
INFO: [ template_filter ] --START--
INFO: Run Behavior\ContentReplaceBehavior [ RunTime:0.000039s ]
INFO: [ template_filter ] --END-- [ RunTime:0.000079s ]
INFO: Run Behavior\ParseTemplateBehavior [ RunTime:0.004958s ]
INFO: [ view_parse ] --END-- [ RunTime:0.005004s ]
INFO: [ view_filter ] --START--
INFO: Run Behavior\WriteHtmlCacheBehavior [ RunTime:0.000254s ]
INFO: [ view_filter ] --END-- [ RunTime:0.000289s ]
INFO: [ app_end ] --START--
INFO: Run Behavior\ShowPageTraceBehavior [ RunTime:0.000480s ]
INFO: [ app_end ] --END-- [ RunTime:0.000519s ]

[ 2017-05-19T04:15:58+08:00 ] 66.249.73.231 /Mobile/sort_cat?sc_id=1181
INFO: [ app_init ] --START--
INFO: Run Behavior\BuildLiteBehavior [ RunTime:0.000013s ]
INFO: [ app_init ] --END-- [ RunTime:0.000372s ]
INFO: [ app_begin ] --START--
INFO: Run Behavior\ReadHtmlCacheBehavior [ RunTime:0.000479s ]
INFO: [ app_begin ] --END-- [ RunTime:0.000526s ]
INFO: [ view_parse ] --START--
INFO: [ template_filter ] --START--
INFO: Run Behavior\ContentReplaceBehavior [ RunTime:0.000040s ]
INFO: [ template_filter ] --END-- [ RunTime:0.000100s ]
INFO: Run Behavior\ParseTemplateBehavior [ RunTime:0.004895s ]
INFO: [ view_parse ] --END-- [ RunTime:0.004939s ]
INFO: [ view_filter ] --START--
INFO: Run Behavior\WriteHtmlCacheBehavior [ RunTime:0.000252s ]
INFO: [ view_filter ] --END-- [ RunTime:0.000285s ]
INFO: [ app_end ] --START--
INFO: Run Behavior\ShowPageTraceBehavior [ RunTime:0.000480s ]
INFO: [ app_end ] --END-- [ RunTime:0.000518s ]

[ 2017-05-19T04:39:53+08:00 ] 66.249.73.234 /index.php/Home/CompanyInfo/lists/scid/1321.html
INFO: [ app_init ] --START--
INFO: Run Behavior\BuildLiteBehavior [ RunTime:0.000013s ]
INFO: [ app_init ] --END-- [ RunTime:0.000376s ]
INFO: [ app_begin ] --START--
INFO: Run Behavior\ReadHtmlCacheBehavior [ RunTime:0.000462s ]
INFO: [ app_begin ] --END-- [ RunTime:0.000508s ]
SQL: SHOW COLUMNS FROM `yd_navigation` [ RunTime:0.0011s ]
SQL: SELECT * FROM `yd_navigation` WHERE `is_show` = 1 AND `pid` = 0  [ RunTime:0.0002s ]
SQL: SHOW COLUMNS FROM `yd_system` [ RunTime:0.0008s ]
SQL: SELECT * FROM `yd_system` LIMIT 1   [ RunTime:0.0001s ]
SQL: SHOW COLUMNS FROM `yd_company_info` [ RunTime:0.0009s ]
SQL: SELECT * FROM `yd_company_info` WHERE `com_scid` = 1321 AND `com_status` = 1 ORDER BY com_id desc LIMIT 5   [ RunTime:0.0002s ]
SQL: SELECT COUNT(*) AS tp_count FROM `yd_company_info` WHERE `com_scid` = 1321 AND `com_status` = 1 LIMIT 1   [ RunTime:0.0001s ]
SQL: SELECT * FROM `yd_company_info` WHERE `com_scid` = 1321 AND `com_status` = 1 ORDER BY com_id desc LIMIT 0,10   [ RunTime:0.0002s ]
INFO: [ view_parse ] --START--
INFO: [ template_filter ] --START--
INFO: Run Behavior\ContentReplaceBehavior [ RunTime:0.000052s ]
INFO: [ template_filter ] --END-- [ RunTime:0.000098s ]
INFO: Run Behavior\ParseTemplateBehavior [ RunTime:0.009764s ]
INFO: [ view_parse ] --END-- [ RunTime:0.009808s ]
INFO: [ view_filter ] --START--
INFO: Run Behavior\WriteHtmlCacheBehavior [ RunTime:0.000254s ]
INFO: [ view_filter ] --END-- [ RunTime:0.000289s ]
INFO: [ app_end ] --START--
INFO: Run Behavior\ShowPageTraceBehavior [ RunTime:0.000486s ]
INFO: [ app_end ] --END-- [ RunTime:0.000531s ]

[ 2017-05-19T09:17:30+08:00 ] 180.153.214.197 /mobile/detail?com_id=67
INFO: [ app_init ] --START--
INFO: Run Behavior\BuildLiteBehavior [ RunTime:0.000013s ]
INFO: [ app_init ] --END-- [ RunTime:0.000384s ]
INFO: [ app_begin ] --START--
INFO: Run Behavior\ReadHtmlCacheBehavior [ RunTime:0.000476s ]
INFO: [ app_begin ] --END-- [ RunTime:0.000526s ]

[ 2017-05-19T09:17:30+08:00 ] 180.153.214.197 /index/index
INFO: [ app_init ] --START--
INFO: Run Behavior\BuildLiteBehavior [ RunTime:0.000012s ]
INFO: [ app_init ] --END-- [ RunTime:0.000359s ]
INFO: [ app_begin ] --START--
INFO: Run Behavior\ReadHtmlCacheBehavior [ RunTime:0.000473s ]
INFO: [ app_begin ] --END-- [ RunTime:0.000521s ]
SQL: SHOW COLUMNS FROM `yd_navigation` [ RunTime:0.0010s ]
SQL: SELECT * FROM `yd_navigation` WHERE `is_show` = 1 AND `pid` = 0  [ RunTime:0.0002s ]
SQL: SHOW COLUMNS FROM `yd_system` [ RunTime:0.0008s ]
SQL: SELECT * FROM `yd_system` LIMIT 1   [ RunTime:0.0001s ]
SQL: SHOW COLUMNS FROM `yd_company_info` [ RunTime:0.0009s ]
SQL: SELECT * FROM `yd_company_info` WHERE `com_is_rec` = 1 AND `com_status` = 1 LIMIT 30   [ RunTime:0.0002s ]
SQL: SHOW COLUMNS FROM `yd_image` [ RunTime:0.0008s ]
SQL: SELECT `img_id` FROM `yd_image` WHERE `img_storeid` = 606 LIMIT 1   [ RunTime:0.0001s ]
SQL: SELECT `img_id` FROM `yd_image` WHERE `img_storeid` = 622 LIMIT 1   [ RunTime:0.0001s ]
SQL: SELECT * FROM `yd_navigation` WHERE `is_show` = 1 AND `pid` = 0  [ RunTime:0.0001s ]
SQL: SHOW COLUMNS FROM `yd_shuffling` [ RunTime:0.0008s ]
SQL: SELECT * FROM `yd_shuffling` WHERE `is_show` = 1 AND `pid` = 1  [ RunTime:0.0001s ]
SQL: SELECT * FROM `yd_shuffling` WHERE `is_show` = 1 AND `pid` = 6  [ RunTime:0.0001s ]
INFO: [ view_parse ] --START--
INFO: [ template_filter ] --START--
INFO: Run Behavior\ContentReplaceBehavior [ RunTime:0.000060s ]
INFO: [ template_filter ] --END-- [ RunTime:0.000101s ]
NOTIC: [8] Use of undefined constant img - assumed 'img' /mnt/web/spectrum/public_html/Application/Runtime/Cache/Home/2a94b8bda04ff446dcedd42276fc99ee.php 第 66 行.
NOTIC: [8] Use of undefined constant img - assumed 'img' /mnt/web/spectrum/public_html/Application/Runtime/Cache/Home/2a94b8bda04ff446dcedd42276fc99ee.php 第 66 行.
NOTIC: [8] Use of undefined constant scid - assumed 'scid' /mnt/web/spectrum/public_html/Application/Runtime/Cache/Home/2a94b8bda04ff446dcedd42276fc99ee.php 第 107 行.
NOTIC: [8] Use of undefined constant scid - assumed 'scid' /mnt/web/spectrum/public_html/Application/Runtime/Cache/Home/2a94b8bda04ff446dcedd42276fc99ee.php 第 107 行.
NOTIC: [8] Use of undefined constant scid - assumed 'scid' /mnt/web/spectrum/public_html/Application/Runtime/Cache/Home/2a94b8bda04ff446dcedd42276fc99ee.php 第 107 行.
NOTIC: [8] Use of undefined constant scid - assumed 'scid' /mnt/web/spectrum/public_html/Application/Runtime/Cache/Home/2a94b8bda04ff446dcedd42276fc99ee.php 第 107 行.
NOTIC: [8] Use of undefined constant scid - assumed 'scid' /mnt/web/spectrum/public_html/Application/Runtime/Cache/Home/2a94b8bda04ff446dcedd42276fc99ee.php 第 107 行.
NOTIC: [8] Use of undefined constant scid - assumed 'scid' /mnt/web/spectrum/public_html/Application/Runtime/Cache/Home/2a94b8bda04ff446dcedd42276fc99ee.php 第 107 行.
NOTIC: [8] Use of undefined constant scid - assumed 'scid' /mnt/web/spectrum/public_html/Application/Runtime/Cache/Home/2a94b8bda04ff446dcedd42276fc99ee.php 第 107 行.
NOTIC: [8] Use of undefined constant scid - assumed 'scid' /mnt/web/spectrum/public_html/Application/Runtime/Cache/Home/2a94b8bda04ff446dcedd42276fc99ee.php 第 107 行.
NOTIC: [8] Use of undefined constant scid - assumed 'scid' /mnt/web/spectrum/public_html/Application/Runtime/Cache/Home/2a94b8bda04ff446dcedd42276fc99ee.php 第 107 行.
NOTIC: [8] Use of undefined constant scid - assumed 'scid' /mnt/web/spectrum/public_html/Application/Runtime/Cache/Home/2a94b8bda04ff446dcedd42276fc99ee.php 第 107 行.
NOTIC: [8] Use of undefined constant scid - assumed 'scid' /mnt/web/spectrum/public_html/Application/Runtime/Cache/Home/2a94b8bda04ff446dcedd42276fc99ee.php 第 107 行.
NOTIC: [8] Use of undefined constant scid - assumed 'scid' /mnt/web/spectrum/public_html/Application/Runtime/Cache/Home/2a94b8bda04ff446dcedd42276fc99ee.php 第 107 行.
NOTIC: [8] Use of undefined constant scid - assumed 'scid' /mnt/web/spectrum/public_html/Application/Runtime/Cache/Home/2a94b8bda04ff446dcedd42276fc99ee.php 第 107 行.
NOTIC: [8] Use of undefined constant scid - assumed 'scid' /mnt/web/spectrum/public_html/Application/Runtime/Cache/Home/2a94b8bda04ff446dcedd42276fc99ee.php 第 107 行.
NOTIC: [8] Use of undefined constant scid - assumed 'scid' /mnt/web/spectrum/public_html/Application/Runtime/Cache/Home/2a94b8bda04ff446dcedd42276fc99ee.php 第 107 行.
NOTIC: [8] Use of undefined constant scid - assumed 'scid' /mnt/web/spectrum/public_html/Application/Runtime/Cache/Home/2a94b8bda04ff446dcedd42276fc99ee.php 第 107 行.
INFO: Run Behavior\ParseTemplateBehavior [ RunTime:0.010902s ]
INFO: [ view_parse ] --END-- [ RunTime:0.010942s ]
INFO: [ view_filter ] --START--
INFO: Run Behavior\WriteHtmlCacheBehavior [ RunTime:0.000283s ]
INFO: [ view_filter ] --END-- [ RunTime:0.000320s ]
INFO: [ app_end ] --START--
INFO: Run Behavior\ShowPageTraceBehavior [ RunTime:0.000507s ]
INFO: [ app_end ] --END-- [ RunTime:0.000558s ]

[ 2017-05-19T09:19:26+08:00 ] 117.185.27.113 /Mobile/index.html
INFO: [ app_init ] --START--
INFO: Run Behavior\BuildLiteBehavior [ RunTime:0.000013s ]
INFO: [ app_init ] --END-- [ RunTime:0.000405s ]
INFO: [ app_begin ] --START--
INFO: Run Behavior\ReadHtmlCacheBehavior [ RunTime:0.000451s ]
INFO: [ app_begin ] --END-- [ RunTime:0.000498s ]

[ 2017-05-19T09:19:26+08:00 ] 117.185.27.113 /index/index
INFO: [ app_init ] --START--
INFO: Run Behavior\BuildLiteBehavior [ RunTime:0.000013s ]
INFO: [ app_init ] --END-- [ RunTime:0.000389s ]
INFO: [ app_begin ] --START--
INFO: Run Behavior\ReadHtmlCacheBehavior [ RunTime:0.000448s ]
INFO: [ app_begin ] --END-- [ RunTime:0.000495s ]
SQL: SHOW COLUMNS FROM `yd_navigation` [ RunTime:0.0011s ]
SQL: SELECT * FROM `yd_navigation` WHERE `is_show` = 1 AND `pid` = 0  [ RunTime:0.0002s ]
SQL: SHOW COLUMNS FROM `yd_system` [ RunTime:0.0008s ]
SQL: SELECT * FROM `yd_system` LIMIT 1   [ RunTime:0.0001s ]
SQL: SHOW COLUMNS FROM `yd_company_info` [ RunTime:0.0009s ]
SQL: SELECT * FROM `yd_company_info` WHERE `com_is_rec` = 1 AND `com_status` = 1 LIMIT 30   [ RunTime:0.0002s ]
SQL: SHOW COLUMNS FROM `yd_image` [ RunTime:0.0008s ]
SQL: SELECT `img_id` FROM `yd_image` WHERE `img_storeid` = 606 LIMIT 1   [ RunTime:0.0001s ]
SQL: SELECT `img_id` FROM `yd_image` WHERE `img_storeid` = 622 LIMIT 1   [ RunTime:0.0001s ]
SQL: SELECT * FROM `yd_navigation` WHERE `is_show` = 1 AND `pid` = 0  [ RunTime:0.0001s ]
SQL: SHOW COLUMNS FROM `yd_shuffling` [ RunTime:0.0008s ]
SQL: SELECT * FROM `yd_shuffling` WHERE `is_show` = 1 AND `pid` = 1  [ RunTime:0.0001s ]
SQL: SELECT * FROM `yd_shuffling` WHERE `is_show` = 1 AND `pid` = 6  [ RunTime:0.0001s ]
INFO: [ view_parse ] --START--
INFO: [ template_filter ] --START--
INFO: Run Behavior\ContentReplaceBehavior [ RunTime:0.000055s ]
INFO: [ template_filter ] --END-- [ RunTime:0.000095s ]
NOTIC: [8] Use of undefined constant img - assumed 'img' /mnt/web/spectrum/public_html/Application/Runtime/Cache/Home/2a94b8bda04ff446dcedd42276fc99ee.php 第 66 行.
NOTIC: [8] Use of undefined constant img - assumed 'img' /mnt/web/spectrum/public_html/Application/Runtime/Cache/Home/2a94b8bda04ff446dcedd42276fc99ee.php 第 66 行.
NOTIC: [8] Use of undefined constant scid - assumed 'scid' /mnt/web/spectrum/public_html/Application/Runtime/Cache/Home/2a94b8bda04ff446dcedd42276fc99ee.php 第 107 行.
NOTIC: [8] Use of undefined constant scid - assumed 'scid' /mnt/web/spectrum/public_html/Application/Runtime/Cache/Home/2a94b8bda04ff446dcedd42276fc99ee.php 第 107 行.
NOTIC: [8] Use of undefined constant scid - assumed 'scid' /mnt/web/spectrum/public_html/Application/Runtime/Cache/Home/2a94b8bda04ff446dcedd42276fc99ee.php 第 107 行.
NOTIC: [8] Use of undefined constant scid - assumed 'scid' /mnt/web/spectrum/public_html/Application/Runtime/Cache/Home/2a94b8bda04ff446dcedd42276fc99ee.php 第 107 行.
NOTIC: [8] Use of undefined constant scid - assumed 'scid' /mnt/web/spectrum/public_html/Application/Runtime/Cache/Home/2a94b8bda04ff446dcedd42276fc99ee.php 第 107 行.
NOTIC: [8] Use of undefined constant scid - assumed 'scid' /mnt/web/spectrum/public_html/Application/Runtime/Cache/Home/2a94b8bda04ff446dcedd42276fc99ee.php 第 107 行.
NOTIC: [8] Use of undefined constant scid - assumed 'scid' /mnt/web/spectrum/public_html/Application/Runtime/Cache/Home/2a94b8bda04ff446dcedd42276fc99ee.php 第 107 行.
NOTIC: [8] Use of undefined constant scid - assumed 'scid' /mnt/web/spectrum/public_html/Application/Runtime/Cache/Home/2a94b8bda04ff446dcedd42276fc99ee.php 第 107 行.
NOTIC: [8] Use of undefined constant scid - assumed 'scid' /mnt/web/spectrum/public_html/Application/Runtime/Cache/Home/2a94b8bda04ff446dcedd42276fc99ee.php 第 107 行.
NOTIC: [8] Use of undefined constant scid - assumed 'scid' /mnt/web/spectrum/public_html/Application/Runtime/Cache/Home/2a94b8bda04ff446dcedd42276fc99ee.php 第 107 行.
NOTIC: [8] Use of undefined constant scid - assumed 'scid' /mnt/web/spectrum/public_html/Application/Runtime/Cache/Home/2a94b8bda04ff446dcedd42276fc99ee.php 第 107 行.
NOTIC: [8] Use of undefined constant scid - assumed 'scid' /mnt/web/spectrum/public_html/Application/Runtime/Cache/Home/2a94b8bda04ff446dcedd42276fc99ee.php 第 107 行.
NOTIC: [8] Use of undefined constant scid - assumed 'scid' /mnt/web/spectrum/public_html/Application/Runtime/Cache/Home/2a94b8bda04ff446dcedd42276fc99ee.php 第 107 行.
NOTIC: [8] Use of undefined constant scid - assumed 'scid' /mnt/web/spectrum/public_html/Application/Runtime/Cache/Home/2a94b8bda04ff446dcedd42276fc99ee.php 第 107 行.
NOTIC: [8] Use of undefined constant scid - assumed 'scid' /mnt/web/spectrum/public_html/Application/Runtime/Cache/Home/2a94b8bda04ff446dcedd42276fc99ee.php 第 107 行.
NOTIC: [8] Use of undefined constant scid - assumed 'scid' /mnt/web/spectrum/public_html/Application/Runtime/Cache/Home/2a94b8bda04ff446dcedd42276fc99ee.php 第 107 行.
INFO: Run Behavior\ParseTemplateBehavior [ RunTime:0.010828s ]
INFO: [ view_parse ] --END-- [ RunTime:0.010868s ]
INFO: [ view_filter ] --START--
INFO: Run Behavior\WriteHtmlCacheBehavior [ RunTime:0.000263s ]
INFO: [ view_filter ] --END-- [ RunTime:0.000297s ]
INFO: [ app_end ] --START--
INFO: Run Behavior\ShowPageTraceBehavior [ RunTime:0.000485s ]
INFO: [ app_end ] --END-- [ RunTime:0.000533s ]

[ 2017-05-19T09:19:29+08:00 ] 180.153.214.197 /
INFO: [ app_init ] --START--
INFO: Run Behavior\BuildLiteBehavior [ RunTime:0.000013s ]
INFO: [ app_init ] --END-- [ RunTime:0.000401s ]
INFO: [ app_begin ] --START--
INFO: Run Behavior\ReadHtmlCacheBehavior [ RunTime:0.000449s ]
INFO: [ app_begin ] --END-- [ RunTime:0.000496s ]
SQL: SHOW COLUMNS FROM `yd_navigation` [ RunTime:0.0011s ]
SQL: SELECT * FROM `yd_navigation` WHERE `is_show` = 1 AND `pid` = 0  [ RunTime:0.0002s ]
SQL: SHOW COLUMNS FROM `yd_system` [ RunTime:0.0008s ]
SQL: SELECT * FROM `yd_system` LIMIT 1   [ RunTime:0.0001s ]
SQL: SHOW COLUMNS FROM `yd_company_info` [ RunTime:0.0009s ]
SQL: SELECT * FROM `yd_company_info` WHERE `com_is_rec` = 1 AND `com_status` = 1 LIMIT 30   [ RunTime:0.0002s ]
SQL: SHOW COLUMNS FROM `yd_image` [ RunTime:0.0008s ]
SQL: SELECT `img_id` FROM `yd_image` WHERE `img_storeid` = 606 LIMIT 1   [ RunTime:0.0001s ]
SQL: SELECT `img_id` FROM `yd_image` WHERE `img_storeid` = 622 LIMIT 1   [ RunTime:0.0001s ]
SQL: SELECT * FROM `yd_navigation` WHERE `is_show` = 1 AND `pid` = 0  [ RunTime:0.0002s ]
SQL: SHOW COLUMNS FROM `yd_shuffling` [ RunTime:0.0008s ]
SQL: SELECT * FROM `yd_shuffling` WHERE `is_show` = 1 AND `pid` = 1  [ RunTime:0.0001s ]
SQL: SELECT * FROM `yd_shuffling` WHERE `is_show` = 1 AND `pid` = 6  [ RunTime:0.0001s ]
INFO: [ view_parse ] --START--
INFO: [ template_filter ] --START--
INFO: Run Behavior\ContentReplaceBehavior [ RunTime:0.000073s ]
INFO: [ template_filter ] --END-- [ RunTime:0.000116s ]
NOTIC: [8] Use of undefined constant img - assumed 'img' /mnt/web/spectrum/public_html/Application/Runtime/Cache/Home/2a94b8bda04ff446dcedd42276fc99ee.php 第 66 行.
NOTIC: [8] Use of undefined constant img - assumed 'img' /mnt/web/spectrum/public_html/Application/Runtime/Cache/Home/2a94b8bda04ff446dcedd42276fc99ee.php 第 66 行.
NOTIC: [8] Use of undefined constant scid - assumed 'scid' /mnt/web/spectrum/public_html/Application/Runtime/Cache/Home/2a94b8bda04ff446dcedd42276fc99ee.php 第 107 行.
NOTIC: [8] Use of undefined constant scid - assumed 'scid' /mnt/web/spectrum/public_html/Application/Runtime/Cache/Home/2a94b8bda04ff446dcedd42276fc99ee.php 第 107 行.
NOTIC: [8] Use of undefined constant scid - assumed 'scid' /mnt/web/spectrum/public_html/Application/Runtime/Cache/Home/2a94b8bda04ff446dcedd42276fc99ee.php 第 107 行.
NOTIC: [8] Use of undefined constant scid - assumed 'scid' /mnt/web/spectrum/public_html/Application/Runtime/Cache/Home/2a94b8bda04ff446dcedd42276fc99ee.php 第 107 行.
NOTIC: [8] Use of undefined constant scid - assumed 'scid' /mnt/web/spectrum/public_html/Application/Runtime/Cache/Home/2a94b8bda04ff446dcedd42276fc99ee.php 第 107 行.
NOTIC: [8] Use of undefined constant scid - assumed 'scid' /mnt/web/spectrum/public_html/Application/Runtime/Cache/Home/2a94b8bda04ff446dcedd42276fc99ee.php 第 107 行.
NOTIC: [8] Use of undefined constant scid - assumed 'scid' /mnt/web/spectrum/public_html/Application/Runtime/Cache/Home/2a94b8bda04ff446dcedd42276fc99ee.php 第 107 行.
NOTIC: [8] Use of undefined constant scid - assumed 'scid' /mnt/web/spectrum/public_html/Application/Runtime/Cache/Home/2a94b8bda04ff446dcedd42276fc99ee.php 第 107 行.
NOTIC: [8] Use of undefined constant scid - assumed 'scid' /mnt/web/spectrum/public_html/Application/Runtime/Cache/Home/2a94b8bda04ff446dcedd42276fc99ee.php 第 107 行.
NOTIC: [8] Use of undefined constant scid - assumed 'scid' /mnt/web/spectrum/public_html/Application/Runtime/Cache/Home/2a94b8bda04ff446dcedd42276fc99ee.php 第 107 行.
NOTIC: [8] Use of undefined constant scid - assumed 'scid' /mnt/web/spectrum/public_html/Application/Runtime/Cache/Home/2a94b8bda04ff446dcedd42276fc99ee.php 第 107 行.
NOTIC: [8] Use of undefined constant scid - assumed 'scid' /mnt/web/spectrum/public_html/Application/Runtime/Cache/Home/2a94b8bda04ff446dcedd42276fc99ee.php 第 107 行.
NOTIC: [8] Use of undefined constant scid - assumed 'scid' /mnt/web/spectrum/public_html/Application/Runtime/Cache/Home/2a94b8bda04ff446dcedd42276fc99ee.php 第 107 行.
NOTIC: [8] Use of undefined constant scid - assumed 'scid' /mnt/web/spectrum/public_html/Application/Runtime/Cache/Home/2a94b8bda04ff446dcedd42276fc99ee.php 第 107 行.
NOTIC: [8] Use of undefined constant scid - assumed 'scid' /mnt/web/spectrum/public_html/Application/Runtime/Cache/Home/2a94b8bda04ff446dcedd42276fc99ee.php 第 107 行.
NOTIC: [8] Use of undefined constant scid - assumed 'scid' /mnt/web/spectrum/public_html/Application/Runtime/Cache/Home/2a94b8bda04ff446dcedd42276fc99ee.php 第 107 行.
INFO: Run Behavior\ParseTemplateBehavior [ RunTime:0.011157s ]
INFO: [ view_parse ] --END-- [ RunTime:0.011196s ]
INFO: [ view_filter ] --START--
INFO: Run Behavior\WriteHtmlCacheBehavior [ RunTime:0.000262s ]
INFO: [ view_filter ] --END-- [ RunTime:0.000297s ]
INFO: [ app_end ] --START--
INFO: Run Behavior\ShowPageTraceBehavior [ RunTime:0.000471s ]
INFO: [ app_end ] --END-- [ RunTime:0.000528s ]

[ 2017-05-19T10:55:18+08:00 ] 140.205.205.5 /
INFO: [ app_init ] --START--
INFO: Run Behavior\BuildLiteBehavior [ RunTime:0.000013s ]
INFO: [ app_init ] --END-- [ RunTime:0.000405s ]
INFO: [ app_begin ] --START--
INFO: Run Behavior\ReadHtmlCacheBehavior [ RunTime:0.000448s ]
INFO: [ app_begin ] --END-- [ RunTime:0.000496s ]
SQL: SHOW COLUMNS FROM `yd_navigation` [ RunTime:0.0011s ]
SQL: SELECT * FROM `yd_navigation` WHERE `is_show` = 1 AND `pid` = 0  [ RunTime:0.0002s ]
SQL: SHOW COLUMNS FROM `yd_system` [ RunTime:0.0008s ]
SQL: SELECT * FROM `yd_system` LIMIT 1   [ RunTime:0.0001s ]
SQL: SHOW COLUMNS FROM `yd_company_info` [ RunTime:0.0009s ]
SQL: SELECT * FROM `yd_company_info` WHERE `com_is_rec` = 1 AND `com_status` = 1 LIMIT 30   [ RunTime:0.0002s ]
SQL: SHOW COLUMNS FROM `yd_image` [ RunTime:0.0009s ]
SQL: SELECT `img_id` FROM `yd_image` WHERE `img_storeid` = 606 LIMIT 1   [ RunTime:0.0001s ]
SQL: SELECT `img_id` FROM `yd_image` WHERE `img_storeid` = 622 LIMIT 1   [ RunTime:0.0001s ]
SQL: SELECT * FROM `yd_navigation` WHERE `is_show` = 1 AND `pid` = 0  [ RunTime:0.0001s ]
SQL: SHOW COLUMNS FROM `yd_shuffling` [ RunTime:0.0008s ]
SQL: SELECT * FROM `yd_shuffling` WHERE `is_show` = 1 AND `pid` = 1  [ RunTime:0.0001s ]
SQL: SELECT * FROM `yd_shuffling` WHERE `is_show` = 1 AND `pid` = 6  [ RunTime:0.0001s ]
INFO: [ view_parse ] --START--
INFO: [ template_filter ] --START--
INFO: Run Behavior\ContentReplaceBehavior [ RunTime:0.000053s ]
INFO: [ template_filter ] --END-- [ RunTime:0.000094s ]
NOTIC: [8] Use of undefined constant img - assumed 'img' /mnt/web/spectrum/public_html/Application/Runtime/Cache/Home/2a94b8bda04ff446dcedd42276fc99ee.php 第 66 行.
NOTIC: [8] Use of undefined constant img - assumed 'img' /mnt/web/spectrum/public_html/Application/Runtime/Cache/Home/2a94b8bda04ff446dcedd42276fc99ee.php 第 66 行.
NOTIC: [8] Use of undefined constant scid - assumed 'scid' /mnt/web/spectrum/public_html/Application/Runtime/Cache/Home/2a94b8bda04ff446dcedd42276fc99ee.php 第 107 行.
NOTIC: [8] Use of undefined constant scid - assumed 'scid' /mnt/web/spectrum/public_html/Application/Runtime/Cache/Home/2a94b8bda04ff446dcedd42276fc99ee.php 第 107 行.
NOTIC: [8] Use of undefined constant scid - assumed 'scid' /mnt/web/spectrum/public_html/Application/Runtime/Cache/Home/2a94b8bda04ff446dcedd42276fc99ee.php 第 107 行.
NOTIC: [8] Use of undefined constant scid - assumed 'scid' /mnt/web/spectrum/public_html/Application/Runtime/Cache/Home/2a94b8bda04ff446dcedd42276fc99ee.php 第 107 行.
NOTIC: [8] Use of undefined constant scid - assumed 'scid' /mnt/web/spectrum/public_html/Application/Runtime/Cache/Home/2a94b8bda04ff446dcedd42276fc99ee.php 第 107 行.
NOTIC: [8] Use of undefined constant scid - assumed 'scid' /mnt/web/spectrum/public_html/Application/Runtime/Cache/Home/2a94b8bda04ff446dcedd42276fc99ee.php 第 107 行.
NOTIC: [8] Use of undefined constant scid - assumed 'scid' /mnt/web/spectrum/public_html/Application/Runtime/Cache/Home/2a94b8bda04ff446dcedd42276fc99ee.php 第 107 行.
NOTIC: [8] Use of undefined constant scid - assumed 'scid' /mnt/web/spectrum/public_html/Application/Runtime/Cache/Home/2a94b8bda04ff446dcedd42276fc99ee.php 第 107 行.
NOTIC: [8] Use of undefined constant scid - assumed 'scid' /mnt/web/spectrum/public_html/Application/Runtime/Cache/Home/2a94b8bda04ff446dcedd42276fc99ee.php 第 107 行.
NOTIC: [8] Use of undefined constant scid - assumed 'scid' /mnt/web/spectrum/public_html/Application/Runtime/Cache/Home/2a94b8bda04ff446dcedd42276fc99ee.php 第 107 行.
NOTIC: [8] Use of undefined constant scid - assumed 'scid' /mnt/web/spectrum/public_html/Application/Runtime/Cache/Home/2a94b8bda04ff446dcedd42276fc99ee.php 第 107 行.
NOTIC: [8] Use of undefined constant scid - assumed 'scid' /mnt/web/spectrum/public_html/Application/Runtime/Cache/Home/2a94b8bda04ff446dcedd42276fc99ee.php 第 107 行.
NOTIC: [8] Use of undefined constant scid - assumed 'scid' /mnt/web/spectrum/public_html/Application/Runtime/Cache/Home/2a94b8bda04ff446dcedd42276fc99ee.php 第 107 行.
NOTIC: [8] Use of undefined constant scid - assumed 'scid' /mnt/web/spectrum/public_html/Application/Runtime/Cache/Home/2a94b8bda04ff446dcedd42276fc99ee.php 第 107 行.
NOTIC: [8] Use of undefined constant scid - assumed 'scid' /mnt/web/spectrum/public_html/Application/Runtime/Cache/Home/2a94b8bda04ff446dcedd42276fc99ee.php 第 107 行.
NOTIC: [8] Use of undefined constant scid - assumed 'scid' /mnt/web/spectrum/public_html/Application/Runtime/Cache/Home/2a94b8bda04ff446dcedd42276fc99ee.php 第 107 行.
INFO: Run Behavior\ParseTemplateBehavior [ RunTime:0.010743s ]
INFO: [ view_parse ] --END-- [ RunTime:0.010780s ]
INFO: [ view_filter ] --START--
INFO: Run Behavior\WriteHtmlCacheBehavior [ RunTime:0.000263s ]
INFO: [ view_filter ] --END-- [ RunTime:0.000298s ]
INFO: [ app_end ] --START--
INFO: Run Behavior\ShowPageTraceBehavior [ RunTime:0.000483s ]
INFO: [ app_end ] --END-- [ RunTime:0.000530s ]

[ 2017-05-19T11:39:25+08:00 ] 66.249.73.234 /robots.txt
INFO: [ app_init ] --START--
INFO: Run Behavior\BuildLiteBehavior [ RunTime:0.000013s ]
INFO: [ app_init ] --END-- [ RunTime:0.000406s ]
INFO: [ app_begin ] --START--
INFO: Run Behavior\ReadHtmlCacheBehavior [ RunTime:0.000451s ]
INFO: [ app_begin ] --END-- [ RunTime:0.000497s ]
ERR: 无法加载控制器:Robots.txt

[ 2017-05-19T12:58:52+08:00 ] 66.249.73.234 /CompanyInfo/details/id/index/index
INFO: [ app_init ] --START--
INFO: Run Behavior\BuildLiteBehavior [ RunTime:0.000013s ]
INFO: [ app_init ] --END-- [ RunTime:0.000381s ]
INFO: [ app_begin ] --START--
INFO: Run Behavior\ReadHtmlCacheBehavior [ RunTime:0.000500s ]
INFO: [ app_begin ] --END-- [ RunTime:0.000547s ]
SQL: SHOW COLUMNS FROM `yd_navigation` [ RunTime:0.0011s ]
SQL: SELECT * FROM `yd_navigation` WHERE `is_show` = 1 AND `pid` = 0  [ RunTime:0.0002s ]
SQL: SHOW COLUMNS FROM `yd_system` [ RunTime:0.0008s ]
SQL: SELECT * FROM `yd_system` LIMIT 1   [ RunTime:0.0002s ]
SQL: SHOW COLUMNS FROM `yd_company_info` [ RunTime:0.0010s ]
SQL: SELECT * FROM `yd_company_info` WHERE `com_id` = 'index' LIMIT 1   [ RunTime:0.0002s ]
SQL: UPDATE `yd_company_info` SET `com_visit`='1' WHERE `com_id` = 'index' [ RunTime:0.0001s ]
NOTIC: [8] Undefined index: com_url /mnt/web/spectrum/public_html/Application/Home/Model/CompanyInfoModel.class.php 第 82 行.
NOTIC: [8] Undefined index: com_scname /mnt/web/spectrum/public_html/Application/Home/Model/CompanyInfoModel.class.php 第 83 行.
NOTIC: [2] implode(): Invalid arguments passed /mnt/web/spectrum/public_html/Application/Home/Model/CompanyInfoModel.class.php 第 83 行.
NOTIC: [8] Undefined index: com_synopsis /mnt/web/spectrum/public_html/Application/Home/Model/CompanyInfoModel.class.php 第 84 行.
NOTIC: [8] Undefined index: com_content /mnt/web/spectrum/public_html/Application/Home/Model/CompanyInfoModel.class.php 第 85 行.
NOTIC: [8] Undefined index: com_history /mnt/web/spectrum/public_html/Application/Home/Model/CompanyInfoModel.class.php 第 86 行.
NOTIC: [8] Undefined index: com_service /mnt/web/spectrum/public_html/Application/Home/Model/CompanyInfoModel.class.php 第 87 行.
NOTIC: [8] Undefined index: com_honor /mnt/web/spectrum/public_html/Application/Home/Model/CompanyInfoModel.class.php 第 88 行.
NOTIC: [8] Undefined index: com_culture /mnt/web/spectrum/public_html/Application/Home/Model/CompanyInfoModel.class.php 第 89 行.
NOTIC: [8] Undefined index: com_storeid /mnt/web/spectrum/public_html/Application/Home/Model/CompanyInfoModel.class.php 第 95 行.
SQL: SHOW COLUMNS FROM `yd_media` [ RunTime:0.0008s ]
SQL: SELECT * FROM `yd_media` WHERE `med_storeid` = null  [ RunTime:0.0002s ]
INFO: [ view_parse ] --START--
INFO: [ template_filter ] --START--
INFO: Run Behavior\ContentReplaceBehavior [ RunTime:0.000069s ]
INFO: [ template_filter ] --END-- [ RunTime:0.000108s ]
NOTIC: [8] Undefined index: com_storeid /mnt/web/spectrum/public_html/Application/Runtime/Cache/Home/374dfbd58a6a8604c1e65f5e90b3135a.php 第 66 行.
NOTIC: [8] Undefined index: com_province /mnt/web/spectrum/public_html/Application/Runtime/Cache/Home/374dfbd58a6a8604c1e65f5e90b3135a.php 第 73 行.
NOTIC: [8] Undefined index: com_city /mnt/web/spectrum/public_html/Application/Runtime/Cache/Home/374dfbd58a6a8604c1e65f5e90b3135a.php 第 73 行.
NOTIC: [8] Undefined index: com_district /mnt/web/spectrum/public_html/Application/Runtime/Cache/Home/374dfbd58a6a8604c1e65f5e90b3135a.php 第 73 行.
NOTIC: [8] Undefined index: com_detailed /mnt/web/spectrum/public_html/Application/Runtime/Cache/Home/374dfbd58a6a8604c1e65f5e90b3135a.php 第 73 行.
NOTIC: [8] Undefined index: com_id /mnt/web/spectrum/public_html/Application/Runtime/Cache/Home/374dfbd58a6a8604c1e65f5e90b3135a.php 第 100 行.
NOTIC: [8] Undefined index: com_id /mnt/web/spectrum/public_html/Application/Runtime/Cache/Home/374dfbd58a6a8604c1e65f5e90b3135a.php 第 105 行.
NOTIC: [8] Undefined index: com_praise /mnt/web/spectrum/public_html/Application/Runtime/Cache/Home/374dfbd58a6a8604c1e65f5e90b3135a.php 第 107 行.
INFO: Run Behavior\ParseTemplateBehavior [ RunTime:0.009692s ]
INFO: [ view_parse ] --END-- [ RunTime:0.009728s ]
INFO: [ view_filter ] --START--
INFO: Run Behavior\WriteHtmlCacheBehavior [ RunTime:0.000285s ]
INFO: [ view_filter ] --END-- [ RunTime:0.000319s ]
INFO: [ app_end ] --START--
INFO: Run Behavior\ShowPageTraceBehavior [ RunTime:0.000486s ]
INFO: [ app_end ] --END-- [ RunTime:0.000532s ]

[ 2017-05-19T18:44:51+08:00 ] 122.231.39.114 /mobile/detail?com_id=67
INFO: [ app_init ] --START--
INFO: Run Behavior\BuildLiteBehavior [ RunTime:0.000013s ]
INFO: [ app_init ] --END-- [ RunTime:0.000394s ]
INFO: [ app_begin ] --START--
INFO: Run Behavior\ReadHtmlCacheBehavior [ RunTime:0.000447s ]
INFO: [ app_begin ] --END-- [ RunTime:0.000494s ]
SQL: SHOW COLUMNS FROM `yd_company_info` [ RunTime:0.0011s ]
SQL: SELECT * FROM `yd_company_info` WHERE `com_id` = 67 LIMIT 1   [ RunTime:0.0002s ]
SQL: SHOW COLUMNS FROM `yd_image` [ RunTime:0.0008s ]
SQL: SELECT `img_path` FROM `yd_image` WHERE `img_storeid` = 622 LIMIT 1   [ RunTime:0.0001s ]
SQL: SHOW COLUMNS FROM `yd_media` [ RunTime:0.0008s ]
SQL: SELECT * FROM `yd_media` WHERE `med_storeid` = 622  [ RunTime:0.0001s ]
SQL: UPDATE `yd_company_info` SET `com_visit`='470' WHERE `com_id` = 67 [ RunTime:0.0042s ]
INFO: [ view_parse ] --START--
INFO: [ template_filter ] --START--
INFO: Run Behavior\ContentReplaceBehavior [ RunTime:0.000048s ]
INFO: [ template_filter ] --END-- [ RunTime:0.000087s ]
NOTIC: [8] Use of undefined constant com_url - assumed 'com_url' /mnt/web/spectrum/public_html/Application/Runtime/Cache/Home/669dc6af6db9cf04525c429cd2f9805f.php 第 89 行.
NOTIC: [8] Use of undefined constant com_url - assumed 'com_url' /mnt/web/spectrum/public_html/Application/Runtime/Cache/Home/669dc6af6db9cf04525c429cd2f9805f.php 第 89 行.
INFO: Run Behavior\ParseTemplateBehavior [ RunTime:0.006216s ]
INFO: [ view_parse ] --END-- [ RunTime:0.006252s ]
INFO: [ view_filter ] --START--
INFO: Run Behavior\WriteHtmlCacheBehavior [ RunTime:0.000255s ]
INFO: [ view_filter ] --END-- [ RunTime:0.000289s ]
INFO: [ app_end ] --START--
INFO: Run Behavior\ShowPageTraceBehavior [ RunTime:0.000490s ]
INFO: [ app_end ] --END-- [ RunTime:0.000529s ]

[ 2017-05-19T18:58:06+08:00 ] 119.131.76.166 /favicon.ico
INFO: [ app_init ] --START--
INFO: Run Behavior\BuildLiteBehavior [ RunTime:0.000013s ]
INFO: [ app_init ] --END-- [ RunTime:0.000382s ]

[ 2017-05-19T20:29:18+08:00 ] 140.205.225.203 /plginvkcdrjs
INFO: [ app_init ] --START--
INFO: Run Behavior\BuildLiteBehavior [ RunTime:0.000014s ]
INFO: [ app_init ] --END-- [ RunTime:0.000387s ]
INFO: [ app_begin ] --START--
INFO: Run Behavior\ReadHtmlCacheBehavior [ RunTime:0.000461s ]
INFO: [ app_begin ] --END-- [ RunTime:0.000510s ]
ERR: 无法加载控制器:Plginvkcdrjs

[ 2017-05-19T20:29:18+08:00 ] 140.205.225.203 /plginvkcdrjs
INFO: [ app_init ] --START--
INFO: Run Behavior\BuildLiteBehavior [ RunTime:0.000012s ]
INFO: [ app_init ] --END-- [ RunTime:0.000370s ]
INFO: [ app_begin ] --START--
INFO: Run Behavior\ReadHtmlCacheBehavior [ RunTime:0.000456s ]
INFO: [ app_begin ] --END-- [ RunTime:0.000501s ]
ERR: 无法加载控制器:Plginvkcdrjs

[ 2017-05-19T20:29:19+08:00 ] 140.205.225.203 /clusters.jsf
INFO: [ app_init ] --START--
INFO: Run Behavior\BuildLiteBehavior [ RunTime:0.000013s ]
INFO: [ app_init ] --END-- [ RunTime:0.000378s ]
INFO: [ app_begin ] --START--
INFO: Run Behavior\ReadHtmlCacheBehavior [ RunTime:0.000466s ]
INFO: [ app_begin ] --END-- [ RunTime:0.000512s ]
ERR: 无法加载控制器:Clusters.jsf

[ 2017-05-19T20:29:23+08:00 ] 140.205.225.203 /
INFO: [ app_init ] --START--
INFO: Run Behavior\BuildLiteBehavior [ RunTime:0.000012s ]
INFO: [ app_init ] --END-- [ RunTime:0.000370s ]
INFO: [ app_begin ] --START--
INFO: Run Behavior\ReadHtmlCacheBehavior [ RunTime:0.000461s ]
INFO: [ app_begin ] --END-- [ RunTime:0.000526s ]
SQL: SHOW COLUMNS FROM `yd_navigation` [ RunTime:0.0010s ]
SQL: SELECT * FROM `yd_navigation` WHERE `is_show` = 1 AND `pid` = 0  [ RunTime:0.0002s ]
SQL: SHOW COLUMNS FROM `yd_system` [ RunTime:0.0008s ]
SQL: SELECT * FROM `yd_system` LIMIT 1   [ RunTime:0.0002s ]
SQL: SHOW COLUMNS FROM `yd_company_info` [ RunTime:0.0009s ]
SQL: SELECT * FROM `yd_company_info` WHERE `com_is_rec` = 1 AND `com_status` = 1 LIMIT 30   [ RunTime:0.0002s ]
SQL: SHOW COLUMNS FROM `yd_image` [ RunTime:0.0008s ]
SQL: SELECT `img_id` FROM `yd_image` WHERE `img_storeid` = 606 LIMIT 1   [ RunTime:0.0001s ]
SQL: SELECT `img_id` FROM `yd_image` WHERE `img_storeid` = 622 LIMIT 1   [ RunTime:0.0001s ]
SQL: SELECT * FROM `yd_navigation` WHERE `is_show` = 1 AND `pid` = 0  [ RunTime:0.0001s ]
SQL: SHOW COLUMNS FROM `yd_shuffling` [ RunTime:0.0008s ]
SQL: SELECT * FROM `yd_shuffling` WHERE `is_show` = 1 AND `pid` = 1  [ RunTime:0.0001s ]
SQL: SELECT * FROM `yd_shuffling` WHERE `is_show` = 1 AND `pid` = 6  [ RunTime:0.0001s ]
INFO: [ view_parse ] --START--
INFO: [ template_filter ] --START--
INFO: Run Behavior\ContentReplaceBehavior [ RunTime:0.000054s ]
INFO: [ template_filter ] --END-- [ RunTime:0.000095s ]
NOTIC: [8] Use of undefined constant img - assumed 'img' /mnt/web/spectrum/public_html/Application/Runtime/Cache/Home/2a94b8bda04ff446dcedd42276fc99ee.php 第 66 行.
NOTIC: [8] Use of undefined constant img - assumed 'img' /mnt/web/spectrum/public_html/Application/Runtime/Cache/Home/2a94b8bda04ff446dcedd42276fc99ee.php 第 66 行.
NOTIC: [8] Use of undefined constant scid - assumed 'scid' /mnt/web/spectrum/public_html/Application/Runtime/Cache/Home/2a94b8bda04ff446dcedd42276fc99ee.php 第 107 行.
NOTIC: [8] Use of undefined constant scid - assumed 'scid' /mnt/web/spectrum/public_html/Application/Runtime/Cache/Home/2a94b8bda04ff446dcedd42276fc99ee.php 第 107 行.
NOTIC: [8] Use of undefined constant scid - assumed 'scid' /mnt/web/spectrum/public_html/Application/Runtime/Cache/Home/2a94b8bda04ff446dcedd42276fc99ee.php 第 107 行.
NOTIC: [8] Use of undefined constant scid - assumed 'scid' /mnt/web/spectrum/public_html/Application/Runtime/Cache/Home/2a94b8bda04ff446dcedd42276fc99ee.php 第 107 行.
NOTIC: [8] Use of undefined constant scid - assumed 'scid' /mnt/web/spectrum/public_html/Application/Runtime/Cache/Home/2a94b8bda04ff446dcedd42276fc99ee.php 第 107 行.
NOTIC: [8] Use of undefined constant scid - assumed 'scid' /mnt/web/spectrum/public_html/Application/Runtime/Cache/Home/2a94b8bda04ff446dcedd42276fc99ee.php 第 107 行.
NOTIC: [8] Use of undefined constant scid - assumed 'scid' /mnt/web/spectrum/public_html/Application/Runtime/Cache/Home/2a94b8bda04ff446dcedd42276fc99ee.php 第 107 行.
NOTIC: [8] Use of undefined constant scid - assumed 'scid' /mnt/web/spectrum/public_html/Application/Runtime/Cache/Home/2a94b8bda04ff446dcedd42276fc99ee.php 第 107 行.
NOTIC: [8] Use of undefined constant scid - assumed 'scid' /mnt/web/spectrum/public_html/Application/Runtime/Cache/Home/2a94b8bda04ff446dcedd42276fc99ee.php 第 107 行.
NOTIC: [8] Use of undefined constant scid - assumed 'scid' /mnt/web/spectrum/public_html/Application/Runtime/Cache/Home/2a94b8bda04ff446dcedd42276fc99ee.php 第 107 行.
NOTIC: [8] Use of undefined constant scid - assumed 'scid' /mnt/web/spectrum/public_html/Application/Runtime/Cache/Home/2a94b8bda04ff446dcedd42276fc99ee.php 第 107 行.
NOTIC: [8] Use of undefined constant scid - assumed 'scid' /mnt/web/spectrum/public_html/Application/Runtime/Cache/Home/2a94b8bda04ff446dcedd42276fc99ee.php 第 107 行.
NOTIC: [8] Use of undefined constant scid - assumed 'scid' /mnt/web/spectrum/public_html/Application/Runtime/Cache/Home/2a94b8bda04ff446dcedd42276fc99ee.php 第 107 行.
NOTIC: [8] Use of undefined constant scid - assumed 'scid' /mnt/web/spectrum/public_html/Application/Runtime/Cache/Home/2a94b8bda04ff446dcedd42276fc99ee.php 第 107 行.
NOTIC: [8] Use of undefined constant scid - assumed 'scid' /mnt/web/spectrum/public_html/Application/Runtime/Cache/Home/2a94b8bda04ff446dcedd42276fc99ee.php 第 107 行.
NOTIC: [8] Use of undefined constant scid - assumed 'scid' /mnt/web/spectrum/public_html/Application/Runtime/Cache/Home/2a94b8bda04ff446dcedd42276fc99ee.php 第 107 行.
INFO: Run Behavior\ParseTemplateBehavior [ RunTime:0.010895s ]
INFO: [ view_parse ] --END-- [ RunTime:0.010942s ]
INFO: [ view_filter ] --START--
INFO: Run Behavior\WriteHtmlCacheBehavior [ RunTime:0.000266s ]
INFO: [ view_filter ] --END-- [ RunTime:0.000301s ]
INFO: [ app_end ] --START--
INFO: Run Behavior\ShowPageTraceBehavior [ RunTime:0.000482s ]
INFO: [ app_end ] --END-- [ RunTime:0.000530s ]

[ 2017-05-19T20:29:24+08:00 ] 140.205.225.203 /hwi/
INFO: [ app_init ] --START--
INFO: Run Behavior\BuildLiteBehavior [ RunTime:0.000013s ]
INFO: [ app_init ] --END-- [ RunTime:0.000371s ]
INFO: [ app_begin ] --START--
INFO: Run Behavior\ReadHtmlCacheBehavior [ RunTime:0.000459s ]
INFO: [ app_begin ] --END-- [ RunTime:0.000506s ]
ERR: 无法加载控制器:Hwi

[ 2017-05-19T20:30:10+08:00 ] 140.205.225.203 /
INFO: [ app_init ] --START--
INFO: Run Behavior\BuildLiteBehavior [ RunTime:0.000015s ]
INFO: [ app_init ] --END-- [ RunTime:0.000388s ]
INFO: [ app_begin ] --START--
INFO: Run Behavior\ReadHtmlCacheBehavior [ RunTime:0.000446s ]
INFO: [ app_begin ] --END-- [ RunTime:0.000505s ]
SQL: SHOW COLUMNS FROM `yd_navigation` [ RunTime:0.0014s ]
SQL: SELECT * FROM `yd_navigation` WHERE `is_show` = 1 AND `pid` = 0  [ RunTime:0.0003s ]
SQL: SHOW COLUMNS FROM `yd_system` [ RunTime:0.0011s ]
SQL: SELECT * FROM `yd_system` LIMIT 1   [ RunTime:0.0002s ]
SQL: SHOW COLUMNS FROM `yd_company_info` [ RunTime:0.0012s ]
SQL: SELECT * FROM `yd_company_info` WHERE `com_is_rec` = 1 AND `com_status` = 1 LIMIT 30   [ RunTime:0.0003s ]
SQL: SHOW COLUMNS FROM `yd_image` [ RunTime:0.0010s ]
SQL: SELECT `img_id` FROM `yd_image` WHERE `img_storeid` = 606 LIMIT 1   [ RunTime:0.0002s ]
SQL: SELECT `img_id` FROM `yd_image` WHERE `img_storeid` = 622 LIMIT 1   [ RunTime:0.0002s ]
SQL: SELECT * FROM `yd_navigation` WHERE `is_show` = 1 AND `pid` = 0  [ RunTime:0.0002s ]
SQL: SHOW COLUMNS FROM `yd_shuffling` [ RunTime:0.0011s ]
SQL: SELECT * FROM `yd_shuffling` WHERE `is_show` = 1 AND `pid` = 1  [ RunTime:0.0002s ]
SQL: SELECT * FROM `yd_shuffling` WHERE `is_show` = 1 AND `pid` = 6  [ RunTime:0.0002s ]
INFO: [ view_parse ] --START--
INFO: [ template_filter ] --START--
INFO: Run Behavior\ContentReplaceBehavior [ RunTime:0.000059s ]
INFO: [ template_filter ] --END-- [ RunTime:0.000100s ]
NOTIC: [8] Use of undefined constant img - assumed 'img' /mnt/web/spectrum/public_html/Application/Runtime/Cache/Home/2a94b8bda04ff446dcedd42276fc99ee.php 第 66 行.
NOTIC: [8] Use of undefined constant img - assumed 'img' /mnt/web/spectrum/public_html/Application/Runtime/Cache/Home/2a94b8bda04ff446dcedd42276fc99ee.php 第 66 行.
NOTIC: [8] Use of undefined constant scid - assumed 'scid' /mnt/web/spectrum/public_html/Application/Runtime/Cache/Home/2a94b8bda04ff446dcedd42276fc99ee.php 第 107 行.
NOTIC: [8] Use of undefined constant scid - assumed 'scid' /mnt/web/spectrum/public_html/Application/Runtime/Cache/Home/2a94b8bda04ff446dcedd42276fc99ee.php 第 107 行.
NOTIC: [8] Use of undefined constant scid - assumed 'scid' /mnt/web/spectrum/public_html/Application/Runtime/Cache/Home/2a94b8bda04ff446dcedd42276fc99ee.php 第 107 行.
NOTIC: [8] Use of undefined constant scid - assumed 'scid' /mnt/web/spectrum/public_html/Application/Runtime/Cache/Home/2a94b8bda04ff446dcedd42276fc99ee.php 第 107 行.
NOTIC: [8] Use of undefined constant scid - assumed 'scid' /mnt/web/spectrum/public_html/Application/Runtime/Cache/Home/2a94b8bda04ff446dcedd42276fc99ee.php 第 107 行.
NOTIC: [8] Use of undefined constant scid - assumed 'scid' /mnt/web/spectrum/public_html/Application/Runtime/Cache/Home/2a94b8bda04ff446dcedd42276fc99ee.php 第 107 行.
NOTIC: [8] Use of undefined constant scid - assumed 'scid' /mnt/web/spectrum/public_html/Application/Runtime/Cache/Home/2a94b8bda04ff446dcedd42276fc99ee.php 第 107 行.
NOTIC: [8] Use of undefined constant scid - assumed 'scid' /mnt/web/spectrum/public_html/Application/Runtime/Cache/Home/2a94b8bda04ff446dcedd42276fc99ee.php 第 107 行.
NOTIC: [8] Use of undefined constant scid - assumed 'scid' /mnt/web/spectrum/public_html/Application/Runtime/Cache/Home/2a94b8bda04ff446dcedd42276fc99ee.php 第 107 行.
NOTIC: [8] Use of undefined constant scid - assumed 'scid' /mnt/web/spectrum/public_html/Application/Runtime/Cache/Home/2a94b8bda04ff446dcedd42276fc99ee.php 第 107 行.
NOTIC: [8] Use of undefined constant scid - assumed 'scid' /mnt/web/spectrum/public_html/Application/Runtime/Cache/Home/2a94b8bda04ff446dcedd42276fc99ee.php 第 107 行.
NOTIC: [8] Use of undefined constant scid - assumed 'scid' /mnt/web/spectrum/public_html/Application/Runtime/Cache/Home/2a94b8bda04ff446dcedd42276fc99ee.php 第 107 行.
NOTIC: [8] Use of undefined constant scid - assumed 'scid' /mnt/web/spectrum/public_html/Application/Runtime/Cache/Home/2a94b8bda04ff446dcedd42276fc99ee.php 第 107 行.
NOTIC: [8] Use of undefined constant scid - assumed 'scid' /mnt/web/spectrum/public_html/Application/Runtime/Cache/Home/2a94b8bda04ff446dcedd42276fc99ee.php 第 107 行.
NOTIC: [8] Use of undefined constant scid - assumed 'scid' /mnt/web/spectrum/public_html/Application/Runtime/Cache/Home/2a94b8bda04ff446dcedd42276fc99ee.php 第 107 行.
NOTIC: [8] Use of undefined constant scid - assumed 'scid' /mnt/web/spectrum/public_html/Application/Runtime/Cache/Home/2a94b8bda04ff446dcedd42276fc99ee.php 第 107 行.
INFO: Run Behavior\ParseTemplateBehavior [ RunTime:0.011112s ]
INFO: [ view_parse ] --END-- [ RunTime:0.011154s ]
INFO: [ view_filter ] --START--
INFO: Run Behavior\WriteHtmlCacheBehavior [ RunTime:0.000263s ]
INFO: [ view_filter ] --END-- [ RunTime:0.000297s ]
INFO: [ app_end ] --START--
INFO: Run Behavior\ShowPageTraceBehavior [ RunTime:0.000488s ]
INFO: [ app_end ] --END-- [ RunTime:0.000538s ]

[ 2017-05-19T20:30:54+08:00 ] 140.205.225.203 /
INFO: [ app_init ] --START--
INFO: Run Behavior\BuildLiteBehavior [ RunTime:0.000015s ]
INFO: [ app_init ] --END-- [ RunTime:0.000392s ]
INFO: [ app_begin ] --START--
INFO: Run Behavior\ReadHtmlCacheBehavior [ RunTime:0.000478s ]
INFO: [ app_begin ] --END-- [ RunTime:0.000525s ]
SQL: SHOW COLUMNS FROM `yd_navigation` [ RunTime:0.0012s ]
SQL: SELECT * FROM `yd_navigation` WHERE `is_show` = 1 AND `pid` = 0  [ RunTime:0.0002s ]
SQL: SHOW COLUMNS FROM `yd_system` [ RunTime:0.0008s ]
SQL: SELECT * FROM `yd_system` LIMIT 1   [ RunTime:0.0002s ]
SQL: SHOW COLUMNS FROM `yd_company_info` [ RunTime:0.0009s ]
SQL: SELECT * FROM `yd_company_info` WHERE `com_is_rec` = 1 AND `com_status` = 1 LIMIT 30   [ RunTime:0.0002s ]
SQL: SHOW COLUMNS FROM `yd_image` [ RunTime:0.0008s ]
SQL: SELECT `img_id` FROM `yd_image` WHERE `img_storeid` = 606 LIMIT 1   [ RunTime:0.0001s ]
SQL: SELECT `img_id` FROM `yd_image` WHERE `img_storeid` = 622 LIMIT 1   [ RunTime:0.0001s ]
SQL: SELECT * FROM `yd_navigation` WHERE `is_show` = 1 AND `pid` = 0  [ RunTime:0.0001s ]
SQL: SHOW COLUMNS FROM `yd_shuffling` [ RunTime:0.0009s ]
SQL: SELECT * FROM `yd_shuffling` WHERE `is_show` = 1 AND `pid` = 1  [ RunTime:0.0002s ]
SQL: SELECT * FROM `yd_shuffling` WHERE `is_show` = 1 AND `pid` = 6  [ RunTime:0.0001s ]
INFO: [ view_parse ] --START--
INFO: [ template_filter ] --START--
INFO: Run Behavior\ContentReplaceBehavior [ RunTime:0.000087s ]
INFO: [ template_filter ] --END-- [ RunTime:0.000162s ]
NOTIC: [8] Use of undefined constant img - assumed 'img' /mnt/web/spectrum/public_html/Application/Runtime/Cache/Home/2a94b8bda04ff446dcedd42276fc99ee.php 第 66 行.
NOTIC: [8] Use of undefined constant img - assumed 'img' /mnt/web/spectrum/public_html/Application/Runtime/Cache/Home/2a94b8bda04ff446dcedd42276fc99ee.php 第 66 行.
NOTIC: [8] Use of undefined constant scid - assumed 'scid' /mnt/web/spectrum/public_html/Application/Runtime/Cache/Home/2a94b8bda04ff446dcedd42276fc99ee.php 第 107 行.
NOTIC: [8] Use of undefined constant scid - assumed 'scid' /mnt/web/spectrum/public_html/Application/Runtime/Cache/Home/2a94b8bda04ff446dcedd42276fc99ee.php 第 107 行.
NOTIC: [8] Use of undefined constant scid - assumed 'scid' /mnt/web/spectrum/public_html/Application/Runtime/Cache/Home/2a94b8bda04ff446dcedd42276fc99ee.php 第 107 行.
NOTIC: [8] Use of undefined constant scid - assumed 'scid' /mnt/web/spectrum/public_html/Application/Runtime/Cache/Home/2a94b8bda04ff446dcedd42276fc99ee.php 第 107 行.
NOTIC: [8] Use of undefined constant scid - assumed 'scid' /mnt/web/spectrum/public_html/Application/Runtime/Cache/Home/2a94b8bda04ff446dcedd42276fc99ee.php 第 107 行.
NOTIC: [8] Use of undefined constant scid - assumed 'scid' /mnt/web/spectrum/public_html/Application/Runtime/Cache/Home/2a94b8bda04ff446dcedd42276fc99ee.php 第 107 行.
NOTIC: [8] Use of undefined constant scid - assumed 'scid' /mnt/web/spectrum/public_html/Application/Runtime/Cache/Home/2a94b8bda04ff446dcedd42276fc99ee.php 第 107 行.
NOTIC: [8] Use of undefined constant scid - assumed 'scid' /mnt/web/spectrum/public_html/Application/Runtime/Cache/Home/2a94b8bda04ff446dcedd42276fc99ee.php 第 107 行.
NOTIC: [8] Use of undefined constant scid - assumed 'scid' /mnt/web/spectrum/public_html/Application/Runtime/Cache/Home/2a94b8bda04ff446dcedd42276fc99ee.php 第 107 行.
NOTIC: [8] Use of undefined constant scid - assumed 'scid' /mnt/web/spectrum/public_html/Application/Runtime/Cache/Home/2a94b8bda04ff446dcedd42276fc99ee.php 第 107 行.
NOTIC: [8] Use of undefined constant scid - assumed 'scid' /mnt/web/spectrum/public_html/Application/Runtime/Cache/Home/2a94b8bda04ff446dcedd42276fc99ee.php 第 107 行.
NOTIC: [8] Use of undefined constant scid - assumed 'scid' /mnt/web/spectrum/public_html/Application/Runtime/Cache/Home/2a94b8bda04ff446dcedd42276fc99ee.php 第 107 行.
NOTIC: [8] Use of undefined constant scid - assumed 'scid' /mnt/web/spectrum/public_html/Application/Runtime/Cache/Home/2a94b8bda04ff446dcedd42276fc99ee.php 第 107 行.
NOTIC: [8] Use of undefined constant scid - assumed 'scid' /mnt/web/spectrum/public_html/Application/Runtime/Cache/Home/2a94b8bda04ff446dcedd42276fc99ee.php 第 107 行.
NOTIC: [8] Use of undefined constant scid - assumed 'scid' /mnt/web/spectrum/public_html/Application/Runtime/Cache/Home/2a94b8bda04ff446dcedd42276fc99ee.php 第 107 行.
NOTIC: [8] Use of undefined constant scid - assumed 'scid' /mnt/web/spectrum/public_html/Application/Runtime/Cache/Home/2a94b8bda04ff446dcedd42276fc99ee.php 第 107 行.
INFO: Run Behavior\ParseTemplateBehavior [ RunTime:0.017717s ]
INFO: [ view_parse ] --END-- [ RunTime:0.017773s ]
INFO: [ view_filter ] --START--
INFO: Run Behavior\WriteHtmlCacheBehavior [ RunTime:0.000384s ]
INFO: [ view_filter ] --END-- [ RunTime:0.000446s ]
INFO: [ app_end ] --START--
INFO: Run Behavior\ShowPageTraceBehavior [ RunTime:0.000706s ]
INFO: [ app_end ] --END-- [ RunTime:0.000781s ]

[ 2017-05-19T20:31:04+08:00 ] 140.205.225.203 /
INFO: [ app_init ] --START--
INFO: Run Behavior\BuildLiteBehavior [ RunTime:0.000014s ]
INFO: [ app_init ] --END-- [ RunTime:0.000404s ]
INFO: [ app_begin ] --START--
INFO: Run Behavior\ReadHtmlCacheBehavior [ RunTime:0.000475s ]
INFO: [ app_begin ] --END-- [ RunTime:0.000523s ]
SQL: SHOW COLUMNS FROM `yd_navigation` [ RunTime:0.0011s ]
SQL: SELECT * FROM `yd_navigation` WHERE `is_show` = 1 AND `pid` = 0  [ RunTime:0.0002s ]
SQL: SHOW COLUMNS FROM `yd_system` [ RunTime:0.0008s ]
SQL: SELECT * FROM `yd_system` LIMIT 1   [ RunTime:0.0002s ]
SQL: SHOW COLUMNS FROM `yd_company_info` [ RunTime:0.0009s ]
SQL: SELECT * FROM `yd_company_info` WHERE `com_is_rec` = 1 AND `com_status` = 1 LIMIT 30   [ RunTime:0.0002s ]
SQL: SHOW COLUMNS FROM `yd_image` [ RunTime:0.0008s ]
SQL: SELECT `img_id` FROM `yd_image` WHERE `img_storeid` = 606 LIMIT 1   [ RunTime:0.0001s ]
SQL: SELECT `img_id` FROM `yd_image` WHERE `img_storeid` = 622 LIMIT 1   [ RunTime:0.0001s ]
SQL: SELECT * FROM `yd_navigation` WHERE `is_show` = 1 AND `pid` = 0  [ RunTime:0.0002s ]
SQL: SHOW COLUMNS FROM `yd_shuffling` [ RunTime:0.0009s ]
SQL: SELECT * FROM `yd_shuffling` WHERE `is_show` = 1 AND `pid` = 1  [ RunTime:0.0002s ]
SQL: SELECT * FROM `yd_shuffling` WHERE `is_show` = 1 AND `pid` = 6  [ RunTime:0.0001s ]
INFO: [ view_parse ] --START--
INFO: [ template_filter ] --START--
INFO: Run Behavior\ContentReplaceBehavior [ RunTime:0.000080s ]
INFO: [ template_filter ] --END-- [ RunTime:0.000125s ]
NOTIC: [8] Use of undefined constant img - assumed 'img' /mnt/web/spectrum/public_html/Application/Runtime/Cache/Home/2a94b8bda04ff446dcedd42276fc99ee.php 第 66 行.
NOTIC: [8] Use of undefined constant img - assumed 'img' /mnt/web/spectrum/public_html/Application/Runtime/Cache/Home/2a94b8bda04ff446dcedd42276fc99ee.php 第 66 行.
NOTIC: [8] Use of undefined constant scid - assumed 'scid' /mnt/web/spectrum/public_html/Application/Runtime/Cache/Home/2a94b8bda04ff446dcedd42276fc99ee.php 第 107 行.
NOTIC: [8] Use of undefined constant scid - assumed 'scid' /mnt/web/spectrum/public_html/Application/Runtime/Cache/Home/2a94b8bda04ff446dcedd42276fc99ee.php 第 107 行.
NOTIC: [8] Use of undefined constant scid - assumed 'scid' /mnt/web/spectrum/public_html/Application/Runtime/Cache/Home/2a94b8bda04ff446dcedd42276fc99ee.php 第 107 行.
NOTIC: [8] Use of undefined constant scid - assumed 'scid' /mnt/web/spectrum/public_html/Application/Runtime/Cache/Home/2a94b8bda04ff446dcedd42276fc99ee.php 第 107 行.
NOTIC: [8] Use of undefined constant scid - assumed 'scid' /mnt/web/spectrum/public_html/Application/Runtime/Cache/Home/2a94b8bda04ff446dcedd42276fc99ee.php 第 107 行.
NOTIC: [8] Use of undefined constant scid - assumed 'scid' /mnt/web/spectrum/public_html/Application/Runtime/Cache/Home/2a94b8bda04ff446dcedd42276fc99ee.php 第 107 行.
NOTIC: [8] Use of undefined constant scid - assumed 'scid' /mnt/web/spectrum/public_html/Application/Runtime/Cache/Home/2a94b8bda04ff446dcedd42276fc99ee.php 第 107 行.
NOTIC: [8] Use of undefined constant scid - assumed 'scid' /mnt/web/spectrum/public_html/Application/Runtime/Cache/Home/2a94b8bda04ff446dcedd42276fc99ee.php 第 107 行.
NOTIC: [8] Use of undefined constant scid - assumed 'scid' /mnt/web/spectrum/public_html/Application/Runtime/Cache/Home/2a94b8bda04ff446dcedd42276fc99ee.php 第 107 行.
NOTIC: [8] Use of undefined constant scid - assumed 'scid' /mnt/web/spectrum/public_html/Application/Runtime/Cache/Home/2a94b8bda04ff446dcedd42276fc99ee.php 第 107 行.
NOTIC: [8] Use of undefined constant scid - assumed 'scid' /mnt/web/spectrum/public_html/Application/Runtime/Cache/Home/2a94b8bda04ff446dcedd42276fc99ee.php 第 107 行.
NOTIC: [8] Use of undefined constant scid - assumed 'scid' /mnt/web/spectrum/public_html/Application/Runtime/Cache/Home/2a94b8bda04ff446dcedd42276fc99ee.php 第 107 行.
NOTIC: [8] Use of undefined constant scid - assumed 'scid' /mnt/web/spectrum/public_html/Application/Runtime/Cache/Home/2a94b8bda04ff446dcedd42276fc99ee.php 第 107 行.
NOTIC: [8] Use of undefined constant scid - assumed 'scid' /mnt/web/spectrum/public_html/Application/Runtime/Cache/Home/2a94b8bda04ff446dcedd42276fc99ee.php 第 107 行.
NOTIC: [8] Use of undefined constant scid - assumed 'scid' /mnt/web/spectrum/public_html/Application/Runtime/Cache/Home/2a94b8bda04ff446dcedd42276fc99ee.php 第 107 行.
NOTIC: [8] Use of undefined constant scid - assumed 'scid' /mnt/web/spectrum/public_html/Application/Runtime/Cache/Home/2a94b8bda04ff446dcedd42276fc99ee.php 第 107 行.
INFO: Run Behavior\ParseTemplateBehavior [ RunTime:0.011797s ]
INFO: [ view_parse ] --END-- [ RunTime:0.011839s ]
INFO: [ view_filter ] --START--
INFO: Run Behavior\WriteHtmlCacheBehavior [ RunTime:0.000341s ]
INFO: [ view_filter ] --END-- [ RunTime:0.000390s ]
INFO: [ app_end ] --START--
INFO: Run Behavior\ShowPageTraceBehavior [ RunTime:0.000512s ]
INFO: [ app_end ] --END-- [ RunTime:0.000570s ]

[ 2017-05-19T20:31:08+08:00 ] 140.205.225.203 /jobs/
INFO: [ app_init ] --START--
INFO: Run Behavior\BuildLiteBehavior [ RunTime:0.000013s ]
INFO: [ app_init ] --END-- [ RunTime:0.000388s ]
INFO: [ app_begin ] --START--
INFO: Run Behavior\ReadHtmlCacheBehavior [ RunTime:0.000459s ]
INFO: [ app_begin ] --END-- [ RunTime:0.000504s ]
ERR: 无法加载控制器:Jobs

[ 2017-05-19T20:31:09+08:00 ] 140.205.225.203 /ganglia/index.php
INFO: [ app_init ] --START--
INFO: Run Behavior\BuildLiteBehavior [ RunTime:0.000012s ]
INFO: [ app_init ] --END-- [ RunTime:0.000381s ]
INFO: [ app_begin ] --START--
INFO: Run Behavior\ReadHtmlCacheBehavior [ RunTime:0.000459s ]
INFO: [ app_begin ] --END-- [ RunTime:0.000504s ]
ERR: 无法加载控制器:Ganglia

[ 2017-05-19T20:31:09+08:00 ] 140.205.225.203 /index.php
INFO: [ app_init ] --START--
INFO: Run Behavior\BuildLiteBehavior [ RunTime:0.000013s ]
INFO: [ app_init ] --END-- [ RunTime:0.000386s ]
INFO: [ app_begin ] --START--
INFO: Run Behavior\ReadHtmlCacheBehavior [ RunTime:0.000459s ]
INFO: [ app_begin ] --END-- [ RunTime:0.000506s ]
SQL: SHOW COLUMNS FROM `yd_navigation` [ RunTime:0.0011s ]
SQL: SELECT * FROM `yd_navigation` WHERE `is_show` = 1 AND `pid` = 0  [ RunTime:0.0002s ]
SQL: SHOW COLUMNS FROM `yd_system` [ RunTime:0.0008s ]
SQL: SELECT * FROM `yd_system` LIMIT 1   [ RunTime:0.0001s ]
SQL: SHOW COLUMNS FROM `yd_company_info` [ RunTime:0.0009s ]
SQL: SELECT * FROM `yd_company_info` WHERE `com_is_rec` = 1 AND `com_status` = 1 LIMIT 30   [ RunTime:0.0002s ]
SQL: SHOW COLUMNS FROM `yd_image` [ RunTime:0.0008s ]
SQL: SELECT `img_id` FROM `yd_image` WHERE `img_storeid` = 606 LIMIT 1   [ RunTime:0.0001s ]
SQL: SELECT `img_id` FROM `yd_image` WHERE `img_storeid` = 622 LIMIT 1   [ RunTime:0.0001s ]
SQL: SELECT * FROM `yd_navigation` WHERE `is_show` = 1 AND `pid` = 0  [ RunTime:0.0002s ]
SQL: SHOW COLUMNS FROM `yd_shuffling` [ RunTime:0.0008s ]
SQL: SELECT * FROM `yd_shuffling` WHERE `is_show` = 1 AND `pid` = 1  [ RunTime:0.0001s ]
SQL: SELECT * FROM `yd_shuffling` WHERE `is_show` = 1 AND `pid` = 6  [ RunTime:0.0001s ]
INFO: [ view_parse ] --START--
INFO: [ template_filter ] --START--
INFO: Run Behavior\ContentReplaceBehavior [ RunTime:0.000060s ]
INFO: [ template_filter ] --END-- [ RunTime:0.000102s ]
NOTIC: [8] Use of undefined constant img - assumed 'img' /mnt/web/spectrum/public_html/Application/Runtime/Cache/Home/2a94b8bda04ff446dcedd42276fc99ee.php 第 66 行.
NOTIC: [8] Use of undefined constant img - assumed 'img' /mnt/web/spectrum/public_html/Application/Runtime/Cache/Home/2a94b8bda04ff446dcedd42276fc99ee.php 第 66 行.
NOTIC: [8] Use of undefined constant scid - assumed 'scid' /mnt/web/spectrum/public_html/Application/Runtime/Cache/Home/2a94b8bda04ff446dcedd42276fc99ee.php 第 107 行.
NOTIC: [8] Use of undefined constant scid - assumed 'scid' /mnt/web/spectrum/public_html/Application/Runtime/Cache/Home/2a94b8bda04ff446dcedd42276fc99ee.php 第 107 行.
NOTIC: [8] Use of undefined constant scid - assumed 'scid' /mnt/web/spectrum/public_html/Application/Runtime/Cache/Home/2a94b8bda04ff446dcedd42276fc99ee.php 第 107 行.
NOTIC: [8] Use of undefined constant scid - assumed 'scid' /mnt/web/spectrum/public_html/Application/Runtime/Cache/Home/2a94b8bda04ff446dcedd42276fc99ee.php 第 107 行.
NOTIC: [8] Use of undefined constant scid - assumed 'scid' /mnt/web/spectrum/public_html/Application/Runtime/Cache/Home/2a94b8bda04ff446dcedd42276fc99ee.php 第 107 行.
NOTIC: [8] Use of undefined constant scid - assumed 'scid' /mnt/web/spectrum/public_html/Application/Runtime/Cache/Home/2a94b8bda04ff446dcedd42276fc99ee.php 第 107 行.
NOTIC: [8] Use of undefined constant scid - assumed 'scid' /mnt/web/spectrum/public_html/Application/Runtime/Cache/Home/2a94b8bda04ff446dcedd42276fc99ee.php 第 107 行.
NOTIC: [8] Use of undefined constant scid - assumed 'scid' /mnt/web/spectrum/public_html/Application/Runtime/Cache/Home/2a94b8bda04ff446dcedd42276fc99ee.php 第 107 行.
NOTIC: [8] Use of undefined constant scid - assumed 'scid' /mnt/web/spectrum/public_html/Application/Runtime/Cache/Home/2a94b8bda04ff446dcedd42276fc99ee.php 第 107 行.
NOTIC: [8] Use of undefined constant scid - assumed 'scid' /mnt/web/spectrum/public_html/Application/Runtime/Cache/Home/2a94b8bda04ff446dcedd42276fc99ee.php 第 107 行.
NOTIC: [8] Use of undefined constant scid - assumed 'scid' /mnt/web/spectrum/public_html/Application/Runtime/Cache/Home/2a94b8bda04ff446dcedd42276fc99ee.php 第 107 行.
NOTIC: [8] Use of undefined constant scid - assumed 'scid' /mnt/web/spectrum/public_html/Application/Runtime/Cache/Home/2a94b8bda04ff446dcedd42276fc99ee.php 第 107 行.
NOTIC: [8] Use of undefined constant scid - assumed 'scid' /mnt/web/spectrum/public_html/Application/Runtime/Cache/Home/2a94b8bda04ff446dcedd42276fc99ee.php 第 107 行.
NOTIC: [8] Use of undefined constant scid - assumed 'scid' /mnt/web/spectrum/public_html/Application/Runtime/Cache/Home/2a94b8bda04ff446dcedd42276fc99ee.php 第 107 行.
NOTIC: [8] Use of undefined constant scid - assumed 'scid' /mnt/web/spectrum/public_html/Application/Runtime/Cache/Home/2a94b8bda04ff446dcedd42276fc99ee.php 第 107 行.
NOTIC: [8] Use of undefined constant scid - assumed 'scid' /mnt/web/spectrum/public_html/Application/Runtime/Cache/Home/2a94b8bda04ff446dcedd42276fc99ee.php 第 107 行.
INFO: Run Behavior\ParseTemplateBehavior [ RunTime:0.011034s ]
INFO: [ view_parse ] --END-- [ RunTime:0.011075s ]
INFO: [ view_filter ] --START--
INFO: Run Behavior\WriteHtmlCacheBehavior [ RunTime:0.000269s ]
INFO: [ view_filter ] --END-- [ RunTime:0.000303s ]
INFO: [ app_end ] --START--
INFO: Run Behavior\ShowPageTraceBehavior [ RunTime:0.000500s ]
INFO: [ app_end ] --END-- [ RunTime:0.000549s ]

[ 2017-05-19T20:31:12+08:00 ] 140.205.225.203 /rs-status
INFO: [ app_init ] --START--
INFO: Run Behavior\BuildLiteBehavior [ RunTime:0.000014s ]
INFO: [ app_init ] --END-- [ RunTime:0.000384s ]
INFO: [ app_begin ] --START--
INFO: Run Behavior\ReadHtmlCacheBehavior [ RunTime:0.000470s ]
INFO: [ app_begin ] --END-- [ RunTime:0.000517s ]
ERR: 无法加载控制器:Rs-status

[ 2017-05-19T20:31:20+08:00 ] 140.205.225.203 /plugins/content/s5_media_player/helper.php?fileurl=Li4vLi4vLi4vY29uZmlndXJhdGlvbi5waHA=
INFO: [ app_init ] --START--
INFO: Run Behavior\BuildLiteBehavior [ RunTime:0.000013s ]
INFO: [ app_init ] --END-- [ RunTime:0.000403s ]
INFO: [ app_begin ] --START--
INFO: Run Behavior\ReadHtmlCacheBehavior [ RunTime:0.000462s ]
INFO: [ app_begin ] --END-- [ RunTime:0.000510s ]
ERR: 无法加载控制器:Plugins

[ 2017-05-19T20:31:23+08:00 ] 140.205.225.203 /uddiexplorer/SearchPublicRegistries.jsp?operator=http://www.alibaba.com/&rdoSearch=name&txtSearchname=sdf&txtSearchkey=&txtSearchfor=&selfor=Business+location&btnSubmit=Search
INFO: [ app_init ] --START--
INFO: Run Behavior\BuildLiteBehavior [ RunTime:0.000013s ]
INFO: [ app_init ] --END-- [ RunTime:0.000390s ]
INFO: [ app_begin ] --START--
INFO: Run Behavior\ReadHtmlCacheBehavior [ RunTime:0.000455s ]
INFO: [ app_begin ] --END-- [ RunTime:0.000501s ]
ERR: 无法加载控制器:Uddiexplorer

[ 2017-05-19T20:31:26+08:00 ] 140.205.225.203 /matrix_callback.php
INFO: [ app_init ] --START--
INFO: Run Behavior\BuildLiteBehavior [ RunTime:0.000013s ]
INFO: [ app_init ] --END-- [ RunTime:0.000388s ]
INFO: [ app_begin ] --START--
INFO: Run Behavior\ReadHtmlCacheBehavior [ RunTime:0.000456s ]
INFO: [ app_begin ] --END-- [ RunTime:0.000516s ]
ERR: 无法加载控制器:Matrix_callback.php

[ 2017-05-19T20:31:31+08:00 ] 140.205.225.203 /master-status
INFO: [ app_init ] --START--
INFO: Run Behavior\BuildLiteBehavior [ RunTime:0.000018s ]
INFO: [ app_init ] --END-- [ RunTime:0.000412s ]
INFO: [ app_begin ] --START--
INFO: Run Behavior\ReadHtmlCacheBehavior [ RunTime:0.000497s ]
INFO: [ app_begin ] --END-- [ RunTime:0.000546s ]
ERR: 无法加载控制器:Master-status

[ 2017-05-19T20:31:33+08:00 ] 140.205.225.203 /dfshealth.html
INFO: [ app_init ] --START--
INFO: Run Behavior\BuildLiteBehavior [ RunTime:0.000013s ]
INFO: [ app_init ] --END-- [ RunTime:0.000387s ]
INFO: [ app_begin ] --START--
INFO: Run Behavior\ReadHtmlCacheBehavior [ RunTime:0.000443s ]
INFO: [ app_begin ] --END-- [ RunTime:0.000489s ]
ERR: 无法加载控制器:Dfshealth

[ 2017-05-19T20:31:41+08:00 ] 140.205.225.203 /about/
INFO: [ app_init ] --START--
INFO: Run Behavior\BuildLiteBehavior [ RunTime:0.000012s ]
INFO: [ app_init ] --END-- [ RunTime:0.000386s ]
INFO: [ app_begin ] --START--
INFO: Run Behavior\ReadHtmlCacheBehavior [ RunTime:0.000466s ]
INFO: [ app_begin ] --END-- [ RunTime:0.000511s ]
ERR: 无法加载控制器:About

[ 2017-05-19T20:31:46+08:00 ] 140.205.225.203 /dfshealth.jsp
INFO: [ app_init ] --START--
INFO: Run Behavior\BuildLiteBehavior [ RunTime:0.000013s ]
INFO: [ app_init ] --END-- [ RunTime:0.000392s ]
INFO: [ app_begin ] --START--
INFO: Run Behavior\ReadHtmlCacheBehavior [ RunTime:0.000476s ]
INFO: [ app_begin ] --END-- [ RunTime:0.000523s ]
ERR: 无法加载控制器:Dfshealth.jsp

[ 2017-05-19T20:31:48+08:00 ] 140.205.225.203 /hadoop/dfshealth.jsp
INFO: [ app_init ] --START--
INFO: Run Behavior\BuildLiteBehavior [ RunTime:0.000013s ]
INFO: [ app_init ] --END-- [ RunTime:0.000376s ]
INFO: [ app_begin ] --START--
INFO: Run Behavior\ReadHtmlCacheBehavior [ RunTime:0.000468s ]
INFO: [ app_begin ] --END-- [ RunTime:0.000514s ]
ERR: 无法加载控制器:Hadoop

[ 2017-05-19T20:31:56+08:00 ] 140.205.225.203 /Public/mobile/js/'%22+onmouseover=alert()+d='%22
INFO: [ app_init ] --START--
INFO: Run Behavior\BuildLiteBehavior [ RunTime:0.000013s ]
INFO: [ app_init ] --END-- [ RunTime:0.000392s ]
INFO: [ app_begin ] --START--
INFO: Run Behavior\ReadHtmlCacheBehavior [ RunTime:0.000458s ]
INFO: [ app_begin ] --END-- [ RunTime:0.000505s ]
ERR: 无法加载控制器:Public

[ 2017-05-19T20:31:58+08:00 ] 140.205.225.203 /Public/mobile/js/%27%22%20onmouseover%3Dalert%28%29%20d%3D%27%22
INFO: [ app_init ] --START--
INFO: Run Behavior\BuildLiteBehavior [ RunTime:0.000013s ]
INFO: [ app_init ] --END-- [ RunTime:0.000384s ]
INFO: [ app_begin ] --START--
INFO: Run Behavior\ReadHtmlCacheBehavior [ RunTime:0.000467s ]
INFO: [ app_begin ] --END-- [ RunTime:0.000511s ]
ERR: 无法加载控制器:Public

[ 2017-05-19T20:31:59+08:00 ] 140.205.225.203 /Public/mobile/js/%2527%2522%2520onmouseover%253Dalert%2528%2529%2520d%253D%2527%2522
INFO: [ app_init ] --START--
INFO: Run Behavior\BuildLiteBehavior [ RunTime:0.000022s ]
INFO: [ app_init ] --END-- [ RunTime:0.000594s ]
INFO: [ app_begin ] --START--
INFO: Run Behavior\ReadHtmlCacheBehavior [ RunTime:0.000689s ]
INFO: [ app_begin ] --END-- [ RunTime:0.000756s ]
ERR: 无法加载控制器:Public

[ 2017-05-19T20:32:06+08:00 ] 140.205.225.203 /Public/mobile/js/'%22/%3E%3C/script%3E%3Cscript%3Ealert()%3C/script%3E
INFO: [ app_init ] --START--
INFO: Run Behavior\BuildLiteBehavior [ RunTime:0.000014s ]
INFO: [ app_init ] --END-- [ RunTime:0.000406s ]
INFO: [ app_begin ] --START--
INFO: Run Behavior\ReadHtmlCacheBehavior [ RunTime:0.000463s ]
INFO: [ app_begin ] --END-- [ RunTime:0.000508s ]
ERR: 无法加载控制器:Public

[ 2017-05-19T20:32:28+08:00 ] 140.205.225.203 /
INFO: [ app_init ] --START--
INFO: Run Behavior\BuildLiteBehavior [ RunTime:0.000013s ]
INFO: [ app_init ] --END-- [ RunTime:0.000384s ]
INFO: [ app_begin ] --START--
INFO: Run Behavior\ReadHtmlCacheBehavior [ RunTime:0.000444s ]
INFO: [ app_begin ] --END-- [ RunTime:0.000506s ]
SQL: SHOW COLUMNS FROM `yd_navigation` [ RunTime:0.0011s ]
SQL: SELECT * FROM `yd_navigation` WHERE `is_show` = 1 AND `pid` = 0  [ RunTime:0.0002s ]
SQL: SHOW COLUMNS FROM `yd_system` [ RunTime:0.0008s ]
SQL: SELECT * FROM `yd_system` LIMIT 1   [ RunTime:0.0001s ]
SQL: SHOW COLUMNS FROM `yd_company_info` [ RunTime:0.0009s ]
SQL: SELECT * FROM `yd_company_info` WHERE `com_is_rec` = 1 AND `com_status` = 1 LIMIT 30   [ RunTime:0.0002s ]
SQL: SHOW COLUMNS FROM `yd_image` [ RunTime:0.0008s ]
SQL: SELECT `img_id` FROM `yd_image` WHERE `img_storeid` = 606 LIMIT 1   [ RunTime:0.0001s ]
SQL: SELECT `img_id` FROM `yd_image` WHERE `img_storeid` = 622 LIMIT 1   [ RunTime:0.0001s ]
SQL: SELECT * FROM `yd_navigation` WHERE `is_show` = 1 AND `pid` = 0  [ RunTime:0.0001s ]
SQL: SHOW COLUMNS FROM `yd_shuffling` [ RunTime:0.0008s ]
SQL: SELECT * FROM `yd_shuffling` WHERE `is_show` = 1 AND `pid` = 1  [ RunTime:0.0001s ]
SQL: SELECT * FROM `yd_shuffling` WHERE `is_show` = 1 AND `pid` = 6  [ RunTime:0.0001s ]
INFO: [ view_parse ] --START--
INFO: [ template_filter ] --START--
INFO: Run Behavior\ContentReplaceBehavior [ RunTime:0.000058s ]
INFO: [ template_filter ] --END-- [ RunTime:0.000103s ]
NOTIC: [8] Use of undefined constant img - assumed 'img' /mnt/web/spectrum/public_html/Application/Runtime/Cache/Home/2a94b8bda04ff446dcedd42276fc99ee.php 第 66 行.
NOTIC: [8] Use of undefined constant img - assumed 'img' /mnt/web/spectrum/public_html/Application/Runtime/Cache/Home/2a94b8bda04ff446dcedd42276fc99ee.php 第 66 行.
NOTIC: [8] Use of undefined constant scid - assumed 'scid' /mnt/web/spectrum/public_html/Application/Runtime/Cache/Home/2a94b8bda04ff446dcedd42276fc99ee.php 第 107 行.
NOTIC: [8] Use of undefined constant scid - assumed 'scid' /mnt/web/spectrum/public_html/Application/Runtime/Cache/Home/2a94b8bda04ff446dcedd42276fc99ee.php 第 107 行.
NOTIC: [8] Use of undefined constant scid - assumed 'scid' /mnt/web/spectrum/public_html/Application/Runtime/Cache/Home/2a94b8bda04ff446dcedd42276fc99ee.php 第 107 行.
NOTIC: [8] Use of undefined constant scid - assumed 'scid' /mnt/web/spectrum/public_html/Application/Runtime/Cache/Home/2a94b8bda04ff446dcedd42276fc99ee.php 第 107 行.
NOTIC: [8] Use of undefined constant scid - assumed 'scid' /mnt/web/spectrum/public_html/Application/Runtime/Cache/Home/2a94b8bda04ff446dcedd42276fc99ee.php 第 107 行.
NOTIC: [8] Use of undefined constant scid - assumed 'scid' /mnt/web/spectrum/public_html/Application/Runtime/Cache/Home/2a94b8bda04ff446dcedd42276fc99ee.php 第 107 行.
NOTIC: [8] Use of undefined constant scid - assumed 'scid' /mnt/web/spectrum/public_html/Application/Runtime/Cache/Home/2a94b8bda04ff446dcedd42276fc99ee.php 第 107 行.
NOTIC: [8] Use of undefined constant scid - assumed 'scid' /mnt/web/spectrum/public_html/Application/Runtime/Cache/Home/2a94b8bda04ff446dcedd42276fc99ee.php 第 107 行.
NOTIC: [8] Use of undefined constant scid - assumed 'scid' /mnt/web/spectrum/public_html/Application/Runtime/Cache/Home/2a94b8bda04ff446dcedd42276fc99ee.php 第 107 行.
NOTIC: [8] Use of undefined constant scid - assumed 'scid' /mnt/web/spectrum/public_html/Application/Runtime/Cache/Home/2a94b8bda04ff446dcedd42276fc99ee.php 第 107 行.
NOTIC: [8] Use of undefined constant scid - assumed 'scid' /mnt/web/spectrum/public_html/Application/Runtime/Cache/Home/2a94b8bda04ff446dcedd42276fc99ee.php 第 107 行.
NOTIC: [8] Use of undefined constant scid - assumed 'scid' /mnt/web/spectrum/public_html/Application/Runtime/Cache/Home/2a94b8bda04ff446dcedd42276fc99ee.php 第 107 行.
NOTIC: [8] Use of undefined constant scid - assumed 'scid' /mnt/web/spectrum/public_html/Application/Runtime/Cache/Home/2a94b8bda04ff446dcedd42276fc99ee.php 第 107 行.
NOTIC: [8] Use of undefined constant scid - assumed 'scid' /mnt/web/spectrum/public_html/Application/Runtime/Cache/Home/2a94b8bda04ff446dcedd42276fc99ee.php 第 107 行.
NOTIC: [8] Use of undefined constant scid - assumed 'scid' /mnt/web/spectrum/public_html/Application/Runtime/Cache/Home/2a94b8bda04ff446dcedd42276fc99ee.php 第 107 行.
NOTIC: [8] Use of undefined constant scid - assumed 'scid' /mnt/web/spectrum/public_html/Application/Runtime/Cache/Home/2a94b8bda04ff446dcedd42276fc99ee.php 第 107 行.
INFO: Run Behavior\ParseTemplateBehavior [ RunTime:0.011099s ]
INFO: [ view_parse ] --END-- [ RunTime:0.011139s ]
INFO: [ view_filter ] --START--
INFO: Run Behavior\WriteHtmlCacheBehavior [ RunTime:0.000274s ]
INFO: [ view_filter ] --END-- [ RunTime:0.000309s ]
INFO: [ app_end ] --START--
INFO: Run Behavior\ShowPageTraceBehavior [ RunTime:0.000501s ]
INFO: [ app_end ] --END-- [ RunTime:0.000550s ]

[ 2017-05-19T20:40:25+08:00 ] 66.249.73.234 /favicon.ico
INFO: [ app_init ] --START--
INFO: Run Behavior\BuildLiteBehavior [ RunTime:0.000012s ]
INFO: [ app_init ] --END-- [ RunTime:0.000384s ]

[ 2017-05-19T23:13:47+08:00 ] 66.249.73.237 /?nav_id=15
INFO: [ app_init ] --START--
INFO: Run Behavior\BuildLiteBehavior [ RunTime:0.000014s ]
INFO: [ app_init ] --END-- [ RunTime:0.000401s ]
INFO: [ app_begin ] --START--
INFO: Run Behavior\ReadHtmlCacheBehavior [ RunTime:0.000445s ]
INFO: [ app_begin ] --END-- [ RunTime:0.000491s ]
SQL: SHOW COLUMNS FROM `yd_navigation` [ RunTime:0.0011s ]
SQL: SELECT * FROM `yd_navigation` WHERE `is_show` = 1 AND `pid` = 0  [ RunTime:0.0002s ]
SQL: SHOW COLUMNS FROM `yd_system` [ RunTime:0.0008s ]
SQL: SELECT * FROM `yd_system` LIMIT 1   [ RunTime:0.0002s ]
SQL: SHOW COLUMNS FROM `yd_company_info` [ RunTime:0.0009s ]
SQL: SELECT * FROM `yd_company_info` WHERE `com_is_rec` = 1 AND `com_status` = 1 LIMIT 30   [ RunTime:0.0002s ]
SQL: SHOW COLUMNS FROM `yd_image` [ RunTime:0.0008s ]
SQL: SELECT `img_id` FROM `yd_image` WHERE `img_storeid` = 606 LIMIT 1   [ RunTime:0.0001s ]
SQL: SELECT `img_id` FROM `yd_image` WHERE `img_storeid` = 622 LIMIT 1   [ RunTime:0.0001s ]
SQL: SELECT * FROM `yd_navigation` WHERE `is_show` = 1 AND `pid` = 0  [ RunTime:0.0002s ]
SQL: SHOW COLUMNS FROM `yd_shuffling` [ RunTime:0.0008s ]
SQL: SELECT * FROM `yd_shuffling` WHERE `is_show` = 1 AND `pid` = 1  [ RunTime:0.0002s ]
SQL: SELECT * FROM `yd_shuffling` WHERE `is_show` = 1 AND `pid` = 6  [ RunTime:0.0001s ]
INFO: [ view_parse ] --START--
INFO: [ template_filter ] --START--
INFO: Run Behavior\ContentReplaceBehavior [ RunTime:0.000059s ]
INFO: [ template_filter ] --END-- [ RunTime:0.000100s ]
NOTIC: [8] Use of undefined constant img - assumed 'img' /mnt/web/spectrum/public_html/Application/Runtime/Cache/Home/2a94b8bda04ff446dcedd42276fc99ee.php 第 66 行.
NOTIC: [8] Use of undefined constant img - assumed 'img' /mnt/web/spectrum/public_html/Application/Runtime/Cache/Home/2a94b8bda04ff446dcedd42276fc99ee.php 第 66 行.
NOTIC: [8] Use of undefined constant scid - assumed 'scid' /mnt/web/spectrum/public_html/Application/Runtime/Cache/Home/2a94b8bda04ff446dcedd42276fc99ee.php 第 107 行.
NOTIC: [8] Use of undefined constant scid - assumed 'scid' /mnt/web/spectrum/public_html/Application/Runtime/Cache/Home/2a94b8bda04ff446dcedd42276fc99ee.php 第 107 行.
NOTIC: [8] Use of undefined constant scid - assumed 'scid' /mnt/web/spectrum/public_html/Application/Runtime/Cache/Home/2a94b8bda04ff446dcedd42276fc99ee.php 第 107 行.
NOTIC: [8] Use of undefined constant scid - assumed 'scid' /mnt/web/spectrum/public_html/Application/Runtime/Cache/Home/2a94b8bda04ff446dcedd42276fc99ee.php 第 107 行.
NOTIC: [8] Use of undefined constant scid - assumed 'scid' /mnt/web/spectrum/public_html/Application/Runtime/Cache/Home/2a94b8bda04ff446dcedd42276fc99ee.php 第 107 行.
NOTIC: [8] Use of undefined constant scid - assumed 'scid' /mnt/web/spectrum/public_html/Application/Runtime/Cache/Home/2a94b8bda04ff446dcedd42276fc99ee.php 第 107 行.
NOTIC: [8] Use of undefined constant scid - assumed 'scid' /mnt/web/spectrum/public_html/Application/Runtime/Cache/Home/2a94b8bda04ff446dcedd42276fc99ee.php 第 107 行.
NOTIC: [8] Use of undefined constant scid - assumed 'scid' /mnt/web/spectrum/public_html/Application/Runtime/Cache/Home/2a94b8bda04ff446dcedd42276fc99ee.php 第 107 行.
NOTIC: [8] Use of undefined constant scid - assumed 'scid' /mnt/web/spectrum/public_html/Application/Runtime/Cache/Home/2a94b8bda04ff446dcedd42276fc99ee.php 第 107 行.
NOTIC: [8] Use of undefined constant scid - assumed 'scid' /mnt/web/spectrum/public_html/Application/Runtime/Cache/Home/2a94b8bda04ff446dcedd42276fc99ee.php 第 107 行.
NOTIC: [8] Use of undefined constant scid - assumed 'scid' /mnt/web/spectrum/public_html/Application/Runtime/Cache/Home/2a94b8bda04ff446dcedd42276fc99ee.php 第 107 行.
NOTIC: [8] Use of undefined constant scid - assumed 'scid' /mnt/web/spectrum/public_html/Application/Runtime/Cache/Home/2a94b8bda04ff446dcedd42276fc99ee.php 第 107 行.
NOTIC: [8] Use of undefined constant scid - assumed 'scid' /mnt/web/spectrum/public_html/Application/Runtime/Cache/Home/2a94b8bda04ff446dcedd42276fc99ee.php 第 107 行.
NOTIC: [8] Use of undefined constant scid - assumed 'scid' /mnt/web/spectrum/public_html/Application/Runtime/Cache/Home/2a94b8bda04ff446dcedd42276fc99ee.php 第 107 行.
NOTIC: [8] Use of undefined constant scid - assumed 'scid' /mnt/web/spectrum/public_html/Application/Runtime/Cache/Home/2a94b8bda04ff446dcedd42276fc99ee.php 第 107 行.
NOTIC: [8] Use of undefined constant scid - assumed 'scid' /mnt/web/spectrum/public_html/Application/Runtime/Cache/Home/2a94b8bda04ff446dcedd42276fc99ee.php 第 107 行.
INFO: Run Behavior\ParseTemplateBehavior [ RunTime:0.010964s ]
INFO: [ view_parse ] --END-- [ RunTime:0.011006s ]
INFO: [ view_filter ] --START--
INFO: Run Behavior\WriteHtmlCacheBehavior [ RunTime:0.000270s ]
INFO: [ view_filter ] --END-- [ RunTime:0.000306s ]
INFO: [ app_end ] --START--
INFO: Run Behavior\ShowPageTraceBehavior [ RunTime:0.000479s ]
INFO: [ app_end ] --END-- [ RunTime:0.000527s ]

