[ 2017-05-24T02:17:56+08:00 ] 42.236.10.113 /index.php/Home/CompanyInfo/lists/scid/414.html
INFO: [ app_init ] --START--
INFO: Run Behavior\BuildLiteBehavior [ RunTime:0.000012s ]
INFO: [ app_init ] --END-- [ RunTime:0.000373s ]
INFO: [ app_begin ] --START--
INFO: Run Behavior\ReadHtmlCacheBehavior [ RunTime:0.000446s ]
INFO: [ app_begin ] --END-- [ RunTime:0.000491s ]
SQL: SHOW COLUMNS FROM `yd_navigation` [ RunTime:0.0011s ]
SQL: SELECT * FROM `yd_navigation` WHERE `is_show` = 1 AND `pid` = 0  [ RunTime:0.0002s ]
SQL: SHOW COLUMNS FROM `yd_system` [ RunTime:0.0008s ]
SQL: SELECT * FROM `yd_system` LIMIT 1   [ RunTime:0.0002s ]
SQL: SHOW COLUMNS FROM `yd_company_info` [ RunTime:0.0009s ]
SQL: SELECT * FROM `yd_company_info` WHERE `com_scid` = 414 AND `com_status` = 1 ORDER BY com_id desc LIMIT 5   [ RunTime:0.0002s ]
SQL: SELECT COUNT(*) AS tp_count FROM `yd_company_info` WHERE `com_scid` = 414 AND `com_status` = 1 LIMIT 1   [ RunTime:0.0002s ]
SQL: SELECT * FROM `yd_company_info` WHERE `com_scid` = 414 AND `com_status` = 1 ORDER BY com_id desc LIMIT 0,10   [ RunTime:0.0002s ]
INFO: [ view_parse ] --START--
INFO: [ template_filter ] --START--
INFO: Run Behavior\ContentReplaceBehavior [ RunTime:0.000058s ]
INFO: [ template_filter ] --END-- [ RunTime:0.000103s ]
INFO: Run Behavior\ParseTemplateBehavior [ RunTime:0.041131s ]
INFO: [ view_parse ] --END-- [ RunTime:0.041182s ]
INFO: [ view_filter ] --START--
INFO: Run Behavior\WriteHtmlCacheBehavior [ RunTime:0.003877s ]
INFO: [ view_filter ] --END-- [ RunTime:0.003918s ]
INFO: [ app_end ] --START--
INFO: Run Behavior\ShowPageTraceBehavior [ RunTime:0.002614s ]
INFO: [ app_end ] --END-- [ RunTime:0.002665s ]

[ 2017-05-24T02:17:56+08:00 ] 42.236.99.154 /CompanyInfo/details?id=64
INFO: [ app_init ] --START--
INFO: Run Behavior\BuildLiteBehavior [ RunTime:0.000013s ]
INFO: [ app_init ] --END-- [ RunTime:0.000379s ]
INFO: [ app_begin ] --START--
INFO: Run Behavior\ReadHtmlCacheBehavior [ RunTime:0.000466s ]
INFO: [ app_begin ] --END-- [ RunTime:0.000526s ]
SQL: SHOW COLUMNS FROM `yd_navigation` [ RunTime:0.0140s ]
SQL: SELECT * FROM `yd_navigation` WHERE `is_show` = 1 AND `pid` = 0  [ RunTime:0.0002s ]
SQL: SHOW COLUMNS FROM `yd_system` [ RunTime:0.0729s ]
SQL: SELECT * FROM `yd_system` LIMIT 1   [ RunTime:0.0001s ]
SQL: SHOW COLUMNS FROM `yd_company_info` [ RunTime:0.0186s ]
SQL: SELECT * FROM `yd_company_info` WHERE `com_id` = '64' LIMIT 1   [ RunTime:0.0002s ]
SQL: UPDATE `yd_company_info` SET `com_visit`='1117' WHERE `com_id` = '64' [ RunTime:0.0056s ]
SQL: SHOW COLUMNS FROM `yd_media` [ RunTime:0.0016s ]
SQL: SELECT * FROM `yd_media` WHERE `med_storeid` = '606'  [ RunTime:0.0012s ]
INFO: [ view_parse ] --START--
INFO: [ template_filter ] --START--
INFO: Run Behavior\ContentReplaceBehavior [ RunTime:0.000073s ]
INFO: [ template_filter ] --END-- [ RunTime:0.000117s ]
INFO: Run Behavior\ParseTemplateBehavior [ RunTime:0.009890s ]
INFO: [ view_parse ] --END-- [ RunTime:0.009935s ]
INFO: [ view_filter ] --START--
INFO: Run Behavior\WriteHtmlCacheBehavior [ RunTime:0.000265s ]
INFO: [ view_filter ] --END-- [ RunTime:0.000300s ]
INFO: [ app_end ] --START--
INFO: Run Behavior\ShowPageTraceBehavior [ RunTime:0.000502s ]
INFO: [ app_end ] --END-- [ RunTime:0.000551s ]

[ 2017-05-24T02:17:56+08:00 ] 42.236.12.170 /index.php/Home/CompanyInfo/lists/scid/248.html
INFO: [ app_init ] --START--
INFO: Run Behavior\BuildLiteBehavior [ RunTime:0.000013s ]
INFO: [ app_init ] --END-- [ RunTime:0.002855s ]
INFO: [ app_begin ] --START--
INFO: Run Behavior\ReadHtmlCacheBehavior [ RunTime:0.001021s ]
INFO: [ app_begin ] --END-- [ RunTime:0.001067s ]
SQL: SHOW COLUMNS FROM `yd_navigation` [ RunTime:0.0053s ]
SQL: SELECT * FROM `yd_navigation` WHERE `is_show` = 1 AND `pid` = 0  [ RunTime:0.0066s ]
SQL: SHOW COLUMNS FROM `yd_system` [ RunTime:0.0067s ]
SQL: SELECT * FROM `yd_system` LIMIT 1   [ RunTime:0.0075s ]
SQL: SHOW COLUMNS FROM `yd_company_info` [ RunTime:0.0035s ]
SQL: SELECT * FROM `yd_company_info` WHERE `com_scid` = 248 AND `com_status` = 1 ORDER BY com_id desc LIMIT 5   [ RunTime:0.0002s ]
SQL: SELECT COUNT(*) AS tp_count FROM `yd_company_info` WHERE `com_scid` = 248 AND `com_status` = 1 LIMIT 1   [ RunTime:0.0001s ]
SQL: SELECT * FROM `yd_company_info` WHERE `com_scid` = 248 AND `com_status` = 1 ORDER BY com_id desc LIMIT 0,10   [ RunTime:0.0002s ]
INFO: [ view_parse ] --START--
INFO: [ template_filter ] --START--
INFO: Run Behavior\ContentReplaceBehavior [ RunTime:0.000056s ]
INFO: [ template_filter ] --END-- [ RunTime:0.000099s ]
INFO: Run Behavior\ParseTemplateBehavior [ RunTime:0.009896s ]
INFO: [ view_parse ] --END-- [ RunTime:0.009953s ]
INFO: [ view_filter ] --START--
INFO: Run Behavior\WriteHtmlCacheBehavior [ RunTime:0.000365s ]
INFO: [ view_filter ] --END-- [ RunTime:0.000403s ]
INFO: [ app_end ] --START--
INFO: Run Behavior\ShowPageTraceBehavior [ RunTime:0.000501s ]
INFO: [ app_end ] --END-- [ RunTime:0.000549s ]

[ 2017-05-24T02:17:56+08:00 ] 42.236.10.110 /index.php/Home/CompanyInfo/lists/scid/518.html
INFO: [ app_init ] --START--
INFO: Run Behavior\BuildLiteBehavior [ RunTime:0.000012s ]
INFO: [ app_init ] --END-- [ RunTime:0.001693s ]
INFO: [ app_begin ] --START--
INFO: Run Behavior\ReadHtmlCacheBehavior [ RunTime:0.002038s ]
INFO: [ app_begin ] --END-- [ RunTime:0.002087s ]
SQL: SHOW COLUMNS FROM `yd_navigation` [ RunTime:0.0317s ]
SQL: SELECT * FROM `yd_navigation` WHERE `is_show` = 1 AND `pid` = 0  [ RunTime:0.0002s ]
SQL: SHOW COLUMNS FROM `yd_system` [ RunTime:0.0356s ]
SQL: SELECT * FROM `yd_system` LIMIT 1   [ RunTime:0.0001s ]
SQL: SHOW COLUMNS FROM `yd_company_info` [ RunTime:0.0061s ]
SQL: SELECT * FROM `yd_company_info` WHERE `com_scid` = 518 AND `com_status` = 1 ORDER BY com_id desc LIMIT 5   [ RunTime:0.0002s ]
SQL: SELECT COUNT(*) AS tp_count FROM `yd_company_info` WHERE `com_scid` = 518 AND `com_status` = 1 LIMIT 1   [ RunTime:0.0027s ]
SQL: SELECT * FROM `yd_company_info` WHERE `com_scid` = 518 AND `com_status` = 1 ORDER BY com_id desc LIMIT 0,10   [ RunTime:0.0006s ]
INFO: [ view_parse ] --START--
INFO: [ template_filter ] --START--
INFO: Run Behavior\ContentReplaceBehavior [ RunTime:0.000056s ]
INFO: [ template_filter ] --END-- [ RunTime:0.000099s ]
INFO: Run Behavior\ParseTemplateBehavior [ RunTime:0.013913s ]
INFO: [ view_parse ] --END-- [ RunTime:0.013964s ]
INFO: [ view_filter ] --START--
INFO: Run Behavior\WriteHtmlCacheBehavior [ RunTime:0.002085s ]
INFO: [ view_filter ] --END-- [ RunTime:0.002124s ]
INFO: [ app_end ] --START--
INFO: Run Behavior\ShowPageTraceBehavior [ RunTime:0.002671s ]
INFO: [ app_end ] --END-- [ RunTime:0.002723s ]

[ 2017-05-24T02:17:56+08:00 ] 42.236.10.106 /index.php/Home/CompanyInfo/lists/scid/1.html
INFO: [ app_init ] --START--
INFO: Run Behavior\BuildLiteBehavior [ RunTime:0.000013s ]
INFO: [ app_init ] --END-- [ RunTime:0.002063s ]
INFO: [ app_begin ] --START--
INFO: Run Behavior\ReadHtmlCacheBehavior [ RunTime:0.001578s ]
INFO: [ app_begin ] --END-- [ RunTime:0.001626s ]
SQL: SHOW COLUMNS FROM `yd_navigation` [ RunTime:0.0445s ]
SQL: SELECT * FROM `yd_navigation` WHERE `is_show` = 1 AND `pid` = 0  [ RunTime:0.0002s ]
SQL: SHOW COLUMNS FROM `yd_system` [ RunTime:0.0243s ]
SQL: SELECT * FROM `yd_system` LIMIT 1   [ RunTime:0.0014s ]
SQL: SHOW COLUMNS FROM `yd_company_info` [ RunTime:0.0144s ]
SQL: SELECT * FROM `yd_company_info` WHERE `com_scid` = 1 AND `com_status` = 1 ORDER BY com_id desc LIMIT 5   [ RunTime:0.0002s ]
SQL: SELECT COUNT(*) AS tp_count FROM `yd_company_info` WHERE `com_scid` = 1 AND `com_status` = 1 LIMIT 1   [ RunTime:0.0008s ]
SQL: SELECT * FROM `yd_company_info` WHERE `com_scid` = 1 AND `com_status` = 1 ORDER BY com_id desc LIMIT 0,10   [ RunTime:0.0008s ]
INFO: [ view_parse ] --START--
INFO: [ template_filter ] --START--
INFO: Run Behavior\ContentReplaceBehavior [ RunTime:0.000060s ]
INFO: [ template_filter ] --END-- [ RunTime:0.000110s ]
INFO: Run Behavior\ParseTemplateBehavior [ RunTime:0.026272s ]
INFO: [ view_parse ] --END-- [ RunTime:0.026326s ]
INFO: [ view_filter ] --START--
INFO: Run Behavior\WriteHtmlCacheBehavior [ RunTime:0.005155s ]
INFO: [ view_filter ] --END-- [ RunTime:0.005210s ]
INFO: [ app_end ] --START--
INFO: Run Behavior\ShowPageTraceBehavior [ RunTime:0.001672s ]
INFO: [ app_end ] --END-- [ RunTime:0.001724s ]

[ 2017-05-24T02:17:56+08:00 ] 42.236.10.104 /index.php/Home/CompanyInfo/lists/scid/873.html
INFO: [ app_init ] --START--
INFO: Run Behavior\BuildLiteBehavior [ RunTime:0.000012s ]
INFO: [ app_init ] --END-- [ RunTime:0.002771s ]
INFO: [ app_begin ] --START--
INFO: Run Behavior\ReadHtmlCacheBehavior [ RunTime:0.000458s ]
INFO: [ app_begin ] --END-- [ RunTime:0.000503s ]
SQL: SHOW COLUMNS FROM `yd_navigation` [ RunTime:0.0055s ]
SQL: SELECT * FROM `yd_navigation` WHERE `is_show` = 1 AND `pid` = 0  [ RunTime:0.0002s ]
SQL: SHOW COLUMNS FROM `yd_system` [ RunTime:0.0103s ]
SQL: SELECT * FROM `yd_system` LIMIT 1   [ RunTime:0.0002s ]
SQL: SHOW COLUMNS FROM `yd_company_info` [ RunTime:0.0171s ]
SQL: SELECT * FROM `yd_company_info` WHERE `com_scid` = 873 AND `com_status` = 1 ORDER BY com_id desc LIMIT 5   [ RunTime:0.0002s ]
SQL: SELECT COUNT(*) AS tp_count FROM `yd_company_info` WHERE `com_scid` = 873 AND `com_status` = 1 LIMIT 1   [ RunTime:0.0003s ]
SQL: SELECT * FROM `yd_company_info` WHERE `com_scid` = 873 AND `com_status` = 1 ORDER BY com_id desc LIMIT 0,10   [ RunTime:0.0002s ]
INFO: [ view_parse ] --START--
INFO: [ template_filter ] --START--
INFO: Run Behavior\ContentReplaceBehavior [ RunTime:0.000058s ]
INFO: [ template_filter ] --END-- [ RunTime:0.000107s ]
INFO: Run Behavior\ParseTemplateBehavior [ RunTime:0.024975s ]
INFO: [ view_parse ] --END-- [ RunTime:0.025036s ]
INFO: [ view_filter ] --START--
INFO: Run Behavior\WriteHtmlCacheBehavior [ RunTime:0.001825s ]
INFO: [ view_filter ] --END-- [ RunTime:0.001861s ]
INFO: [ app_end ] --START--
INFO: Run Behavior\ShowPageTraceBehavior [ RunTime:0.005365s ]
INFO: [ app_end ] --END-- [ RunTime:0.005417s ]

[ 2017-05-24T02:17:57+08:00 ] 42.236.99.16 /index.php/Home/CompanyInfo/lists/scid/1321.html
INFO: [ app_init ] --START--
INFO: Run Behavior\BuildLiteBehavior [ RunTime:0.000014s ]
INFO: [ app_init ] --END-- [ RunTime:0.009464s ]
INFO: [ app_begin ] --START--
INFO: Run Behavior\ReadHtmlCacheBehavior [ RunTime:0.000964s ]
INFO: [ app_begin ] --END-- [ RunTime:0.001011s ]
SQL: SHOW COLUMNS FROM `yd_navigation` [ RunTime:0.0383s ]
SQL: SELECT * FROM `yd_navigation` WHERE `is_show` = 1 AND `pid` = 0  [ RunTime:0.0002s ]
SQL: SHOW COLUMNS FROM `yd_system` [ RunTime:0.0356s ]
SQL: SELECT * FROM `yd_system` LIMIT 1   [ RunTime:0.0063s ]
SQL: SHOW COLUMNS FROM `yd_company_info` [ RunTime:0.0083s ]
SQL: SELECT * FROM `yd_company_info` WHERE `com_scid` = 1321 AND `com_status` = 1 ORDER BY com_id desc LIMIT 5   [ RunTime:0.0012s ]
SQL: SELECT COUNT(*) AS tp_count FROM `yd_company_info` WHERE `com_scid` = 1321 AND `com_status` = 1 LIMIT 1   [ RunTime:0.0001s ]
SQL: SELECT * FROM `yd_company_info` WHERE `com_scid` = 1321 AND `com_status` = 1 ORDER BY com_id desc LIMIT 0,10   [ RunTime:0.0002s ]
INFO: [ view_parse ] --START--
INFO: [ template_filter ] --START--
INFO: Run Behavior\ContentReplaceBehavior [ RunTime:0.000059s ]
INFO: [ template_filter ] --END-- [ RunTime:0.000102s ]
INFO: Run Behavior\ParseTemplateBehavior [ RunTime:0.026906s ]
INFO: [ view_parse ] --END-- [ RunTime:0.026957s ]
INFO: [ view_filter ] --START--
INFO: Run Behavior\WriteHtmlCacheBehavior [ RunTime:0.005126s ]
INFO: [ view_filter ] --END-- [ RunTime:0.005165s ]
INFO: [ app_end ] --START--
INFO: Run Behavior\ShowPageTraceBehavior [ RunTime:0.001772s ]
INFO: [ app_end ] --END-- [ RunTime:0.001820s ]

[ 2017-05-24T02:17:57+08:00 ] 42.236.99.154 /index.php/Home/CompanyInfo/lists/scid/185.html
INFO: [ app_init ] --START--
INFO: Run Behavior\BuildLiteBehavior [ RunTime:0.000013s ]
INFO: [ app_init ] --END-- [ RunTime:0.004100s ]
INFO: [ app_begin ] --START--
INFO: Run Behavior\ReadHtmlCacheBehavior [ RunTime:0.006093s ]
INFO: [ app_begin ] --END-- [ RunTime:0.006141s ]
SQL: SHOW COLUMNS FROM `yd_navigation` [ RunTime:0.1008s ]
SQL: SELECT * FROM `yd_navigation` WHERE `is_show` = 1 AND `pid` = 0  [ RunTime:0.0006s ]
SQL: SHOW COLUMNS FROM `yd_system` [ RunTime:0.0010s ]
SQL: SELECT * FROM `yd_system` LIMIT 1   [ RunTime:0.0001s ]
SQL: SHOW COLUMNS FROM `yd_company_info` [ RunTime:0.0438s ]
SQL: SELECT * FROM `yd_company_info` WHERE `com_scid` = 185 AND `com_status` = 1 ORDER BY com_id desc LIMIT 5   [ RunTime:0.0021s ]
SQL: SELECT COUNT(*) AS tp_count FROM `yd_company_info` WHERE `com_scid` = 185 AND `com_status` = 1 LIMIT 1   [ RunTime:0.0006s ]
SQL: SELECT * FROM `yd_company_info` WHERE `com_scid` = 185 AND `com_status` = 1 ORDER BY com_id desc LIMIT 0,10   [ RunTime:0.0066s ]
INFO: [ view_parse ] --START--
INFO: [ template_filter ] --START--
INFO: Run Behavior\ContentReplaceBehavior [ RunTime:0.000060s ]
INFO: [ template_filter ] --END-- [ RunTime:0.000109s ]
INFO: Run Behavior\ParseTemplateBehavior [ RunTime:0.040510s ]
INFO: [ view_parse ] --END-- [ RunTime:0.040568s ]
INFO: [ view_filter ] --START--
INFO: Run Behavior\WriteHtmlCacheBehavior [ RunTime:0.003186s ]
INFO: [ view_filter ] --END-- [ RunTime:0.003238s ]
INFO: [ app_end ] --START--
INFO: Run Behavior\ShowPageTraceBehavior [ RunTime:0.007044s ]
INFO: [ app_end ] --END-- [ RunTime:0.007094s ]

[ 2017-05-24T02:17:58+08:00 ] 42.236.99.206 /index.php/Home/CompanyInfo/lists/scid/1395.html
INFO: [ app_init ] --START--
INFO: Run Behavior\BuildLiteBehavior [ RunTime:0.000013s ]
INFO: [ app_init ] --END-- [ RunTime:0.002141s ]
INFO: [ app_begin ] --START--
INFO: Run Behavior\ReadHtmlCacheBehavior [ RunTime:0.007652s ]
INFO: [ app_begin ] --END-- [ RunTime:0.007701s ]
SQL: SHOW COLUMNS FROM `yd_navigation` [ RunTime:0.0974s ]
SQL: SELECT * FROM `yd_navigation` WHERE `is_show` = 1 AND `pid` = 0  [ RunTime:0.0026s ]
SQL: SHOW COLUMNS FROM `yd_system` [ RunTime:0.0468s ]
SQL: SELECT * FROM `yd_system` LIMIT 1   [ RunTime:0.0046s ]
SQL: SHOW COLUMNS FROM `yd_company_info` [ RunTime:0.0069s ]
SQL: SELECT * FROM `yd_company_info` WHERE `com_scid` = 1395 AND `com_status` = 1 ORDER BY com_id desc LIMIT 5   [ RunTime:0.0005s ]
SQL: SELECT COUNT(*) AS tp_count FROM `yd_company_info` WHERE `com_scid` = 1395 AND `com_status` = 1 LIMIT 1   [ RunTime:0.0005s ]
SQL: SELECT * FROM `yd_company_info` WHERE `com_scid` = 1395 AND `com_status` = 1 ORDER BY com_id desc LIMIT 0,10   [ RunTime:0.0002s ]
INFO: [ view_parse ] --START--
INFO: [ template_filter ] --START--
INFO: Run Behavior\ContentReplaceBehavior [ RunTime:0.000059s ]
INFO: [ template_filter ] --END-- [ RunTime:0.000102s ]
INFO: Run Behavior\ParseTemplateBehavior [ RunTime:0.034224s ]
INFO: [ view_parse ] --END-- [ RunTime:0.034279s ]
INFO: [ view_filter ] --START--
INFO: Run Behavior\WriteHtmlCacheBehavior [ RunTime:0.007307s ]
INFO: [ view_filter ] --END-- [ RunTime:0.007347s ]
INFO: [ app_end ] --START--
INFO: Run Behavior\ShowPageTraceBehavior [ RunTime:0.003269s ]
INFO: [ app_end ] --END-- [ RunTime:0.003318s ]

[ 2017-05-24T02:17:58+08:00 ] 42.236.99.166 /index.php/Home/CompanyInfo/lists/scid/63.html
INFO: [ app_init ] --START--
INFO: Run Behavior\BuildLiteBehavior [ RunTime:0.000015s ]
INFO: [ app_init ] --END-- [ RunTime:0.003642s ]
INFO: [ app_begin ] --START--
INFO: Run Behavior\ReadHtmlCacheBehavior [ RunTime:0.006172s ]
INFO: [ app_begin ] --END-- [ RunTime:0.006222s ]
SQL: SHOW COLUMNS FROM `yd_navigation` [ RunTime:0.1484s ]
SQL: SELECT * FROM `yd_navigation` WHERE `is_show` = 1 AND `pid` = 0  [ RunTime:0.0004s ]
SQL: SHOW COLUMNS FROM `yd_system` [ RunTime:0.0383s ]
SQL: SELECT * FROM `yd_system` LIMIT 1   [ RunTime:0.0108s ]
SQL: SHOW COLUMNS FROM `yd_company_info` [ RunTime:0.0101s ]
SQL: SELECT * FROM `yd_company_info` WHERE `com_scid` = 63 AND `com_status` = 1 ORDER BY com_id desc LIMIT 5   [ RunTime:0.0002s ]
SQL: SELECT COUNT(*) AS tp_count FROM `yd_company_info` WHERE `com_scid` = 63 AND `com_status` = 1 LIMIT 1   [ RunTime:0.0001s ]
SQL: SELECT * FROM `yd_company_info` WHERE `com_scid` = 63 AND `com_status` = 1 ORDER BY com_id desc LIMIT 0,10   [ RunTime:0.0002s ]
INFO: [ view_parse ] --START--
INFO: [ template_filter ] --START--
INFO: Run Behavior\ContentReplaceBehavior [ RunTime:0.000060s ]
INFO: [ template_filter ] --END-- [ RunTime:0.000113s ]
INFO: Run Behavior\ParseTemplateBehavior [ RunTime:0.054487s ]
INFO: [ view_parse ] --END-- [ RunTime:0.054546s ]
INFO: [ view_filter ] --START--
INFO: Run Behavior\WriteHtmlCacheBehavior [ RunTime:0.005985s ]
INFO: [ view_filter ] --END-- [ RunTime:0.006027s ]
INFO: [ app_end ] --START--
INFO: Run Behavior\ShowPageTraceBehavior [ RunTime:0.001329s ]
INFO: [ app_end ] --END-- [ RunTime:0.001378s ]

[ 2017-05-24T02:24:02+08:00 ] 42.120.161.65 /index.php/Home/CompanyInfo/lists/scid/414.html
INFO: [ app_init ] --START--
INFO: Run Behavior\BuildLiteBehavior [ RunTime:0.000014s ]
INFO: [ app_init ] --END-- [ RunTime:0.000373s ]
INFO: [ app_begin ] --START--
INFO: Run Behavior\ReadHtmlCacheBehavior [ RunTime:0.000466s ]
INFO: [ app_begin ] --END-- [ RunTime:0.000512s ]
SQL: SHOW COLUMNS FROM `yd_navigation` [ RunTime:0.0011s ]
SQL: SELECT * FROM `yd_navigation` WHERE `is_show` = 1 AND `pid` = 0  [ RunTime:0.0002s ]
SQL: SHOW COLUMNS FROM `yd_system` [ RunTime:0.0008s ]
SQL: SELECT * FROM `yd_system` LIMIT 1   [ RunTime:0.0001s ]
SQL: SHOW COLUMNS FROM `yd_company_info` [ RunTime:0.0009s ]
SQL: SELECT * FROM `yd_company_info` WHERE `com_scid` = 414 AND `com_status` = 1 ORDER BY com_id desc LIMIT 5   [ RunTime:0.0002s ]
SQL: SELECT COUNT(*) AS tp_count FROM `yd_company_info` WHERE `com_scid` = 414 AND `com_status` = 1 LIMIT 1   [ RunTime:0.0001s ]
SQL: SELECT * FROM `yd_company_info` WHERE `com_scid` = 414 AND `com_status` = 1 ORDER BY com_id desc LIMIT 0,10   [ RunTime:0.0002s ]
INFO: [ view_parse ] --START--
INFO: [ template_filter ] --START--
INFO: Run Behavior\ContentReplaceBehavior [ RunTime:0.000058s ]
INFO: [ template_filter ] --END-- [ RunTime:0.000101s ]
INFO: Run Behavior\ParseTemplateBehavior [ RunTime:0.009875s ]
INFO: [ view_parse ] --END-- [ RunTime:0.009923s ]
INFO: [ view_filter ] --START--
INFO: Run Behavior\WriteHtmlCacheBehavior [ RunTime:0.000268s ]
INFO: [ view_filter ] --END-- [ RunTime:0.000304s ]
INFO: [ app_end ] --START--
INFO: Run Behavior\ShowPageTraceBehavior [ RunTime:0.000479s ]
INFO: [ app_end ] --END-- [ RunTime:0.000537s ]

[ 2017-05-24T07:42:43+08:00 ] 42.120.161.65 /index.php/Home/CompanyInfo/lists/scid/185.html
INFO: [ app_init ] --START--
INFO: Run Behavior\BuildLiteBehavior [ RunTime:0.000013s ]
INFO: [ app_init ] --END-- [ RunTime:0.000371s ]
INFO: [ app_begin ] --START--
INFO: Run Behavior\ReadHtmlCacheBehavior [ RunTime:0.000465s ]
INFO: [ app_begin ] --END-- [ RunTime:0.000511s ]
SQL: SHOW COLUMNS FROM `yd_navigation` [ RunTime:0.0011s ]
SQL: SELECT * FROM `yd_navigation` WHERE `is_show` = 1 AND `pid` = 0  [ RunTime:0.0002s ]
SQL: SHOW COLUMNS FROM `yd_system` [ RunTime:0.0008s ]
SQL: SELECT * FROM `yd_system` LIMIT 1   [ RunTime:0.0001s ]
SQL: SHOW COLUMNS FROM `yd_company_info` [ RunTime:0.0009s ]
SQL: SELECT * FROM `yd_company_info` WHERE `com_scid` = 185 AND `com_status` = 1 ORDER BY com_id desc LIMIT 5   [ RunTime:0.0002s ]
SQL: SELECT COUNT(*) AS tp_count FROM `yd_company_info` WHERE `com_scid` = 185 AND `com_status` = 1 LIMIT 1   [ RunTime:0.0001s ]
SQL: SELECT * FROM `yd_company_info` WHERE `com_scid` = 185 AND `com_status` = 1 ORDER BY com_id desc LIMIT 0,10   [ RunTime:0.0002s ]
INFO: [ view_parse ] --START--
INFO: [ template_filter ] --START--
INFO: Run Behavior\ContentReplaceBehavior [ RunTime:0.000051s ]
INFO: [ template_filter ] --END-- [ RunTime:0.000091s ]
INFO: Run Behavior\ParseTemplateBehavior [ RunTime:0.009986s ]
INFO: [ view_parse ] --END-- [ RunTime:0.010033s ]
INFO: [ view_filter ] --START--
INFO: Run Behavior\WriteHtmlCacheBehavior [ RunTime:0.000257s ]
INFO: [ view_filter ] --END-- [ RunTime:0.000293s ]
INFO: [ app_end ] --START--
INFO: Run Behavior\ShowPageTraceBehavior [ RunTime:0.000485s ]
INFO: [ app_end ] --END-- [ RunTime:0.000533s ]

[ 2017-05-24T10:45:11+08:00 ] 66.249.65.231 /robots.txt
INFO: [ app_init ] --START--
INFO: Run Behavior\BuildLiteBehavior [ RunTime:0.000013s ]
INFO: [ app_init ] --END-- [ RunTime:0.000397s ]
INFO: [ app_begin ] --START--
INFO: Run Behavior\ReadHtmlCacheBehavior [ RunTime:0.000457s ]
INFO: [ app_begin ] --END-- [ RunTime:0.000503s ]
ERR: 无法加载控制器:Robots.txt

[ 2017-05-24T11:26:40+08:00 ] 218.19.98.210 /favicon.ico
INFO: [ app_init ] --START--
INFO: Run Behavior\BuildLiteBehavior [ RunTime:0.000012s ]
INFO: [ app_init ] --END-- [ RunTime:0.000376s ]

[ 2017-05-24T13:21:48+08:00 ] 101.226.66.193 /Mobile/index.html
INFO: [ app_init ] --START--
INFO: Run Behavior\BuildLiteBehavior [ RunTime:0.000013s ]
INFO: [ app_init ] --END-- [ RunTime:0.000391s ]
INFO: [ app_begin ] --START--
INFO: Run Behavior\ReadHtmlCacheBehavior [ RunTime:0.000473s ]
INFO: [ app_begin ] --END-- [ RunTime:0.000520s ]

[ 2017-05-24T13:21:48+08:00 ] 101.226.66.193 /index/index
INFO: [ app_init ] --START--
INFO: Run Behavior\BuildLiteBehavior [ RunTime:0.000014s ]
INFO: [ app_init ] --END-- [ RunTime:0.000393s ]
INFO: [ app_begin ] --START--
INFO: Run Behavior\ReadHtmlCacheBehavior [ RunTime:0.000468s ]
INFO: [ app_begin ] --END-- [ RunTime:0.000517s ]
SQL: SHOW COLUMNS FROM `yd_navigation` [ RunTime:0.0011s ]
SQL: SELECT * FROM `yd_navigation` WHERE `is_show` = 1 AND `pid` = 0  [ RunTime:0.0002s ]
SQL: SHOW COLUMNS FROM `yd_system` [ RunTime:0.0008s ]
SQL: SELECT * FROM `yd_system` LIMIT 1   [ RunTime:0.0002s ]
SQL: SHOW COLUMNS FROM `yd_company_info` [ RunTime:0.0009s ]
SQL: SELECT * FROM `yd_company_info` WHERE `com_is_rec` = 1 AND `com_status` = 1 LIMIT 30   [ RunTime:0.0002s ]
SQL: SHOW COLUMNS FROM `yd_image` [ RunTime:0.0008s ]
SQL: SELECT `img_id` FROM `yd_image` WHERE `img_storeid` = 606 LIMIT 1   [ RunTime:0.0001s ]
SQL: SELECT `img_id` FROM `yd_image` WHERE `img_storeid` = 622 LIMIT 1   [ RunTime:0.0001s ]
SQL: SELECT * FROM `yd_navigation` WHERE `is_show` = 1 AND `pid` = 0  [ RunTime:0.0002s ]
SQL: SHOW COLUMNS FROM `yd_shuffling` [ RunTime:0.0009s ]
SQL: SELECT * FROM `yd_shuffling` WHERE `is_show` = 1 AND `pid` = 1  [ RunTime:0.0002s ]
SQL: SELECT * FROM `yd_shuffling` WHERE `is_show` = 1 AND `pid` = 6  [ RunTime:0.0001s ]
INFO: [ view_parse ] --START--
INFO: [ template_filter ] --START--
INFO: Run Behavior\ContentReplaceBehavior [ RunTime:0.000086s ]
INFO: [ template_filter ] --END-- [ RunTime:0.000131s ]
NOTIC: [8] Use of undefined constant img - assumed 'img' /mnt/web/spectrum/public_html/Application/Runtime/Cache/Home/2a94b8bda04ff446dcedd42276fc99ee.php 第 80 行.
NOTIC: [8] Use of undefined constant img - assumed 'img' /mnt/web/spectrum/public_html/Application/Runtime/Cache/Home/2a94b8bda04ff446dcedd42276fc99ee.php 第 80 行.
NOTIC: [8] Use of undefined constant scid - assumed 'scid' /mnt/web/spectrum/public_html/Application/Runtime/Cache/Home/2a94b8bda04ff446dcedd42276fc99ee.php 第 213 行.
NOTIC: [8] Use of undefined constant scid - assumed 'scid' /mnt/web/spectrum/public_html/Application/Runtime/Cache/Home/2a94b8bda04ff446dcedd42276fc99ee.php 第 213 行.
NOTIC: [8] Use of undefined constant scid - assumed 'scid' /mnt/web/spectrum/public_html/Application/Runtime/Cache/Home/2a94b8bda04ff446dcedd42276fc99ee.php 第 213 行.
NOTIC: [8] Use of undefined constant scid - assumed 'scid' /mnt/web/spectrum/public_html/Application/Runtime/Cache/Home/2a94b8bda04ff446dcedd42276fc99ee.php 第 213 行.
NOTIC: [8] Use of undefined constant scid - assumed 'scid' /mnt/web/spectrum/public_html/Application/Runtime/Cache/Home/2a94b8bda04ff446dcedd42276fc99ee.php 第 213 行.
NOTIC: [8] Use of undefined constant scid - assumed 'scid' /mnt/web/spectrum/public_html/Application/Runtime/Cache/Home/2a94b8bda04ff446dcedd42276fc99ee.php 第 213 行.
NOTIC: [8] Use of undefined constant scid - assumed 'scid' /mnt/web/spectrum/public_html/Application/Runtime/Cache/Home/2a94b8bda04ff446dcedd42276fc99ee.php 第 213 行.
NOTIC: [8] Use of undefined constant scid - assumed 'scid' /mnt/web/spectrum/public_html/Application/Runtime/Cache/Home/2a94b8bda04ff446dcedd42276fc99ee.php 第 213 行.
NOTIC: [8] Use of undefined constant scid - assumed 'scid' /mnt/web/spectrum/public_html/Application/Runtime/Cache/Home/2a94b8bda04ff446dcedd42276fc99ee.php 第 213 行.
NOTIC: [8] Use of undefined constant scid - assumed 'scid' /mnt/web/spectrum/public_html/Application/Runtime/Cache/Home/2a94b8bda04ff446dcedd42276fc99ee.php 第 213 行.
NOTIC: [8] Use of undefined constant scid - assumed 'scid' /mnt/web/spectrum/public_html/Application/Runtime/Cache/Home/2a94b8bda04ff446dcedd42276fc99ee.php 第 213 行.
NOTIC: [8] Use of undefined constant scid - assumed 'scid' /mnt/web/spectrum/public_html/Application/Runtime/Cache/Home/2a94b8bda04ff446dcedd42276fc99ee.php 第 213 行.
NOTIC: [8] Use of undefined constant scid - assumed 'scid' /mnt/web/spectrum/public_html/Application/Runtime/Cache/Home/2a94b8bda04ff446dcedd42276fc99ee.php 第 213 行.
NOTIC: [8] Use of undefined constant scid - assumed 'scid' /mnt/web/spectrum/public_html/Application/Runtime/Cache/Home/2a94b8bda04ff446dcedd42276fc99ee.php 第 213 行.
NOTIC: [8] Use of undefined constant scid - assumed 'scid' /mnt/web/spectrum/public_html/Application/Runtime/Cache/Home/2a94b8bda04ff446dcedd42276fc99ee.php 第 213 行.
NOTIC: [8] Use of undefined constant scid - assumed 'scid' /mnt/web/spectrum/public_html/Application/Runtime/Cache/Home/2a94b8bda04ff446dcedd42276fc99ee.php 第 213 行.
INFO: Run Behavior\ParseTemplateBehavior [ RunTime:0.012226s ]
INFO: [ view_parse ] --END-- [ RunTime:0.012266s ]
INFO: [ view_filter ] --START--
INFO: Run Behavior\WriteHtmlCacheBehavior [ RunTime:0.000265s ]
INFO: [ view_filter ] --END-- [ RunTime:0.000301s ]
INFO: [ app_end ] --START--
INFO: Run Behavior\ShowPageTraceBehavior [ RunTime:0.000497s ]
INFO: [ app_end ] --END-- [ RunTime:0.000546s ]

[ 2017-05-24T14:01:15+08:00 ] 218.19.98.210 /Mobile/index
INFO: [ app_init ] --START--
INFO: Run Behavior\BuildLiteBehavior [ RunTime:0.000014s ]
INFO: [ app_init ] --END-- [ RunTime:0.000397s ]
INFO: [ app_begin ] --START--
INFO: Run Behavior\ReadHtmlCacheBehavior [ RunTime:0.000478s ]
INFO: [ app_begin ] --END-- [ RunTime:0.000529s ]

[ 2017-05-24T14:01:15+08:00 ] 218.19.98.210 /index/index
INFO: [ app_init ] --START--
INFO: Run Behavior\BuildLiteBehavior [ RunTime:0.000012s ]
INFO: [ app_init ] --END-- [ RunTime:0.000373s ]
INFO: [ app_begin ] --START--
INFO: Run Behavior\ReadHtmlCacheBehavior [ RunTime:0.000457s ]
INFO: [ app_begin ] --END-- [ RunTime:0.000505s ]
SQL: SHOW COLUMNS FROM `yd_navigation` [ RunTime:0.0011s ]
SQL: SELECT * FROM `yd_navigation` WHERE `is_show` = 1 AND `pid` = 0  [ RunTime:0.0002s ]
SQL: SHOW COLUMNS FROM `yd_system` [ RunTime:0.0008s ]
SQL: SELECT * FROM `yd_system` LIMIT 1   [ RunTime:0.0002s ]
SQL: SHOW COLUMNS FROM `yd_company_info` [ RunTime:0.0009s ]
SQL: SELECT * FROM `yd_company_info` WHERE `com_is_rec` = 1 AND `com_status` = 1 LIMIT 30   [ RunTime:0.0002s ]
SQL: SHOW COLUMNS FROM `yd_image` [ RunTime:0.0008s ]
SQL: SELECT `img_id` FROM `yd_image` WHERE `img_storeid` = 606 LIMIT 1   [ RunTime:0.0001s ]
SQL: SELECT `img_id` FROM `yd_image` WHERE `img_storeid` = 622 LIMIT 1   [ RunTime:0.0001s ]
SQL: SELECT * FROM `yd_navigation` WHERE `is_show` = 1 AND `pid` = 0  [ RunTime:0.0001s ]
SQL: SHOW COLUMNS FROM `yd_shuffling` [ RunTime:0.0008s ]
SQL: SELECT * FROM `yd_shuffling` WHERE `is_show` = 1 AND `pid` = 1  [ RunTime:0.0001s ]
SQL: SELECT * FROM `yd_shuffling` WHERE `is_show` = 1 AND `pid` = 6  [ RunTime:0.0001s ]
INFO: [ view_parse ] --START--
INFO: [ template_filter ] --START--
INFO: Run Behavior\ContentReplaceBehavior [ RunTime:0.000073s ]
INFO: [ template_filter ] --END-- [ RunTime:0.000114s ]
NOTIC: [8] Use of undefined constant img - assumed 'img' /mnt/web/spectrum/public_html/Application/Runtime/Cache/Home/2a94b8bda04ff446dcedd42276fc99ee.php 第 80 行.
NOTIC: [8] Use of undefined constant img - assumed 'img' /mnt/web/spectrum/public_html/Application/Runtime/Cache/Home/2a94b8bda04ff446dcedd42276fc99ee.php 第 80 行.
NOTIC: [8] Use of undefined constant scid - assumed 'scid' /mnt/web/spectrum/public_html/Application/Runtime/Cache/Home/2a94b8bda04ff446dcedd42276fc99ee.php 第 213 行.
NOTIC: [8] Use of undefined constant scid - assumed 'scid' /mnt/web/spectrum/public_html/Application/Runtime/Cache/Home/2a94b8bda04ff446dcedd42276fc99ee.php 第 213 行.
NOTIC: [8] Use of undefined constant scid - assumed 'scid' /mnt/web/spectrum/public_html/Application/Runtime/Cache/Home/2a94b8bda04ff446dcedd42276fc99ee.php 第 213 行.
NOTIC: [8] Use of undefined constant scid - assumed 'scid' /mnt/web/spectrum/public_html/Application/Runtime/Cache/Home/2a94b8bda04ff446dcedd42276fc99ee.php 第 213 行.
NOTIC: [8] Use of undefined constant scid - assumed 'scid' /mnt/web/spectrum/public_html/Application/Runtime/Cache/Home/2a94b8bda04ff446dcedd42276fc99ee.php 第 213 行.
NOTIC: [8] Use of undefined constant scid - assumed 'scid' /mnt/web/spectrum/public_html/Application/Runtime/Cache/Home/2a94b8bda04ff446dcedd42276fc99ee.php 第 213 行.
NOTIC: [8] Use of undefined constant scid - assumed 'scid' /mnt/web/spectrum/public_html/Application/Runtime/Cache/Home/2a94b8bda04ff446dcedd42276fc99ee.php 第 213 行.
NOTIC: [8] Use of undefined constant scid - assumed 'scid' /mnt/web/spectrum/public_html/Application/Runtime/Cache/Home/2a94b8bda04ff446dcedd42276fc99ee.php 第 213 行.
NOTIC: [8] Use of undefined constant scid - assumed 'scid' /mnt/web/spectrum/public_html/Application/Runtime/Cache/Home/2a94b8bda04ff446dcedd42276fc99ee.php 第 213 行.
NOTIC: [8] Use of undefined constant scid - assumed 'scid' /mnt/web/spectrum/public_html/Application/Runtime/Cache/Home/2a94b8bda04ff446dcedd42276fc99ee.php 第 213 行.
NOTIC: [8] Use of undefined constant scid - assumed 'scid' /mnt/web/spectrum/public_html/Application/Runtime/Cache/Home/2a94b8bda04ff446dcedd42276fc99ee.php 第 213 行.
NOTIC: [8] Use of undefined constant scid - assumed 'scid' /mnt/web/spectrum/public_html/Application/Runtime/Cache/Home/2a94b8bda04ff446dcedd42276fc99ee.php 第 213 行.
NOTIC: [8] Use of undefined constant scid - assumed 'scid' /mnt/web/spectrum/public_html/Application/Runtime/Cache/Home/2a94b8bda04ff446dcedd42276fc99ee.php 第 213 行.
NOTIC: [8] Use of undefined constant scid - assumed 'scid' /mnt/web/spectrum/public_html/Application/Runtime/Cache/Home/2a94b8bda04ff446dcedd42276fc99ee.php 第 213 行.
NOTIC: [8] Use of undefined constant scid - assumed 'scid' /mnt/web/spectrum/public_html/Application/Runtime/Cache/Home/2a94b8bda04ff446dcedd42276fc99ee.php 第 213 行.
NOTIC: [8] Use of undefined constant scid - assumed 'scid' /mnt/web/spectrum/public_html/Application/Runtime/Cache/Home/2a94b8bda04ff446dcedd42276fc99ee.php 第 213 行.
INFO: Run Behavior\ParseTemplateBehavior [ RunTime:0.012030s ]
INFO: [ view_parse ] --END-- [ RunTime:0.012069s ]
INFO: [ view_filter ] --START--
INFO: Run Behavior\WriteHtmlCacheBehavior [ RunTime:0.000270s ]
INFO: [ view_filter ] --END-- [ RunTime:0.000306s ]
INFO: [ app_end ] --START--
INFO: Run Behavior\ShowPageTraceBehavior [ RunTime:0.000479s ]
INFO: [ app_end ] --END-- [ RunTime:0.000527s ]

[ 2017-05-24T14:01:48+08:00 ] 218.19.98.210 /Mobile/index
INFO: [ app_init ] --START--
INFO: Run Behavior\BuildLiteBehavior [ RunTime:0.000014s ]
INFO: [ app_init ] --END-- [ RunTime:0.000391s ]
INFO: [ app_begin ] --START--
INFO: Run Behavior\ReadHtmlCacheBehavior [ RunTime:0.000462s ]
INFO: [ app_begin ] --END-- [ RunTime:0.000512s ]

[ 2017-05-24T14:01:48+08:00 ] 218.19.98.210 /index/index
INFO: [ app_init ] --START--
INFO: Run Behavior\BuildLiteBehavior [ RunTime:0.000013s ]
INFO: [ app_init ] --END-- [ RunTime:0.000370s ]
INFO: [ app_begin ] --START--
INFO: Run Behavior\ReadHtmlCacheBehavior [ RunTime:0.000480s ]
INFO: [ app_begin ] --END-- [ RunTime:0.000529s ]
SQL: SHOW COLUMNS FROM `yd_navigation` [ RunTime:0.0011s ]
SQL: SELECT * FROM `yd_navigation` WHERE `is_show` = 1 AND `pid` = 0  [ RunTime:0.0002s ]
SQL: SHOW COLUMNS FROM `yd_system` [ RunTime:0.0008s ]
SQL: SELECT * FROM `yd_system` LIMIT 1   [ RunTime:0.0001s ]
SQL: SHOW COLUMNS FROM `yd_company_info` [ RunTime:0.0009s ]
SQL: SELECT * FROM `yd_company_info` WHERE `com_is_rec` = 1 AND `com_status` = 1 LIMIT 30   [ RunTime:0.0002s ]
SQL: SHOW COLUMNS FROM `yd_image` [ RunTime:0.0008s ]
SQL: SELECT `img_id` FROM `yd_image` WHERE `img_storeid` = 606 LIMIT 1   [ RunTime:0.0001s ]
SQL: SELECT `img_id` FROM `yd_image` WHERE `img_storeid` = 622 LIMIT 1   [ RunTime:0.0001s ]
SQL: SELECT * FROM `yd_navigation` WHERE `is_show` = 1 AND `pid` = 0  [ RunTime:0.0002s ]
SQL: SHOW COLUMNS FROM `yd_shuffling` [ RunTime:0.0008s ]
SQL: SELECT * FROM `yd_shuffling` WHERE `is_show` = 1 AND `pid` = 1  [ RunTime:0.0001s ]
SQL: SELECT * FROM `yd_shuffling` WHERE `is_show` = 1 AND `pid` = 6  [ RunTime:0.0001s ]
INFO: [ view_parse ] --START--
INFO: [ template_filter ] --START--
INFO: Run Behavior\ContentReplaceBehavior [ RunTime:0.000079s ]
INFO: [ template_filter ] --END-- [ RunTime:0.000122s ]
NOTIC: [8] Use of undefined constant img - assumed 'img' /mnt/web/spectrum/public_html/Application/Runtime/Cache/Home/2a94b8bda04ff446dcedd42276fc99ee.php 第 80 行.
NOTIC: [8] Use of undefined constant img - assumed 'img' /mnt/web/spectrum/public_html/Application/Runtime/Cache/Home/2a94b8bda04ff446dcedd42276fc99ee.php 第 80 行.
NOTIC: [8] Use of undefined constant scid - assumed 'scid' /mnt/web/spectrum/public_html/Application/Runtime/Cache/Home/2a94b8bda04ff446dcedd42276fc99ee.php 第 213 行.
NOTIC: [8] Use of undefined constant scid - assumed 'scid' /mnt/web/spectrum/public_html/Application/Runtime/Cache/Home/2a94b8bda04ff446dcedd42276fc99ee.php 第 213 行.
NOTIC: [8] Use of undefined constant scid - assumed 'scid' /mnt/web/spectrum/public_html/Application/Runtime/Cache/Home/2a94b8bda04ff446dcedd42276fc99ee.php 第 213 行.
NOTIC: [8] Use of undefined constant scid - assumed 'scid' /mnt/web/spectrum/public_html/Application/Runtime/Cache/Home/2a94b8bda04ff446dcedd42276fc99ee.php 第 213 行.
NOTIC: [8] Use of undefined constant scid - assumed 'scid' /mnt/web/spectrum/public_html/Application/Runtime/Cache/Home/2a94b8bda04ff446dcedd42276fc99ee.php 第 213 行.
NOTIC: [8] Use of undefined constant scid - assumed 'scid' /mnt/web/spectrum/public_html/Application/Runtime/Cache/Home/2a94b8bda04ff446dcedd42276fc99ee.php 第 213 行.
NOTIC: [8] Use of undefined constant scid - assumed 'scid' /mnt/web/spectrum/public_html/Application/Runtime/Cache/Home/2a94b8bda04ff446dcedd42276fc99ee.php 第 213 行.
NOTIC: [8] Use of undefined constant scid - assumed 'scid' /mnt/web/spectrum/public_html/Application/Runtime/Cache/Home/2a94b8bda04ff446dcedd42276fc99ee.php 第 213 行.
NOTIC: [8] Use of undefined constant scid - assumed 'scid' /mnt/web/spectrum/public_html/Application/Runtime/Cache/Home/2a94b8bda04ff446dcedd42276fc99ee.php 第 213 行.
NOTIC: [8] Use of undefined constant scid - assumed 'scid' /mnt/web/spectrum/public_html/Application/Runtime/Cache/Home/2a94b8bda04ff446dcedd42276fc99ee.php 第 213 行.
NOTIC: [8] Use of undefined constant scid - assumed 'scid' /mnt/web/spectrum/public_html/Application/Runtime/Cache/Home/2a94b8bda04ff446dcedd42276fc99ee.php 第 213 行.
NOTIC: [8] Use of undefined constant scid - assumed 'scid' /mnt/web/spectrum/public_html/Application/Runtime/Cache/Home/2a94b8bda04ff446dcedd42276fc99ee.php 第 213 行.
NOTIC: [8] Use of undefined constant scid - assumed 'scid' /mnt/web/spectrum/public_html/Application/Runtime/Cache/Home/2a94b8bda04ff446dcedd42276fc99ee.php 第 213 行.
NOTIC: [8] Use of undefined constant scid - assumed 'scid' /mnt/web/spectrum/public_html/Application/Runtime/Cache/Home/2a94b8bda04ff446dcedd42276fc99ee.php 第 213 行.
NOTIC: [8] Use of undefined constant scid - assumed 'scid' /mnt/web/spectrum/public_html/Application/Runtime/Cache/Home/2a94b8bda04ff446dcedd42276fc99ee.php 第 213 行.
NOTIC: [8] Use of undefined constant scid - assumed 'scid' /mnt/web/spectrum/public_html/Application/Runtime/Cache/Home/2a94b8bda04ff446dcedd42276fc99ee.php 第 213 行.
INFO: Run Behavior\ParseTemplateBehavior [ RunTime:0.012331s ]
INFO: [ view_parse ] --END-- [ RunTime:0.012394s ]
INFO: [ view_filter ] --START--
INFO: Run Behavior\WriteHtmlCacheBehavior [ RunTime:0.000262s ]
INFO: [ view_filter ] --END-- [ RunTime:0.000297s ]
INFO: [ app_end ] --START--
INFO: Run Behavior\ShowPageTraceBehavior [ RunTime:0.000492s ]
INFO: [ app_end ] --END-- [ RunTime:0.000550s ]

[ 2017-05-24T14:43:33+08:00 ] 218.19.98.210 /Mobile/index
INFO: [ app_init ] --START--
INFO: Run Behavior\BuildLiteBehavior [ RunTime:0.000013s ]
INFO: [ app_init ] --END-- [ RunTime:0.000377s ]
INFO: [ app_begin ] --START--
INFO: Run Behavior\ReadHtmlCacheBehavior [ RunTime:0.000464s ]
INFO: [ app_begin ] --END-- [ RunTime:0.000513s ]
INFO: [ view_parse ] --START--
INFO: [ template_filter ] --START--
INFO: Run Behavior\ContentReplaceBehavior [ RunTime:0.000040s ]
INFO: [ template_filter ] --END-- [ RunTime:0.000081s ]
INFO: Run Behavior\ParseTemplateBehavior [ RunTime:0.004934s ]
INFO: [ view_parse ] --END-- [ RunTime:0.004979s ]
INFO: [ view_filter ] --START--
INFO: Run Behavior\WriteHtmlCacheBehavior [ RunTime:0.000265s ]
INFO: [ view_filter ] --END-- [ RunTime:0.000301s ]
INFO: [ app_end ] --START--
INFO: Run Behavior\ShowPageTraceBehavior [ RunTime:0.000479s ]
INFO: [ app_end ] --END-- [ RunTime:0.000516s ]

[ 2017-05-24T14:43:33+08:00 ] 218.19.98.210 /Mobile/company
INFO: [ app_init ] --START--
INFO: Run Behavior\BuildLiteBehavior [ RunTime:0.000012s ]
INFO: [ app_init ] --END-- [ RunTime:0.000374s ]
INFO: [ app_begin ] --START--
INFO: Run Behavior\ReadHtmlCacheBehavior [ RunTime:0.000459s ]
INFO: [ app_begin ] --END-- [ RunTime:0.000503s ]
SQL: SHOW COLUMNS FROM `yd_company_info` [ RunTime:0.0010s ]
NOTIC: [8] Undefined index: p /mnt/web/spectrum/public_html/Application/Home/Controller/MobileController.class.php 第 20 行.
NOTIC: [8] Undefined index: limit /mnt/web/spectrum/public_html/ThinkPHP/Library/Think/Db/Driver.class.php 第 961 行.
SQL: SELECT * FROM `yd_company_info` WHERE `com_is_rec` = 1 AND `com_status` = 1 LIMIT 0,20   [ RunTime:0.0002s ]

[ 2017-05-24T14:51:16+08:00 ] 218.19.98.210 /favicon.ico
INFO: [ app_init ] --START--
INFO: Run Behavior\BuildLiteBehavior [ RunTime:0.000012s ]
INFO: [ app_init ] --END-- [ RunTime:0.000360s ]

[ 2017-05-24T14:54:02+08:00 ] 218.19.98.210 /
INFO: [ app_init ] --START--
INFO: Run Behavior\BuildLiteBehavior [ RunTime:0.000020s ]
INFO: [ app_init ] --END-- [ RunTime:0.000376s ]
INFO: [ app_begin ] --START--
INFO: Run Behavior\ReadHtmlCacheBehavior [ RunTime:0.000445s ]
INFO: [ app_begin ] --END-- [ RunTime:0.000513s ]

[ 2017-05-24T14:54:02+08:00 ] 218.19.98.210 /Mobile/index
INFO: [ app_init ] --START--
INFO: Run Behavior\BuildLiteBehavior [ RunTime:0.000012s ]
INFO: [ app_init ] --END-- [ RunTime:0.000362s ]
INFO: [ app_begin ] --START--
INFO: Run Behavior\ReadHtmlCacheBehavior [ RunTime:0.000460s ]
INFO: [ app_begin ] --END-- [ RunTime:0.000521s ]
INFO: [ view_parse ] --START--
INFO: [ template_filter ] --START--
INFO: Run Behavior\ContentReplaceBehavior [ RunTime:0.000041s ]
INFO: [ template_filter ] --END-- [ RunTime:0.000081s ]
INFO: Run Behavior\ParseTemplateBehavior [ RunTime:0.004878s ]
INFO: [ view_parse ] --END-- [ RunTime:0.004924s ]
INFO: [ view_filter ] --START--
INFO: Run Behavior\WriteHtmlCacheBehavior [ RunTime:0.000262s ]
INFO: [ view_filter ] --END-- [ RunTime:0.000298s ]
INFO: [ app_end ] --START--
INFO: Run Behavior\ShowPageTraceBehavior [ RunTime:0.000475s ]
INFO: [ app_end ] --END-- [ RunTime:0.000513s ]

[ 2017-05-24T14:54:02+08:00 ] 218.19.98.210 /Mobile/company
INFO: [ app_init ] --START--
INFO: Run Behavior\BuildLiteBehavior [ RunTime:0.000012s ]
INFO: [ app_init ] --END-- [ RunTime:0.000362s ]
INFO: [ app_begin ] --START--
INFO: Run Behavior\ReadHtmlCacheBehavior [ RunTime:0.000461s ]
INFO: [ app_begin ] --END-- [ RunTime:0.000505s ]
SQL: SHOW COLUMNS FROM `yd_company_info` [ RunTime:0.0010s ]
NOTIC: [8] Undefined index: p /mnt/web/spectrum/public_html/Application/Home/Controller/MobileController.class.php 第 20 行.
NOTIC: [8] Undefined index: limit /mnt/web/spectrum/public_html/ThinkPHP/Library/Think/Db/Driver.class.php 第 961 行.
SQL: SELECT * FROM `yd_company_info` WHERE `com_is_rec` = 1 AND `com_status` = 1 LIMIT 0,20   [ RunTime:0.0002s ]

