[ 2017-05-31T08:42:14+08:00 ] 127.0.0.1 /index.php/Home/CompanyInfo/lists/scid/414.html
INFO: [ app_init ] --START--
INFO: Run Behavior\BuildLiteBehavior [ RunTime:0.000020s ]
INFO: [ app_init ] --END-- [ RunTime:0.000429s ]
INFO: [ app_begin ] --START--
INFO: Run Behavior\ReadHtmlCacheBehavior [ RunTime:0.000608s ]
INFO: [ app_begin ] --END-- [ RunTime:0.000694s ]
SQL: SHOW COLUMNS FROM `yd_navigation` [ RunTime:0.0013s ]
SQL: SELECT * FROM `yd_navigation` WHERE `is_show` = 1 AND `pid` = 0  [ RunTime:0.0004s ]
SQL: SHOW COLUMNS FROM `yd_system` [ RunTime:0.0005s ]
SQL: SELECT * FROM `yd_system` LIMIT 1   [ RunTime:0.0003s ]
SQL: SHOW COLUMNS FROM `yd_company_info` [ RunTime:0.0006s ]
SQL: SELECT * FROM `yd_company_info` WHERE `com_scid` = 414 AND `com_status` = 1 ORDER BY com_id desc LIMIT 5   [ RunTime:0.0004s ]
SQL: SELECT COUNT(*) AS tp_count FROM `yd_company_info` WHERE `com_scid` = 414 AND `com_status` = 1 LIMIT 1   [ RunTime:0.0003s ]
SQL: SELECT * FROM `yd_company_info` WHERE `com_scid` = 414 AND `com_status` = 1 ORDER BY com_id desc LIMIT 0,10   [ RunTime:0.0004s ]
INFO: [ view_parse ] --START--
INFO: [ template_filter ] --START--
INFO: Run Behavior\ContentReplaceBehavior [ RunTime:0.000089s ]
INFO: [ template_filter ] --END-- [ RunTime:0.000177s ]
INFO: Run Behavior\ParseTemplateBehavior [ RunTime:0.012525s ]
INFO: [ view_parse ] --END-- [ RunTime:0.012627s ]
INFO: [ view_filter ] --START--
INFO: Run Behavior\WriteHtmlCacheBehavior [ RunTime:0.000599s ]
INFO: [ view_filter ] --END-- [ RunTime:0.000683s ]
INFO: [ app_end ] --START--
INFO: Run Behavior\ShowPageTraceBehavior [ RunTime:0.000671s ]
INFO: [ app_end ] --END-- [ RunTime:0.000782s ]

[ 2017-05-31T08:42:15+08:00 ] 127.0.0.1 /index.php/Home/CompanyInfo/lists/scid/414.html
INFO: [ app_init ] --START--
INFO: Run Behavior\BuildLiteBehavior [ RunTime:0.000047s ]
INFO: [ app_init ] --END-- [ RunTime:0.001105s ]
INFO: [ app_begin ] --START--
INFO: Run Behavior\ReadHtmlCacheBehavior [ RunTime:0.001432s ]
INFO: [ app_begin ] --END-- [ RunTime:0.001664s ]
SQL: SHOW COLUMNS FROM `yd_navigation` [ RunTime:0.0006s ]
SQL: SELECT * FROM `yd_navigation` WHERE `is_show` = 1 AND `pid` = 0  [ RunTime:0.0004s ]
SQL: SHOW COLUMNS FROM `yd_system` [ RunTime:0.0006s ]
SQL: SELECT * FROM `yd_system` LIMIT 1   [ RunTime:0.0006s ]
SQL: SHOW COLUMNS FROM `yd_company_info` [ RunTime:0.0007s ]
SQL: SELECT * FROM `yd_company_info` WHERE `com_scid` = 414 AND `com_status` = 1 ORDER BY com_id desc LIMIT 5   [ RunTime:0.0004s ]
SQL: SELECT COUNT(*) AS tp_count FROM `yd_company_info` WHERE `com_scid` = 414 AND `com_status` = 1 LIMIT 1   [ RunTime:0.0003s ]
SQL: SELECT * FROM `yd_company_info` WHERE `com_scid` = 414 AND `com_status` = 1 ORDER BY com_id desc LIMIT 0,10   [ RunTime:0.0004s ]
INFO: [ view_parse ] --START--
INFO: [ template_filter ] --START--
INFO: Run Behavior\ContentReplaceBehavior [ RunTime:0.000116s ]
INFO: [ template_filter ] --END-- [ RunTime:0.000230s ]
INFO: Run Behavior\ParseTemplateBehavior [ RunTime:0.016121s ]
INFO: [ view_parse ] --END-- [ RunTime:0.016230s ]
INFO: [ view_filter ] --START--
INFO: Run Behavior\WriteHtmlCacheBehavior [ RunTime:0.000506s ]
INFO: [ view_filter ] --END-- [ RunTime:0.000594s ]
INFO: [ app_end ] --START--
INFO: Run Behavior\ShowPageTraceBehavior [ RunTime:0.000721s ]
INFO: [ app_end ] --END-- [ RunTime:0.000828s ]

[ 2017-05-31T08:42:43+08:00 ] 127.0.0.1 /
INFO: [ app_init ] --START--
INFO: Run Behavior\BuildLiteBehavior [ RunTime:0.000021s ]
INFO: [ app_init ] --END-- [ RunTime:0.000595s ]
INFO: [ app_begin ] --START--
INFO: Run Behavior\ReadHtmlCacheBehavior [ RunTime:0.000740s ]
INFO: [ app_begin ] --END-- [ RunTime:0.000872s ]
SQL: SHOW COLUMNS FROM `yd_navigation` [ RunTime:0.0005s ]
SQL: SELECT * FROM `yd_navigation` WHERE `is_show` = 1 AND `pid` = 0  [ RunTime:0.0003s ]
SQL: SHOW COLUMNS FROM `yd_system` [ RunTime:0.0005s ]
SQL: SELECT * FROM `yd_system` LIMIT 1   [ RunTime:0.0002s ]
SQL: SELECT * FROM `yd_navigation` WHERE `is_show` = 1 AND `pid` = 0  [ RunTime:0.0003s ]
SQL: SHOW COLUMNS FROM `yd_shuffling` [ RunTime:0.0005s ]
SQL: SELECT * FROM `yd_shuffling` WHERE `is_show` = 1 AND `pid` = 1  [ RunTime:0.0005s ]
SQL: SELECT * FROM `yd_shuffling` WHERE `is_show` = 1 AND `pid` = 6  [ RunTime:0.0003s ]
INFO: [ view_parse ] --START--
INFO: [ template_filter ] --START--
INFO: Run Behavior\ContentReplaceBehavior [ RunTime:0.000213s ]
INFO: [ template_filter ] --END-- [ RunTime:0.000420s ]
NOTIC: [8] Use of undefined constant img - assumed 'img' D:\wamp64\www\spectrum\public_html\Application\Runtime\Cache\Home\2a94b8bda04ff446dcedd42276fc99ee.php 第 80 行.
NOTIC: [8] Use of undefined constant img - assumed 'img' D:\wamp64\www\spectrum\public_html\Application\Runtime\Cache\Home\2a94b8bda04ff446dcedd42276fc99ee.php 第 80 行.
NOTIC: [8] Undefined variable: company D:\wamp64\www\spectrum\public_html\Application\Runtime\Cache\Home\2a94b8bda04ff446dcedd42276fc99ee.php 第 99 行.
NOTIC: [8] Undefined variable: company D:\wamp64\www\spectrum\public_html\Application\Runtime\Cache\Home\2a94b8bda04ff446dcedd42276fc99ee.php 第 113 行.
NOTIC: [8] Use of undefined constant scid - assumed 'scid' D:\wamp64\www\spectrum\public_html\Application\Runtime\Cache\Home\2a94b8bda04ff446dcedd42276fc99ee.php 第 136 行.
NOTIC: [8] Use of undefined constant scid - assumed 'scid' D:\wamp64\www\spectrum\public_html\Application\Runtime\Cache\Home\2a94b8bda04ff446dcedd42276fc99ee.php 第 136 行.
NOTIC: [8] Use of undefined constant scid - assumed 'scid' D:\wamp64\www\spectrum\public_html\Application\Runtime\Cache\Home\2a94b8bda04ff446dcedd42276fc99ee.php 第 136 行.
NOTIC: [8] Use of undefined constant scid - assumed 'scid' D:\wamp64\www\spectrum\public_html\Application\Runtime\Cache\Home\2a94b8bda04ff446dcedd42276fc99ee.php 第 136 行.
NOTIC: [8] Use of undefined constant scid - assumed 'scid' D:\wamp64\www\spectrum\public_html\Application\Runtime\Cache\Home\2a94b8bda04ff446dcedd42276fc99ee.php 第 136 行.
NOTIC: [8] Use of undefined constant scid - assumed 'scid' D:\wamp64\www\spectrum\public_html\Application\Runtime\Cache\Home\2a94b8bda04ff446dcedd42276fc99ee.php 第 136 行.
NOTIC: [8] Use of undefined constant scid - assumed 'scid' D:\wamp64\www\spectrum\public_html\Application\Runtime\Cache\Home\2a94b8bda04ff446dcedd42276fc99ee.php 第 136 行.
NOTIC: [8] Use of undefined constant scid - assumed 'scid' D:\wamp64\www\spectrum\public_html\Application\Runtime\Cache\Home\2a94b8bda04ff446dcedd42276fc99ee.php 第 136 行.
NOTIC: [8] Use of undefined constant scid - assumed 'scid' D:\wamp64\www\spectrum\public_html\Application\Runtime\Cache\Home\2a94b8bda04ff446dcedd42276fc99ee.php 第 136 行.
NOTIC: [8] Use of undefined constant scid - assumed 'scid' D:\wamp64\www\spectrum\public_html\Application\Runtime\Cache\Home\2a94b8bda04ff446dcedd42276fc99ee.php 第 136 行.
NOTIC: [8] Use of undefined constant scid - assumed 'scid' D:\wamp64\www\spectrum\public_html\Application\Runtime\Cache\Home\2a94b8bda04ff446dcedd42276fc99ee.php 第 136 行.
NOTIC: [8] Use of undefined constant scid - assumed 'scid' D:\wamp64\www\spectrum\public_html\Application\Runtime\Cache\Home\2a94b8bda04ff446dcedd42276fc99ee.php 第 136 行.
NOTIC: [8] Use of undefined constant scid - assumed 'scid' D:\wamp64\www\spectrum\public_html\Application\Runtime\Cache\Home\2a94b8bda04ff446dcedd42276fc99ee.php 第 136 行.
NOTIC: [8] Use of undefined constant scid - assumed 'scid' D:\wamp64\www\spectrum\public_html\Application\Runtime\Cache\Home\2a94b8bda04ff446dcedd42276fc99ee.php 第 136 行.
NOTIC: [8] Use of undefined constant scid - assumed 'scid' D:\wamp64\www\spectrum\public_html\Application\Runtime\Cache\Home\2a94b8bda04ff446dcedd42276fc99ee.php 第 136 行.
NOTIC: [8] Use of undefined constant scid - assumed 'scid' D:\wamp64\www\spectrum\public_html\Application\Runtime\Cache\Home\2a94b8bda04ff446dcedd42276fc99ee.php 第 136 行.
INFO: Run Behavior\ParseTemplateBehavior [ RunTime:0.017378s ]
INFO: [ view_parse ] --END-- [ RunTime:0.017500s ]
INFO: [ view_filter ] --START--
INFO: Run Behavior\WriteHtmlCacheBehavior [ RunTime:0.000430s ]
INFO: [ view_filter ] --END-- [ RunTime:0.000523s ]
INFO: [ app_end ] --START--
INFO: Run Behavior\ShowPageTraceBehavior [ RunTime:0.000779s ]
INFO: [ app_end ] --END-- [ RunTime:0.000895s ]

[ 2017-05-31T08:42:44+08:00 ] 127.0.0.1 /Home/Index/ajax_company?p=undefined
INFO: [ app_init ] --START--
INFO: Run Behavior\BuildLiteBehavior [ RunTime:0.000024s ]
INFO: [ app_init ] --END-- [ RunTime:0.000570s ]
INFO: [ app_begin ] --START--
INFO: Run Behavior\ReadHtmlCacheBehavior [ RunTime:0.000546s ]
INFO: [ app_begin ] --END-- [ RunTime:0.000628s ]
SQL: SHOW COLUMNS FROM `yd_navigation` [ RunTime:0.0021s ]
SQL: SELECT * FROM `yd_navigation` WHERE `is_show` = 1 AND `pid` = 0  [ RunTime:0.0003s ]
SQL: SHOW COLUMNS FROM `yd_system` [ RunTime:0.0005s ]
SQL: SELECT * FROM `yd_system` LIMIT 1   [ RunTime:0.0002s ]
SQL: SHOW COLUMNS FROM `yd_company_info` [ RunTime:0.0005s ]
SQL: SELECT * FROM `yd_company_info` WHERE `com_is_rec` = 1 AND `com_status` = 1 LIMIT 0,8   [ RunTime:0.0004s ]
SQL: SHOW COLUMNS FROM `yd_image` [ RunTime:0.0005s ]
SQL: SELECT `img_id` FROM `yd_image` WHERE `img_storeid` = 606 LIMIT 1   [ RunTime:0.0002s ]
SQL: SELECT `img_id` FROM `yd_image` WHERE `img_storeid` = 607 LIMIT 1   [ RunTime:0.0002s ]
SQL: SELECT `img_id` FROM `yd_image` WHERE `img_storeid` = 622 LIMIT 1   [ RunTime:0.0001s ]
SQL: SELECT `img_id` FROM `yd_image` WHERE `img_storeid` = 617 LIMIT 1   [ RunTime:0.0003s ]
ERR: 模板不存在:./Application/Home/View/Index/ajax_company.html

[ 2017-05-31T08:42:48+08:00 ] 127.0.0.1 /Home/Index/ajax_company?p=1
INFO: [ app_init ] --START--
INFO: Run Behavior\BuildLiteBehavior [ RunTime:0.000018s ]
INFO: [ app_init ] --END-- [ RunTime:0.000486s ]
INFO: [ app_begin ] --START--
INFO: Run Behavior\ReadHtmlCacheBehavior [ RunTime:0.000609s ]
INFO: [ app_begin ] --END-- [ RunTime:0.000684s ]
SQL: SHOW COLUMNS FROM `yd_navigation` [ RunTime:0.0005s ]
SQL: SELECT * FROM `yd_navigation` WHERE `is_show` = 1 AND `pid` = 0  [ RunTime:0.0003s ]
SQL: SHOW COLUMNS FROM `yd_system` [ RunTime:0.0005s ]
SQL: SELECT * FROM `yd_system` LIMIT 1   [ RunTime:0.0003s ]
SQL: SHOW COLUMNS FROM `yd_company_info` [ RunTime:0.0006s ]
SQL: SELECT * FROM `yd_company_info` WHERE `com_is_rec` = 1 AND `com_status` = 1 LIMIT 0,8   [ RunTime:0.0003s ]
SQL: SHOW COLUMNS FROM `yd_image` [ RunTime:0.0004s ]
SQL: SELECT `img_id` FROM `yd_image` WHERE `img_storeid` = 606 LIMIT 1   [ RunTime:0.0003s ]
SQL: SELECT `img_id` FROM `yd_image` WHERE `img_storeid` = 607 LIMIT 1   [ RunTime:0.0003s ]
SQL: SELECT `img_id` FROM `yd_image` WHERE `img_storeid` = 622 LIMIT 1   [ RunTime:0.0003s ]
SQL: SELECT `img_id` FROM `yd_image` WHERE `img_storeid` = 617 LIMIT 1   [ RunTime:0.0003s ]
ERR: 模板不存在:./Application/Home/View/Index/ajax_company.html

[ 2017-05-31T08:42:48+08:00 ] 127.0.0.1 /
INFO: [ app_init ] --START--
INFO: Run Behavior\BuildLiteBehavior [ RunTime:0.000034s ]
INFO: [ app_init ] --END-- [ RunTime:0.000846s ]
INFO: [ app_begin ] --START--
INFO: Run Behavior\ReadHtmlCacheBehavior [ RunTime:0.001090s ]
INFO: [ app_begin ] --END-- [ RunTime:0.001258s ]
SQL: SHOW COLUMNS FROM `yd_navigation` [ RunTime:0.0005s ]
SQL: SELECT * FROM `yd_navigation` WHERE `is_show` = 1 AND `pid` = 0  [ RunTime:0.0003s ]
SQL: SHOW COLUMNS FROM `yd_system` [ RunTime:0.0005s ]
SQL: SELECT * FROM `yd_system` LIMIT 1   [ RunTime:0.0003s ]
SQL: SELECT * FROM `yd_navigation` WHERE `is_show` = 1 AND `pid` = 0  [ RunTime:0.0003s ]
SQL: SHOW COLUMNS FROM `yd_shuffling` [ RunTime:0.0005s ]
SQL: SELECT * FROM `yd_shuffling` WHERE `is_show` = 1 AND `pid` = 1  [ RunTime:0.0003s ]
SQL: SELECT * FROM `yd_shuffling` WHERE `is_show` = 1 AND `pid` = 6  [ RunTime:0.0003s ]
INFO: [ view_parse ] --START--
INFO: [ template_filter ] --START--
INFO: Run Behavior\ContentReplaceBehavior [ RunTime:0.000093s ]
INFO: [ template_filter ] --END-- [ RunTime:0.000181s ]
NOTIC: [8] Use of undefined constant img - assumed 'img' D:\wamp64\www\spectrum\public_html\Application\Runtime\Cache\Home\2a94b8bda04ff446dcedd42276fc99ee.php 第 80 行.
NOTIC: [8] Use of undefined constant img - assumed 'img' D:\wamp64\www\spectrum\public_html\Application\Runtime\Cache\Home\2a94b8bda04ff446dcedd42276fc99ee.php 第 80 行.
NOTIC: [8] Undefined variable: company D:\wamp64\www\spectrum\public_html\Application\Runtime\Cache\Home\2a94b8bda04ff446dcedd42276fc99ee.php 第 99 行.
NOTIC: [8] Undefined variable: company D:\wamp64\www\spectrum\public_html\Application\Runtime\Cache\Home\2a94b8bda04ff446dcedd42276fc99ee.php 第 113 行.
NOTIC: [8] Use of undefined constant scid - assumed 'scid' D:\wamp64\www\spectrum\public_html\Application\Runtime\Cache\Home\2a94b8bda04ff446dcedd42276fc99ee.php 第 136 行.
NOTIC: [8] Use of undefined constant scid - assumed 'scid' D:\wamp64\www\spectrum\public_html\Application\Runtime\Cache\Home\2a94b8bda04ff446dcedd42276fc99ee.php 第 136 行.
NOTIC: [8] Use of undefined constant scid - assumed 'scid' D:\wamp64\www\spectrum\public_html\Application\Runtime\Cache\Home\2a94b8bda04ff446dcedd42276fc99ee.php 第 136 行.
NOTIC: [8] Use of undefined constant scid - assumed 'scid' D:\wamp64\www\spectrum\public_html\Application\Runtime\Cache\Home\2a94b8bda04ff446dcedd42276fc99ee.php 第 136 行.
NOTIC: [8] Use of undefined constant scid - assumed 'scid' D:\wamp64\www\spectrum\public_html\Application\Runtime\Cache\Home\2a94b8bda04ff446dcedd42276fc99ee.php 第 136 行.
NOTIC: [8] Use of undefined constant scid - assumed 'scid' D:\wamp64\www\spectrum\public_html\Application\Runtime\Cache\Home\2a94b8bda04ff446dcedd42276fc99ee.php 第 136 行.
NOTIC: [8] Use of undefined constant scid - assumed 'scid' D:\wamp64\www\spectrum\public_html\Application\Runtime\Cache\Home\2a94b8bda04ff446dcedd42276fc99ee.php 第 136 行.
NOTIC: [8] Use of undefined constant scid - assumed 'scid' D:\wamp64\www\spectrum\public_html\Application\Runtime\Cache\Home\2a94b8bda04ff446dcedd42276fc99ee.php 第 136 行.
NOTIC: [8] Use of undefined constant scid - assumed 'scid' D:\wamp64\www\spectrum\public_html\Application\Runtime\Cache\Home\2a94b8bda04ff446dcedd42276fc99ee.php 第 136 行.
NOTIC: [8] Use of undefined constant scid - assumed 'scid' D:\wamp64\www\spectrum\public_html\Application\Runtime\Cache\Home\2a94b8bda04ff446dcedd42276fc99ee.php 第 136 行.
NOTIC: [8] Use of undefined constant scid - assumed 'scid' D:\wamp64\www\spectrum\public_html\Application\Runtime\Cache\Home\2a94b8bda04ff446dcedd42276fc99ee.php 第 136 行.
NOTIC: [8] Use of undefined constant scid - assumed 'scid' D:\wamp64\www\spectrum\public_html\Application\Runtime\Cache\Home\2a94b8bda04ff446dcedd42276fc99ee.php 第 136 行.
NOTIC: [8] Use of undefined constant scid - assumed 'scid' D:\wamp64\www\spectrum\public_html\Application\Runtime\Cache\Home\2a94b8bda04ff446dcedd42276fc99ee.php 第 136 行.
NOTIC: [8] Use of undefined constant scid - assumed 'scid' D:\wamp64\www\spectrum\public_html\Application\Runtime\Cache\Home\2a94b8bda04ff446dcedd42276fc99ee.php 第 136 行.
NOTIC: [8] Use of undefined constant scid - assumed 'scid' D:\wamp64\www\spectrum\public_html\Application\Runtime\Cache\Home\2a94b8bda04ff446dcedd42276fc99ee.php 第 136 行.
NOTIC: [8] Use of undefined constant scid - assumed 'scid' D:\wamp64\www\spectrum\public_html\Application\Runtime\Cache\Home\2a94b8bda04ff446dcedd42276fc99ee.php 第 136 行.
INFO: Run Behavior\ParseTemplateBehavior [ RunTime:0.019246s ]
INFO: [ view_parse ] --END-- [ RunTime:0.019381s ]
INFO: [ view_filter ] --START--
INFO: Run Behavior\WriteHtmlCacheBehavior [ RunTime:0.000623s ]
INFO: [ view_filter ] --END-- [ RunTime:0.000714s ]
INFO: [ app_end ] --START--
INFO: Run Behavior\ShowPageTraceBehavior [ RunTime:0.000697s ]
INFO: [ app_end ] --END-- [ RunTime:0.000793s ]

[ 2017-05-31T08:42:48+08:00 ] 127.0.0.1 /Home/Index/ajax_company?p=undefined
INFO: [ app_init ] --START--
INFO: Run Behavior\BuildLiteBehavior [ RunTime:0.000048s ]
INFO: [ app_init ] --END-- [ RunTime:0.001036s ]
INFO: [ app_begin ] --START--
INFO: Run Behavior\ReadHtmlCacheBehavior [ RunTime:0.000985s ]
INFO: [ app_begin ] --END-- [ RunTime:0.001171s ]
SQL: SHOW COLUMNS FROM `yd_navigation` [ RunTime:0.0004s ]
SQL: SELECT * FROM `yd_navigation` WHERE `is_show` = 1 AND `pid` = 0  [ RunTime:0.0007s ]
SQL: SHOW COLUMNS FROM `yd_system` [ RunTime:0.0018s ]
SQL: SELECT * FROM `yd_system` LIMIT 1   [ RunTime:0.0004s ]
SQL: SHOW COLUMNS FROM `yd_company_info` [ RunTime:0.0007s ]
SQL: SELECT * FROM `yd_company_info` WHERE `com_is_rec` = 1 AND `com_status` = 1 LIMIT 0,8   [ RunTime:0.0027s ]
SQL: SHOW COLUMNS FROM `yd_image` [ RunTime:0.0005s ]
SQL: SELECT `img_id` FROM `yd_image` WHERE `img_storeid` = 606 LIMIT 1   [ RunTime:0.0002s ]
SQL: SELECT `img_id` FROM `yd_image` WHERE `img_storeid` = 607 LIMIT 1   [ RunTime:0.0002s ]
SQL: SELECT `img_id` FROM `yd_image` WHERE `img_storeid` = 622 LIMIT 1   [ RunTime:0.0002s ]
SQL: SELECT `img_id` FROM `yd_image` WHERE `img_storeid` = 617 LIMIT 1   [ RunTime:0.0002s ]
ERR: 模板不存在:./Application/Home/View/Index/ajax_company.html

[ 2017-05-31T08:43:12+08:00 ] 127.0.0.1 /Public/Upadmin/static/h-ui/css/H-ui.login.css
INFO: [ app_init ] --START--
INFO: Run Behavior\BuildLiteBehavior [ RunTime:0.000072s ]
INFO: [ app_init ] --END-- [ RunTime:0.001624s ]
INFO: [ app_begin ] --START--
INFO: Run Behavior\ReadHtmlCacheBehavior [ RunTime:0.001243s ]
INFO: [ app_begin ] --END-- [ RunTime:0.001524s ]
ERR: 无法加载控制器:Public

[ 2017-05-31T08:43:13+08:00 ] 127.0.0.1 /favicon.ico
INFO: [ app_init ] --START--
INFO: Run Behavior\BuildLiteBehavior [ RunTime:0.000031s ]
INFO: [ app_init ] --END-- [ RunTime:0.000743s ]

[ 2017-05-31T08:44:33+08:00 ] 127.0.0.1 /
INFO: [ app_init ] --START--
INFO: Run Behavior\BuildLiteBehavior [ RunTime:0.000038s ]
INFO: [ app_init ] --END-- [ RunTime:0.000904s ]
INFO: [ app_begin ] --START--
INFO: Run Behavior\ReadHtmlCacheBehavior [ RunTime:0.001084s ]
INFO: [ app_begin ] --END-- [ RunTime:0.001266s ]
SQL: SHOW COLUMNS FROM `yd_navigation` [ RunTime:0.0011s ]
SQL: SELECT * FROM `yd_navigation` WHERE `is_show` = 1 AND `pid` = 0  [ RunTime:0.0004s ]
SQL: SHOW COLUMNS FROM `yd_system` [ RunTime:0.0005s ]
SQL: SELECT * FROM `yd_system` LIMIT 1   [ RunTime:0.0003s ]
SQL: SELECT * FROM `yd_navigation` WHERE `is_show` = 1 AND `pid` = 0  [ RunTime:0.0003s ]
SQL: SHOW COLUMNS FROM `yd_shuffling` [ RunTime:0.0004s ]
SQL: SELECT * FROM `yd_shuffling` WHERE `is_show` = 1 AND `pid` = 1  [ RunTime:0.0003s ]
SQL: SELECT * FROM `yd_shuffling` WHERE `is_show` = 1 AND `pid` = 6  [ RunTime:0.0003s ]
INFO: [ view_parse ] --START--
INFO: [ template_filter ] --START--
INFO: Run Behavior\ContentReplaceBehavior [ RunTime:0.000092s ]
INFO: [ template_filter ] --END-- [ RunTime:0.000179s ]
NOTIC: [8] Use of undefined constant img - assumed 'img' D:\wamp64\www\spectrum\public_html\Application\Runtime\Cache\Home\2a94b8bda04ff446dcedd42276fc99ee.php 第 80 行.
NOTIC: [8] Use of undefined constant img - assumed 'img' D:\wamp64\www\spectrum\public_html\Application\Runtime\Cache\Home\2a94b8bda04ff446dcedd42276fc99ee.php 第 80 行.
NOTIC: [8] Undefined variable: company D:\wamp64\www\spectrum\public_html\Application\Runtime\Cache\Home\2a94b8bda04ff446dcedd42276fc99ee.php 第 99 行.
NOTIC: [8] Undefined variable: company D:\wamp64\www\spectrum\public_html\Application\Runtime\Cache\Home\2a94b8bda04ff446dcedd42276fc99ee.php 第 113 行.
NOTIC: [8] Use of undefined constant scid - assumed 'scid' D:\wamp64\www\spectrum\public_html\Application\Runtime\Cache\Home\2a94b8bda04ff446dcedd42276fc99ee.php 第 136 行.
NOTIC: [8] Use of undefined constant scid - assumed 'scid' D:\wamp64\www\spectrum\public_html\Application\Runtime\Cache\Home\2a94b8bda04ff446dcedd42276fc99ee.php 第 136 行.
NOTIC: [8] Use of undefined constant scid - assumed 'scid' D:\wamp64\www\spectrum\public_html\Application\Runtime\Cache\Home\2a94b8bda04ff446dcedd42276fc99ee.php 第 136 行.
NOTIC: [8] Use of undefined constant scid - assumed 'scid' D:\wamp64\www\spectrum\public_html\Application\Runtime\Cache\Home\2a94b8bda04ff446dcedd42276fc99ee.php 第 136 行.
NOTIC: [8] Use of undefined constant scid - assumed 'scid' D:\wamp64\www\spectrum\public_html\Application\Runtime\Cache\Home\2a94b8bda04ff446dcedd42276fc99ee.php 第 136 行.
NOTIC: [8] Use of undefined constant scid - assumed 'scid' D:\wamp64\www\spectrum\public_html\Application\Runtime\Cache\Home\2a94b8bda04ff446dcedd42276fc99ee.php 第 136 行.
NOTIC: [8] Use of undefined constant scid - assumed 'scid' D:\wamp64\www\spectrum\public_html\Application\Runtime\Cache\Home\2a94b8bda04ff446dcedd42276fc99ee.php 第 136 行.
NOTIC: [8] Use of undefined constant scid - assumed 'scid' D:\wamp64\www\spectrum\public_html\Application\Runtime\Cache\Home\2a94b8bda04ff446dcedd42276fc99ee.php 第 136 行.
NOTIC: [8] Use of undefined constant scid - assumed 'scid' D:\wamp64\www\spectrum\public_html\Application\Runtime\Cache\Home\2a94b8bda04ff446dcedd42276fc99ee.php 第 136 行.
NOTIC: [8] Use of undefined constant scid - assumed 'scid' D:\wamp64\www\spectrum\public_html\Application\Runtime\Cache\Home\2a94b8bda04ff446dcedd42276fc99ee.php 第 136 行.
NOTIC: [8] Use of undefined constant scid - assumed 'scid' D:\wamp64\www\spectrum\public_html\Application\Runtime\Cache\Home\2a94b8bda04ff446dcedd42276fc99ee.php 第 136 行.
NOTIC: [8] Use of undefined constant scid - assumed 'scid' D:\wamp64\www\spectrum\public_html\Application\Runtime\Cache\Home\2a94b8bda04ff446dcedd42276fc99ee.php 第 136 行.
NOTIC: [8] Use of undefined constant scid - assumed 'scid' D:\wamp64\www\spectrum\public_html\Application\Runtime\Cache\Home\2a94b8bda04ff446dcedd42276fc99ee.php 第 136 行.
NOTIC: [8] Use of undefined constant scid - assumed 'scid' D:\wamp64\www\spectrum\public_html\Application\Runtime\Cache\Home\2a94b8bda04ff446dcedd42276fc99ee.php 第 136 行.
NOTIC: [8] Use of undefined constant scid - assumed 'scid' D:\wamp64\www\spectrum\public_html\Application\Runtime\Cache\Home\2a94b8bda04ff446dcedd42276fc99ee.php 第 136 行.
NOTIC: [8] Use of undefined constant scid - assumed 'scid' D:\wamp64\www\spectrum\public_html\Application\Runtime\Cache\Home\2a94b8bda04ff446dcedd42276fc99ee.php 第 136 行.
INFO: Run Behavior\ParseTemplateBehavior [ RunTime:0.015473s ]
INFO: [ view_parse ] --END-- [ RunTime:0.015569s ]
INFO: [ view_filter ] --START--
INFO: Run Behavior\WriteHtmlCacheBehavior [ RunTime:0.000495s ]
INFO: [ view_filter ] --END-- [ RunTime:0.000578s ]
INFO: [ app_end ] --START--
INFO: Run Behavior\ShowPageTraceBehavior [ RunTime:0.000681s ]
INFO: [ app_end ] --END-- [ RunTime:0.000806s ]

[ 2017-05-31T08:44:33+08:00 ] 127.0.0.1 /Home/Index/ajax_company?p=undefined
INFO: [ app_init ] --START--
INFO: Run Behavior\BuildLiteBehavior [ RunTime:0.000019s ]
INFO: [ app_init ] --END-- [ RunTime:0.000492s ]
INFO: [ app_begin ] --START--
INFO: Run Behavior\ReadHtmlCacheBehavior [ RunTime:0.000696s ]
INFO: [ app_begin ] --END-- [ RunTime:0.000785s ]
SQL: SHOW COLUMNS FROM `yd_navigation` [ RunTime:0.0008s ]
SQL: SELECT * FROM `yd_navigation` WHERE `is_show` = 1 AND `pid` = 0  [ RunTime:0.0007s ]
SQL: SHOW COLUMNS FROM `yd_system` [ RunTime:0.0006s ]
SQL: SELECT * FROM `yd_system` LIMIT 1   [ RunTime:0.0004s ]
SQL: SHOW COLUMNS FROM `yd_company_info` [ RunTime:0.0019s ]
SQL: SELECT * FROM `yd_company_info` WHERE `com_is_rec` = 1 AND `com_status` = 1 LIMIT 0,8   [ RunTime:0.0005s ]
SQL: SHOW COLUMNS FROM `yd_image` [ RunTime:0.0005s ]
SQL: SELECT `img_id` FROM `yd_image` WHERE `img_storeid` = 606 LIMIT 1   [ RunTime:0.0004s ]
SQL: SELECT `img_id` FROM `yd_image` WHERE `img_storeid` = 607 LIMIT 1   [ RunTime:0.0016s ]
SQL: SELECT `img_id` FROM `yd_image` WHERE `img_storeid` = 622 LIMIT 1   [ RunTime:0.0003s ]
SQL: SELECT `img_id` FROM `yd_image` WHERE `img_storeid` = 617 LIMIT 1   [ RunTime:0.0004s ]
ERR: 模板不存在:./Application/Home/View/Index/ajax_company.html

[ 2017-05-31T08:44:34+08:00 ] 127.0.0.1 /Home/Index/ajax_company?p=1
INFO: [ app_init ] --START--
INFO: Run Behavior\BuildLiteBehavior [ RunTime:0.000018s ]
INFO: [ app_init ] --END-- [ RunTime:0.000446s ]
INFO: [ app_begin ] --START--
INFO: Run Behavior\ReadHtmlCacheBehavior [ RunTime:0.000559s ]
INFO: [ app_begin ] --END-- [ RunTime:0.000632s ]
SQL: SHOW COLUMNS FROM `yd_navigation` [ RunTime:0.0005s ]
SQL: SELECT * FROM `yd_navigation` WHERE `is_show` = 1 AND `pid` = 0  [ RunTime:0.0003s ]
SQL: SHOW COLUMNS FROM `yd_system` [ RunTime:0.0005s ]
SQL: SELECT * FROM `yd_system` LIMIT 1   [ RunTime:0.0003s ]
SQL: SHOW COLUMNS FROM `yd_company_info` [ RunTime:0.0006s ]
SQL: SELECT * FROM `yd_company_info` WHERE `com_is_rec` = 1 AND `com_status` = 1 LIMIT 0,8   [ RunTime:0.0004s ]
SQL: SHOW COLUMNS FROM `yd_image` [ RunTime:0.0005s ]
SQL: SELECT `img_id` FROM `yd_image` WHERE `img_storeid` = 606 LIMIT 1   [ RunTime:0.0003s ]
SQL: SELECT `img_id` FROM `yd_image` WHERE `img_storeid` = 607 LIMIT 1   [ RunTime:0.0003s ]
SQL: SELECT `img_id` FROM `yd_image` WHERE `img_storeid` = 622 LIMIT 1   [ RunTime:0.0003s ]
SQL: SELECT `img_id` FROM `yd_image` WHERE `img_storeid` = 617 LIMIT 1   [ RunTime:0.0002s ]
ERR: 模板不存在:./Application/Home/View/Index/ajax_company.html

[ 2017-05-31T08:44:37+08:00 ] 127.0.0.1 /
INFO: [ app_init ] --START--
INFO: Run Behavior\BuildLiteBehavior [ RunTime:0.000026s ]
INFO: [ app_init ] --END-- [ RunTime:0.000735s ]
INFO: [ app_begin ] --START--
INFO: Run Behavior\ReadHtmlCacheBehavior [ RunTime:0.000777s ]
INFO: [ app_begin ] --END-- [ RunTime:0.000902s ]
SQL: SHOW COLUMNS FROM `yd_navigation` [ RunTime:0.0007s ]
SQL: SELECT * FROM `yd_navigation` WHERE `is_show` = 1 AND `pid` = 0  [ RunTime:0.0004s ]
SQL: SHOW COLUMNS FROM `yd_system` [ RunTime:0.0006s ]
SQL: SELECT * FROM `yd_system` LIMIT 1   [ RunTime:0.0003s ]
SQL: SELECT * FROM `yd_navigation` WHERE `is_show` = 1 AND `pid` = 0  [ RunTime:0.0004s ]
SQL: SHOW COLUMNS FROM `yd_shuffling` [ RunTime:0.0006s ]
SQL: SELECT * FROM `yd_shuffling` WHERE `is_show` = 1 AND `pid` = 1  [ RunTime:0.0004s ]
SQL: SELECT * FROM `yd_shuffling` WHERE `is_show` = 1 AND `pid` = 6  [ RunTime:0.0003s ]
INFO: [ view_parse ] --START--
INFO: [ template_filter ] --START--
INFO: Run Behavior\ContentReplaceBehavior [ RunTime:0.000129s ]
INFO: [ template_filter ] --END-- [ RunTime:0.000262s ]
NOTIC: [8] Use of undefined constant img - assumed 'img' D:\wamp64\www\spectrum\public_html\Application\Runtime\Cache\Home\2a94b8bda04ff446dcedd42276fc99ee.php 第 80 行.
NOTIC: [8] Use of undefined constant img - assumed 'img' D:\wamp64\www\spectrum\public_html\Application\Runtime\Cache\Home\2a94b8bda04ff446dcedd42276fc99ee.php 第 80 行.
NOTIC: [8] Undefined variable: company D:\wamp64\www\spectrum\public_html\Application\Runtime\Cache\Home\2a94b8bda04ff446dcedd42276fc99ee.php 第 99 行.
NOTIC: [8] Undefined variable: company D:\wamp64\www\spectrum\public_html\Application\Runtime\Cache\Home\2a94b8bda04ff446dcedd42276fc99ee.php 第 113 行.
NOTIC: [8] Use of undefined constant scid - assumed 'scid' D:\wamp64\www\spectrum\public_html\Application\Runtime\Cache\Home\2a94b8bda04ff446dcedd42276fc99ee.php 第 136 行.
NOTIC: [8] Use of undefined constant scid - assumed 'scid' D:\wamp64\www\spectrum\public_html\Application\Runtime\Cache\Home\2a94b8bda04ff446dcedd42276fc99ee.php 第 136 行.
NOTIC: [8] Use of undefined constant scid - assumed 'scid' D:\wamp64\www\spectrum\public_html\Application\Runtime\Cache\Home\2a94b8bda04ff446dcedd42276fc99ee.php 第 136 行.
NOTIC: [8] Use of undefined constant scid - assumed 'scid' D:\wamp64\www\spectrum\public_html\Application\Runtime\Cache\Home\2a94b8bda04ff446dcedd42276fc99ee.php 第 136 行.
NOTIC: [8] Use of undefined constant scid - assumed 'scid' D:\wamp64\www\spectrum\public_html\Application\Runtime\Cache\Home\2a94b8bda04ff446dcedd42276fc99ee.php 第 136 行.
NOTIC: [8] Use of undefined constant scid - assumed 'scid' D:\wamp64\www\spectrum\public_html\Application\Runtime\Cache\Home\2a94b8bda04ff446dcedd42276fc99ee.php 第 136 行.
NOTIC: [8] Use of undefined constant scid - assumed 'scid' D:\wamp64\www\spectrum\public_html\Application\Runtime\Cache\Home\2a94b8bda04ff446dcedd42276fc99ee.php 第 136 行.
NOTIC: [8] Use of undefined constant scid - assumed 'scid' D:\wamp64\www\spectrum\public_html\Application\Runtime\Cache\Home\2a94b8bda04ff446dcedd42276fc99ee.php 第 136 行.
NOTIC: [8] Use of undefined constant scid - assumed 'scid' D:\wamp64\www\spectrum\public_html\Application\Runtime\Cache\Home\2a94b8bda04ff446dcedd42276fc99ee.php 第 136 行.
NOTIC: [8] Use of undefined constant scid - assumed 'scid' D:\wamp64\www\spectrum\public_html\Application\Runtime\Cache\Home\2a94b8bda04ff446dcedd42276fc99ee.php 第 136 行.
NOTIC: [8] Use of undefined constant scid - assumed 'scid' D:\wamp64\www\spectrum\public_html\Application\Runtime\Cache\Home\2a94b8bda04ff446dcedd42276fc99ee.php 第 136 行.
NOTIC: [8] Use of undefined constant scid - assumed 'scid' D:\wamp64\www\spectrum\public_html\Application\Runtime\Cache\Home\2a94b8bda04ff446dcedd42276fc99ee.php 第 136 行.
NOTIC: [8] Use of undefined constant scid - assumed 'scid' D:\wamp64\www\spectrum\public_html\Application\Runtime\Cache\Home\2a94b8bda04ff446dcedd42276fc99ee.php 第 136 行.
NOTIC: [8] Use of undefined constant scid - assumed 'scid' D:\wamp64\www\spectrum\public_html\Application\Runtime\Cache\Home\2a94b8bda04ff446dcedd42276fc99ee.php 第 136 行.
NOTIC: [8] Use of undefined constant scid - assumed 'scid' D:\wamp64\www\spectrum\public_html\Application\Runtime\Cache\Home\2a94b8bda04ff446dcedd42276fc99ee.php 第 136 行.
NOTIC: [8] Use of undefined constant scid - assumed 'scid' D:\wamp64\www\spectrum\public_html\Application\Runtime\Cache\Home\2a94b8bda04ff446dcedd42276fc99ee.php 第 136 行.
INFO: Run Behavior\ParseTemplateBehavior [ RunTime:0.025726s ]
INFO: [ view_parse ] --END-- [ RunTime:0.025940s ]
INFO: [ view_filter ] --START--
INFO: Run Behavior\WriteHtmlCacheBehavior [ RunTime:0.000463s ]
INFO: [ view_filter ] --END-- [ RunTime:0.000547s ]
INFO: [ app_end ] --START--
INFO: Run Behavior\ShowPageTraceBehavior [ RunTime:0.002648s ]
INFO: [ app_end ] --END-- [ RunTime:0.003008s ]

[ 2017-05-31T08:44:37+08:00 ] 127.0.0.1 /Home/Index/ajax_company?p=undefined
INFO: [ app_init ] --START--
INFO: Run Behavior\BuildLiteBehavior [ RunTime:0.000032s ]
INFO: [ app_init ] --END-- [ RunTime:0.000686s ]
INFO: [ app_begin ] --START--
INFO: Run Behavior\ReadHtmlCacheBehavior [ RunTime:0.000650s ]
INFO: [ app_begin ] --END-- [ RunTime:0.000761s ]
SQL: SHOW COLUMNS FROM `yd_navigation` [ RunTime:0.0005s ]
SQL: SELECT * FROM `yd_navigation` WHERE `is_show` = 1 AND `pid` = 0  [ RunTime:0.0005s ]
SQL: SHOW COLUMNS FROM `yd_system` [ RunTime:0.0010s ]
SQL: SELECT * FROM `yd_system` LIMIT 1   [ RunTime:0.0005s ]
SQL: SHOW COLUMNS FROM `yd_company_info` [ RunTime:0.0009s ]
SQL: SELECT * FROM `yd_company_info` WHERE `com_is_rec` = 1 AND `com_status` = 1 LIMIT 0,8   [ RunTime:0.0007s ]
SQL: SHOW COLUMNS FROM `yd_image` [ RunTime:0.0017s ]
SQL: SELECT `img_id` FROM `yd_image` WHERE `img_storeid` = 606 LIMIT 1   [ RunTime:0.0016s ]
SQL: SELECT `img_id` FROM `yd_image` WHERE `img_storeid` = 607 LIMIT 1   [ RunTime:0.0004s ]
SQL: SELECT `img_id` FROM `yd_image` WHERE `img_storeid` = 622 LIMIT 1   [ RunTime:0.0004s ]
SQL: SELECT `img_id` FROM `yd_image` WHERE `img_storeid` = 617 LIMIT 1   [ RunTime:0.0004s ]
ERR: 模板不存在:./Application/Home/View/Index/ajax_company.html

[ 2017-05-31T08:47:12+08:00 ] 127.0.0.1 /Home/Index/ajax_company?p=1
INFO: [ app_init ] --START--
INFO: Run Behavior\BuildLiteBehavior [ RunTime:0.000018s ]
INFO: [ app_init ] --END-- [ RunTime:0.000493s ]
INFO: [ app_begin ] --START--
INFO: Run Behavior\ReadHtmlCacheBehavior [ RunTime:0.000607s ]
INFO: [ app_begin ] --END-- [ RunTime:0.000680s ]
SQL: SHOW COLUMNS FROM `yd_navigation` [ RunTime:0.0006s ]
SQL: SELECT * FROM `yd_navigation` WHERE `is_show` = 1 AND `pid` = 0  [ RunTime:0.0003s ]
SQL: SHOW COLUMNS FROM `yd_system` [ RunTime:0.0005s ]
SQL: SELECT * FROM `yd_system` LIMIT 1   [ RunTime:0.0003s ]
SQL: SHOW COLUMNS FROM `yd_company_info` [ RunTime:0.0006s ]
SQL: SELECT * FROM `yd_company_info` WHERE `com_is_rec` = 1 AND `com_status` = 1 LIMIT 0,8   [ RunTime:0.0005s ]
SQL: SHOW COLUMNS FROM `yd_image` [ RunTime:0.0005s ]
SQL: SELECT `img_id` FROM `yd_image` WHERE `img_storeid` = 606 LIMIT 1   [ RunTime:0.0003s ]
SQL: SELECT `img_id` FROM `yd_image` WHERE `img_storeid` = 607 LIMIT 1   [ RunTime:0.0003s ]
SQL: SELECT `img_id` FROM `yd_image` WHERE `img_storeid` = 622 LIMIT 1   [ RunTime:0.0003s ]
SQL: SELECT `img_id` FROM `yd_image` WHERE `img_storeid` = 617 LIMIT 1   [ RunTime:0.0002s ]
ERR: 模板不存在:./Application/Home/View/Index/ajax_company.html

[ 2017-05-31T08:47:16+08:00 ] 127.0.0.1 /Home/Index/ajax_company?p=1
INFO: [ app_init ] --START--
INFO: Run Behavior\BuildLiteBehavior [ RunTime:0.000018s ]
INFO: [ app_init ] --END-- [ RunTime:0.000491s ]
INFO: [ app_begin ] --START--
INFO: Run Behavior\ReadHtmlCacheBehavior [ RunTime:0.000621s ]
INFO: [ app_begin ] --END-- [ RunTime:0.000693s ]
SQL: SHOW COLUMNS FROM `yd_navigation` [ RunTime:0.0005s ]
SQL: SELECT * FROM `yd_navigation` WHERE `is_show` = 1 AND `pid` = 0  [ RunTime:0.0003s ]
SQL: SHOW COLUMNS FROM `yd_system` [ RunTime:0.0005s ]
SQL: SELECT * FROM `yd_system` LIMIT 1   [ RunTime:0.0003s ]
SQL: SHOW COLUMNS FROM `yd_company_info` [ RunTime:0.0006s ]
SQL: SELECT * FROM `yd_company_info` WHERE `com_is_rec` = 1 AND `com_status` = 1 LIMIT 0,8   [ RunTime:0.0003s ]
SQL: SHOW COLUMNS FROM `yd_image` [ RunTime:0.0005s ]
SQL: SELECT `img_id` FROM `yd_image` WHERE `img_storeid` = 606 LIMIT 1   [ RunTime:0.0003s ]
SQL: SELECT `img_id` FROM `yd_image` WHERE `img_storeid` = 607 LIMIT 1   [ RunTime:0.0002s ]
SQL: SELECT `img_id` FROM `yd_image` WHERE `img_storeid` = 622 LIMIT 1   [ RunTime:0.0003s ]
SQL: SELECT `img_id` FROM `yd_image` WHERE `img_storeid` = 617 LIMIT 1   [ RunTime:0.0003s ]
ERR: 模板不存在:./Application/Home/View/Index/ajax_company.html

[ 2017-05-31T08:47:25+08:00 ] 127.0.0.1 /Home/Index/ajax_company?p=1
INFO: [ app_init ] --START--
INFO: Run Behavior\BuildLiteBehavior [ RunTime:0.000020s ]
INFO: [ app_init ] --END-- [ RunTime:0.000479s ]
INFO: [ app_begin ] --START--
INFO: Run Behavior\ReadHtmlCacheBehavior [ RunTime:0.000645s ]
INFO: [ app_begin ] --END-- [ RunTime:0.000777s ]
SQL: SHOW COLUMNS FROM `yd_navigation` [ RunTime:0.0005s ]
SQL: SELECT * FROM `yd_navigation` WHERE `is_show` = 1 AND `pid` = 0  [ RunTime:0.0003s ]
SQL: SHOW COLUMNS FROM `yd_system` [ RunTime:0.0005s ]
SQL: SELECT * FROM `yd_system` LIMIT 1   [ RunTime:0.0003s ]
SQL: SHOW COLUMNS FROM `yd_company_info` [ RunTime:0.0006s ]
SQL: SELECT * FROM `yd_company_info` WHERE `com_is_rec` = 1 AND `com_status` = 1 LIMIT 0,8   [ RunTime:0.0004s ]
SQL: SHOW COLUMNS FROM `yd_image` [ RunTime:0.0004s ]
SQL: SELECT `img_id` FROM `yd_image` WHERE `img_storeid` = 606 LIMIT 1   [ RunTime:0.0002s ]
SQL: SELECT `img_id` FROM `yd_image` WHERE `img_storeid` = 607 LIMIT 1   [ RunTime:0.0002s ]
SQL: SELECT `img_id` FROM `yd_image` WHERE `img_storeid` = 622 LIMIT 1   [ RunTime:0.0002s ]
SQL: SELECT `img_id` FROM `yd_image` WHERE `img_storeid` = 617 LIMIT 1   [ RunTime:0.0003s ]
ERR: 模板不存在:./Application/Home/View/Index/ajax_company.html

[ 2017-05-31T08:49:35+08:00 ] 127.0.0.1 /
INFO: [ app_init ] --START--
INFO: Run Behavior\BuildLiteBehavior [ RunTime:0.000020s ]
INFO: [ app_init ] --END-- [ RunTime:0.000494s ]
INFO: [ app_begin ] --START--
INFO: Run Behavior\ReadHtmlCacheBehavior [ RunTime:0.000591s ]
INFO: [ app_begin ] --END-- [ RunTime:0.000690s ]
SQL: SHOW COLUMNS FROM `yd_navigation` [ RunTime:0.0007s ]
SQL: SELECT * FROM `yd_navigation` WHERE `is_show` = 1 AND `pid` = 0  [ RunTime:0.0013s ]
SQL: SHOW COLUMNS FROM `yd_system` [ RunTime:0.0005s ]
SQL: SELECT * FROM `yd_system` LIMIT 1   [ RunTime:0.0003s ]
SQL: SELECT * FROM `yd_navigation` WHERE `is_show` = 1 AND `pid` = 0  [ RunTime:0.0003s ]
SQL: SHOW COLUMNS FROM `yd_shuffling` [ RunTime:0.0005s ]
SQL: SELECT * FROM `yd_shuffling` WHERE `is_show` = 1 AND `pid` = 1  [ RunTime:0.0004s ]
SQL: SELECT * FROM `yd_shuffling` WHERE `is_show` = 1 AND `pid` = 6  [ RunTime:0.0003s ]
INFO: [ view_parse ] --START--
INFO: [ template_filter ] --START--
INFO: Run Behavior\ContentReplaceBehavior [ RunTime:0.000106s ]
INFO: [ template_filter ] --END-- [ RunTime:0.000203s ]
NOTIC: [8] Use of undefined constant img - assumed 'img' D:\wamp64\www\spectrum\public_html\Application\Runtime\Cache\Home\2a94b8bda04ff446dcedd42276fc99ee.php 第 80 行.
NOTIC: [8] Use of undefined constant img - assumed 'img' D:\wamp64\www\spectrum\public_html\Application\Runtime\Cache\Home\2a94b8bda04ff446dcedd42276fc99ee.php 第 80 行.
NOTIC: [8] Undefined variable: company D:\wamp64\www\spectrum\public_html\Application\Runtime\Cache\Home\2a94b8bda04ff446dcedd42276fc99ee.php 第 99 行.
NOTIC: [8] Undefined variable: company D:\wamp64\www\spectrum\public_html\Application\Runtime\Cache\Home\2a94b8bda04ff446dcedd42276fc99ee.php 第 113 行.
NOTIC: [8] Use of undefined constant scid - assumed 'scid' D:\wamp64\www\spectrum\public_html\Application\Runtime\Cache\Home\2a94b8bda04ff446dcedd42276fc99ee.php 第 136 行.
NOTIC: [8] Use of undefined constant scid - assumed 'scid' D:\wamp64\www\spectrum\public_html\Application\Runtime\Cache\Home\2a94b8bda04ff446dcedd42276fc99ee.php 第 136 行.
NOTIC: [8] Use of undefined constant scid - assumed 'scid' D:\wamp64\www\spectrum\public_html\Application\Runtime\Cache\Home\2a94b8bda04ff446dcedd42276fc99ee.php 第 136 行.
NOTIC: [8] Use of undefined constant scid - assumed 'scid' D:\wamp64\www\spectrum\public_html\Application\Runtime\Cache\Home\2a94b8bda04ff446dcedd42276fc99ee.php 第 136 行.
NOTIC: [8] Use of undefined constant scid - assumed 'scid' D:\wamp64\www\spectrum\public_html\Application\Runtime\Cache\Home\2a94b8bda04ff446dcedd42276fc99ee.php 第 136 行.
NOTIC: [8] Use of undefined constant scid - assumed 'scid' D:\wamp64\www\spectrum\public_html\Application\Runtime\Cache\Home\2a94b8bda04ff446dcedd42276fc99ee.php 第 136 行.
NOTIC: [8] Use of undefined constant scid - assumed 'scid' D:\wamp64\www\spectrum\public_html\Application\Runtime\Cache\Home\2a94b8bda04ff446dcedd42276fc99ee.php 第 136 行.
NOTIC: [8] Use of undefined constant scid - assumed 'scid' D:\wamp64\www\spectrum\public_html\Application\Runtime\Cache\Home\2a94b8bda04ff446dcedd42276fc99ee.php 第 136 行.
NOTIC: [8] Use of undefined constant scid - assumed 'scid' D:\wamp64\www\spectrum\public_html\Application\Runtime\Cache\Home\2a94b8bda04ff446dcedd42276fc99ee.php 第 136 行.
NOTIC: [8] Use of undefined constant scid - assumed 'scid' D:\wamp64\www\spectrum\public_html\Application\Runtime\Cache\Home\2a94b8bda04ff446dcedd42276fc99ee.php 第 136 行.
NOTIC: [8] Use of undefined constant scid - assumed 'scid' D:\wamp64\www\spectrum\public_html\Application\Runtime\Cache\Home\2a94b8bda04ff446dcedd42276fc99ee.php 第 136 行.
NOTIC: [8] Use of undefined constant scid - assumed 'scid' D:\wamp64\www\spectrum\public_html\Application\Runtime\Cache\Home\2a94b8bda04ff446dcedd42276fc99ee.php 第 136 行.
NOTIC: [8] Use of undefined constant scid - assumed 'scid' D:\wamp64\www\spectrum\public_html\Application\Runtime\Cache\Home\2a94b8bda04ff446dcedd42276fc99ee.php 第 136 行.
NOTIC: [8] Use of undefined constant scid - assumed 'scid' D:\wamp64\www\spectrum\public_html\Application\Runtime\Cache\Home\2a94b8bda04ff446dcedd42276fc99ee.php 第 136 行.
NOTIC: [8] Use of undefined constant scid - assumed 'scid' D:\wamp64\www\spectrum\public_html\Application\Runtime\Cache\Home\2a94b8bda04ff446dcedd42276fc99ee.php 第 136 行.
NOTIC: [8] Use of undefined constant scid - assumed 'scid' D:\wamp64\www\spectrum\public_html\Application\Runtime\Cache\Home\2a94b8bda04ff446dcedd42276fc99ee.php 第 136 行.
INFO: Run Behavior\ParseTemplateBehavior [ RunTime:0.018539s ]
INFO: [ view_parse ] --END-- [ RunTime:0.018634s ]
INFO: [ view_filter ] --START--
INFO: Run Behavior\WriteHtmlCacheBehavior [ RunTime:0.000400s ]
INFO: [ view_filter ] --END-- [ RunTime:0.000497s ]
INFO: [ app_end ] --START--
INFO: Run Behavior\ShowPageTraceBehavior [ RunTime:0.000799s ]
INFO: [ app_end ] --END-- [ RunTime:0.000957s ]

[ 2017-05-31T08:49:35+08:00 ] 127.0.0.1 /Home/Index/ajax_company?p=undefined
INFO: [ app_init ] --START--
INFO: Run Behavior\BuildLiteBehavior [ RunTime:0.000021s ]
INFO: [ app_init ] --END-- [ RunTime:0.000476s ]
INFO: [ app_begin ] --START--
INFO: Run Behavior\ReadHtmlCacheBehavior [ RunTime:0.000706s ]
INFO: [ app_begin ] --END-- [ RunTime:0.000839s ]
SQL: SHOW COLUMNS FROM `yd_navigation` [ RunTime:0.0006s ]
SQL: SELECT * FROM `yd_navigation` WHERE `is_show` = 1 AND `pid` = 0  [ RunTime:0.0004s ]
SQL: SHOW COLUMNS FROM `yd_system` [ RunTime:0.0006s ]
SQL: SELECT * FROM `yd_system` LIMIT 1   [ RunTime:0.0003s ]
SQL: SHOW COLUMNS FROM `yd_company_info` [ RunTime:0.0016s ]
SQL: SELECT * FROM `yd_company_info` WHERE `com_is_rec` = 1 AND `com_status` = 1 LIMIT 0,8   [ RunTime:0.0006s ]
SQL: SHOW COLUMNS FROM `yd_image` [ RunTime:0.0009s ]
SQL: SELECT `img_id` FROM `yd_image` WHERE `img_storeid` = 606 LIMIT 1   [ RunTime:0.0005s ]
SQL: SELECT `img_id` FROM `yd_image` WHERE `img_storeid` = 607 LIMIT 1   [ RunTime:0.0005s ]
SQL: SELECT `img_id` FROM `yd_image` WHERE `img_storeid` = 622 LIMIT 1   [ RunTime:0.0006s ]
SQL: SELECT `img_id` FROM `yd_image` WHERE `img_storeid` = 617 LIMIT 1   [ RunTime:0.0005s ]
ERR: 模板不存在:./Application/Home/View/Index/ajax_company.html

[ 2017-05-31T08:52:56+08:00 ] 127.0.0.1 /
INFO: [ app_init ] --START--
INFO: Run Behavior\BuildLiteBehavior [ RunTime:0.000033s ]
INFO: [ app_init ] --END-- [ RunTime:0.000837s ]
INFO: [ app_begin ] --START--
INFO: Run Behavior\ReadHtmlCacheBehavior [ RunTime:0.001091s ]
INFO: [ app_begin ] --END-- [ RunTime:0.001262s ]
SQL: SHOW COLUMNS FROM `yd_navigation` [ RunTime:0.0008s ]
SQL: SELECT * FROM `yd_navigation` WHERE `is_show` = 1 AND `pid` = 0  [ RunTime:0.0004s ]
SQL: SHOW COLUMNS FROM `yd_system` [ RunTime:0.0006s ]
SQL: SELECT * FROM `yd_system` LIMIT 1   [ RunTime:0.0003s ]
SQL: SELECT * FROM `yd_navigation` WHERE `is_show` = 1 AND `pid` = 0  [ RunTime:0.0003s ]
SQL: SHOW COLUMNS FROM `yd_shuffling` [ RunTime:0.0005s ]
SQL: SELECT * FROM `yd_shuffling` WHERE `is_show` = 1 AND `pid` = 1  [ RunTime:0.0003s ]
SQL: SELECT * FROM `yd_shuffling` WHERE `is_show` = 1 AND `pid` = 6  [ RunTime:0.0003s ]
INFO: [ view_parse ] --START--
INFO: [ template_filter ] --START--
INFO: Run Behavior\ContentReplaceBehavior [ RunTime:0.000118s ]
INFO: [ template_filter ] --END-- [ RunTime:0.000220s ]
NOTIC: [8] Use of undefined constant img - assumed 'img' D:\wamp64\www\spectrum\public_html\Application\Runtime\Cache\Home\2a94b8bda04ff446dcedd42276fc99ee.php 第 80 行.
NOTIC: [8] Use of undefined constant img - assumed 'img' D:\wamp64\www\spectrum\public_html\Application\Runtime\Cache\Home\2a94b8bda04ff446dcedd42276fc99ee.php 第 80 行.
NOTIC: [8] Undefined variable: company D:\wamp64\www\spectrum\public_html\Application\Runtime\Cache\Home\2a94b8bda04ff446dcedd42276fc99ee.php 第 99 行.
NOTIC: [8] Undefined variable: company D:\wamp64\www\spectrum\public_html\Application\Runtime\Cache\Home\2a94b8bda04ff446dcedd42276fc99ee.php 第 113 行.
NOTIC: [8] Use of undefined constant scid - assumed 'scid' D:\wamp64\www\spectrum\public_html\Application\Runtime\Cache\Home\2a94b8bda04ff446dcedd42276fc99ee.php 第 136 行.
NOTIC: [8] Use of undefined constant scid - assumed 'scid' D:\wamp64\www\spectrum\public_html\Application\Runtime\Cache\Home\2a94b8bda04ff446dcedd42276fc99ee.php 第 136 行.
NOTIC: [8] Use of undefined constant scid - assumed 'scid' D:\wamp64\www\spectrum\public_html\Application\Runtime\Cache\Home\2a94b8bda04ff446dcedd42276fc99ee.php 第 136 行.
NOTIC: [8] Use of undefined constant scid - assumed 'scid' D:\wamp64\www\spectrum\public_html\Application\Runtime\Cache\Home\2a94b8bda04ff446dcedd42276fc99ee.php 第 136 行.
NOTIC: [8] Use of undefined constant scid - assumed 'scid' D:\wamp64\www\spectrum\public_html\Application\Runtime\Cache\Home\2a94b8bda04ff446dcedd42276fc99ee.php 第 136 行.
NOTIC: [8] Use of undefined constant scid - assumed 'scid' D:\wamp64\www\spectrum\public_html\Application\Runtime\Cache\Home\2a94b8bda04ff446dcedd42276fc99ee.php 第 136 行.
NOTIC: [8] Use of undefined constant scid - assumed 'scid' D:\wamp64\www\spectrum\public_html\Application\Runtime\Cache\Home\2a94b8bda04ff446dcedd42276fc99ee.php 第 136 行.
NOTIC: [8] Use of undefined constant scid - assumed 'scid' D:\wamp64\www\spectrum\public_html\Application\Runtime\Cache\Home\2a94b8bda04ff446dcedd42276fc99ee.php 第 136 行.
NOTIC: [8] Use of undefined constant scid - assumed 'scid' D:\wamp64\www\spectrum\public_html\Application\Runtime\Cache\Home\2a94b8bda04ff446dcedd42276fc99ee.php 第 136 行.
NOTIC: [8] Use of undefined constant scid - assumed 'scid' D:\wamp64\www\spectrum\public_html\Application\Runtime\Cache\Home\2a94b8bda04ff446dcedd42276fc99ee.php 第 136 行.
NOTIC: [8] Use of undefined constant scid - assumed 'scid' D:\wamp64\www\spectrum\public_html\Application\Runtime\Cache\Home\2a94b8bda04ff446dcedd42276fc99ee.php 第 136 行.
NOTIC: [8] Use of undefined constant scid - assumed 'scid' D:\wamp64\www\spectrum\public_html\Application\Runtime\Cache\Home\2a94b8bda04ff446dcedd42276fc99ee.php 第 136 行.
NOTIC: [8] Use of undefined constant scid - assumed 'scid' D:\wamp64\www\spectrum\public_html\Application\Runtime\Cache\Home\2a94b8bda04ff446dcedd42276fc99ee.php 第 136 行.
NOTIC: [8] Use of undefined constant scid - assumed 'scid' D:\wamp64\www\spectrum\public_html\Application\Runtime\Cache\Home\2a94b8bda04ff446dcedd42276fc99ee.php 第 136 行.
NOTIC: [8] Use of undefined constant scid - assumed 'scid' D:\wamp64\www\spectrum\public_html\Application\Runtime\Cache\Home\2a94b8bda04ff446dcedd42276fc99ee.php 第 136 行.
NOTIC: [8] Use of undefined constant scid - assumed 'scid' D:\wamp64\www\spectrum\public_html\Application\Runtime\Cache\Home\2a94b8bda04ff446dcedd42276fc99ee.php 第 136 行.
INFO: Run Behavior\ParseTemplateBehavior [ RunTime:0.018396s ]
INFO: [ view_parse ] --END-- [ RunTime:0.018502s ]
INFO: [ view_filter ] --START--
INFO: Run Behavior\WriteHtmlCacheBehavior [ RunTime:0.000665s ]
INFO: [ view_filter ] --END-- [ RunTime:0.000816s ]
INFO: [ app_end ] --START--
INFO: Run Behavior\ShowPageTraceBehavior [ RunTime:0.000888s ]
INFO: [ app_end ] --END-- [ RunTime:0.001111s ]

[ 2017-05-31T08:52:56+08:00 ] 127.0.0.1 /Home/Index/ajax_company?p=undefined
INFO: [ app_init ] --START--
INFO: Run Behavior\BuildLiteBehavior [ RunTime:0.000022s ]
INFO: [ app_init ] --END-- [ RunTime:0.000550s ]
INFO: [ app_begin ] --START--
INFO: Run Behavior\ReadHtmlCacheBehavior [ RunTime:0.000591s ]
INFO: [ app_begin ] --END-- [ RunTime:0.000685s ]
SQL: SHOW COLUMNS FROM `yd_navigation` [ RunTime:0.0006s ]
SQL: SELECT * FROM `yd_navigation` WHERE `is_show` = 1 AND `pid` = 0  [ RunTime:0.0003s ]
SQL: SHOW COLUMNS FROM `yd_system` [ RunTime:0.0008s ]
SQL: SELECT * FROM `yd_system` LIMIT 1   [ RunTime:0.0003s ]
SQL: SHOW COLUMNS FROM `yd_company_info` [ RunTime:0.0019s ]
SQL: SELECT * FROM `yd_company_info` WHERE `com_is_rec` = 1 AND `com_status` = 1 LIMIT 0,8   [ RunTime:0.0006s ]
SQL: SHOW COLUMNS FROM `yd_image` [ RunTime:0.0009s ]
SQL: SELECT `img_id` FROM `yd_image` WHERE `img_storeid` = 606 LIMIT 1   [ RunTime:0.0004s ]
SQL: SELECT `img_id` FROM `yd_image` WHERE `img_storeid` = 607 LIMIT 1   [ RunTime:0.0004s ]
SQL: SELECT `img_id` FROM `yd_image` WHERE `img_storeid` = 622 LIMIT 1   [ RunTime:0.0006s ]
SQL: SELECT `img_id` FROM `yd_image` WHERE `img_storeid` = 617 LIMIT 1   [ RunTime:0.0003s ]
INFO: [ view_parse ] --START--
INFO: [ template_filter ] --START--
INFO: Run Behavior\ContentReplaceBehavior [ RunTime:0.000045s ]
INFO: [ template_filter ] --END-- [ RunTime:0.000134s ]
INFO: Run Behavior\ParseTemplateBehavior [ RunTime:0.027642s ]
INFO: [ view_parse ] --END-- [ RunTime:0.027773s ]
INFO: [ view_filter ] --START--
INFO: Run Behavior\WriteHtmlCacheBehavior [ RunTime:0.000643s ]
INFO: [ view_filter ] --END-- [ RunTime:0.000746s ]
INFO: [ app_end ] --START--
INFO: Run Behavior\ShowPageTraceBehavior [ RunTime:0.001357s ]
INFO: [ app_end ] --END-- [ RunTime:0.001619s ]

[ 2017-05-31T08:53:36+08:00 ] 127.0.0.1 /
INFO: [ app_init ] --START--
INFO: Run Behavior\BuildLiteBehavior [ RunTime:0.000084s ]
INFO: [ app_init ] --END-- [ RunTime:0.001852s ]
INFO: [ app_begin ] --START--
INFO: Run Behavior\ReadHtmlCacheBehavior [ RunTime:0.001072s ]
INFO: [ app_begin ] --END-- [ RunTime:0.001245s ]
SQL: SHOW COLUMNS FROM `yd_navigation` [ RunTime:0.0015s ]
SQL: SELECT * FROM `yd_navigation` WHERE `is_show` = 1 AND `pid` = 0  [ RunTime:0.0004s ]
SQL: SHOW COLUMNS FROM `yd_system` [ RunTime:0.0006s ]
SQL: SELECT * FROM `yd_system` LIMIT 1   [ RunTime:0.0003s ]
SQL: SELECT * FROM `yd_navigation` WHERE `is_show` = 1 AND `pid` = 0  [ RunTime:0.0002s ]
SQL: SHOW COLUMNS FROM `yd_shuffling` [ RunTime:0.0005s ]
SQL: SELECT * FROM `yd_shuffling` WHERE `is_show` = 1 AND `pid` = 1  [ RunTime:0.0004s ]
SQL: SELECT * FROM `yd_shuffling` WHERE `is_show` = 1 AND `pid` = 6  [ RunTime:0.0003s ]
INFO: [ view_parse ] --START--
INFO: [ template_filter ] --START--
INFO: Run Behavior\ContentReplaceBehavior [ RunTime:0.000097s ]
INFO: [ template_filter ] --END-- [ RunTime:0.000191s ]
NOTIC: [8] Use of undefined constant img - assumed 'img' D:\wamp64\www\spectrum\public_html\Application\Runtime\Cache\Home\2a94b8bda04ff446dcedd42276fc99ee.php 第 80 行.
NOTIC: [8] Use of undefined constant img - assumed 'img' D:\wamp64\www\spectrum\public_html\Application\Runtime\Cache\Home\2a94b8bda04ff446dcedd42276fc99ee.php 第 80 行.
NOTIC: [8] Undefined variable: company D:\wamp64\www\spectrum\public_html\Application\Runtime\Cache\Home\2a94b8bda04ff446dcedd42276fc99ee.php 第 99 行.
NOTIC: [8] Undefined variable: company D:\wamp64\www\spectrum\public_html\Application\Runtime\Cache\Home\2a94b8bda04ff446dcedd42276fc99ee.php 第 113 行.
NOTIC: [8] Use of undefined constant scid - assumed 'scid' D:\wamp64\www\spectrum\public_html\Application\Runtime\Cache\Home\2a94b8bda04ff446dcedd42276fc99ee.php 第 136 行.
NOTIC: [8] Use of undefined constant scid - assumed 'scid' D:\wamp64\www\spectrum\public_html\Application\Runtime\Cache\Home\2a94b8bda04ff446dcedd42276fc99ee.php 第 136 行.
NOTIC: [8] Use of undefined constant scid - assumed 'scid' D:\wamp64\www\spectrum\public_html\Application\Runtime\Cache\Home\2a94b8bda04ff446dcedd42276fc99ee.php 第 136 行.
NOTIC: [8] Use of undefined constant scid - assumed 'scid' D:\wamp64\www\spectrum\public_html\Application\Runtime\Cache\Home\2a94b8bda04ff446dcedd42276fc99ee.php 第 136 行.
NOTIC: [8] Use of undefined constant scid - assumed 'scid' D:\wamp64\www\spectrum\public_html\Application\Runtime\Cache\Home\2a94b8bda04ff446dcedd42276fc99ee.php 第 136 行.
NOTIC: [8] Use of undefined constant scid - assumed 'scid' D:\wamp64\www\spectrum\public_html\Application\Runtime\Cache\Home\2a94b8bda04ff446dcedd42276fc99ee.php 第 136 行.
NOTIC: [8] Use of undefined constant scid - assumed 'scid' D:\wamp64\www\spectrum\public_html\Application\Runtime\Cache\Home\2a94b8bda04ff446dcedd42276fc99ee.php 第 136 行.
NOTIC: [8] Use of undefined constant scid - assumed 'scid' D:\wamp64\www\spectrum\public_html\Application\Runtime\Cache\Home\2a94b8bda04ff446dcedd42276fc99ee.php 第 136 行.
NOTIC: [8] Use of undefined constant scid - assumed 'scid' D:\wamp64\www\spectrum\public_html\Application\Runtime\Cache\Home\2a94b8bda04ff446dcedd42276fc99ee.php 第 136 行.
NOTIC: [8] Use of undefined constant scid - assumed 'scid' D:\wamp64\www\spectrum\public_html\Application\Runtime\Cache\Home\2a94b8bda04ff446dcedd42276fc99ee.php 第 136 行.
NOTIC: [8] Use of undefined constant scid - assumed 'scid' D:\wamp64\www\spectrum\public_html\Application\Runtime\Cache\Home\2a94b8bda04ff446dcedd42276fc99ee.php 第 136 行.
NOTIC: [8] Use of undefined constant scid - assumed 'scid' D:\wamp64\www\spectrum\public_html\Application\Runtime\Cache\Home\2a94b8bda04ff446dcedd42276fc99ee.php 第 136 行.
NOTIC: [8] Use of undefined constant scid - assumed 'scid' D:\wamp64\www\spectrum\public_html\Application\Runtime\Cache\Home\2a94b8bda04ff446dcedd42276fc99ee.php 第 136 行.
NOTIC: [8] Use of undefined constant scid - assumed 'scid' D:\wamp64\www\spectrum\public_html\Application\Runtime\Cache\Home\2a94b8bda04ff446dcedd42276fc99ee.php 第 136 行.
NOTIC: [8] Use of undefined constant scid - assumed 'scid' D:\wamp64\www\spectrum\public_html\Application\Runtime\Cache\Home\2a94b8bda04ff446dcedd42276fc99ee.php 第 136 行.
NOTIC: [8] Use of undefined constant scid - assumed 'scid' D:\wamp64\www\spectrum\public_html\Application\Runtime\Cache\Home\2a94b8bda04ff446dcedd42276fc99ee.php 第 136 行.
INFO: Run Behavior\ParseTemplateBehavior [ RunTime:0.020117s ]
INFO: [ view_parse ] --END-- [ RunTime:0.020221s ]
INFO: [ view_filter ] --START--
INFO: Run Behavior\WriteHtmlCacheBehavior [ RunTime:0.000517s ]
INFO: [ view_filter ] --END-- [ RunTime:0.000596s ]
INFO: [ app_end ] --START--
INFO: Run Behavior\ShowPageTraceBehavior [ RunTime:0.000661s ]
INFO: [ app_end ] --END-- [ RunTime:0.000763s ]

[ 2017-05-31T08:53:36+08:00 ] 127.0.0.1 /Home/Index/ajax_company?p=undefined
INFO: [ app_init ] --START--
INFO: Run Behavior\BuildLiteBehavior [ RunTime:0.000039s ]
INFO: [ app_init ] --END-- [ RunTime:0.002441s ]
INFO: [ app_begin ] --START--
INFO: Run Behavior\ReadHtmlCacheBehavior [ RunTime:0.000902s ]
INFO: [ app_begin ] --END-- [ RunTime:0.001045s ]
SQL: SHOW COLUMNS FROM `yd_navigation` [ RunTime:0.0011s ]
SQL: SELECT * FROM `yd_navigation` WHERE `is_show` = 1 AND `pid` = 0  [ RunTime:0.0006s ]
SQL: SHOW COLUMNS FROM `yd_system` [ RunTime:0.0018s ]
SQL: SELECT * FROM `yd_system` LIMIT 1   [ RunTime:0.0005s ]
SQL: SHOW COLUMNS FROM `yd_company_info` [ RunTime:0.0009s ]
SQL: SELECT * FROM `yd_company_info` WHERE `com_is_rec` = 1 AND `com_status` = 1 LIMIT 0,8   [ RunTime:0.0019s ]
SQL: SHOW COLUMNS FROM `yd_image` [ RunTime:0.0014s ]
SQL: SELECT `img_id` FROM `yd_image` WHERE `img_storeid` = 606 LIMIT 1   [ RunTime:0.0010s ]
SQL: SELECT `img_id` FROM `yd_image` WHERE `img_storeid` = 607 LIMIT 1   [ RunTime:0.0005s ]
SQL: SELECT `img_id` FROM `yd_image` WHERE `img_storeid` = 622 LIMIT 1   [ RunTime:0.0004s ]
SQL: SELECT `img_id` FROM `yd_image` WHERE `img_storeid` = 617 LIMIT 1   [ RunTime:0.0005s ]
INFO: [ view_parse ] --START--
INFO: [ template_filter ] --START--
INFO: Run Behavior\ContentReplaceBehavior [ RunTime:0.000082s ]
INFO: [ template_filter ] --END-- [ RunTime:0.000216s ]
INFO: Run Behavior\ParseTemplateBehavior [ RunTime:0.013987s ]
INFO: [ view_parse ] --END-- [ RunTime:0.014142s ]
INFO: [ view_filter ] --START--
INFO: Run Behavior\WriteHtmlCacheBehavior [ RunTime:0.000709s ]
INFO: [ view_filter ] --END-- [ RunTime:0.000837s ]
INFO: [ app_end ] --START--
INFO: Run Behavior\ShowPageTraceBehavior [ RunTime:0.000888s ]
INFO: [ app_end ] --END-- [ RunTime:0.001013s ]

[ 2017-05-31T08:53:58+08:00 ] 127.0.0.1 /
INFO: [ app_init ] --START--
INFO: Run Behavior\BuildLiteBehavior [ RunTime:0.000033s ]
INFO: [ app_init ] --END-- [ RunTime:0.000981s ]
INFO: [ app_begin ] --START--
INFO: Run Behavior\ReadHtmlCacheBehavior [ RunTime:0.000747s ]
INFO: [ app_begin ] --END-- [ RunTime:0.000857s ]
SQL: SHOW COLUMNS FROM `yd_navigation` [ RunTime:0.0005s ]
SQL: SELECT * FROM `yd_navigation` WHERE `is_show` = 1 AND `pid` = 0  [ RunTime:0.0003s ]
SQL: SHOW COLUMNS FROM `yd_system` [ RunTime:0.0004s ]
SQL: SELECT * FROM `yd_system` LIMIT 1   [ RunTime:0.0003s ]
SQL: SELECT * FROM `yd_navigation` WHERE `is_show` = 1 AND `pid` = 0  [ RunTime:0.0003s ]
SQL: SHOW COLUMNS FROM `yd_shuffling` [ RunTime:0.0005s ]
SQL: SELECT * FROM `yd_shuffling` WHERE `is_show` = 1 AND `pid` = 1  [ RunTime:0.0003s ]
SQL: SELECT * FROM `yd_shuffling` WHERE `is_show` = 1 AND `pid` = 6  [ RunTime:0.0003s ]
INFO: [ view_parse ] --START--
INFO: [ template_filter ] --START--
INFO: Run Behavior\ContentReplaceBehavior [ RunTime:0.000229s ]
INFO: [ template_filter ] --END-- [ RunTime:0.000542s ]
NOTIC: [8] Use of undefined constant img - assumed 'img' D:\wamp64\www\spectrum\public_html\Application\Runtime\Cache\Home\2a94b8bda04ff446dcedd42276fc99ee.php 第 80 行.
NOTIC: [8] Use of undefined constant img - assumed 'img' D:\wamp64\www\spectrum\public_html\Application\Runtime\Cache\Home\2a94b8bda04ff446dcedd42276fc99ee.php 第 80 行.
NOTIC: [8] Undefined variable: company D:\wamp64\www\spectrum\public_html\Application\Runtime\Cache\Home\2a94b8bda04ff446dcedd42276fc99ee.php 第 99 行.
NOTIC: [8] Undefined variable: company D:\wamp64\www\spectrum\public_html\Application\Runtime\Cache\Home\2a94b8bda04ff446dcedd42276fc99ee.php 第 113 行.
NOTIC: [8] Use of undefined constant scid - assumed 'scid' D:\wamp64\www\spectrum\public_html\Application\Runtime\Cache\Home\2a94b8bda04ff446dcedd42276fc99ee.php 第 136 行.
NOTIC: [8] Use of undefined constant scid - assumed 'scid' D:\wamp64\www\spectrum\public_html\Application\Runtime\Cache\Home\2a94b8bda04ff446dcedd42276fc99ee.php 第 136 行.
NOTIC: [8] Use of undefined constant scid - assumed 'scid' D:\wamp64\www\spectrum\public_html\Application\Runtime\Cache\Home\2a94b8bda04ff446dcedd42276fc99ee.php 第 136 行.
NOTIC: [8] Use of undefined constant scid - assumed 'scid' D:\wamp64\www\spectrum\public_html\Application\Runtime\Cache\Home\2a94b8bda04ff446dcedd42276fc99ee.php 第 136 行.
NOTIC: [8] Use of undefined constant scid - assumed 'scid' D:\wamp64\www\spectrum\public_html\Application\Runtime\Cache\Home\2a94b8bda04ff446dcedd42276fc99ee.php 第 136 行.
NOTIC: [8] Use of undefined constant scid - assumed 'scid' D:\wamp64\www\spectrum\public_html\Application\Runtime\Cache\Home\2a94b8bda04ff446dcedd42276fc99ee.php 第 136 行.
NOTIC: [8] Use of undefined constant scid - assumed 'scid' D:\wamp64\www\spectrum\public_html\Application\Runtime\Cache\Home\2a94b8bda04ff446dcedd42276fc99ee.php 第 136 行.
NOTIC: [8] Use of undefined constant scid - assumed 'scid' D:\wamp64\www\spectrum\public_html\Application\Runtime\Cache\Home\2a94b8bda04ff446dcedd42276fc99ee.php 第 136 行.
NOTIC: [8] Use of undefined constant scid - assumed 'scid' D:\wamp64\www\spectrum\public_html\Application\Runtime\Cache\Home\2a94b8bda04ff446dcedd42276fc99ee.php 第 136 行.
NOTIC: [8] Use of undefined constant scid - assumed 'scid' D:\wamp64\www\spectrum\public_html\Application\Runtime\Cache\Home\2a94b8bda04ff446dcedd42276fc99ee.php 第 136 行.
NOTIC: [8] Use of undefined constant scid - assumed 'scid' D:\wamp64\www\spectrum\public_html\Application\Runtime\Cache\Home\2a94b8bda04ff446dcedd42276fc99ee.php 第 136 行.
NOTIC: [8] Use of undefined constant scid - assumed 'scid' D:\wamp64\www\spectrum\public_html\Application\Runtime\Cache\Home\2a94b8bda04ff446dcedd42276fc99ee.php 第 136 行.
NOTIC: [8] Use of undefined constant scid - assumed 'scid' D:\wamp64\www\spectrum\public_html\Application\Runtime\Cache\Home\2a94b8bda04ff446dcedd42276fc99ee.php 第 136 行.
NOTIC: [8] Use of undefined constant scid - assumed 'scid' D:\wamp64\www\spectrum\public_html\Application\Runtime\Cache\Home\2a94b8bda04ff446dcedd42276fc99ee.php 第 136 行.
NOTIC: [8] Use of undefined constant scid - assumed 'scid' D:\wamp64\www\spectrum\public_html\Application\Runtime\Cache\Home\2a94b8bda04ff446dcedd42276fc99ee.php 第 136 行.
NOTIC: [8] Use of undefined constant scid - assumed 'scid' D:\wamp64\www\spectrum\public_html\Application\Runtime\Cache\Home\2a94b8bda04ff446dcedd42276fc99ee.php 第 136 行.
INFO: Run Behavior\ParseTemplateBehavior [ RunTime:0.019020s ]
INFO: [ view_parse ] --END-- [ RunTime:0.019173s ]
INFO: [ view_filter ] --START--
INFO: Run Behavior\WriteHtmlCacheBehavior [ RunTime:0.000565s ]
INFO: [ view_filter ] --END-- [ RunTime:0.000661s ]
INFO: [ app_end ] --START--
INFO: Run Behavior\ShowPageTraceBehavior [ RunTime:0.000713s ]
INFO: [ app_end ] --END-- [ RunTime:0.000853s ]

[ 2017-05-31T08:53:58+08:00 ] 127.0.0.1 /Home/Index/ajax_company?p=undefined
INFO: [ app_init ] --START--
INFO: Run Behavior\BuildLiteBehavior [ RunTime:0.000034s ]
INFO: [ app_init ] --END-- [ RunTime:0.000649s ]
INFO: [ app_begin ] --START--
INFO: Run Behavior\ReadHtmlCacheBehavior [ RunTime:0.000974s ]
INFO: [ app_begin ] --END-- [ RunTime:0.001250s ]
SQL: SHOW COLUMNS FROM `yd_navigation` [ RunTime:0.0006s ]
SQL: SELECT * FROM `yd_navigation` WHERE `is_show` = 1 AND `pid` = 0  [ RunTime:0.0007s ]
SQL: SHOW COLUMNS FROM `yd_system` [ RunTime:0.0008s ]
SQL: SELECT * FROM `yd_system` LIMIT 1   [ RunTime:0.0003s ]
SQL: SHOW COLUMNS FROM `yd_company_info` [ RunTime:0.0010s ]
SQL: SELECT * FROM `yd_company_info` WHERE `com_is_rec` = 1 AND `com_status` = 1 LIMIT 0,1   [ RunTime:0.0003s ]
SQL: SHOW COLUMNS FROM `yd_image` [ RunTime:0.0004s ]
SQL: SELECT `img_id` FROM `yd_image` WHERE `img_storeid` = 606 LIMIT 1   [ RunTime:0.0002s ]
INFO: [ view_parse ] --START--
INFO: [ template_filter ] --START--
INFO: Run Behavior\ContentReplaceBehavior [ RunTime:0.000047s ]
INFO: [ template_filter ] --END-- [ RunTime:0.000121s ]
INFO: Run Behavior\ParseTemplateBehavior [ RunTime:0.005746s ]
INFO: [ view_parse ] --END-- [ RunTime:0.005824s ]
INFO: [ view_filter ] --START--
INFO: Run Behavior\WriteHtmlCacheBehavior [ RunTime:0.000403s ]
INFO: [ view_filter ] --END-- [ RunTime:0.000469s ]
INFO: [ app_end ] --START--
INFO: Run Behavior\ShowPageTraceBehavior [ RunTime:0.000545s ]
INFO: [ app_end ] --END-- [ RunTime:0.000613s ]

[ 2017-05-31T08:54:57+08:00 ] 127.0.0.1 /
INFO: [ app_init ] --START--
INFO: Run Behavior\BuildLiteBehavior [ RunTime:0.000037s ]
INFO: [ app_init ] --END-- [ RunTime:0.000982s ]
INFO: [ app_begin ] --START--
INFO: Run Behavior\ReadHtmlCacheBehavior [ RunTime:0.001065s ]
INFO: [ app_begin ] --END-- [ RunTime:0.001246s ]
SQL: SHOW COLUMNS FROM `yd_navigation` [ RunTime:0.0010s ]
SQL: SELECT * FROM `yd_navigation` WHERE `is_show` = 1 AND `pid` = 0  [ RunTime:0.0006s ]
SQL: SHOW COLUMNS FROM `yd_system` [ RunTime:0.0008s ]
SQL: SELECT * FROM `yd_system` LIMIT 1   [ RunTime:0.0004s ]
SQL: SELECT * FROM `yd_navigation` WHERE `is_show` = 1 AND `pid` = 0  [ RunTime:0.0004s ]
SQL: SHOW COLUMNS FROM `yd_shuffling` [ RunTime:0.0008s ]
SQL: SELECT * FROM `yd_shuffling` WHERE `is_show` = 1 AND `pid` = 1  [ RunTime:0.0005s ]
SQL: SELECT * FROM `yd_shuffling` WHERE `is_show` = 1 AND `pid` = 6  [ RunTime:0.0004s ]
INFO: [ view_parse ] --START--
INFO: [ template_filter ] --START--
INFO: Run Behavior\ContentReplaceBehavior [ RunTime:0.000123s ]
INFO: [ template_filter ] --END-- [ RunTime:0.000235s ]
NOTIC: [8] Use of undefined constant img - assumed 'img' D:\wamp64\www\spectrum\public_html\Application\Runtime\Cache\Home\2a94b8bda04ff446dcedd42276fc99ee.php 第 80 行.
NOTIC: [8] Use of undefined constant img - assumed 'img' D:\wamp64\www\spectrum\public_html\Application\Runtime\Cache\Home\2a94b8bda04ff446dcedd42276fc99ee.php 第 80 行.
NOTIC: [8] Undefined variable: company D:\wamp64\www\spectrum\public_html\Application\Runtime\Cache\Home\2a94b8bda04ff446dcedd42276fc99ee.php 第 99 行.
NOTIC: [8] Undefined variable: company D:\wamp64\www\spectrum\public_html\Application\Runtime\Cache\Home\2a94b8bda04ff446dcedd42276fc99ee.php 第 113 行.
NOTIC: [8] Use of undefined constant scid - assumed 'scid' D:\wamp64\www\spectrum\public_html\Application\Runtime\Cache\Home\2a94b8bda04ff446dcedd42276fc99ee.php 第 136 行.
NOTIC: [8] Use of undefined constant scid - assumed 'scid' D:\wamp64\www\spectrum\public_html\Application\Runtime\Cache\Home\2a94b8bda04ff446dcedd42276fc99ee.php 第 136 行.
NOTIC: [8] Use of undefined constant scid - assumed 'scid' D:\wamp64\www\spectrum\public_html\Application\Runtime\Cache\Home\2a94b8bda04ff446dcedd42276fc99ee.php 第 136 行.
NOTIC: [8] Use of undefined constant scid - assumed 'scid' D:\wamp64\www\spectrum\public_html\Application\Runtime\Cache\Home\2a94b8bda04ff446dcedd42276fc99ee.php 第 136 行.
NOTIC: [8] Use of undefined constant scid - assumed 'scid' D:\wamp64\www\spectrum\public_html\Application\Runtime\Cache\Home\2a94b8bda04ff446dcedd42276fc99ee.php 第 136 行.
NOTIC: [8] Use of undefined constant scid - assumed 'scid' D:\wamp64\www\spectrum\public_html\Application\Runtime\Cache\Home\2a94b8bda04ff446dcedd42276fc99ee.php 第 136 行.
NOTIC: [8] Use of undefined constant scid - assumed 'scid' D:\wamp64\www\spectrum\public_html\Application\Runtime\Cache\Home\2a94b8bda04ff446dcedd42276fc99ee.php 第 136 行.
NOTIC: [8] Use of undefined constant scid - assumed 'scid' D:\wamp64\www\spectrum\public_html\Application\Runtime\Cache\Home\2a94b8bda04ff446dcedd42276fc99ee.php 第 136 行.
NOTIC: [8] Use of undefined constant scid - assumed 'scid' D:\wamp64\www\spectrum\public_html\Application\Runtime\Cache\Home\2a94b8bda04ff446dcedd42276fc99ee.php 第 136 行.
NOTIC: [8] Use of undefined constant scid - assumed 'scid' D:\wamp64\www\spectrum\public_html\Application\Runtime\Cache\Home\2a94b8bda04ff446dcedd42276fc99ee.php 第 136 行.
NOTIC: [8] Use of undefined constant scid - assumed 'scid' D:\wamp64\www\spectrum\public_html\Application\Runtime\Cache\Home\2a94b8bda04ff446dcedd42276fc99ee.php 第 136 行.
NOTIC: [8] Use of undefined constant scid - assumed 'scid' D:\wamp64\www\spectrum\public_html\Application\Runtime\Cache\Home\2a94b8bda04ff446dcedd42276fc99ee.php 第 136 行.
NOTIC: [8] Use of undefined constant scid - assumed 'scid' D:\wamp64\www\spectrum\public_html\Application\Runtime\Cache\Home\2a94b8bda04ff446dcedd42276fc99ee.php 第 136 行.
NOTIC: [8] Use of undefined constant scid - assumed 'scid' D:\wamp64\www\spectrum\public_html\Application\Runtime\Cache\Home\2a94b8bda04ff446dcedd42276fc99ee.php 第 136 行.
NOTIC: [8] Use of undefined constant scid - assumed 'scid' D:\wamp64\www\spectrum\public_html\Application\Runtime\Cache\Home\2a94b8bda04ff446dcedd42276fc99ee.php 第 136 行.
NOTIC: [8] Use of undefined constant scid - assumed 'scid' D:\wamp64\www\spectrum\public_html\Application\Runtime\Cache\Home\2a94b8bda04ff446dcedd42276fc99ee.php 第 136 行.
INFO: Run Behavior\ParseTemplateBehavior [ RunTime:0.022413s ]
INFO: [ view_parse ] --END-- [ RunTime:0.022560s ]
INFO: [ view_filter ] --START--
INFO: Run Behavior\WriteHtmlCacheBehavior [ RunTime:0.000574s ]
INFO: [ view_filter ] --END-- [ RunTime:0.000685s ]
INFO: [ app_end ] --START--
INFO: Run Behavior\ShowPageTraceBehavior [ RunTime:0.000818s ]
INFO: [ app_end ] --END-- [ RunTime:0.000983s ]

[ 2017-05-31T08:54:57+08:00 ] 127.0.0.1 /Home/Index/ajax_company?p=undefined
INFO: [ app_init ] --START--
INFO: Run Behavior\BuildLiteBehavior [ RunTime:0.000033s ]
INFO: [ app_init ] --END-- [ RunTime:0.001186s ]
INFO: [ app_begin ] --START--
INFO: Run Behavior\ReadHtmlCacheBehavior [ RunTime:0.000496s ]
INFO: [ app_begin ] --END-- [ RunTime:0.000576s ]
SQL: SHOW COLUMNS FROM `yd_navigation` [ RunTime:0.0008s ]
SQL: SELECT * FROM `yd_navigation` WHERE `is_show` = 1 AND `pid` = 0  [ RunTime:0.0003s ]
SQL: SHOW COLUMNS FROM `yd_system` [ RunTime:0.0004s ]
SQL: SELECT * FROM `yd_system` LIMIT 1   [ RunTime:0.0002s ]
SQL: SHOW COLUMNS FROM `yd_company_info` [ RunTime:0.0006s ]
SQL: SELECT * FROM `yd_company_info` WHERE `com_is_rec` = 1 AND `com_status` = 1 LIMIT 0,1   [ RunTime:0.0003s ]
SQL: SHOW COLUMNS FROM `yd_image` [ RunTime:0.0004s ]
SQL: SELECT `img_id` FROM `yd_image` WHERE `img_storeid` = 606 LIMIT 1   [ RunTime:0.0002s ]
INFO: [ view_parse ] --START--
INFO: [ template_filter ] --START--
INFO: Run Behavior\ContentReplaceBehavior [ RunTime:0.000072s ]
INFO: [ template_filter ] --END-- [ RunTime:0.000189s ]
INFO: Run Behavior\ParseTemplateBehavior [ RunTime:0.008819s ]
INFO: [ view_parse ] --END-- [ RunTime:0.008939s ]
INFO: [ view_filter ] --START--
INFO: Run Behavior\WriteHtmlCacheBehavior [ RunTime:0.000659s ]
INFO: [ view_filter ] --END-- [ RunTime:0.000805s ]
INFO: [ app_end ] --START--
INFO: Run Behavior\ShowPageTraceBehavior [ RunTime:0.001252s ]
INFO: [ app_end ] --END-- [ RunTime:0.001376s ]

[ 2017-05-31T08:54:59+08:00 ] 127.0.0.1 /Home/Index/ajax_company?p=2
INFO: [ app_init ] --START--
INFO: Run Behavior\BuildLiteBehavior [ RunTime:0.000018s ]
INFO: [ app_init ] --END-- [ RunTime:0.000487s ]
INFO: [ app_begin ] --START--
INFO: Run Behavior\ReadHtmlCacheBehavior [ RunTime:0.000622s ]
INFO: [ app_begin ] --END-- [ RunTime:0.000697s ]
SQL: SHOW COLUMNS FROM `yd_navigation` [ RunTime:0.0005s ]
SQL: SELECT * FROM `yd_navigation` WHERE `is_show` = 1 AND `pid` = 0  [ RunTime:0.0003s ]
SQL: SHOW COLUMNS FROM `yd_system` [ RunTime:0.0005s ]
SQL: SELECT * FROM `yd_system` LIMIT 1   [ RunTime:0.0003s ]
SQL: SHOW COLUMNS FROM `yd_company_info` [ RunTime:0.0005s ]
SQL: SELECT * FROM `yd_company_info` WHERE `com_is_rec` = 1 AND `com_status` = 1 LIMIT 1,1   [ RunTime:0.0003s ]
SQL: SHOW COLUMNS FROM `yd_image` [ RunTime:0.0005s ]
SQL: SELECT `img_id` FROM `yd_image` WHERE `img_storeid` = 607 LIMIT 1   [ RunTime:0.0003s ]
INFO: [ view_parse ] --START--
INFO: [ template_filter ] --START--
INFO: Run Behavior\ContentReplaceBehavior [ RunTime:0.000045s ]
INFO: [ template_filter ] --END-- [ RunTime:0.000122s ]
INFO: Run Behavior\ParseTemplateBehavior [ RunTime:0.006158s ]
INFO: [ view_parse ] --END-- [ RunTime:0.006235s ]
INFO: [ view_filter ] --START--
INFO: Run Behavior\WriteHtmlCacheBehavior [ RunTime:0.000443s ]
INFO: [ view_filter ] --END-- [ RunTime:0.000509s ]
INFO: [ app_end ] --START--
INFO: Run Behavior\ShowPageTraceBehavior [ RunTime:0.000573s ]
INFO: [ app_end ] --END-- [ RunTime:0.000642s ]

[ 2017-05-31T08:54:59+08:00 ] 127.0.0.1 /Home/Index/ajax_company?p=3
INFO: [ app_init ] --START--
INFO: Run Behavior\BuildLiteBehavior [ RunTime:0.000019s ]
INFO: [ app_init ] --END-- [ RunTime:0.000489s ]
INFO: [ app_begin ] --START--
INFO: Run Behavior\ReadHtmlCacheBehavior [ RunTime:0.000564s ]
INFO: [ app_begin ] --END-- [ RunTime:0.000636s ]
SQL: SHOW COLUMNS FROM `yd_navigation` [ RunTime:0.0005s ]
SQL: SELECT * FROM `yd_navigation` WHERE `is_show` = 1 AND `pid` = 0  [ RunTime:0.0004s ]
SQL: SHOW COLUMNS FROM `yd_system` [ RunTime:0.0005s ]
SQL: SELECT * FROM `yd_system` LIMIT 1   [ RunTime:0.0003s ]
SQL: SHOW COLUMNS FROM `yd_company_info` [ RunTime:0.0006s ]
SQL: SELECT * FROM `yd_company_info` WHERE `com_is_rec` = 1 AND `com_status` = 1 LIMIT 2,1   [ RunTime:0.0004s ]
SQL: SHOW COLUMNS FROM `yd_image` [ RunTime:0.0005s ]
SQL: SELECT `img_id` FROM `yd_image` WHERE `img_storeid` = 622 LIMIT 1   [ RunTime:0.0003s ]
INFO: [ view_parse ] --START--
INFO: [ template_filter ] --START--
INFO: Run Behavior\ContentReplaceBehavior [ RunTime:0.000045s ]
INFO: [ template_filter ] --END-- [ RunTime:0.000118s ]
INFO: Run Behavior\ParseTemplateBehavior [ RunTime:0.005847s ]
INFO: [ view_parse ] --END-- [ RunTime:0.005926s ]
INFO: [ view_filter ] --START--
INFO: Run Behavior\WriteHtmlCacheBehavior [ RunTime:0.000455s ]
INFO: [ view_filter ] --END-- [ RunTime:0.000521s ]
INFO: [ app_end ] --START--
INFO: Run Behavior\ShowPageTraceBehavior [ RunTime:0.000571s ]
INFO: [ app_end ] --END-- [ RunTime:0.000638s ]

[ 2017-05-31T08:55:00+08:00 ] 127.0.0.1 /Home/Index/ajax_company?p=4
INFO: [ app_init ] --START--
INFO: Run Behavior\BuildLiteBehavior [ RunTime:0.000018s ]
INFO: [ app_init ] --END-- [ RunTime:0.000484s ]
INFO: [ app_begin ] --START--
INFO: Run Behavior\ReadHtmlCacheBehavior [ RunTime:0.000549s ]
INFO: [ app_begin ] --END-- [ RunTime:0.000622s ]
SQL: SHOW COLUMNS FROM `yd_navigation` [ RunTime:0.0005s ]
SQL: SELECT * FROM `yd_navigation` WHERE `is_show` = 1 AND `pid` = 0  [ RunTime:0.0003s ]
SQL: SHOW COLUMNS FROM `yd_system` [ RunTime:0.0005s ]
SQL: SELECT * FROM `yd_system` LIMIT 1   [ RunTime:0.0003s ]
SQL: SHOW COLUMNS FROM `yd_company_info` [ RunTime:0.0006s ]
SQL: SELECT * FROM `yd_company_info` WHERE `com_is_rec` = 1 AND `com_status` = 1 LIMIT 3,1   [ RunTime:0.0004s ]
SQL: SHOW COLUMNS FROM `yd_image` [ RunTime:0.0005s ]
SQL: SELECT `img_id` FROM `yd_image` WHERE `img_storeid` = 617 LIMIT 1   [ RunTime:0.0002s ]
INFO: [ view_parse ] --START--
INFO: [ template_filter ] --START--
INFO: Run Behavior\ContentReplaceBehavior [ RunTime:0.000046s ]
INFO: [ template_filter ] --END-- [ RunTime:0.000119s ]
INFO: Run Behavior\ParseTemplateBehavior [ RunTime:0.005628s ]
INFO: [ view_parse ] --END-- [ RunTime:0.005704s ]
INFO: [ view_filter ] --START--
INFO: Run Behavior\WriteHtmlCacheBehavior [ RunTime:0.000435s ]
INFO: [ view_filter ] --END-- [ RunTime:0.000500s ]
INFO: [ app_end ] --START--
INFO: Run Behavior\ShowPageTraceBehavior [ RunTime:0.000563s ]
INFO: [ app_end ] --END-- [ RunTime:0.000631s ]

[ 2017-05-31T08:55:26+08:00 ] 127.0.0.1 /
INFO: [ app_init ] --START--
INFO: Run Behavior\BuildLiteBehavior [ RunTime:0.000025s ]
INFO: [ app_init ] --END-- [ RunTime:0.000644s ]
INFO: [ app_begin ] --START--
INFO: Run Behavior\ReadHtmlCacheBehavior [ RunTime:0.000876s ]
INFO: [ app_begin ] --END-- [ RunTime:0.001007s ]
SQL: SHOW COLUMNS FROM `yd_navigation` [ RunTime:0.0007s ]
SQL: SELECT * FROM `yd_navigation` WHERE `is_show` = 1 AND `pid` = 0  [ RunTime:0.0004s ]
SQL: SHOW COLUMNS FROM `yd_system` [ RunTime:0.0005s ]
SQL: SELECT * FROM `yd_system` LIMIT 1   [ RunTime:0.0003s ]
SQL: SELECT * FROM `yd_navigation` WHERE `is_show` = 1 AND `pid` = 0  [ RunTime:0.0004s ]
SQL: SHOW COLUMNS FROM `yd_shuffling` [ RunTime:0.0007s ]
SQL: SELECT * FROM `yd_shuffling` WHERE `is_show` = 1 AND `pid` = 1  [ RunTime:0.0005s ]
SQL: SELECT * FROM `yd_shuffling` WHERE `is_show` = 1 AND `pid` = 6  [ RunTime:0.0003s ]
INFO: [ view_parse ] --START--
INFO: [ template_filter ] --START--
INFO: Run Behavior\ContentReplaceBehavior [ RunTime:0.000146s ]
INFO: [ template_filter ] --END-- [ RunTime:0.000273s ]
NOTIC: [8] Use of undefined constant img - assumed 'img' D:\wamp64\www\spectrum\public_html\Application\Runtime\Cache\Home\2a94b8bda04ff446dcedd42276fc99ee.php 第 80 行.
NOTIC: [8] Use of undefined constant img - assumed 'img' D:\wamp64\www\spectrum\public_html\Application\Runtime\Cache\Home\2a94b8bda04ff446dcedd42276fc99ee.php 第 80 行.
NOTIC: [8] Undefined variable: company D:\wamp64\www\spectrum\public_html\Application\Runtime\Cache\Home\2a94b8bda04ff446dcedd42276fc99ee.php 第 99 行.
NOTIC: [8] Undefined variable: company D:\wamp64\www\spectrum\public_html\Application\Runtime\Cache\Home\2a94b8bda04ff446dcedd42276fc99ee.php 第 113 行.
NOTIC: [8] Use of undefined constant scid - assumed 'scid' D:\wamp64\www\spectrum\public_html\Application\Runtime\Cache\Home\2a94b8bda04ff446dcedd42276fc99ee.php 第 136 行.
NOTIC: [8] Use of undefined constant scid - assumed 'scid' D:\wamp64\www\spectrum\public_html\Application\Runtime\Cache\Home\2a94b8bda04ff446dcedd42276fc99ee.php 第 136 行.
NOTIC: [8] Use of undefined constant scid - assumed 'scid' D:\wamp64\www\spectrum\public_html\Application\Runtime\Cache\Home\2a94b8bda04ff446dcedd42276fc99ee.php 第 136 行.
NOTIC: [8] Use of undefined constant scid - assumed 'scid' D:\wamp64\www\spectrum\public_html\Application\Runtime\Cache\Home\2a94b8bda04ff446dcedd42276fc99ee.php 第 136 行.
NOTIC: [8] Use of undefined constant scid - assumed 'scid' D:\wamp64\www\spectrum\public_html\Application\Runtime\Cache\Home\2a94b8bda04ff446dcedd42276fc99ee.php 第 136 行.
NOTIC: [8] Use of undefined constant scid - assumed 'scid' D:\wamp64\www\spectrum\public_html\Application\Runtime\Cache\Home\2a94b8bda04ff446dcedd42276fc99ee.php 第 136 行.
NOTIC: [8] Use of undefined constant scid - assumed 'scid' D:\wamp64\www\spectrum\public_html\Application\Runtime\Cache\Home\2a94b8bda04ff446dcedd42276fc99ee.php 第 136 行.
NOTIC: [8] Use of undefined constant scid - assumed 'scid' D:\wamp64\www\spectrum\public_html\Application\Runtime\Cache\Home\2a94b8bda04ff446dcedd42276fc99ee.php 第 136 行.
NOTIC: [8] Use of undefined constant scid - assumed 'scid' D:\wamp64\www\spectrum\public_html\Application\Runtime\Cache\Home\2a94b8bda04ff446dcedd42276fc99ee.php 第 136 行.
NOTIC: [8] Use of undefined constant scid - assumed 'scid' D:\wamp64\www\spectrum\public_html\Application\Runtime\Cache\Home\2a94b8bda04ff446dcedd42276fc99ee.php 第 136 行.
NOTIC: [8] Use of undefined constant scid - assumed 'scid' D:\wamp64\www\spectrum\public_html\Application\Runtime\Cache\Home\2a94b8bda04ff446dcedd42276fc99ee.php 第 136 行.
NOTIC: [8] Use of undefined constant scid - assumed 'scid' D:\wamp64\www\spectrum\public_html\Application\Runtime\Cache\Home\2a94b8bda04ff446dcedd42276fc99ee.php 第 136 行.
NOTIC: [8] Use of undefined constant scid - assumed 'scid' D:\wamp64\www\spectrum\public_html\Application\Runtime\Cache\Home\2a94b8bda04ff446dcedd42276fc99ee.php 第 136 行.
NOTIC: [8] Use of undefined constant scid - assumed 'scid' D:\wamp64\www\spectrum\public_html\Application\Runtime\Cache\Home\2a94b8bda04ff446dcedd42276fc99ee.php 第 136 行.
NOTIC: [8] Use of undefined constant scid - assumed 'scid' D:\wamp64\www\spectrum\public_html\Application\Runtime\Cache\Home\2a94b8bda04ff446dcedd42276fc99ee.php 第 136 行.
NOTIC: [8] Use of undefined constant scid - assumed 'scid' D:\wamp64\www\spectrum\public_html\Application\Runtime\Cache\Home\2a94b8bda04ff446dcedd42276fc99ee.php 第 136 行.
INFO: Run Behavior\ParseTemplateBehavior [ RunTime:0.026057s ]
INFO: [ view_parse ] --END-- [ RunTime:0.026178s ]
INFO: [ view_filter ] --START--
INFO: Run Behavior\WriteHtmlCacheBehavior [ RunTime:0.000775s ]
INFO: [ view_filter ] --END-- [ RunTime:0.000892s ]
INFO: [ app_end ] --START--
INFO: Run Behavior\ShowPageTraceBehavior [ RunTime:0.000864s ]
INFO: [ app_end ] --END-- [ RunTime:0.001032s ]

[ 2017-05-31T08:55:26+08:00 ] 127.0.0.1 /Home/Index/ajax_company?p=undefined
INFO: [ app_init ] --START--
INFO: Run Behavior\BuildLiteBehavior [ RunTime:0.000021s ]
INFO: [ app_init ] --END-- [ RunTime:0.000573s ]
INFO: [ app_begin ] --START--
INFO: Run Behavior\ReadHtmlCacheBehavior [ RunTime:0.000624s ]
INFO: [ app_begin ] --END-- [ RunTime:0.000703s ]
SQL: SHOW COLUMNS FROM `yd_navigation` [ RunTime:0.0006s ]
SQL: SELECT * FROM `yd_navigation` WHERE `is_show` = 1 AND `pid` = 0  [ RunTime:0.0003s ]
SQL: SHOW COLUMNS FROM `yd_system` [ RunTime:0.0005s ]
SQL: SELECT * FROM `yd_system` LIMIT 1   [ RunTime:0.0002s ]
SQL: SHOW COLUMNS FROM `yd_company_info` [ RunTime:0.0005s ]
SQL: SELECT * FROM `yd_company_info` WHERE `com_is_rec` = 1 AND `com_status` = 1 LIMIT 0,8   [ RunTime:0.0003s ]
SQL: SHOW COLUMNS FROM `yd_image` [ RunTime:0.0004s ]
SQL: SELECT `img_id` FROM `yd_image` WHERE `img_storeid` = 606 LIMIT 1   [ RunTime:0.0002s ]
SQL: SELECT `img_id` FROM `yd_image` WHERE `img_storeid` = 607 LIMIT 1   [ RunTime:0.0002s ]
SQL: SELECT `img_id` FROM `yd_image` WHERE `img_storeid` = 622 LIMIT 1   [ RunTime:0.0002s ]
SQL: SELECT `img_id` FROM `yd_image` WHERE `img_storeid` = 617 LIMIT 1   [ RunTime:0.0002s ]
INFO: [ view_parse ] --START--
INFO: [ template_filter ] --START--
INFO: Run Behavior\ContentReplaceBehavior [ RunTime:0.000102s ]
INFO: [ template_filter ] --END-- [ RunTime:0.000271s ]
INFO: Run Behavior\ParseTemplateBehavior [ RunTime:0.009146s ]
INFO: [ view_parse ] --END-- [ RunTime:0.009258s ]
INFO: [ view_filter ] --START--
INFO: Run Behavior\WriteHtmlCacheBehavior [ RunTime:0.000517s ]
INFO: [ view_filter ] --END-- [ RunTime:0.000618s ]
INFO: [ app_end ] --START--
INFO: Run Behavior\ShowPageTraceBehavior [ RunTime:0.000639s ]
INFO: [ app_end ] --END-- [ RunTime:0.000730s ]

[ 2017-05-31T08:55:31+08:00 ] 127.0.0.1 /CompanyInfo/details?id=66
INFO: [ app_init ] --START--
INFO: Run Behavior\BuildLiteBehavior [ RunTime:0.000024s ]
INFO: [ app_init ] --END-- [ RunTime:0.000776s ]
INFO: [ app_begin ] --START--
INFO: Run Behavior\ReadHtmlCacheBehavior [ RunTime:0.000666s ]
INFO: [ app_begin ] --END-- [ RunTime:0.000761s ]
SQL: SHOW COLUMNS FROM `yd_navigation` [ RunTime:0.0005s ]
SQL: SELECT * FROM `yd_navigation` WHERE `is_show` = 1 AND `pid` = 0  [ RunTime:0.0004s ]
SQL: SHOW COLUMNS FROM `yd_system` [ RunTime:0.0005s ]
SQL: SELECT * FROM `yd_system` LIMIT 1   [ RunTime:0.0003s ]
SQL: SHOW COLUMNS FROM `yd_company_info` [ RunTime:0.0014s ]
SQL: SELECT * FROM `yd_company_info` WHERE `com_id` = '66' LIMIT 1   [ RunTime:0.0009s ]
SQL: UPDATE `yd_company_info` SET `com_visit`='255' WHERE `com_id` = '66' [ RunTime:0.0408s ]
SQL: SHOW COLUMNS FROM `yd_media` [ RunTime:0.0011s ]
SQL: SELECT * FROM `yd_media` WHERE `med_storeid` = '607'  [ RunTime:0.0004s ]
INFO: [ view_parse ] --START--
INFO: [ template_filter ] --START--
INFO: Run Behavior\ContentReplaceBehavior [ RunTime:0.000109s ]
INFO: [ template_filter ] --END-- [ RunTime:0.000212s ]
INFO: Run Behavior\ParseTemplateBehavior [ RunTime:0.031171s ]
INFO: [ view_parse ] --END-- [ RunTime:0.031265s ]
INFO: [ view_filter ] --START--
INFO: Run Behavior\WriteHtmlCacheBehavior [ RunTime:0.000489s ]
INFO: [ view_filter ] --END-- [ RunTime:0.000569s ]
INFO: [ app_end ] --START--
INFO: Run Behavior\ShowPageTraceBehavior [ RunTime:0.000634s ]
INFO: [ app_end ] --END-- [ RunTime:0.000746s ]

[ 2017-05-31T08:56:23+08:00 ] 127.0.0.1 /
INFO: [ app_init ] --START--
INFO: Run Behavior\BuildLiteBehavior [ RunTime:0.000018s ]
INFO: [ app_init ] --END-- [ RunTime:0.000350s ]
INFO: [ app_begin ] --START--
INFO: Run Behavior\ReadHtmlCacheBehavior [ RunTime:0.000419s ]
INFO: [ app_begin ] --END-- [ RunTime:0.000504s ]
SQL: SHOW COLUMNS FROM `yd_navigation` [ RunTime:0.0006s ]
SQL: SELECT * FROM `yd_navigation` WHERE `is_show` = 1 AND `pid` = 0  [ RunTime:0.0004s ]
SQL: SHOW COLUMNS FROM `yd_system` [ RunTime:0.0005s ]
SQL: SELECT * FROM `yd_system` LIMIT 1   [ RunTime:0.0003s ]
SQL: SELECT * FROM `yd_navigation` WHERE `is_show` = 1 AND `pid` = 0  [ RunTime:0.0003s ]
SQL: SHOW COLUMNS FROM `yd_shuffling` [ RunTime:0.0004s ]
SQL: SELECT * FROM `yd_shuffling` WHERE `is_show` = 1 AND `pid` = 1  [ RunTime:0.0003s ]
SQL: SELECT * FROM `yd_shuffling` WHERE `is_show` = 1 AND `pid` = 6  [ RunTime:0.0003s ]
INFO: [ view_parse ] --START--
INFO: [ template_filter ] --START--
INFO: Run Behavior\ContentReplaceBehavior [ RunTime:0.000095s ]
INFO: [ template_filter ] --END-- [ RunTime:0.000184s ]
NOTIC: [8] Use of undefined constant img - assumed 'img' D:\wamp64\www\spectrum\public_html\Application\Runtime\Cache\Home\2a94b8bda04ff446dcedd42276fc99ee.php 第 80 行.
NOTIC: [8] Use of undefined constant img - assumed 'img' D:\wamp64\www\spectrum\public_html\Application\Runtime\Cache\Home\2a94b8bda04ff446dcedd42276fc99ee.php 第 80 行.
NOTIC: [8] Undefined variable: company D:\wamp64\www\spectrum\public_html\Application\Runtime\Cache\Home\2a94b8bda04ff446dcedd42276fc99ee.php 第 99 行.
NOTIC: [8] Undefined variable: company D:\wamp64\www\spectrum\public_html\Application\Runtime\Cache\Home\2a94b8bda04ff446dcedd42276fc99ee.php 第 113 行.
NOTIC: [8] Use of undefined constant scid - assumed 'scid' D:\wamp64\www\spectrum\public_html\Application\Runtime\Cache\Home\2a94b8bda04ff446dcedd42276fc99ee.php 第 136 行.
NOTIC: [8] Use of undefined constant scid - assumed 'scid' D:\wamp64\www\spectrum\public_html\Application\Runtime\Cache\Home\2a94b8bda04ff446dcedd42276fc99ee.php 第 136 行.
NOTIC: [8] Use of undefined constant scid - assumed 'scid' D:\wamp64\www\spectrum\public_html\Application\Runtime\Cache\Home\2a94b8bda04ff446dcedd42276fc99ee.php 第 136 行.
NOTIC: [8] Use of undefined constant scid - assumed 'scid' D:\wamp64\www\spectrum\public_html\Application\Runtime\Cache\Home\2a94b8bda04ff446dcedd42276fc99ee.php 第 136 行.
NOTIC: [8] Use of undefined constant scid - assumed 'scid' D:\wamp64\www\spectrum\public_html\Application\Runtime\Cache\Home\2a94b8bda04ff446dcedd42276fc99ee.php 第 136 行.
NOTIC: [8] Use of undefined constant scid - assumed 'scid' D:\wamp64\www\spectrum\public_html\Application\Runtime\Cache\Home\2a94b8bda04ff446dcedd42276fc99ee.php 第 136 行.
NOTIC: [8] Use of undefined constant scid - assumed 'scid' D:\wamp64\www\spectrum\public_html\Application\Runtime\Cache\Home\2a94b8bda04ff446dcedd42276fc99ee.php 第 136 行.
NOTIC: [8] Use of undefined constant scid - assumed 'scid' D:\wamp64\www\spectrum\public_html\Application\Runtime\Cache\Home\2a94b8bda04ff446dcedd42276fc99ee.php 第 136 行.
NOTIC: [8] Use of undefined constant scid - assumed 'scid' D:\wamp64\www\spectrum\public_html\Application\Runtime\Cache\Home\2a94b8bda04ff446dcedd42276fc99ee.php 第 136 行.
NOTIC: [8] Use of undefined constant scid - assumed 'scid' D:\wamp64\www\spectrum\public_html\Application\Runtime\Cache\Home\2a94b8bda04ff446dcedd42276fc99ee.php 第 136 行.
NOTIC: [8] Use of undefined constant scid - assumed 'scid' D:\wamp64\www\spectrum\public_html\Application\Runtime\Cache\Home\2a94b8bda04ff446dcedd42276fc99ee.php 第 136 行.
NOTIC: [8] Use of undefined constant scid - assumed 'scid' D:\wamp64\www\spectrum\public_html\Application\Runtime\Cache\Home\2a94b8bda04ff446dcedd42276fc99ee.php 第 136 行.
NOTIC: [8] Use of undefined constant scid - assumed 'scid' D:\wamp64\www\spectrum\public_html\Application\Runtime\Cache\Home\2a94b8bda04ff446dcedd42276fc99ee.php 第 136 行.
NOTIC: [8] Use of undefined constant scid - assumed 'scid' D:\wamp64\www\spectrum\public_html\Application\Runtime\Cache\Home\2a94b8bda04ff446dcedd42276fc99ee.php 第 136 行.
NOTIC: [8] Use of undefined constant scid - assumed 'scid' D:\wamp64\www\spectrum\public_html\Application\Runtime\Cache\Home\2a94b8bda04ff446dcedd42276fc99ee.php 第 136 行.
NOTIC: [8] Use of undefined constant scid - assumed 'scid' D:\wamp64\www\spectrum\public_html\Application\Runtime\Cache\Home\2a94b8bda04ff446dcedd42276fc99ee.php 第 136 行.
INFO: Run Behavior\ParseTemplateBehavior [ RunTime:0.017830s ]
INFO: [ view_parse ] --END-- [ RunTime:0.017945s ]
INFO: [ view_filter ] --START--
INFO: Run Behavior\WriteHtmlCacheBehavior [ RunTime:0.000485s ]
INFO: [ view_filter ] --END-- [ RunTime:0.000563s ]
INFO: [ app_end ] --START--
INFO: Run Behavior\ShowPageTraceBehavior [ RunTime:0.001270s ]
INFO: [ app_end ] --END-- [ RunTime:0.001385s ]

[ 2017-05-31T08:56:23+08:00 ] 127.0.0.1 /Home/Index/ajax_company?p=undefined
INFO: [ app_init ] --START--
INFO: Run Behavior\BuildLiteBehavior [ RunTime:0.000020s ]
INFO: [ app_init ] --END-- [ RunTime:0.000491s ]
INFO: [ app_begin ] --START--
INFO: Run Behavior\ReadHtmlCacheBehavior [ RunTime:0.000769s ]
INFO: [ app_begin ] --END-- [ RunTime:0.000878s ]
SQL: SHOW COLUMNS FROM `yd_navigation` [ RunTime:0.0005s ]
SQL: SELECT * FROM `yd_navigation` WHERE `is_show` = 1 AND `pid` = 0  [ RunTime:0.0003s ]
SQL: SHOW COLUMNS FROM `yd_system` [ RunTime:0.0005s ]
SQL: SELECT * FROM `yd_system` LIMIT 1   [ RunTime:0.0002s ]
SQL: SHOW COLUMNS FROM `yd_company_info` [ RunTime:0.0006s ]
SQL: SELECT * FROM `yd_company_info` WHERE `com_is_rec` = 1 AND `com_status` = 1 LIMIT 0,8   [ RunTime:0.0004s ]
SQL: SHOW COLUMNS FROM `yd_image` [ RunTime:0.0004s ]
SQL: SELECT `img_id` FROM `yd_image` WHERE `img_storeid` = 606 LIMIT 1   [ RunTime:0.0002s ]
SQL: SELECT `img_id` FROM `yd_image` WHERE `img_storeid` = 607 LIMIT 1   [ RunTime:0.0003s ]
SQL: SELECT `img_id` FROM `yd_image` WHERE `img_storeid` = 622 LIMIT 1   [ RunTime:0.0013s ]
SQL: SELECT `img_id` FROM `yd_image` WHERE `img_storeid` = 617 LIMIT 1   [ RunTime:0.0003s ]
INFO: [ view_parse ] --START--
INFO: [ template_filter ] --START--
INFO: Run Behavior\ContentReplaceBehavior [ RunTime:0.000069s ]
INFO: [ template_filter ] --END-- [ RunTime:0.000184s ]
INFO: Run Behavior\ParseTemplateBehavior [ RunTime:0.007984s ]
INFO: [ view_parse ] --END-- [ RunTime:0.008125s ]
INFO: [ view_filter ] --START--
INFO: Run Behavior\WriteHtmlCacheBehavior [ RunTime:0.000437s ]
INFO: [ view_filter ] --END-- [ RunTime:0.000518s ]
INFO: [ app_end ] --START--
INFO: Run Behavior\ShowPageTraceBehavior [ RunTime:0.000461s ]
INFO: [ app_end ] --END-- [ RunTime:0.000530s ]

[ 2017-05-31T08:58:06+08:00 ] 127.0.0.1 /Home/Index/ajax_company?p=1
INFO: [ app_init ] --START--
INFO: Run Behavior\BuildLiteBehavior [ RunTime:0.000034s ]
INFO: [ app_init ] --END-- [ RunTime:0.000853s ]
INFO: [ app_begin ] --START--
INFO: Run Behavior\ReadHtmlCacheBehavior [ RunTime:0.000993s ]
INFO: [ app_begin ] --END-- [ RunTime:0.001159s ]
SQL: SHOW COLUMNS FROM `yd_navigation` [ RunTime:0.0006s ]
SQL: SELECT * FROM `yd_navigation` WHERE `is_show` = 1 AND `pid` = 0  [ RunTime:0.0004s ]
SQL: SHOW COLUMNS FROM `yd_system` [ RunTime:0.0005s ]
SQL: SELECT * FROM `yd_system` LIMIT 1   [ RunTime:0.0003s ]
SQL: SHOW COLUMNS FROM `yd_company_info` [ RunTime:0.0006s ]
SQL: SELECT * FROM `yd_company_info` WHERE `com_is_rec` = 1 AND `com_status` = 1 LIMIT 0,8   [ RunTime:0.0004s ]
SQL: SHOW COLUMNS FROM `yd_image` [ RunTime:0.0006s ]
SQL: SELECT `img_id` FROM `yd_image` WHERE `img_storeid` = 606 LIMIT 1   [ RunTime:0.0003s ]
SQL: SELECT `img_id` FROM `yd_image` WHERE `img_storeid` = 607 LIMIT 1   [ RunTime:0.0004s ]
SQL: SELECT `img_id` FROM `yd_image` WHERE `img_storeid` = 622 LIMIT 1   [ RunTime:0.0003s ]
SQL: SELECT `img_id` FROM `yd_image` WHERE `img_storeid` = 617 LIMIT 1   [ RunTime:0.0003s ]
INFO: [ view_parse ] --START--
INFO: [ template_filter ] --START--
INFO: Run Behavior\ContentReplaceBehavior [ RunTime:0.000070s ]
INFO: [ template_filter ] --END-- [ RunTime:0.000156s ]
INFO: Run Behavior\ParseTemplateBehavior [ RunTime:0.006270s ]
INFO: [ view_parse ] --END-- [ RunTime:0.006372s ]
INFO: [ view_filter ] --START--
INFO: Run Behavior\WriteHtmlCacheBehavior [ RunTime:0.000487s ]
INFO: [ view_filter ] --END-- [ RunTime:0.000568s ]
INFO: [ app_end ] --START--
INFO: Run Behavior\ShowPageTraceBehavior [ RunTime:0.000647s ]
INFO: [ app_end ] --END-- [ RunTime:0.000730s ]

[ 2017-05-31T09:58:48+08:00 ] 127.0.0.1 /
INFO: [ app_init ] --START--
INFO: Run Behavior\BuildLiteBehavior [ RunTime:0.000052s ]
INFO: [ app_init ] --END-- [ RunTime:0.000705s ]
INFO: [ app_begin ] --START--
INFO: Run Behavior\ReadHtmlCacheBehavior [ RunTime:0.000533s ]
INFO: [ app_begin ] --END-- [ RunTime:0.000624s ]
SQL: SHOW COLUMNS FROM `yd_navigation` [ RunTime:0.0007s ]
SQL: SELECT * FROM `yd_navigation` WHERE `is_show` = 1 AND `pid` = 0  [ RunTime:0.0004s ]
SQL: SHOW COLUMNS FROM `yd_system` [ RunTime:0.0005s ]
SQL: SELECT * FROM `yd_system` LIMIT 1   [ RunTime:0.0003s ]
SQL: SELECT * FROM `yd_navigation` WHERE `is_show` = 1 AND `pid` = 0  [ RunTime:0.0005s ]
SQL: SHOW COLUMNS FROM `yd_shuffling` [ RunTime:0.0005s ]
SQL: SELECT * FROM `yd_shuffling` WHERE `is_show` = 1 AND `pid` = 1  [ RunTime:0.0002s ]
SQL: SELECT * FROM `yd_shuffling` WHERE `is_show` = 1 AND `pid` = 6  [ RunTime:0.0003s ]
INFO: [ view_parse ] --START--
INFO: [ template_filter ] --START--
INFO: Run Behavior\ContentReplaceBehavior [ RunTime:0.000103s ]
INFO: [ template_filter ] --END-- [ RunTime:0.000192s ]
NOTIC: [8] Use of undefined constant img - assumed 'img' D:\wamp64\www\spectrum\public_html\Application\Runtime\Cache\Home\2a94b8bda04ff446dcedd42276fc99ee.php 第 80 行.
NOTIC: [8] Use of undefined constant img - assumed 'img' D:\wamp64\www\spectrum\public_html\Application\Runtime\Cache\Home\2a94b8bda04ff446dcedd42276fc99ee.php 第 80 行.
NOTIC: [8] Undefined variable: company D:\wamp64\www\spectrum\public_html\Application\Runtime\Cache\Home\2a94b8bda04ff446dcedd42276fc99ee.php 第 99 行.
NOTIC: [8] Undefined variable: company D:\wamp64\www\spectrum\public_html\Application\Runtime\Cache\Home\2a94b8bda04ff446dcedd42276fc99ee.php 第 113 行.
NOTIC: [8] Use of undefined constant scid - assumed 'scid' D:\wamp64\www\spectrum\public_html\Application\Runtime\Cache\Home\2a94b8bda04ff446dcedd42276fc99ee.php 第 136 行.
NOTIC: [8] Use of undefined constant scid - assumed 'scid' D:\wamp64\www\spectrum\public_html\Application\Runtime\Cache\Home\2a94b8bda04ff446dcedd42276fc99ee.php 第 136 行.
NOTIC: [8] Use of undefined constant scid - assumed 'scid' D:\wamp64\www\spectrum\public_html\Application\Runtime\Cache\Home\2a94b8bda04ff446dcedd42276fc99ee.php 第 136 行.
NOTIC: [8] Use of undefined constant scid - assumed 'scid' D:\wamp64\www\spectrum\public_html\Application\Runtime\Cache\Home\2a94b8bda04ff446dcedd42276fc99ee.php 第 136 行.
NOTIC: [8] Use of undefined constant scid - assumed 'scid' D:\wamp64\www\spectrum\public_html\Application\Runtime\Cache\Home\2a94b8bda04ff446dcedd42276fc99ee.php 第 136 行.
NOTIC: [8] Use of undefined constant scid - assumed 'scid' D:\wamp64\www\spectrum\public_html\Application\Runtime\Cache\Home\2a94b8bda04ff446dcedd42276fc99ee.php 第 136 行.
NOTIC: [8] Use of undefined constant scid - assumed 'scid' D:\wamp64\www\spectrum\public_html\Application\Runtime\Cache\Home\2a94b8bda04ff446dcedd42276fc99ee.php 第 136 行.
NOTIC: [8] Use of undefined constant scid - assumed 'scid' D:\wamp64\www\spectrum\public_html\Application\Runtime\Cache\Home\2a94b8bda04ff446dcedd42276fc99ee.php 第 136 行.
NOTIC: [8] Use of undefined constant scid - assumed 'scid' D:\wamp64\www\spectrum\public_html\Application\Runtime\Cache\Home\2a94b8bda04ff446dcedd42276fc99ee.php 第 136 行.
NOTIC: [8] Use of undefined constant scid - assumed 'scid' D:\wamp64\www\spectrum\public_html\Application\Runtime\Cache\Home\2a94b8bda04ff446dcedd42276fc99ee.php 第 136 行.
NOTIC: [8] Use of undefined constant scid - assumed 'scid' D:\wamp64\www\spectrum\public_html\Application\Runtime\Cache\Home\2a94b8bda04ff446dcedd42276fc99ee.php 第 136 行.
NOTIC: [8] Use of undefined constant scid - assumed 'scid' D:\wamp64\www\spectrum\public_html\Application\Runtime\Cache\Home\2a94b8bda04ff446dcedd42276fc99ee.php 第 136 行.
NOTIC: [8] Use of undefined constant scid - assumed 'scid' D:\wamp64\www\spectrum\public_html\Application\Runtime\Cache\Home\2a94b8bda04ff446dcedd42276fc99ee.php 第 136 行.
NOTIC: [8] Use of undefined constant scid - assumed 'scid' D:\wamp64\www\spectrum\public_html\Application\Runtime\Cache\Home\2a94b8bda04ff446dcedd42276fc99ee.php 第 136 行.
NOTIC: [8] Use of undefined constant scid - assumed 'scid' D:\wamp64\www\spectrum\public_html\Application\Runtime\Cache\Home\2a94b8bda04ff446dcedd42276fc99ee.php 第 136 行.
NOTIC: [8] Use of undefined constant scid - assumed 'scid' D:\wamp64\www\spectrum\public_html\Application\Runtime\Cache\Home\2a94b8bda04ff446dcedd42276fc99ee.php 第 136 行.
INFO: Run Behavior\ParseTemplateBehavior [ RunTime:0.017207s ]
INFO: [ view_parse ] --END-- [ RunTime:0.017322s ]
INFO: [ view_filter ] --START--
INFO: Run Behavior\WriteHtmlCacheBehavior [ RunTime:0.000501s ]
INFO: [ view_filter ] --END-- [ RunTime:0.000621s ]
INFO: [ app_end ] --START--
INFO: Run Behavior\ShowPageTraceBehavior [ RunTime:0.000827s ]
INFO: [ app_end ] --END-- [ RunTime:0.000926s ]

[ 2017-05-31T09:58:48+08:00 ] 127.0.0.1 /Home/Index/ajax_company?p=undefined
INFO: [ app_init ] --START--
INFO: Run Behavior\BuildLiteBehavior [ RunTime:0.000022s ]
INFO: [ app_init ] --END-- [ RunTime:0.000427s ]
INFO: [ app_begin ] --START--
INFO: Run Behavior\ReadHtmlCacheBehavior [ RunTime:0.000627s ]
INFO: [ app_begin ] --END-- [ RunTime:0.000732s ]
SQL: SHOW COLUMNS FROM `yd_navigation` [ RunTime:0.0014s ]
SQL: SELECT * FROM `yd_navigation` WHERE `is_show` = 1 AND `pid` = 0  [ RunTime:0.0003s ]
SQL: SHOW COLUMNS FROM `yd_system` [ RunTime:0.0008s ]
SQL: SELECT * FROM `yd_system` LIMIT 1   [ RunTime:0.0002s ]
SQL: SHOW COLUMNS FROM `yd_company_info` [ RunTime:0.0011s ]
SQL: SELECT * FROM `yd_company_info` WHERE `com_is_rec` = 1 AND `com_status` = 1 LIMIT 0,8   [ RunTime:0.0006s ]
SQL: SHOW COLUMNS FROM `yd_image` [ RunTime:0.0005s ]
SQL: SELECT `img_id` FROM `yd_image` WHERE `img_storeid` = 606 LIMIT 1   [ RunTime:0.0002s ]
SQL: SELECT `img_id` FROM `yd_image` WHERE `img_storeid` = 607 LIMIT 1   [ RunTime:0.0002s ]
SQL: SELECT `img_id` FROM `yd_image` WHERE `img_storeid` = 622 LIMIT 1   [ RunTime:0.0005s ]
SQL: SELECT `img_id` FROM `yd_image` WHERE `img_storeid` = 617 LIMIT 1   [ RunTime:0.0006s ]
INFO: [ view_parse ] --START--
INFO: [ template_filter ] --START--
INFO: Run Behavior\ContentReplaceBehavior [ RunTime:0.000059s ]
INFO: [ template_filter ] --END-- [ RunTime:0.000152s ]
INFO: Run Behavior\ParseTemplateBehavior [ RunTime:0.009695s ]
INFO: [ view_parse ] --END-- [ RunTime:0.009782s ]
INFO: [ view_filter ] --START--
INFO: Run Behavior\WriteHtmlCacheBehavior [ RunTime:0.000356s ]
INFO: [ view_filter ] --END-- [ RunTime:0.000421s ]
INFO: [ app_end ] --START--
INFO: Run Behavior\ShowPageTraceBehavior [ RunTime:0.000480s ]
INFO: [ app_end ] --END-- [ RunTime:0.000549s ]

