[ 2017-05-16T13:46:38+08:00 ] 119.130.231.197 /upadmin
INFO: [ app_init ] --START--
INFO: Run Behavior\BuildLiteBehavior [ RunTime:0.000014s ]
INFO: [ app_init ] --END-- [ RunTime:0.000391s ]
INFO: [ app_begin ] --START--
INFO: Run Behavior\ReadHtmlCacheBehavior [ RunTime:0.000440s ]
INFO: [ app_begin ] --END-- [ RunTime:0.000488s ]
INFO: [ view_parse ] --START--
INFO: [ template_filter ] --START--
INFO: Run Behavior\ContentReplaceBehavior [ RunTime:0.000055s ]
INFO: [ template_filter ] --END-- [ RunTime:0.000098s ]
INFO: Run Behavior\ParseTemplateBehavior [ RunTime:0.008259s ]
INFO: [ view_parse ] --END-- [ RunTime:0.008304s ]
INFO: [ view_filter ] --START--
INFO: Run Behavior\WriteHtmlCacheBehavior [ RunTime:0.000273s ]
INFO: [ view_filter ] --END-- [ RunTime:0.000307s ]
INFO: [ app_end ] --START--
INFO: Run Behavior\ShowPageTraceBehavior [ RunTime:0.000474s ]
INFO: [ app_end ] --END-- [ RunTime:0.000521s ]

[ 2017-05-16T13:46:38+08:00 ] 119.130.231.197 /upadmin/login/login
INFO: [ app_init ] --START--
INFO: Run Behavior\BuildLiteBehavior [ RunTime:0.000012s ]
INFO: [ app_init ] --END-- [ RunTime:0.000362s ]
INFO: [ app_begin ] --START--
INFO: Run Behavior\ReadHtmlCacheBehavior [ RunTime:0.000469s ]
INFO: [ app_begin ] --END-- [ RunTime:0.000516s ]
INFO: [ view_parse ] --START--
INFO: [ template_filter ] --START--
INFO: Run Behavior\ContentReplaceBehavior [ RunTime:0.000034s ]
INFO: [ template_filter ] --END-- [ RunTime:0.000077s ]
NOTIC: [8] Use of undefined constant yzm - assumed 'yzm' /mnt/web/spectrum/public_html/Application/Runtime/Cache/Upadmin/97280386580f9501793336ede196af79.php 第 45 行.
NOTIC: [8] Use of undefined constant yzm - assumed 'yzm' /mnt/web/spectrum/public_html/Application/Runtime/Cache/Upadmin/97280386580f9501793336ede196af79.php 第 45 行.
INFO: Run Behavior\ParseTemplateBehavior [ RunTime:0.004791s ]
INFO: [ view_parse ] --END-- [ RunTime:0.004830s ]
INFO: [ view_filter ] --START--
INFO: Run Behavior\WriteHtmlCacheBehavior [ RunTime:0.000265s ]
INFO: [ view_filter ] --END-- [ RunTime:0.000301s ]
INFO: [ app_end ] --START--
INFO: Run Behavior\ShowPageTraceBehavior [ RunTime:0.000468s ]
INFO: [ app_end ] --END-- [ RunTime:0.000507s ]

[ 2017-05-16T13:46:38+08:00 ] 119.130.231.197 /Upadmin/Login/yzm.html
INFO: [ app_init ] --START--
INFO: Run Behavior\BuildLiteBehavior [ RunTime:0.000013s ]
INFO: [ app_init ] --END-- [ RunTime:0.000375s ]
INFO: [ app_begin ] --START--
INFO: Run Behavior\ReadHtmlCacheBehavior [ RunTime:0.000463s ]
INFO: [ app_begin ] --END-- [ RunTime:0.000508s ]
INFO: [ app_end ] --START--
INFO: Run Behavior\ShowPageTraceBehavior [ RunTime:0.000494s ]
INFO: [ app_end ] --END-- [ RunTime:0.000545s ]

[ 2017-05-16T13:46:47+08:00 ] 119.130.231.197 /upadmin/login/login
INFO: [ app_init ] --START--
INFO: Run Behavior\BuildLiteBehavior [ RunTime:0.000012s ]
INFO: [ app_init ] --END-- [ RunTime:0.000380s ]
INFO: [ app_begin ] --START--
INFO: Run Behavior\ReadHtmlCacheBehavior [ RunTime:0.000471s ]
INFO: [ app_begin ] --END-- [ RunTime:0.000519s ]
SQL: SHOW COLUMNS FROM `yd_admin` [ RunTime:0.0027s ]
SQL: SELECT * FROM `yd_admin` WHERE `admin` = 'admin' AND `password` = '2efaef77b86d68ef7998de1b4af9d3bb' LIMIT 1   [ RunTime:0.0008s ]
INFO: [ view_parse ] --START--
INFO: [ template_filter ] --START--
INFO: Run Behavior\ContentReplaceBehavior [ RunTime:0.000040s ]
INFO: [ template_filter ] --END-- [ RunTime:0.000085s ]
NOTIC: [8] Use of undefined constant yzm - assumed 'yzm' /mnt/web/spectrum/public_html/Application/Runtime/Cache/Upadmin/97280386580f9501793336ede196af79.php 第 45 行.
NOTIC: [8] Use of undefined constant yzm - assumed 'yzm' /mnt/web/spectrum/public_html/Application/Runtime/Cache/Upadmin/97280386580f9501793336ede196af79.php 第 45 行.
INFO: Run Behavior\ParseTemplateBehavior [ RunTime:0.005029s ]
INFO: [ view_parse ] --END-- [ RunTime:0.005070s ]
INFO: [ view_filter ] --START--
INFO: Run Behavior\WriteHtmlCacheBehavior [ RunTime:0.000267s ]
INFO: [ view_filter ] --END-- [ RunTime:0.000305s ]
INFO: [ app_end ] --START--
INFO: Run Behavior\ShowPageTraceBehavior [ RunTime:0.000513s ]
INFO: [ app_end ] --END-- [ RunTime:0.000555s ]

[ 2017-05-16T13:46:47+08:00 ] 119.130.231.197 /upadmin/index/index
INFO: [ app_init ] --START--
INFO: Run Behavior\BuildLiteBehavior [ RunTime:0.000012s ]
INFO: [ app_init ] --END-- [ RunTime:0.000386s ]
INFO: [ app_begin ] --START--
INFO: Run Behavior\ReadHtmlCacheBehavior [ RunTime:0.000447s ]
INFO: [ app_begin ] --END-- [ RunTime:0.000493s ]
INFO: [ view_parse ] --START--
INFO: [ template_filter ] --START--
INFO: Run Behavior\ContentReplaceBehavior [ RunTime:0.000052s ]
INFO: [ template_filter ] --END-- [ RunTime:0.000096s ]
INFO: Run Behavior\ParseTemplateBehavior [ RunTime:0.008243s ]
INFO: [ view_parse ] --END-- [ RunTime:0.008288s ]
INFO: [ view_filter ] --START--
INFO: Run Behavior\WriteHtmlCacheBehavior [ RunTime:0.000273s ]
INFO: [ view_filter ] --END-- [ RunTime:0.000310s ]
INFO: [ app_end ] --START--
INFO: Run Behavior\ShowPageTraceBehavior [ RunTime:0.000482s ]
INFO: [ app_end ] --END-- [ RunTime:0.000530s ]

[ 2017-05-16T13:46:48+08:00 ] 119.130.231.197 /upadmin/index/favicon.ico
INFO: [ app_init ] --START--
INFO: Run Behavior\BuildLiteBehavior [ RunTime:0.000013s ]
INFO: [ app_init ] --END-- [ RunTime:0.000375s ]

[ 2017-05-16T13:46:59+08:00 ] 119.130.231.197 /Upadmin/User/User_list.html
INFO: [ app_init ] --START--
INFO: Run Behavior\BuildLiteBehavior [ RunTime:0.000014s ]
INFO: [ app_init ] --END-- [ RunTime:0.000408s ]
INFO: [ app_begin ] --START--
INFO: Run Behavior\ReadHtmlCacheBehavior [ RunTime:0.000466s ]
INFO: [ app_begin ] --END-- [ RunTime:0.000514s ]
SQL: SHOW COLUMNS FROM `yd_company_info` [ RunTime:0.0012s ]
SQL: SELECT COUNT(*) AS tp_count FROM `yd_company_info` LIMIT 1   [ RunTime:0.0002s ]
SQL: SELECT `com_id`,`com_storeid`,`com_url`,`com_name`,`com_province`,`com_city`,`com_district`,`com_detailed`,`com_visit`,`com_praise`,`com_time`,`com_is_rec`,`com_status` FROM `yd_company_info` LIMIT 0,10   [ RunTime:0.0002s ]
INFO: [ view_parse ] --START--
INFO: [ template_filter ] --START--
INFO: Run Behavior\ContentReplaceBehavior [ RunTime:0.000081s ]
INFO: [ template_filter ] --END-- [ RunTime:0.000125s ]
NOTIC: [8] Use of undefined constant com_url - assumed 'com_url' /mnt/web/spectrum/public_html/Application/Runtime/Cache/Upadmin/ace4322b73e65b5c5432286c19d0cb18.php 第 164 行.
NOTIC: [8] Use of undefined constant com_url - assumed 'com_url' /mnt/web/spectrum/public_html/Application/Runtime/Cache/Upadmin/ace4322b73e65b5c5432286c19d0cb18.php 第 164 行.
NOTIC: [8] Use of undefined constant com_is_rec - assumed 'com_is_rec' /mnt/web/spectrum/public_html/Application/Runtime/Cache/Upadmin/ace4322b73e65b5c5432286c19d0cb18.php 第 168 行.
NOTIC: [8] Use of undefined constant com_time - assumed 'com_time' /mnt/web/spectrum/public_html/Application/Runtime/Cache/Upadmin/ace4322b73e65b5c5432286c19d0cb18.php 第 172 行.
NOTIC: [8] Use of undefined constant com_url - assumed 'com_url' /mnt/web/spectrum/public_html/Application/Runtime/Cache/Upadmin/ace4322b73e65b5c5432286c19d0cb18.php 第 164 行.
NOTIC: [8] Use of undefined constant com_url - assumed 'com_url' /mnt/web/spectrum/public_html/Application/Runtime/Cache/Upadmin/ace4322b73e65b5c5432286c19d0cb18.php 第 164 行.
NOTIC: [8] Use of undefined constant com_is_rec - assumed 'com_is_rec' /mnt/web/spectrum/public_html/Application/Runtime/Cache/Upadmin/ace4322b73e65b5c5432286c19d0cb18.php 第 168 行.
NOTIC: [8] Use of undefined constant com_time - assumed 'com_time' /mnt/web/spectrum/public_html/Application/Runtime/Cache/Upadmin/ace4322b73e65b5c5432286c19d0cb18.php 第 172 行.
NOTIC: [8] Use of undefined constant com_url - assumed 'com_url' /mnt/web/spectrum/public_html/Application/Runtime/Cache/Upadmin/ace4322b73e65b5c5432286c19d0cb18.php 第 164 行.
NOTIC: [8] Use of undefined constant com_url - assumed 'com_url' /mnt/web/spectrum/public_html/Application/Runtime/Cache/Upadmin/ace4322b73e65b5c5432286c19d0cb18.php 第 164 行.
NOTIC: [8] Use of undefined constant com_is_rec - assumed 'com_is_rec' /mnt/web/spectrum/public_html/Application/Runtime/Cache/Upadmin/ace4322b73e65b5c5432286c19d0cb18.php 第 168 行.
NOTIC: [8] Use of undefined constant com_time - assumed 'com_time' /mnt/web/spectrum/public_html/Application/Runtime/Cache/Upadmin/ace4322b73e65b5c5432286c19d0cb18.php 第 172 行.
NOTIC: [8] Use of undefined constant com_url - assumed 'com_url' /mnt/web/spectrum/public_html/Application/Runtime/Cache/Upadmin/ace4322b73e65b5c5432286c19d0cb18.php 第 164 行.
NOTIC: [8] Use of undefined constant com_url - assumed 'com_url' /mnt/web/spectrum/public_html/Application/Runtime/Cache/Upadmin/ace4322b73e65b5c5432286c19d0cb18.php 第 164 行.
NOTIC: [8] Use of undefined constant com_is_rec - assumed 'com_is_rec' /mnt/web/spectrum/public_html/Application/Runtime/Cache/Upadmin/ace4322b73e65b5c5432286c19d0cb18.php 第 168 行.
NOTIC: [8] Use of undefined constant com_time - assumed 'com_time' /mnt/web/spectrum/public_html/Application/Runtime/Cache/Upadmin/ace4322b73e65b5c5432286c19d0cb18.php 第 172 行.
INFO: Run Behavior\ParseTemplateBehavior [ RunTime:0.010801s ]
INFO: [ view_parse ] --END-- [ RunTime:0.010840s ]
INFO: [ view_filter ] --START--
INFO: Run Behavior\WriteHtmlCacheBehavior [ RunTime:0.000266s ]
INFO: [ view_filter ] --END-- [ RunTime:0.000303s ]
INFO: [ app_end ] --START--
INFO: Run Behavior\ShowPageTraceBehavior [ RunTime:0.000505s ]
INFO: [ app_end ] --END-- [ RunTime:0.000551s ]

[ 2017-05-16T13:46:59+08:00 ] 119.130.231.197 /Upadmin/User/favicon.ico
INFO: [ app_init ] --START--
INFO: Run Behavior\BuildLiteBehavior [ RunTime:0.000013s ]
INFO: [ app_init ] --END-- [ RunTime:0.000393s ]

[ 2017-05-16T13:46:59+08:00 ] 119.130.231.197 /Upadmin/User/audit_list.html
INFO: [ app_init ] --START--
INFO: Run Behavior\BuildLiteBehavior [ RunTime:0.000013s ]
INFO: [ app_init ] --END-- [ RunTime:0.000376s ]
INFO: [ app_begin ] --START--
INFO: Run Behavior\ReadHtmlCacheBehavior [ RunTime:0.000460s ]
INFO: [ app_begin ] --END-- [ RunTime:0.000506s ]
SQL: SHOW COLUMNS FROM `yd_audit` [ RunTime:0.0013s ]
SQL: SELECT COUNT(*) AS tp_count FROM `yd_audit` LIMIT 1   [ RunTime:0.0002s ]
SQL: SELECT * FROM `yd_audit` ORDER BY addtime desc LIMIT 0,10   [ RunTime:0.0002s ]
INFO: [ view_parse ] --START--
INFO: [ template_filter ] --START--
INFO: Run Behavior\ContentReplaceBehavior [ RunTime:0.000055s ]
INFO: [ template_filter ] --END-- [ RunTime:0.000095s ]
INFO: Run Behavior\ParseTemplateBehavior [ RunTime:0.008734s ]
INFO: [ view_parse ] --END-- [ RunTime:0.008776s ]
INFO: [ view_filter ] --START--
INFO: Run Behavior\WriteHtmlCacheBehavior [ RunTime:0.000260s ]
INFO: [ view_filter ] --END-- [ RunTime:0.000298s ]
INFO: [ app_end ] --START--
INFO: Run Behavior\ShowPageTraceBehavior [ RunTime:0.000487s ]
INFO: [ app_end ] --END-- [ RunTime:0.000533s ]

[ 2017-05-16T13:47:01+08:00 ] 119.130.231.197 /Upadmin/User/User_list.html
INFO: [ app_init ] --START--
INFO: Run Behavior\BuildLiteBehavior [ RunTime:0.000013s ]
INFO: [ app_init ] --END-- [ RunTime:0.000411s ]
INFO: [ app_begin ] --START--
INFO: Run Behavior\ReadHtmlCacheBehavior [ RunTime:0.000446s ]
INFO: [ app_begin ] --END-- [ RunTime:0.000491s ]
SQL: SHOW COLUMNS FROM `yd_company_info` [ RunTime:0.0011s ]
SQL: SELECT COUNT(*) AS tp_count FROM `yd_company_info` LIMIT 1   [ RunTime:0.0002s ]
SQL: SELECT `com_id`,`com_storeid`,`com_url`,`com_name`,`com_province`,`com_city`,`com_district`,`com_detailed`,`com_visit`,`com_praise`,`com_time`,`com_is_rec`,`com_status` FROM `yd_company_info` LIMIT 0,10   [ RunTime:0.0002s ]
INFO: [ view_parse ] --START--
INFO: [ template_filter ] --START--
INFO: Run Behavior\ContentReplaceBehavior [ RunTime:0.000074s ]
INFO: [ template_filter ] --END-- [ RunTime:0.000116s ]
NOTIC: [8] Use of undefined constant com_url - assumed 'com_url' /mnt/web/spectrum/public_html/Application/Runtime/Cache/Upadmin/ace4322b73e65b5c5432286c19d0cb18.php 第 164 行.
NOTIC: [8] Use of undefined constant com_url - assumed 'com_url' /mnt/web/spectrum/public_html/Application/Runtime/Cache/Upadmin/ace4322b73e65b5c5432286c19d0cb18.php 第 164 行.
NOTIC: [8] Use of undefined constant com_is_rec - assumed 'com_is_rec' /mnt/web/spectrum/public_html/Application/Runtime/Cache/Upadmin/ace4322b73e65b5c5432286c19d0cb18.php 第 168 行.
NOTIC: [8] Use of undefined constant com_time - assumed 'com_time' /mnt/web/spectrum/public_html/Application/Runtime/Cache/Upadmin/ace4322b73e65b5c5432286c19d0cb18.php 第 172 行.
NOTIC: [8] Use of undefined constant com_url - assumed 'com_url' /mnt/web/spectrum/public_html/Application/Runtime/Cache/Upadmin/ace4322b73e65b5c5432286c19d0cb18.php 第 164 行.
NOTIC: [8] Use of undefined constant com_url - assumed 'com_url' /mnt/web/spectrum/public_html/Application/Runtime/Cache/Upadmin/ace4322b73e65b5c5432286c19d0cb18.php 第 164 行.
NOTIC: [8] Use of undefined constant com_is_rec - assumed 'com_is_rec' /mnt/web/spectrum/public_html/Application/Runtime/Cache/Upadmin/ace4322b73e65b5c5432286c19d0cb18.php 第 168 行.
NOTIC: [8] Use of undefined constant com_time - assumed 'com_time' /mnt/web/spectrum/public_html/Application/Runtime/Cache/Upadmin/ace4322b73e65b5c5432286c19d0cb18.php 第 172 行.
NOTIC: [8] Use of undefined constant com_url - assumed 'com_url' /mnt/web/spectrum/public_html/Application/Runtime/Cache/Upadmin/ace4322b73e65b5c5432286c19d0cb18.php 第 164 行.
NOTIC: [8] Use of undefined constant com_url - assumed 'com_url' /mnt/web/spectrum/public_html/Application/Runtime/Cache/Upadmin/ace4322b73e65b5c5432286c19d0cb18.php 第 164 行.
NOTIC: [8] Use of undefined constant com_is_rec - assumed 'com_is_rec' /mnt/web/spectrum/public_html/Application/Runtime/Cache/Upadmin/ace4322b73e65b5c5432286c19d0cb18.php 第 168 行.
NOTIC: [8] Use of undefined constant com_time - assumed 'com_time' /mnt/web/spectrum/public_html/Application/Runtime/Cache/Upadmin/ace4322b73e65b5c5432286c19d0cb18.php 第 172 行.
NOTIC: [8] Use of undefined constant com_url - assumed 'com_url' /mnt/web/spectrum/public_html/Application/Runtime/Cache/Upadmin/ace4322b73e65b5c5432286c19d0cb18.php 第 164 行.
NOTIC: [8] Use of undefined constant com_url - assumed 'com_url' /mnt/web/spectrum/public_html/Application/Runtime/Cache/Upadmin/ace4322b73e65b5c5432286c19d0cb18.php 第 164 行.
NOTIC: [8] Use of undefined constant com_is_rec - assumed 'com_is_rec' /mnt/web/spectrum/public_html/Application/Runtime/Cache/Upadmin/ace4322b73e65b5c5432286c19d0cb18.php 第 168 行.
NOTIC: [8] Use of undefined constant com_time - assumed 'com_time' /mnt/web/spectrum/public_html/Application/Runtime/Cache/Upadmin/ace4322b73e65b5c5432286c19d0cb18.php 第 172 行.
INFO: Run Behavior\ParseTemplateBehavior [ RunTime:0.010619s ]
INFO: [ view_parse ] --END-- [ RunTime:0.010659s ]
INFO: [ view_filter ] --START--
INFO: Run Behavior\WriteHtmlCacheBehavior [ RunTime:0.000260s ]
INFO: [ view_filter ] --END-- [ RunTime:0.000321s ]
INFO: [ app_end ] --START--
INFO: Run Behavior\ShowPageTraceBehavior [ RunTime:0.000455s ]
INFO: [ app_end ] --END-- [ RunTime:0.000498s ]

[ 2017-05-16T13:48:24+08:00 ] 119.130.231.197 /Upadmin/user/shenhe.html?com_id=64
INFO: [ app_init ] --START--
INFO: Run Behavior\BuildLiteBehavior [ RunTime:0.000027s ]
INFO: [ app_init ] --END-- [ RunTime:0.000409s ]
INFO: [ app_begin ] --START--
INFO: Run Behavior\ReadHtmlCacheBehavior [ RunTime:0.000467s ]
INFO: [ app_begin ] --END-- [ RunTime:0.000513s ]
SQL: SHOW COLUMNS FROM `yd_company_info` [ RunTime:0.0012s ]
SQL: SELECT * FROM `yd_company_info` WHERE `com_id` = 64 LIMIT 1   [ RunTime:0.0002s ]
INFO: [ view_parse ] --START--
INFO: [ template_filter ] --START--
INFO: Run Behavior\ContentReplaceBehavior [ RunTime:0.000091s ]
INFO: [ template_filter ] --END-- [ RunTime:0.000133s ]
NOTIC: [8] Use of undefined constant com_storeid - assumed 'com_storeid' /mnt/web/spectrum/public_html/Application/Runtime/Cache/Upadmin/dc9d82e26535551d543ca5ab49e75b71.php 第 482 行.
INFO: Run Behavior\ParseTemplateBehavior [ RunTime:0.011405s ]
INFO: [ view_parse ] --END-- [ RunTime:0.011443s ]
INFO: [ view_filter ] --START--
INFO: Run Behavior\WriteHtmlCacheBehavior [ RunTime:0.000272s ]
INFO: [ view_filter ] --END-- [ RunTime:0.000308s ]
INFO: [ app_end ] --START--
INFO: Run Behavior\ShowPageTraceBehavior [ RunTime:0.000471s ]
INFO: [ app_end ] --END-- [ RunTime:0.000517s ]

[ 2017-05-16T13:48:24+08:00 ] 119.130.231.197 /Upadmin/User/ajax_img
INFO: [ app_init ] --START--
INFO: Run Behavior\BuildLiteBehavior [ RunTime:0.000014s ]
INFO: [ app_init ] --END-- [ RunTime:0.000404s ]
INFO: [ app_begin ] --START--
INFO: Run Behavior\ReadHtmlCacheBehavior [ RunTime:0.000458s ]
INFO: [ app_begin ] --END-- [ RunTime:0.000502s ]
SQL: SHOW COLUMNS FROM `yd_image` [ RunTime:0.0011s ]
SQL: SELECT * FROM `yd_image` WHERE `img_storeid` = 606  [ RunTime:0.0002s ]

[ 2017-05-16T13:48:24+08:00 ] 119.130.231.197 /Upadmin/user/favicon.ico
INFO: [ app_init ] --START--
INFO: Run Behavior\BuildLiteBehavior [ RunTime:0.000012s ]
INFO: [ app_init ] --END-- [ RunTime:0.000381s ]

[ 2017-05-16T13:48:28+08:00 ] 119.130.231.197 /Upadmin/User/audit
INFO: [ app_init ] --START--
INFO: Run Behavior\BuildLiteBehavior [ RunTime:0.000013s ]
INFO: [ app_init ] --END-- [ RunTime:0.000375s ]
INFO: [ app_begin ] --START--
INFO: Run Behavior\ReadHtmlCacheBehavior [ RunTime:0.000453s ]
INFO: [ app_begin ] --END-- [ RunTime:0.000497s ]
SQL: SHOW COLUMNS FROM `yd_audit` [ RunTime:0.0011s ]
SQL: INSERT INTO `yd_audit` (`name`,`beizhu`,`status`,`com_id`,`addtime`) VALUES ('admin','','1','64','1494913708') [ RunTime:0.0044s ]
SQL: SHOW COLUMNS FROM `yd_company_info` [ RunTime:0.0009s ]
SQL: UPDATE `yd_company_info` SET `com_status`='1' WHERE `com_id` = 64 [ RunTime:0.0046s ]

[ 2017-05-16T13:48:30+08:00 ] 119.130.231.197 /Upadmin/User/User_list
INFO: [ app_init ] --START--
INFO: Run Behavior\BuildLiteBehavior [ RunTime:0.000012s ]
INFO: [ app_init ] --END-- [ RunTime:0.000377s ]
INFO: [ app_begin ] --START--
INFO: Run Behavior\ReadHtmlCacheBehavior [ RunTime:0.000455s ]
INFO: [ app_begin ] --END-- [ RunTime:0.000501s ]
SQL: SHOW COLUMNS FROM `yd_company_info` [ RunTime:0.0012s ]
SQL: SELECT COUNT(*) AS tp_count FROM `yd_company_info` LIMIT 1   [ RunTime:0.0002s ]
SQL: SELECT `com_id`,`com_storeid`,`com_url`,`com_name`,`com_province`,`com_city`,`com_district`,`com_detailed`,`com_visit`,`com_praise`,`com_time`,`com_is_rec`,`com_status` FROM `yd_company_info` LIMIT 0,10   [ RunTime:0.0002s ]
INFO: [ view_parse ] --START--
INFO: [ template_filter ] --START--
INFO: Run Behavior\ContentReplaceBehavior [ RunTime:0.000072s ]
INFO: [ template_filter ] --END-- [ RunTime:0.000115s ]
NOTIC: [8] Use of undefined constant com_url - assumed 'com_url' /mnt/web/spectrum/public_html/Application/Runtime/Cache/Upadmin/ace4322b73e65b5c5432286c19d0cb18.php 第 164 行.
NOTIC: [8] Use of undefined constant com_url - assumed 'com_url' /mnt/web/spectrum/public_html/Application/Runtime/Cache/Upadmin/ace4322b73e65b5c5432286c19d0cb18.php 第 164 行.
NOTIC: [8] Use of undefined constant com_is_rec - assumed 'com_is_rec' /mnt/web/spectrum/public_html/Application/Runtime/Cache/Upadmin/ace4322b73e65b5c5432286c19d0cb18.php 第 168 行.
NOTIC: [8] Use of undefined constant com_time - assumed 'com_time' /mnt/web/spectrum/public_html/Application/Runtime/Cache/Upadmin/ace4322b73e65b5c5432286c19d0cb18.php 第 172 行.
NOTIC: [8] Use of undefined constant com_url - assumed 'com_url' /mnt/web/spectrum/public_html/Application/Runtime/Cache/Upadmin/ace4322b73e65b5c5432286c19d0cb18.php 第 164 行.
NOTIC: [8] Use of undefined constant com_url - assumed 'com_url' /mnt/web/spectrum/public_html/Application/Runtime/Cache/Upadmin/ace4322b73e65b5c5432286c19d0cb18.php 第 164 行.
NOTIC: [8] Use of undefined constant com_is_rec - assumed 'com_is_rec' /mnt/web/spectrum/public_html/Application/Runtime/Cache/Upadmin/ace4322b73e65b5c5432286c19d0cb18.php 第 168 行.
NOTIC: [8] Use of undefined constant com_time - assumed 'com_time' /mnt/web/spectrum/public_html/Application/Runtime/Cache/Upadmin/ace4322b73e65b5c5432286c19d0cb18.php 第 172 行.
NOTIC: [8] Use of undefined constant com_url - assumed 'com_url' /mnt/web/spectrum/public_html/Application/Runtime/Cache/Upadmin/ace4322b73e65b5c5432286c19d0cb18.php 第 164 行.
NOTIC: [8] Use of undefined constant com_url - assumed 'com_url' /mnt/web/spectrum/public_html/Application/Runtime/Cache/Upadmin/ace4322b73e65b5c5432286c19d0cb18.php 第 164 行.
NOTIC: [8] Use of undefined constant com_is_rec - assumed 'com_is_rec' /mnt/web/spectrum/public_html/Application/Runtime/Cache/Upadmin/ace4322b73e65b5c5432286c19d0cb18.php 第 168 行.
NOTIC: [8] Use of undefined constant com_time - assumed 'com_time' /mnt/web/spectrum/public_html/Application/Runtime/Cache/Upadmin/ace4322b73e65b5c5432286c19d0cb18.php 第 172 行.
NOTIC: [8] Use of undefined constant com_url - assumed 'com_url' /mnt/web/spectrum/public_html/Application/Runtime/Cache/Upadmin/ace4322b73e65b5c5432286c19d0cb18.php 第 164 行.
NOTIC: [8] Use of undefined constant com_url - assumed 'com_url' /mnt/web/spectrum/public_html/Application/Runtime/Cache/Upadmin/ace4322b73e65b5c5432286c19d0cb18.php 第 164 行.
NOTIC: [8] Use of undefined constant com_is_rec - assumed 'com_is_rec' /mnt/web/spectrum/public_html/Application/Runtime/Cache/Upadmin/ace4322b73e65b5c5432286c19d0cb18.php 第 168 行.
NOTIC: [8] Use of undefined constant com_time - assumed 'com_time' /mnt/web/spectrum/public_html/Application/Runtime/Cache/Upadmin/ace4322b73e65b5c5432286c19d0cb18.php 第 172 行.
INFO: Run Behavior\ParseTemplateBehavior [ RunTime:0.010738s ]
INFO: [ view_parse ] --END-- [ RunTime:0.010776s ]
INFO: [ view_filter ] --START--
INFO: Run Behavior\WriteHtmlCacheBehavior [ RunTime:0.000271s ]
INFO: [ view_filter ] --END-- [ RunTime:0.000308s ]
INFO: [ app_end ] --START--
INFO: Run Behavior\ShowPageTraceBehavior [ RunTime:0.000469s ]
INFO: [ app_end ] --END-- [ RunTime:0.000514s ]

[ 2017-05-16T14:05:05+08:00 ] 119.130.231.197 /Upadmin/User/User_list
INFO: [ app_init ] --START--
INFO: Run Behavior\BuildLiteBehavior [ RunTime:0.000013s ]
INFO: [ app_init ] --END-- [ RunTime:0.000383s ]
INFO: [ app_begin ] --START--
INFO: Run Behavior\ReadHtmlCacheBehavior [ RunTime:0.000460s ]
INFO: [ app_begin ] --END-- [ RunTime:0.000507s ]
SQL: SHOW COLUMNS FROM `yd_company_info` [ RunTime:0.0012s ]
SQL: SELECT COUNT(*) AS tp_count FROM `yd_company_info` LIMIT 1   [ RunTime:0.0002s ]
SQL: SELECT `com_id`,`com_storeid`,`com_url`,`com_name`,`com_province`,`com_city`,`com_district`,`com_detailed`,`com_visit`,`com_praise`,`com_time`,`com_is_rec`,`com_status` FROM `yd_company_info` LIMIT 0,10   [ RunTime:0.0002s ]
INFO: [ view_parse ] --START--
INFO: [ template_filter ] --START--
INFO: Run Behavior\ContentReplaceBehavior [ RunTime:0.000070s ]
INFO: [ template_filter ] --END-- [ RunTime:0.000113s ]
NOTIC: [8] Use of undefined constant com_url - assumed 'com_url' /mnt/web/spectrum/public_html/Application/Runtime/Cache/Upadmin/ace4322b73e65b5c5432286c19d0cb18.php 第 164 行.
NOTIC: [8] Use of undefined constant com_url - assumed 'com_url' /mnt/web/spectrum/public_html/Application/Runtime/Cache/Upadmin/ace4322b73e65b5c5432286c19d0cb18.php 第 164 行.
NOTIC: [8] Use of undefined constant com_is_rec - assumed 'com_is_rec' /mnt/web/spectrum/public_html/Application/Runtime/Cache/Upadmin/ace4322b73e65b5c5432286c19d0cb18.php 第 168 行.
NOTIC: [8] Use of undefined constant com_time - assumed 'com_time' /mnt/web/spectrum/public_html/Application/Runtime/Cache/Upadmin/ace4322b73e65b5c5432286c19d0cb18.php 第 172 行.
NOTIC: [8] Use of undefined constant com_url - assumed 'com_url' /mnt/web/spectrum/public_html/Application/Runtime/Cache/Upadmin/ace4322b73e65b5c5432286c19d0cb18.php 第 164 行.
NOTIC: [8] Use of undefined constant com_url - assumed 'com_url' /mnt/web/spectrum/public_html/Application/Runtime/Cache/Upadmin/ace4322b73e65b5c5432286c19d0cb18.php 第 164 行.
NOTIC: [8] Use of undefined constant com_is_rec - assumed 'com_is_rec' /mnt/web/spectrum/public_html/Application/Runtime/Cache/Upadmin/ace4322b73e65b5c5432286c19d0cb18.php 第 168 行.
NOTIC: [8] Use of undefined constant com_time - assumed 'com_time' /mnt/web/spectrum/public_html/Application/Runtime/Cache/Upadmin/ace4322b73e65b5c5432286c19d0cb18.php 第 172 行.
NOTIC: [8] Use of undefined constant com_url - assumed 'com_url' /mnt/web/spectrum/public_html/Application/Runtime/Cache/Upadmin/ace4322b73e65b5c5432286c19d0cb18.php 第 164 行.
NOTIC: [8] Use of undefined constant com_url - assumed 'com_url' /mnt/web/spectrum/public_html/Application/Runtime/Cache/Upadmin/ace4322b73e65b5c5432286c19d0cb18.php 第 164 行.
NOTIC: [8] Use of undefined constant com_is_rec - assumed 'com_is_rec' /mnt/web/spectrum/public_html/Application/Runtime/Cache/Upadmin/ace4322b73e65b5c5432286c19d0cb18.php 第 168 行.
NOTIC: [8] Use of undefined constant com_time - assumed 'com_time' /mnt/web/spectrum/public_html/Application/Runtime/Cache/Upadmin/ace4322b73e65b5c5432286c19d0cb18.php 第 172 行.
NOTIC: [8] Use of undefined constant com_url - assumed 'com_url' /mnt/web/spectrum/public_html/Application/Runtime/Cache/Upadmin/ace4322b73e65b5c5432286c19d0cb18.php 第 164 行.
NOTIC: [8] Use of undefined constant com_url - assumed 'com_url' /mnt/web/spectrum/public_html/Application/Runtime/Cache/Upadmin/ace4322b73e65b5c5432286c19d0cb18.php 第 164 行.
NOTIC: [8] Use of undefined constant com_is_rec - assumed 'com_is_rec' /mnt/web/spectrum/public_html/Application/Runtime/Cache/Upadmin/ace4322b73e65b5c5432286c19d0cb18.php 第 168 行.
NOTIC: [8] Use of undefined constant com_time - assumed 'com_time' /mnt/web/spectrum/public_html/Application/Runtime/Cache/Upadmin/ace4322b73e65b5c5432286c19d0cb18.php 第 172 行.
INFO: Run Behavior\ParseTemplateBehavior [ RunTime:0.013968s ]
INFO: [ view_parse ] --END-- [ RunTime:0.014009s ]
INFO: [ view_filter ] --START--
INFO: Run Behavior\WriteHtmlCacheBehavior [ RunTime:0.000320s ]
INFO: [ view_filter ] --END-- [ RunTime:0.000360s ]
INFO: [ app_end ] --START--
INFO: Run Behavior\ShowPageTraceBehavior [ RunTime:0.000484s ]
INFO: [ app_end ] --END-- [ RunTime:0.000534s ]

[ 2017-05-16T14:05:07+08:00 ] 119.130.231.197 /Upadmin/user/shenhe.html?com_id=64
INFO: [ app_init ] --START--
INFO: Run Behavior\BuildLiteBehavior [ RunTime:0.000027s ]
INFO: [ app_init ] --END-- [ RunTime:0.000394s ]
INFO: [ app_begin ] --START--
INFO: Run Behavior\ReadHtmlCacheBehavior [ RunTime:0.000463s ]
INFO: [ app_begin ] --END-- [ RunTime:0.000510s ]
SQL: SHOW COLUMNS FROM `yd_company_info` [ RunTime:0.0012s ]
SQL: SELECT * FROM `yd_company_info` WHERE `com_id` = 64 LIMIT 1   [ RunTime:0.0003s ]
INFO: [ view_parse ] --START--
INFO: [ template_filter ] --START--
INFO: Run Behavior\ContentReplaceBehavior [ RunTime:0.000098s ]
INFO: [ template_filter ] --END-- [ RunTime:0.000150s ]
NOTIC: [8] Use of undefined constant com_storeid - assumed 'com_storeid' /mnt/web/spectrum/public_html/Application/Runtime/Cache/Upadmin/dc9d82e26535551d543ca5ab49e75b71.php 第 482 行.
INFO: Run Behavior\ParseTemplateBehavior [ RunTime:0.011727s ]
INFO: [ view_parse ] --END-- [ RunTime:0.011766s ]
INFO: [ view_filter ] --START--
INFO: Run Behavior\WriteHtmlCacheBehavior [ RunTime:0.000276s ]
INFO: [ view_filter ] --END-- [ RunTime:0.000313s ]
INFO: [ app_end ] --START--
INFO: Run Behavior\ShowPageTraceBehavior [ RunTime:0.000497s ]
INFO: [ app_end ] --END-- [ RunTime:0.000544s ]

[ 2017-05-16T14:05:07+08:00 ] 119.130.231.197 /Upadmin/User/ajax_img
INFO: [ app_init ] --START--
INFO: Run Behavior\BuildLiteBehavior [ RunTime:0.000013s ]
INFO: [ app_init ] --END-- [ RunTime:0.000382s ]
INFO: [ app_begin ] --START--
INFO: Run Behavior\ReadHtmlCacheBehavior [ RunTime:0.000458s ]
INFO: [ app_begin ] --END-- [ RunTime:0.000503s ]
SQL: SHOW COLUMNS FROM `yd_image` [ RunTime:0.0011s ]
SQL: SELECT * FROM `yd_image` WHERE `img_storeid` = 606  [ RunTime:0.0002s ]

[ 2017-05-16T14:05:12+08:00 ] 119.130.231.197 /Upadmin/User/audit
INFO: [ app_init ] --START--
INFO: Run Behavior\BuildLiteBehavior [ RunTime:0.000013s ]
INFO: [ app_init ] --END-- [ RunTime:0.000381s ]
INFO: [ app_begin ] --START--
INFO: Run Behavior\ReadHtmlCacheBehavior [ RunTime:0.000460s ]
INFO: [ app_begin ] --END-- [ RunTime:0.000505s ]
SQL: SHOW COLUMNS FROM `yd_audit` [ RunTime:0.0011s ]
SQL: INSERT INTO `yd_audit` (`name`,`beizhu`,`status`,`com_id`,`addtime`) VALUES ('admin','','1','64','1494914712') [ RunTime:0.0044s ]
SQL: SHOW COLUMNS FROM `yd_company_info` [ RunTime:0.0012s ]
SQL: UPDATE `yd_company_info` SET `com_status`='1' WHERE `com_id` = 64 [ RunTime:0.0036s ]

[ 2017-05-16T14:05:14+08:00 ] 119.130.231.197 /Upadmin/User/User_list
INFO: [ app_init ] --START--
INFO: Run Behavior\BuildLiteBehavior [ RunTime:0.000014s ]
INFO: [ app_init ] --END-- [ RunTime:0.000385s ]
INFO: [ app_begin ] --START--
INFO: Run Behavior\ReadHtmlCacheBehavior [ RunTime:0.000465s ]
INFO: [ app_begin ] --END-- [ RunTime:0.000514s ]
SQL: SHOW COLUMNS FROM `yd_company_info` [ RunTime:0.0012s ]
SQL: SELECT COUNT(*) AS tp_count FROM `yd_company_info` LIMIT 1   [ RunTime:0.0002s ]
SQL: SELECT `com_id`,`com_storeid`,`com_url`,`com_name`,`com_province`,`com_city`,`com_district`,`com_detailed`,`com_visit`,`com_praise`,`com_time`,`com_is_rec`,`com_status` FROM `yd_company_info` LIMIT 0,10   [ RunTime:0.0002s ]
INFO: [ view_parse ] --START--
INFO: [ template_filter ] --START--
INFO: Run Behavior\ContentReplaceBehavior [ RunTime:0.000066s ]
INFO: [ template_filter ] --END-- [ RunTime:0.000109s ]
NOTIC: [8] Use of undefined constant com_url - assumed 'com_url' /mnt/web/spectrum/public_html/Application/Runtime/Cache/Upadmin/ace4322b73e65b5c5432286c19d0cb18.php 第 164 行.
NOTIC: [8] Use of undefined constant com_url - assumed 'com_url' /mnt/web/spectrum/public_html/Application/Runtime/Cache/Upadmin/ace4322b73e65b5c5432286c19d0cb18.php 第 164 行.
NOTIC: [8] Use of undefined constant com_is_rec - assumed 'com_is_rec' /mnt/web/spectrum/public_html/Application/Runtime/Cache/Upadmin/ace4322b73e65b5c5432286c19d0cb18.php 第 168 行.
NOTIC: [8] Use of undefined constant com_time - assumed 'com_time' /mnt/web/spectrum/public_html/Application/Runtime/Cache/Upadmin/ace4322b73e65b5c5432286c19d0cb18.php 第 172 行.
NOTIC: [8] Use of undefined constant com_url - assumed 'com_url' /mnt/web/spectrum/public_html/Application/Runtime/Cache/Upadmin/ace4322b73e65b5c5432286c19d0cb18.php 第 164 行.
NOTIC: [8] Use of undefined constant com_url - assumed 'com_url' /mnt/web/spectrum/public_html/Application/Runtime/Cache/Upadmin/ace4322b73e65b5c5432286c19d0cb18.php 第 164 行.
NOTIC: [8] Use of undefined constant com_is_rec - assumed 'com_is_rec' /mnt/web/spectrum/public_html/Application/Runtime/Cache/Upadmin/ace4322b73e65b5c5432286c19d0cb18.php 第 168 行.
NOTIC: [8] Use of undefined constant com_time - assumed 'com_time' /mnt/web/spectrum/public_html/Application/Runtime/Cache/Upadmin/ace4322b73e65b5c5432286c19d0cb18.php 第 172 行.
NOTIC: [8] Use of undefined constant com_url - assumed 'com_url' /mnt/web/spectrum/public_html/Application/Runtime/Cache/Upadmin/ace4322b73e65b5c5432286c19d0cb18.php 第 164 行.
NOTIC: [8] Use of undefined constant com_url - assumed 'com_url' /mnt/web/spectrum/public_html/Application/Runtime/Cache/Upadmin/ace4322b73e65b5c5432286c19d0cb18.php 第 164 行.
NOTIC: [8] Use of undefined constant com_is_rec - assumed 'com_is_rec' /mnt/web/spectrum/public_html/Application/Runtime/Cache/Upadmin/ace4322b73e65b5c5432286c19d0cb18.php 第 168 行.
NOTIC: [8] Use of undefined constant com_time - assumed 'com_time' /mnt/web/spectrum/public_html/Application/Runtime/Cache/Upadmin/ace4322b73e65b5c5432286c19d0cb18.php 第 172 行.
NOTIC: [8] Use of undefined constant com_url - assumed 'com_url' /mnt/web/spectrum/public_html/Application/Runtime/Cache/Upadmin/ace4322b73e65b5c5432286c19d0cb18.php 第 164 行.
NOTIC: [8] Use of undefined constant com_url - assumed 'com_url' /mnt/web/spectrum/public_html/Application/Runtime/Cache/Upadmin/ace4322b73e65b5c5432286c19d0cb18.php 第 164 行.
NOTIC: [8] Use of undefined constant com_is_rec - assumed 'com_is_rec' /mnt/web/spectrum/public_html/Application/Runtime/Cache/Upadmin/ace4322b73e65b5c5432286c19d0cb18.php 第 168 行.
NOTIC: [8] Use of undefined constant com_time - assumed 'com_time' /mnt/web/spectrum/public_html/Application/Runtime/Cache/Upadmin/ace4322b73e65b5c5432286c19d0cb18.php 第 172 行.
INFO: Run Behavior\ParseTemplateBehavior [ RunTime:0.010554s ]
INFO: [ view_parse ] --END-- [ RunTime:0.010592s ]
INFO: [ view_filter ] --START--
INFO: Run Behavior\WriteHtmlCacheBehavior [ RunTime:0.000262s ]
INFO: [ view_filter ] --END-- [ RunTime:0.000307s ]
INFO: [ app_end ] --START--
INFO: Run Behavior\ShowPageTraceBehavior [ RunTime:0.000470s ]
INFO: [ app_end ] --END-- [ RunTime:0.000514s ]

[ 2017-05-16T16:21:12+08:00 ] 119.130.231.197 /Upadmin/user/shenhe.html?com_id=73
INFO: [ app_init ] --START--
INFO: Run Behavior\BuildLiteBehavior [ RunTime:0.000013s ]
INFO: [ app_init ] --END-- [ RunTime:0.000374s ]
INFO: [ app_begin ] --START--
INFO: Run Behavior\ReadHtmlCacheBehavior [ RunTime:0.000451s ]
INFO: [ app_begin ] --END-- [ RunTime:0.000499s ]
SQL: SHOW COLUMNS FROM `yd_company_info` [ RunTime:0.0011s ]
SQL: SELECT * FROM `yd_company_info` WHERE `com_id` = 73 LIMIT 1   [ RunTime:0.0002s ]
INFO: [ view_parse ] --START--
INFO: [ template_filter ] --START--
INFO: Run Behavior\ContentReplaceBehavior [ RunTime:0.000094s ]
INFO: [ template_filter ] --END-- [ RunTime:0.000138s ]
NOTIC: [8] Use of undefined constant com_storeid - assumed 'com_storeid' /mnt/web/spectrum/public_html/Application/Runtime/Cache/Upadmin/dc9d82e26535551d543ca5ab49e75b71.php 第 482 行.
INFO: Run Behavior\ParseTemplateBehavior [ RunTime:0.011659s ]
INFO: [ view_parse ] --END-- [ RunTime:0.011697s ]
INFO: [ view_filter ] --START--
INFO: Run Behavior\WriteHtmlCacheBehavior [ RunTime:0.000265s ]
INFO: [ view_filter ] --END-- [ RunTime:0.000303s ]
INFO: [ app_end ] --START--
INFO: Run Behavior\ShowPageTraceBehavior [ RunTime:0.000510s ]
INFO: [ app_end ] --END-- [ RunTime:0.000556s ]

[ 2017-05-16T16:21:12+08:00 ] 119.130.231.197 /Upadmin/User/ajax_img
INFO: [ app_init ] --START--
INFO: Run Behavior\BuildLiteBehavior [ RunTime:0.000012s ]
INFO: [ app_init ] --END-- [ RunTime:0.000362s ]
INFO: [ app_begin ] --START--
INFO: Run Behavior\ReadHtmlCacheBehavior [ RunTime:0.000460s ]
INFO: [ app_begin ] --END-- [ RunTime:0.000504s ]
SQL: SHOW COLUMNS FROM `yd_image` [ RunTime:0.0008s ]
SQL: SELECT * FROM `yd_image` WHERE `img_storeid` = 617  [ RunTime:0.0001s ]
NOTIC: [8] Undefined variable: res /mnt/web/spectrum/public_html/Application/Upadmin/Controller/UserController.class.php 第 98 行.

[ 2017-05-16T16:28:16+08:00 ] 119.130.231.197 /Upadmin/User/User_list.html
INFO: [ app_init ] --START--
INFO: Run Behavior\BuildLiteBehavior [ RunTime:0.000012s ]
INFO: [ app_init ] --END-- [ RunTime:0.000391s ]
INFO: [ app_begin ] --START--
INFO: Run Behavior\ReadHtmlCacheBehavior [ RunTime:0.000452s ]
INFO: [ app_begin ] --END-- [ RunTime:0.000498s ]
SQL: SHOW COLUMNS FROM `yd_company_info` [ RunTime:0.0012s ]
SQL: SELECT COUNT(*) AS tp_count FROM `yd_company_info` LIMIT 1   [ RunTime:0.0002s ]
SQL: SELECT `com_id`,`com_storeid`,`com_url`,`com_name`,`com_province`,`com_city`,`com_district`,`com_detailed`,`com_visit`,`com_praise`,`com_time`,`com_is_rec`,`com_status` FROM `yd_company_info` LIMIT 0,10   [ RunTime:0.0002s ]
INFO: [ view_parse ] --START--
INFO: [ template_filter ] --START--
INFO: Run Behavior\ContentReplaceBehavior [ RunTime:0.000078s ]
INFO: [ template_filter ] --END-- [ RunTime:0.000122s ]
NOTIC: [8] Use of undefined constant com_url - assumed 'com_url' /mnt/web/spectrum/public_html/Application/Runtime/Cache/Upadmin/ace4322b73e65b5c5432286c19d0cb18.php 第 164 行.
NOTIC: [8] Use of undefined constant com_url - assumed 'com_url' /mnt/web/spectrum/public_html/Application/Runtime/Cache/Upadmin/ace4322b73e65b5c5432286c19d0cb18.php 第 164 行.
NOTIC: [8] Use of undefined constant com_is_rec - assumed 'com_is_rec' /mnt/web/spectrum/public_html/Application/Runtime/Cache/Upadmin/ace4322b73e65b5c5432286c19d0cb18.php 第 168 行.
NOTIC: [8] Use of undefined constant com_time - assumed 'com_time' /mnt/web/spectrum/public_html/Application/Runtime/Cache/Upadmin/ace4322b73e65b5c5432286c19d0cb18.php 第 172 行.
NOTIC: [8] Use of undefined constant com_url - assumed 'com_url' /mnt/web/spectrum/public_html/Application/Runtime/Cache/Upadmin/ace4322b73e65b5c5432286c19d0cb18.php 第 164 行.
NOTIC: [8] Use of undefined constant com_url - assumed 'com_url' /mnt/web/spectrum/public_html/Application/Runtime/Cache/Upadmin/ace4322b73e65b5c5432286c19d0cb18.php 第 164 行.
NOTIC: [8] Use of undefined constant com_is_rec - assumed 'com_is_rec' /mnt/web/spectrum/public_html/Application/Runtime/Cache/Upadmin/ace4322b73e65b5c5432286c19d0cb18.php 第 168 行.
NOTIC: [8] Use of undefined constant com_time - assumed 'com_time' /mnt/web/spectrum/public_html/Application/Runtime/Cache/Upadmin/ace4322b73e65b5c5432286c19d0cb18.php 第 172 行.
NOTIC: [8] Use of undefined constant com_url - assumed 'com_url' /mnt/web/spectrum/public_html/Application/Runtime/Cache/Upadmin/ace4322b73e65b5c5432286c19d0cb18.php 第 164 行.
NOTIC: [8] Use of undefined constant com_url - assumed 'com_url' /mnt/web/spectrum/public_html/Application/Runtime/Cache/Upadmin/ace4322b73e65b5c5432286c19d0cb18.php 第 164 行.
NOTIC: [8] Use of undefined constant com_is_rec - assumed 'com_is_rec' /mnt/web/spectrum/public_html/Application/Runtime/Cache/Upadmin/ace4322b73e65b5c5432286c19d0cb18.php 第 168 行.
NOTIC: [8] Use of undefined constant com_time - assumed 'com_time' /mnt/web/spectrum/public_html/Application/Runtime/Cache/Upadmin/ace4322b73e65b5c5432286c19d0cb18.php 第 172 行.
NOTIC: [8] Use of undefined constant com_url - assumed 'com_url' /mnt/web/spectrum/public_html/Application/Runtime/Cache/Upadmin/ace4322b73e65b5c5432286c19d0cb18.php 第 164 行.
NOTIC: [8] Use of undefined constant com_url - assumed 'com_url' /mnt/web/spectrum/public_html/Application/Runtime/Cache/Upadmin/ace4322b73e65b5c5432286c19d0cb18.php 第 164 行.
NOTIC: [8] Use of undefined constant com_is_rec - assumed 'com_is_rec' /mnt/web/spectrum/public_html/Application/Runtime/Cache/Upadmin/ace4322b73e65b5c5432286c19d0cb18.php 第 168 行.
NOTIC: [8] Use of undefined constant com_time - assumed 'com_time' /mnt/web/spectrum/public_html/Application/Runtime/Cache/Upadmin/ace4322b73e65b5c5432286c19d0cb18.php 第 172 行.
INFO: Run Behavior\ParseTemplateBehavior [ RunTime:0.010560s ]
INFO: [ view_parse ] --END-- [ RunTime:0.010599s ]
INFO: [ view_filter ] --START--
INFO: Run Behavior\WriteHtmlCacheBehavior [ RunTime:0.000286s ]
INFO: [ view_filter ] --END-- [ RunTime:0.000323s ]
INFO: [ app_end ] --START--
INFO: Run Behavior\ShowPageTraceBehavior [ RunTime:0.000479s ]
INFO: [ app_end ] --END-- [ RunTime:0.000525s ]

[ 2017-05-16T16:28:19+08:00 ] 119.130.231.197 /Upadmin/User/User_list.html
INFO: [ app_init ] --START--
INFO: Run Behavior\BuildLiteBehavior [ RunTime:0.000014s ]
INFO: [ app_init ] --END-- [ RunTime:0.000379s ]
INFO: [ app_begin ] --START--
INFO: Run Behavior\ReadHtmlCacheBehavior [ RunTime:0.000488s ]
INFO: [ app_begin ] --END-- [ RunTime:0.000537s ]
SQL: SHOW COLUMNS FROM `yd_company_info` [ RunTime:0.0012s ]
SQL: SELECT COUNT(*) AS tp_count FROM `yd_company_info` LIMIT 1   [ RunTime:0.0002s ]
SQL: SELECT `com_id`,`com_storeid`,`com_url`,`com_name`,`com_province`,`com_city`,`com_district`,`com_detailed`,`com_visit`,`com_praise`,`com_time`,`com_is_rec`,`com_status` FROM `yd_company_info` LIMIT 0,10   [ RunTime:0.0002s ]
INFO: [ view_parse ] --START--
INFO: [ template_filter ] --START--
INFO: Run Behavior\ContentReplaceBehavior [ RunTime:0.000068s ]
INFO: [ template_filter ] --END-- [ RunTime:0.000111s ]
NOTIC: [8] Use of undefined constant com_url - assumed 'com_url' /mnt/web/spectrum/public_html/Application/Runtime/Cache/Upadmin/ace4322b73e65b5c5432286c19d0cb18.php 第 164 行.
NOTIC: [8] Use of undefined constant com_url - assumed 'com_url' /mnt/web/spectrum/public_html/Application/Runtime/Cache/Upadmin/ace4322b73e65b5c5432286c19d0cb18.php 第 164 行.
NOTIC: [8] Use of undefined constant com_is_rec - assumed 'com_is_rec' /mnt/web/spectrum/public_html/Application/Runtime/Cache/Upadmin/ace4322b73e65b5c5432286c19d0cb18.php 第 168 行.
NOTIC: [8] Use of undefined constant com_time - assumed 'com_time' /mnt/web/spectrum/public_html/Application/Runtime/Cache/Upadmin/ace4322b73e65b5c5432286c19d0cb18.php 第 172 行.
NOTIC: [8] Use of undefined constant com_url - assumed 'com_url' /mnt/web/spectrum/public_html/Application/Runtime/Cache/Upadmin/ace4322b73e65b5c5432286c19d0cb18.php 第 164 行.
NOTIC: [8] Use of undefined constant com_url - assumed 'com_url' /mnt/web/spectrum/public_html/Application/Runtime/Cache/Upadmin/ace4322b73e65b5c5432286c19d0cb18.php 第 164 行.
NOTIC: [8] Use of undefined constant com_is_rec - assumed 'com_is_rec' /mnt/web/spectrum/public_html/Application/Runtime/Cache/Upadmin/ace4322b73e65b5c5432286c19d0cb18.php 第 168 行.
NOTIC: [8] Use of undefined constant com_time - assumed 'com_time' /mnt/web/spectrum/public_html/Application/Runtime/Cache/Upadmin/ace4322b73e65b5c5432286c19d0cb18.php 第 172 行.
NOTIC: [8] Use of undefined constant com_url - assumed 'com_url' /mnt/web/spectrum/public_html/Application/Runtime/Cache/Upadmin/ace4322b73e65b5c5432286c19d0cb18.php 第 164 行.
NOTIC: [8] Use of undefined constant com_url - assumed 'com_url' /mnt/web/spectrum/public_html/Application/Runtime/Cache/Upadmin/ace4322b73e65b5c5432286c19d0cb18.php 第 164 行.
NOTIC: [8] Use of undefined constant com_is_rec - assumed 'com_is_rec' /mnt/web/spectrum/public_html/Application/Runtime/Cache/Upadmin/ace4322b73e65b5c5432286c19d0cb18.php 第 168 行.
NOTIC: [8] Use of undefined constant com_time - assumed 'com_time' /mnt/web/spectrum/public_html/Application/Runtime/Cache/Upadmin/ace4322b73e65b5c5432286c19d0cb18.php 第 172 行.
NOTIC: [8] Use of undefined constant com_url - assumed 'com_url' /mnt/web/spectrum/public_html/Application/Runtime/Cache/Upadmin/ace4322b73e65b5c5432286c19d0cb18.php 第 164 行.
NOTIC: [8] Use of undefined constant com_url - assumed 'com_url' /mnt/web/spectrum/public_html/Application/Runtime/Cache/Upadmin/ace4322b73e65b5c5432286c19d0cb18.php 第 164 行.
NOTIC: [8] Use of undefined constant com_is_rec - assumed 'com_is_rec' /mnt/web/spectrum/public_html/Application/Runtime/Cache/Upadmin/ace4322b73e65b5c5432286c19d0cb18.php 第 168 行.
NOTIC: [8] Use of undefined constant com_time - assumed 'com_time' /mnt/web/spectrum/public_html/Application/Runtime/Cache/Upadmin/ace4322b73e65b5c5432286c19d0cb18.php 第 172 行.
INFO: Run Behavior\ParseTemplateBehavior [ RunTime:0.010598s ]
INFO: [ view_parse ] --END-- [ RunTime:0.010636s ]
INFO: [ view_filter ] --START--
INFO: Run Behavior\WriteHtmlCacheBehavior [ RunTime:0.000265s ]
INFO: [ view_filter ] --END-- [ RunTime:0.000302s ]
INFO: [ app_end ] --START--
INFO: Run Behavior\ShowPageTraceBehavior [ RunTime:0.000497s ]
INFO: [ app_end ] --END-- [ RunTime:0.000544s ]

[ 2017-05-16T16:28:24+08:00 ] 119.130.231.197 /Upadmin/user/shenhe.html?com_id=64
INFO: [ app_init ] --START--
INFO: Run Behavior\BuildLiteBehavior [ RunTime:0.000012s ]
INFO: [ app_init ] --END-- [ RunTime:0.000360s ]
INFO: [ app_begin ] --START--
INFO: Run Behavior\ReadHtmlCacheBehavior [ RunTime:0.000464s ]
INFO: [ app_begin ] --END-- [ RunTime:0.000508s ]
SQL: SHOW COLUMNS FROM `yd_company_info` [ RunTime:0.0012s ]
SQL: SELECT * FROM `yd_company_info` WHERE `com_id` = 64 LIMIT 1   [ RunTime:0.0003s ]
INFO: [ view_parse ] --START--
INFO: [ template_filter ] --START--
INFO: Run Behavior\ContentReplaceBehavior [ RunTime:0.000091s ]
INFO: [ template_filter ] --END-- [ RunTime:0.000133s ]
NOTIC: [8] Use of undefined constant com_storeid - assumed 'com_storeid' /mnt/web/spectrum/public_html/Application/Runtime/Cache/Upadmin/dc9d82e26535551d543ca5ab49e75b71.php 第 482 行.
INFO: Run Behavior\ParseTemplateBehavior [ RunTime:0.011342s ]
INFO: [ view_parse ] --END-- [ RunTime:0.011380s ]
INFO: [ view_filter ] --START--
INFO: Run Behavior\WriteHtmlCacheBehavior [ RunTime:0.000259s ]
INFO: [ view_filter ] --END-- [ RunTime:0.000295s ]
INFO: [ app_end ] --START--
INFO: Run Behavior\ShowPageTraceBehavior [ RunTime:0.000498s ]
INFO: [ app_end ] --END-- [ RunTime:0.000543s ]

[ 2017-05-16T16:28:24+08:00 ] 119.130.231.197 /Upadmin/User/ajax_img
INFO: [ app_init ] --START--
INFO: Run Behavior\BuildLiteBehavior [ RunTime:0.000013s ]
INFO: [ app_init ] --END-- [ RunTime:0.000396s ]
INFO: [ app_begin ] --START--
INFO: Run Behavior\ReadHtmlCacheBehavior [ RunTime:0.000453s ]
INFO: [ app_begin ] --END-- [ RunTime:0.000498s ]
SQL: SHOW COLUMNS FROM `yd_image` [ RunTime:0.0011s ]
SQL: SELECT * FROM `yd_image` WHERE `img_storeid` = 606  [ RunTime:0.0002s ]

[ 2017-05-16T16:28:34+08:00 ] 119.130.231.197 /Upadmin/User/audit
INFO: [ app_init ] --START--
INFO: Run Behavior\BuildLiteBehavior [ RunTime:0.000013s ]
INFO: [ app_init ] --END-- [ RunTime:0.000394s ]
INFO: [ app_begin ] --START--
INFO: Run Behavior\ReadHtmlCacheBehavior [ RunTime:0.000442s ]
INFO: [ app_begin ] --END-- [ RunTime:0.000486s ]
SQL: SHOW COLUMNS FROM `yd_audit` [ RunTime:0.0009s ]
SQL: INSERT INTO `yd_audit` (`name`,`beizhu`,`status`,`com_id`,`addtime`) VALUES ('admin','信息不完整','2','64','1494923314') [ RunTime:0.0056s ]
SQL: SHOW COLUMNS FROM `yd_company_info` [ RunTime:0.0020s ]
SQL: UPDATE `yd_company_info` SET `com_status`='2' WHERE `com_id` = 64 [ RunTime:0.0035s ]

[ 2017-05-16T16:28:36+08:00 ] 119.130.231.197 /Upadmin/User/User_list
INFO: [ app_init ] --START--
INFO: Run Behavior\BuildLiteBehavior [ RunTime:0.000013s ]
INFO: [ app_init ] --END-- [ RunTime:0.000381s ]
INFO: [ app_begin ] --START--
INFO: Run Behavior\ReadHtmlCacheBehavior [ RunTime:0.000441s ]
INFO: [ app_begin ] --END-- [ RunTime:0.000486s ]
SQL: SHOW COLUMNS FROM `yd_company_info` [ RunTime:0.0012s ]
SQL: SELECT COUNT(*) AS tp_count FROM `yd_company_info` LIMIT 1   [ RunTime:0.0002s ]
SQL: SELECT `com_id`,`com_storeid`,`com_url`,`com_name`,`com_province`,`com_city`,`com_district`,`com_detailed`,`com_visit`,`com_praise`,`com_time`,`com_is_rec`,`com_status` FROM `yd_company_info` LIMIT 0,10   [ RunTime:0.0002s ]
INFO: [ view_parse ] --START--
INFO: [ template_filter ] --START--
INFO: Run Behavior\ContentReplaceBehavior [ RunTime:0.000068s ]
INFO: [ template_filter ] --END-- [ RunTime:0.000109s ]
NOTIC: [8] Use of undefined constant com_url - assumed 'com_url' /mnt/web/spectrum/public_html/Application/Runtime/Cache/Upadmin/ace4322b73e65b5c5432286c19d0cb18.php 第 164 行.
NOTIC: [8] Use of undefined constant com_url - assumed 'com_url' /mnt/web/spectrum/public_html/Application/Runtime/Cache/Upadmin/ace4322b73e65b5c5432286c19d0cb18.php 第 164 行.
NOTIC: [8] Use of undefined constant com_is_rec - assumed 'com_is_rec' /mnt/web/spectrum/public_html/Application/Runtime/Cache/Upadmin/ace4322b73e65b5c5432286c19d0cb18.php 第 168 行.
NOTIC: [8] Use of undefined constant com_time - assumed 'com_time' /mnt/web/spectrum/public_html/Application/Runtime/Cache/Upadmin/ace4322b73e65b5c5432286c19d0cb18.php 第 172 行.
NOTIC: [8] Use of undefined constant com_url - assumed 'com_url' /mnt/web/spectrum/public_html/Application/Runtime/Cache/Upadmin/ace4322b73e65b5c5432286c19d0cb18.php 第 164 行.
NOTIC: [8] Use of undefined constant com_url - assumed 'com_url' /mnt/web/spectrum/public_html/Application/Runtime/Cache/Upadmin/ace4322b73e65b5c5432286c19d0cb18.php 第 164 行.
NOTIC: [8] Use of undefined constant com_is_rec - assumed 'com_is_rec' /mnt/web/spectrum/public_html/Application/Runtime/Cache/Upadmin/ace4322b73e65b5c5432286c19d0cb18.php 第 168 行.
NOTIC: [8] Use of undefined constant com_time - assumed 'com_time' /mnt/web/spectrum/public_html/Application/Runtime/Cache/Upadmin/ace4322b73e65b5c5432286c19d0cb18.php 第 172 行.
NOTIC: [8] Use of undefined constant com_url - assumed 'com_url' /mnt/web/spectrum/public_html/Application/Runtime/Cache/Upadmin/ace4322b73e65b5c5432286c19d0cb18.php 第 164 行.
NOTIC: [8] Use of undefined constant com_url - assumed 'com_url' /mnt/web/spectrum/public_html/Application/Runtime/Cache/Upadmin/ace4322b73e65b5c5432286c19d0cb18.php 第 164 行.
NOTIC: [8] Use of undefined constant com_is_rec - assumed 'com_is_rec' /mnt/web/spectrum/public_html/Application/Runtime/Cache/Upadmin/ace4322b73e65b5c5432286c19d0cb18.php 第 168 行.
NOTIC: [8] Use of undefined constant com_time - assumed 'com_time' /mnt/web/spectrum/public_html/Application/Runtime/Cache/Upadmin/ace4322b73e65b5c5432286c19d0cb18.php 第 172 行.
NOTIC: [8] Use of undefined constant com_url - assumed 'com_url' /mnt/web/spectrum/public_html/Application/Runtime/Cache/Upadmin/ace4322b73e65b5c5432286c19d0cb18.php 第 164 行.
NOTIC: [8] Use of undefined constant com_url - assumed 'com_url' /mnt/web/spectrum/public_html/Application/Runtime/Cache/Upadmin/ace4322b73e65b5c5432286c19d0cb18.php 第 164 行.
NOTIC: [8] Use of undefined constant com_is_rec - assumed 'com_is_rec' /mnt/web/spectrum/public_html/Application/Runtime/Cache/Upadmin/ace4322b73e65b5c5432286c19d0cb18.php 第 168 行.
NOTIC: [8] Use of undefined constant com_time - assumed 'com_time' /mnt/web/spectrum/public_html/Application/Runtime/Cache/Upadmin/ace4322b73e65b5c5432286c19d0cb18.php 第 172 行.
INFO: Run Behavior\ParseTemplateBehavior [ RunTime:0.012031s ]
INFO: [ view_parse ] --END-- [ RunTime:0.012070s ]
INFO: [ view_filter ] --START--
INFO: Run Behavior\WriteHtmlCacheBehavior [ RunTime:0.000260s ]
INFO: [ view_filter ] --END-- [ RunTime:0.000296s ]
INFO: [ app_end ] --START--
INFO: Run Behavior\ShowPageTraceBehavior [ RunTime:0.000458s ]
INFO: [ app_end ] --END-- [ RunTime:0.000501s ]

[ 2017-05-16T16:33:26+08:00 ] 119.130.231.197 /Upadmin/user/shenhe.html?com_id=64
INFO: [ app_init ] --START--
INFO: Run Behavior\BuildLiteBehavior [ RunTime:0.000013s ]
INFO: [ app_init ] --END-- [ RunTime:0.000422s ]
INFO: [ app_begin ] --START--
INFO: Run Behavior\ReadHtmlCacheBehavior [ RunTime:0.000445s ]
INFO: [ app_begin ] --END-- [ RunTime:0.000490s ]
SQL: SHOW COLUMNS FROM `yd_company_info` [ RunTime:0.0011s ]
SQL: SELECT * FROM `yd_company_info` WHERE `com_id` = 64 LIMIT 1   [ RunTime:0.0003s ]
INFO: [ view_parse ] --START--
INFO: [ template_filter ] --START--
INFO: Run Behavior\ContentReplaceBehavior [ RunTime:0.000092s ]
INFO: [ template_filter ] --END-- [ RunTime:0.000135s ]
NOTIC: [8] Use of undefined constant com_storeid - assumed 'com_storeid' /mnt/web/spectrum/public_html/Application/Runtime/Cache/Upadmin/dc9d82e26535551d543ca5ab49e75b71.php 第 482 行.
INFO: Run Behavior\ParseTemplateBehavior [ RunTime:0.011629s ]
INFO: [ view_parse ] --END-- [ RunTime:0.011667s ]
INFO: [ view_filter ] --START--
INFO: Run Behavior\WriteHtmlCacheBehavior [ RunTime:0.000262s ]
INFO: [ view_filter ] --END-- [ RunTime:0.000297s ]
INFO: [ app_end ] --START--
INFO: Run Behavior\ShowPageTraceBehavior [ RunTime:0.000500s ]
INFO: [ app_end ] --END-- [ RunTime:0.000544s ]

[ 2017-05-16T16:33:26+08:00 ] 119.130.231.197 /Upadmin/User/ajax_img
INFO: [ app_init ] --START--
INFO: Run Behavior\BuildLiteBehavior [ RunTime:0.000012s ]
INFO: [ app_init ] --END-- [ RunTime:0.000381s ]
INFO: [ app_begin ] --START--
INFO: Run Behavior\ReadHtmlCacheBehavior [ RunTime:0.000462s ]
INFO: [ app_begin ] --END-- [ RunTime:0.000506s ]
SQL: SHOW COLUMNS FROM `yd_image` [ RunTime:0.0010s ]
SQL: SELECT * FROM `yd_image` WHERE `img_storeid` = 606  [ RunTime:0.0002s ]

[ 2017-05-16T16:33:45+08:00 ] 119.130.231.197 /Upadmin/User/audit
INFO: [ app_init ] --START--
INFO: Run Behavior\BuildLiteBehavior [ RunTime:0.000013s ]
INFO: [ app_init ] --END-- [ RunTime:0.000377s ]
INFO: [ app_begin ] --START--
INFO: Run Behavior\ReadHtmlCacheBehavior [ RunTime:0.000471s ]
INFO: [ app_begin ] --END-- [ RunTime:0.000517s ]
SQL: SHOW COLUMNS FROM `yd_audit` [ RunTime:0.0010s ]
SQL: INSERT INTO `yd_audit` (`name`,`beizhu`,`status`,`com_id`,`addtime`) VALUES ('admin','不真实的数据','2','64','1494923625') [ RunTime:0.0052s ]
SQL: SHOW COLUMNS FROM `yd_company_info` [ RunTime:0.0009s ]
SQL: UPDATE `yd_company_info` SET `com_status`='2' WHERE `com_id` = 64 [ RunTime:0.0028s ]
NOTIC: [2] Missing argument 1 for Think\Controller::ajaxReturn(), called in /mnt/web/spectrum/public_html/Application/Upadmin/Controller/UserController.class.php on line 112 and defined /mnt/web/spectrum/public_html/ThinkPHP/Library/Think/Controller.class.php 第 210 行.
NOTIC: [8] Undefined variable: data /mnt/web/spectrum/public_html/ThinkPHP/Library/Think/Controller.class.php 第 216 行.

[ 2017-05-16T16:33:49+08:00 ] 119.130.231.197 /Upadmin/User/audit
INFO: [ app_init ] --START--
INFO: Run Behavior\BuildLiteBehavior [ RunTime:0.000013s ]
INFO: [ app_init ] --END-- [ RunTime:0.000395s ]
INFO: [ app_begin ] --START--
INFO: Run Behavior\ReadHtmlCacheBehavior [ RunTime:0.000442s ]
INFO: [ app_begin ] --END-- [ RunTime:0.000485s ]
SQL: SHOW COLUMNS FROM `yd_audit` [ RunTime:0.0011s ]
SQL: INSERT INTO `yd_audit` (`name`,`beizhu`,`status`,`com_id`,`addtime`) VALUES ('admin','不真实的数据','2','64','1494923629') [ RunTime:0.0035s ]
SQL: SHOW COLUMNS FROM `yd_company_info` [ RunTime:0.0009s ]
SQL: UPDATE `yd_company_info` SET `com_status`='2' WHERE `com_id` = 64 [ RunTime:0.0026s ]
NOTIC: [2] Missing argument 1 for Think\Controller::ajaxReturn(), called in /mnt/web/spectrum/public_html/Application/Upadmin/Controller/UserController.class.php on line 112 and defined /mnt/web/spectrum/public_html/ThinkPHP/Library/Think/Controller.class.php 第 210 行.
NOTIC: [8] Undefined variable: data /mnt/web/spectrum/public_html/ThinkPHP/Library/Think/Controller.class.php 第 216 行.

[ 2017-05-16T16:33:52+08:00 ] 119.130.231.197 /Upadmin/User/audit
INFO: [ app_init ] --START--
INFO: Run Behavior\BuildLiteBehavior [ RunTime:0.000013s ]
INFO: [ app_init ] --END-- [ RunTime:0.000391s ]
INFO: [ app_begin ] --START--
INFO: Run Behavior\ReadHtmlCacheBehavior [ RunTime:0.000465s ]
INFO: [ app_begin ] --END-- [ RunTime:0.000508s ]
SQL: SHOW COLUMNS FROM `yd_audit` [ RunTime:0.0011s ]
SQL: INSERT INTO `yd_audit` (`name`,`beizhu`,`status`,`com_id`,`addtime`) VALUES ('admin','不真实的数据','1','64','1494923632') [ RunTime:0.0035s ]
SQL: SHOW COLUMNS FROM `yd_company_info` [ RunTime:0.0009s ]
SQL: UPDATE `yd_company_info` SET `com_status`='1' WHERE `com_id` = 64 [ RunTime:0.0040s ]

[ 2017-05-16T16:33:54+08:00 ] 119.130.231.197 /Upadmin/User/User_list
INFO: [ app_init ] --START--
INFO: Run Behavior\BuildLiteBehavior [ RunTime:0.000013s ]
INFO: [ app_init ] --END-- [ RunTime:0.000397s ]
INFO: [ app_begin ] --START--
INFO: Run Behavior\ReadHtmlCacheBehavior [ RunTime:0.000446s ]
INFO: [ app_begin ] --END-- [ RunTime:0.000491s ]
SQL: SHOW COLUMNS FROM `yd_company_info` [ RunTime:0.0012s ]
SQL: SELECT COUNT(*) AS tp_count FROM `yd_company_info` LIMIT 1   [ RunTime:0.0002s ]
SQL: SELECT `com_id`,`com_storeid`,`com_url`,`com_name`,`com_province`,`com_city`,`com_district`,`com_detailed`,`com_visit`,`com_praise`,`com_time`,`com_is_rec`,`com_status` FROM `yd_company_info` LIMIT 0,10   [ RunTime:0.0002s ]
INFO: [ view_parse ] --START--
INFO: [ template_filter ] --START--
INFO: Run Behavior\ContentReplaceBehavior [ RunTime:0.000069s ]
INFO: [ template_filter ] --END-- [ RunTime:0.000111s ]
NOTIC: [8] Use of undefined constant com_url - assumed 'com_url' /mnt/web/spectrum/public_html/Application/Runtime/Cache/Upadmin/ace4322b73e65b5c5432286c19d0cb18.php 第 164 行.
NOTIC: [8] Use of undefined constant com_url - assumed 'com_url' /mnt/web/spectrum/public_html/Application/Runtime/Cache/Upadmin/ace4322b73e65b5c5432286c19d0cb18.php 第 164 行.
NOTIC: [8] Use of undefined constant com_is_rec - assumed 'com_is_rec' /mnt/web/spectrum/public_html/Application/Runtime/Cache/Upadmin/ace4322b73e65b5c5432286c19d0cb18.php 第 168 行.
NOTIC: [8] Use of undefined constant com_time - assumed 'com_time' /mnt/web/spectrum/public_html/Application/Runtime/Cache/Upadmin/ace4322b73e65b5c5432286c19d0cb18.php 第 172 行.
NOTIC: [8] Use of undefined constant com_url - assumed 'com_url' /mnt/web/spectrum/public_html/Application/Runtime/Cache/Upadmin/ace4322b73e65b5c5432286c19d0cb18.php 第 164 行.
NOTIC: [8] Use of undefined constant com_url - assumed 'com_url' /mnt/web/spectrum/public_html/Application/Runtime/Cache/Upadmin/ace4322b73e65b5c5432286c19d0cb18.php 第 164 行.
NOTIC: [8] Use of undefined constant com_is_rec - assumed 'com_is_rec' /mnt/web/spectrum/public_html/Application/Runtime/Cache/Upadmin/ace4322b73e65b5c5432286c19d0cb18.php 第 168 行.
NOTIC: [8] Use of undefined constant com_time - assumed 'com_time' /mnt/web/spectrum/public_html/Application/Runtime/Cache/Upadmin/ace4322b73e65b5c5432286c19d0cb18.php 第 172 行.
NOTIC: [8] Use of undefined constant com_url - assumed 'com_url' /mnt/web/spectrum/public_html/Application/Runtime/Cache/Upadmin/ace4322b73e65b5c5432286c19d0cb18.php 第 164 行.
NOTIC: [8] Use of undefined constant com_url - assumed 'com_url' /mnt/web/spectrum/public_html/Application/Runtime/Cache/Upadmin/ace4322b73e65b5c5432286c19d0cb18.php 第 164 行.
NOTIC: [8] Use of undefined constant com_is_rec - assumed 'com_is_rec' /mnt/web/spectrum/public_html/Application/Runtime/Cache/Upadmin/ace4322b73e65b5c5432286c19d0cb18.php 第 168 行.
NOTIC: [8] Use of undefined constant com_time - assumed 'com_time' /mnt/web/spectrum/public_html/Application/Runtime/Cache/Upadmin/ace4322b73e65b5c5432286c19d0cb18.php 第 172 行.
NOTIC: [8] Use of undefined constant com_url - assumed 'com_url' /mnt/web/spectrum/public_html/Application/Runtime/Cache/Upadmin/ace4322b73e65b5c5432286c19d0cb18.php 第 164 行.
NOTIC: [8] Use of undefined constant com_url - assumed 'com_url' /mnt/web/spectrum/public_html/Application/Runtime/Cache/Upadmin/ace4322b73e65b5c5432286c19d0cb18.php 第 164 行.
NOTIC: [8] Use of undefined constant com_is_rec - assumed 'com_is_rec' /mnt/web/spectrum/public_html/Application/Runtime/Cache/Upadmin/ace4322b73e65b5c5432286c19d0cb18.php 第 168 行.
NOTIC: [8] Use of undefined constant com_time - assumed 'com_time' /mnt/web/spectrum/public_html/Application/Runtime/Cache/Upadmin/ace4322b73e65b5c5432286c19d0cb18.php 第 172 行.
INFO: Run Behavior\ParseTemplateBehavior [ RunTime:0.010728s ]
INFO: [ view_parse ] --END-- [ RunTime:0.010765s ]
INFO: [ view_filter ] --START--
INFO: Run Behavior\WriteHtmlCacheBehavior [ RunTime:0.000281s ]
INFO: [ view_filter ] --END-- [ RunTime:0.000318s ]
INFO: [ app_end ] --START--
INFO: Run Behavior\ShowPageTraceBehavior [ RunTime:0.000459s ]
INFO: [ app_end ] --END-- [ RunTime:0.000503s ]

[ 2017-05-16T16:34:01+08:00 ] 119.130.231.197 /Upadmin/User/audit_list.html
INFO: [ app_init ] --START--
INFO: Run Behavior\BuildLiteBehavior [ RunTime:0.000012s ]
INFO: [ app_init ] --END-- [ RunTime:0.000369s ]
INFO: [ app_begin ] --START--
INFO: Run Behavior\ReadHtmlCacheBehavior [ RunTime:0.000470s ]
INFO: [ app_begin ] --END-- [ RunTime:0.000516s ]
SQL: SHOW COLUMNS FROM `yd_audit` [ RunTime:0.0011s ]
SQL: SELECT COUNT(*) AS tp_count FROM `yd_audit` LIMIT 1   [ RunTime:0.0002s ]
SQL: SELECT * FROM `yd_audit` ORDER BY addtime desc LIMIT 0,10   [ RunTime:0.0002s ]
INFO: [ view_parse ] --START--
INFO: [ template_filter ] --START--
INFO: Run Behavior\ContentReplaceBehavior [ RunTime:0.000056s ]
INFO: [ template_filter ] --END-- [ RunTime:0.000114s ]
INFO: Run Behavior\ParseTemplateBehavior [ RunTime:0.008563s ]
INFO: [ view_parse ] --END-- [ RunTime:0.008606s ]
INFO: [ view_filter ] --START--
INFO: Run Behavior\WriteHtmlCacheBehavior [ RunTime:0.000260s ]
INFO: [ view_filter ] --END-- [ RunTime:0.000296s ]
INFO: [ app_end ] --START--
INFO: Run Behavior\ShowPageTraceBehavior [ RunTime:0.000489s ]
INFO: [ app_end ] --END-- [ RunTime:0.000535s ]

[ 2017-05-16T16:34:03+08:00 ] 119.130.231.197 /Upadmin/User/User_list.html
INFO: [ app_init ] --START--
INFO: Run Behavior\BuildLiteBehavior [ RunTime:0.000013s ]
INFO: [ app_init ] --END-- [ RunTime:0.000376s ]
INFO: [ app_begin ] --START--
INFO: Run Behavior\ReadHtmlCacheBehavior [ RunTime:0.000469s ]
INFO: [ app_begin ] --END-- [ RunTime:0.000517s ]
SQL: SHOW COLUMNS FROM `yd_company_info` [ RunTime:0.0012s ]
SQL: SELECT COUNT(*) AS tp_count FROM `yd_company_info` LIMIT 1   [ RunTime:0.0002s ]
SQL: SELECT `com_id`,`com_storeid`,`com_url`,`com_name`,`com_province`,`com_city`,`com_district`,`com_detailed`,`com_visit`,`com_praise`,`com_time`,`com_is_rec`,`com_status` FROM `yd_company_info` LIMIT 0,10   [ RunTime:0.0002s ]
INFO: [ view_parse ] --START--
INFO: [ template_filter ] --START--
INFO: Run Behavior\ContentReplaceBehavior [ RunTime:0.000067s ]
INFO: [ template_filter ] --END-- [ RunTime:0.000107s ]
NOTIC: [8] Use of undefined constant com_url - assumed 'com_url' /mnt/web/spectrum/public_html/Application/Runtime/Cache/Upadmin/ace4322b73e65b5c5432286c19d0cb18.php 第 164 行.
NOTIC: [8] Use of undefined constant com_url - assumed 'com_url' /mnt/web/spectrum/public_html/Application/Runtime/Cache/Upadmin/ace4322b73e65b5c5432286c19d0cb18.php 第 164 行.
NOTIC: [8] Use of undefined constant com_is_rec - assumed 'com_is_rec' /mnt/web/spectrum/public_html/Application/Runtime/Cache/Upadmin/ace4322b73e65b5c5432286c19d0cb18.php 第 168 行.
NOTIC: [8] Use of undefined constant com_time - assumed 'com_time' /mnt/web/spectrum/public_html/Application/Runtime/Cache/Upadmin/ace4322b73e65b5c5432286c19d0cb18.php 第 172 行.
NOTIC: [8] Use of undefined constant com_url - assumed 'com_url' /mnt/web/spectrum/public_html/Application/Runtime/Cache/Upadmin/ace4322b73e65b5c5432286c19d0cb18.php 第 164 行.
NOTIC: [8] Use of undefined constant com_url - assumed 'com_url' /mnt/web/spectrum/public_html/Application/Runtime/Cache/Upadmin/ace4322b73e65b5c5432286c19d0cb18.php 第 164 行.
NOTIC: [8] Use of undefined constant com_is_rec - assumed 'com_is_rec' /mnt/web/spectrum/public_html/Application/Runtime/Cache/Upadmin/ace4322b73e65b5c5432286c19d0cb18.php 第 168 行.
NOTIC: [8] Use of undefined constant com_time - assumed 'com_time' /mnt/web/spectrum/public_html/Application/Runtime/Cache/Upadmin/ace4322b73e65b5c5432286c19d0cb18.php 第 172 行.
NOTIC: [8] Use of undefined constant com_url - assumed 'com_url' /mnt/web/spectrum/public_html/Application/Runtime/Cache/Upadmin/ace4322b73e65b5c5432286c19d0cb18.php 第 164 行.
NOTIC: [8] Use of undefined constant com_url - assumed 'com_url' /mnt/web/spectrum/public_html/Application/Runtime/Cache/Upadmin/ace4322b73e65b5c5432286c19d0cb18.php 第 164 行.
NOTIC: [8] Use of undefined constant com_is_rec - assumed 'com_is_rec' /mnt/web/spectrum/public_html/Application/Runtime/Cache/Upadmin/ace4322b73e65b5c5432286c19d0cb18.php 第 168 行.
NOTIC: [8] Use of undefined constant com_time - assumed 'com_time' /mnt/web/spectrum/public_html/Application/Runtime/Cache/Upadmin/ace4322b73e65b5c5432286c19d0cb18.php 第 172 行.
NOTIC: [8] Use of undefined constant com_url - assumed 'com_url' /mnt/web/spectrum/public_html/Application/Runtime/Cache/Upadmin/ace4322b73e65b5c5432286c19d0cb18.php 第 164 行.
NOTIC: [8] Use of undefined constant com_url - assumed 'com_url' /mnt/web/spectrum/public_html/Application/Runtime/Cache/Upadmin/ace4322b73e65b5c5432286c19d0cb18.php 第 164 行.
NOTIC: [8] Use of undefined constant com_is_rec - assumed 'com_is_rec' /mnt/web/spectrum/public_html/Application/Runtime/Cache/Upadmin/ace4322b73e65b5c5432286c19d0cb18.php 第 168 行.
NOTIC: [8] Use of undefined constant com_time - assumed 'com_time' /mnt/web/spectrum/public_html/Application/Runtime/Cache/Upadmin/ace4322b73e65b5c5432286c19d0cb18.php 第 172 行.
INFO: Run Behavior\ParseTemplateBehavior [ RunTime:0.010627s ]
INFO: [ view_parse ] --END-- [ RunTime:0.010664s ]
INFO: [ view_filter ] --START--
INFO: Run Behavior\WriteHtmlCacheBehavior [ RunTime:0.000261s ]
INFO: [ view_filter ] --END-- [ RunTime:0.000296s ]
INFO: [ app_end ] --START--
INFO: Run Behavior\ShowPageTraceBehavior [ RunTime:0.000483s ]
INFO: [ app_end ] --END-- [ RunTime:0.000526s ]

[ 2017-05-16T16:34:11+08:00 ] 119.130.231.197 /Upadmin/user/shenhe.html?com_id=64
INFO: [ app_init ] --START--
INFO: Run Behavior\BuildLiteBehavior [ RunTime:0.000013s ]
INFO: [ app_init ] --END-- [ RunTime:0.000401s ]
INFO: [ app_begin ] --START--
INFO: Run Behavior\ReadHtmlCacheBehavior [ RunTime:0.000454s ]
INFO: [ app_begin ] --END-- [ RunTime:0.000502s ]
SQL: SHOW COLUMNS FROM `yd_company_info` [ RunTime:0.0012s ]
SQL: SELECT * FROM `yd_company_info` WHERE `com_id` = 64 LIMIT 1   [ RunTime:0.0003s ]
INFO: [ view_parse ] --START--
INFO: [ template_filter ] --START--
INFO: Run Behavior\ContentReplaceBehavior [ RunTime:0.000094s ]
INFO: [ template_filter ] --END-- [ RunTime:0.000137s ]
NOTIC: [8] Use of undefined constant com_storeid - assumed 'com_storeid' /mnt/web/spectrum/public_html/Application/Runtime/Cache/Upadmin/dc9d82e26535551d543ca5ab49e75b71.php 第 482 行.
INFO: Run Behavior\ParseTemplateBehavior [ RunTime:0.011535s ]
INFO: [ view_parse ] --END-- [ RunTime:0.011574s ]
INFO: [ view_filter ] --START--
INFO: Run Behavior\WriteHtmlCacheBehavior [ RunTime:0.000265s ]
INFO: [ view_filter ] --END-- [ RunTime:0.000302s ]
INFO: [ app_end ] --START--
INFO: Run Behavior\ShowPageTraceBehavior [ RunTime:0.000502s ]
INFO: [ app_end ] --END-- [ RunTime:0.000549s ]

[ 2017-05-16T16:34:11+08:00 ] 119.130.231.197 /Upadmin/User/ajax_img
INFO: [ app_init ] --START--
INFO: Run Behavior\BuildLiteBehavior [ RunTime:0.000013s ]
INFO: [ app_init ] --END-- [ RunTime:0.000376s ]
INFO: [ app_begin ] --START--
INFO: Run Behavior\ReadHtmlCacheBehavior [ RunTime:0.000468s ]
INFO: [ app_begin ] --END-- [ RunTime:0.000513s ]
SQL: SHOW COLUMNS FROM `yd_image` [ RunTime:0.0011s ]
SQL: SELECT * FROM `yd_image` WHERE `img_storeid` = 606  [ RunTime:0.0002s ]

[ 2017-05-16T16:35:41+08:00 ] 119.130.231.197 /Upadmin/User/audit
INFO: [ app_init ] --START--
INFO: Run Behavior\BuildLiteBehavior [ RunTime:0.000015s ]
INFO: [ app_init ] --END-- [ RunTime:0.000406s ]
INFO: [ app_begin ] --START--
INFO: Run Behavior\ReadHtmlCacheBehavior [ RunTime:0.000467s ]
INFO: [ app_begin ] --END-- [ RunTime:0.000513s ]
SQL: SHOW COLUMNS FROM `yd_audit` [ RunTime:0.0011s ]
SQL: INSERT INTO `yd_audit` (`name`,`beizhu`,`status`,`com_id`,`addtime`) VALUES ('admin','','1','64','1494923741') [ RunTime:0.0035s ]
SQL: SHOW COLUMNS FROM `yd_company_info` [ RunTime:0.0009s ]
SQL: UPDATE `yd_company_info` SET `com_status`='1' WHERE `com_id` = 64 [ RunTime:0.0032s ]
NOTIC: [2] Missing argument 1 for Think\Controller::ajaxReturn(), called in /mnt/web/spectrum/public_html/Application/Upadmin/Controller/UserController.class.php on line 112 and defined /mnt/web/spectrum/public_html/ThinkPHP/Library/Think/Controller.class.php 第 210 行.
NOTIC: [8] Undefined variable: data /mnt/web/spectrum/public_html/ThinkPHP/Library/Think/Controller.class.php 第 216 行.

[ 2017-05-16T16:35:45+08:00 ] 119.130.231.197 /Upadmin/User/audit
INFO: [ app_init ] --START--
INFO: Run Behavior\BuildLiteBehavior [ RunTime:0.000013s ]
INFO: [ app_init ] --END-- [ RunTime:0.000393s ]
INFO: [ app_begin ] --START--
INFO: Run Behavior\ReadHtmlCacheBehavior [ RunTime:0.000437s ]
INFO: [ app_begin ] --END-- [ RunTime:0.000479s ]
SQL: SHOW COLUMNS FROM `yd_audit` [ RunTime:0.0011s ]
SQL: INSERT INTO `yd_audit` (`name`,`beizhu`,`status`,`com_id`,`addtime`) VALUES ('admin','','1','64','1494923745') [ RunTime:0.0047s ]
SQL: SHOW COLUMNS FROM `yd_company_info` [ RunTime:0.0010s ]
SQL: UPDATE `yd_company_info` SET `com_status`='1' WHERE `com_id` = 64 [ RunTime:0.0041s ]
NOTIC: [2] Missing argument 1 for Think\Controller::ajaxReturn(), called in /mnt/web/spectrum/public_html/Application/Upadmin/Controller/UserController.class.php on line 112 and defined /mnt/web/spectrum/public_html/ThinkPHP/Library/Think/Controller.class.php 第 210 行.
NOTIC: [8] Undefined variable: data /mnt/web/spectrum/public_html/ThinkPHP/Library/Think/Controller.class.php 第 216 行.

[ 2017-05-16T16:35:50+08:00 ] 119.130.231.197 /Upadmin/User/audit
INFO: [ app_init ] --START--
INFO: Run Behavior\BuildLiteBehavior [ RunTime:0.000014s ]
INFO: [ app_init ] --END-- [ RunTime:0.000423s ]
INFO: [ app_begin ] --START--
INFO: Run Behavior\ReadHtmlCacheBehavior [ RunTime:0.000451s ]
INFO: [ app_begin ] --END-- [ RunTime:0.000495s ]
SQL: SHOW COLUMNS FROM `yd_audit` [ RunTime:0.0011s ]
SQL: INSERT INTO `yd_audit` (`name`,`beizhu`,`status`,`com_id`,`addtime`) VALUES ('admin','','1','64','1494923750') [ RunTime:0.0039s ]
SQL: SHOW COLUMNS FROM `yd_company_info` [ RunTime:0.0010s ]
SQL: UPDATE `yd_company_info` SET `com_status`='1' WHERE `com_id` = 64 [ RunTime:0.0045s ]
NOTIC: [2] Missing argument 1 for Think\Controller::ajaxReturn(), called in /mnt/web/spectrum/public_html/Application/Upadmin/Controller/UserController.class.php on line 112 and defined /mnt/web/spectrum/public_html/ThinkPHP/Library/Think/Controller.class.php 第 210 行.
NOTIC: [8] Undefined variable: data /mnt/web/spectrum/public_html/ThinkPHP/Library/Think/Controller.class.php 第 216 行.

[ 2017-05-16T16:35:53+08:00 ] 119.130.231.197 /Upadmin/User/User_list
INFO: [ app_init ] --START--
INFO: Run Behavior\BuildLiteBehavior [ RunTime:0.000015s ]
INFO: [ app_init ] --END-- [ RunTime:0.000393s ]
INFO: [ app_begin ] --START--
INFO: Run Behavior\ReadHtmlCacheBehavior [ RunTime:0.000485s ]
INFO: [ app_begin ] --END-- [ RunTime:0.000530s ]
SQL: SHOW COLUMNS FROM `yd_company_info` [ RunTime:0.0012s ]
SQL: SELECT COUNT(*) AS tp_count FROM `yd_company_info` LIMIT 1   [ RunTime:0.0002s ]
SQL: SELECT `com_id`,`com_storeid`,`com_url`,`com_name`,`com_province`,`com_city`,`com_district`,`com_detailed`,`com_visit`,`com_praise`,`com_time`,`com_is_rec`,`com_status` FROM `yd_company_info` LIMIT 0,10   [ RunTime:0.0002s ]
INFO: [ view_parse ] --START--
INFO: [ template_filter ] --START--
INFO: Run Behavior\ContentReplaceBehavior [ RunTime:0.000067s ]
INFO: [ template_filter ] --END-- [ RunTime:0.000108s ]
NOTIC: [8] Use of undefined constant com_url - assumed 'com_url' /mnt/web/spectrum/public_html/Application/Runtime/Cache/Upadmin/ace4322b73e65b5c5432286c19d0cb18.php 第 164 行.
NOTIC: [8] Use of undefined constant com_url - assumed 'com_url' /mnt/web/spectrum/public_html/Application/Runtime/Cache/Upadmin/ace4322b73e65b5c5432286c19d0cb18.php 第 164 行.
NOTIC: [8] Use of undefined constant com_is_rec - assumed 'com_is_rec' /mnt/web/spectrum/public_html/Application/Runtime/Cache/Upadmin/ace4322b73e65b5c5432286c19d0cb18.php 第 168 行.
NOTIC: [8] Use of undefined constant com_time - assumed 'com_time' /mnt/web/spectrum/public_html/Application/Runtime/Cache/Upadmin/ace4322b73e65b5c5432286c19d0cb18.php 第 172 行.
NOTIC: [8] Use of undefined constant com_url - assumed 'com_url' /mnt/web/spectrum/public_html/Application/Runtime/Cache/Upadmin/ace4322b73e65b5c5432286c19d0cb18.php 第 164 行.
NOTIC: [8] Use of undefined constant com_url - assumed 'com_url' /mnt/web/spectrum/public_html/Application/Runtime/Cache/Upadmin/ace4322b73e65b5c5432286c19d0cb18.php 第 164 行.
NOTIC: [8] Use of undefined constant com_is_rec - assumed 'com_is_rec' /mnt/web/spectrum/public_html/Application/Runtime/Cache/Upadmin/ace4322b73e65b5c5432286c19d0cb18.php 第 168 行.
NOTIC: [8] Use of undefined constant com_time - assumed 'com_time' /mnt/web/spectrum/public_html/Application/Runtime/Cache/Upadmin/ace4322b73e65b5c5432286c19d0cb18.php 第 172 行.
NOTIC: [8] Use of undefined constant com_url - assumed 'com_url' /mnt/web/spectrum/public_html/Application/Runtime/Cache/Upadmin/ace4322b73e65b5c5432286c19d0cb18.php 第 164 行.
NOTIC: [8] Use of undefined constant com_url - assumed 'com_url' /mnt/web/spectrum/public_html/Application/Runtime/Cache/Upadmin/ace4322b73e65b5c5432286c19d0cb18.php 第 164 行.
NOTIC: [8] Use of undefined constant com_is_rec - assumed 'com_is_rec' /mnt/web/spectrum/public_html/Application/Runtime/Cache/Upadmin/ace4322b73e65b5c5432286c19d0cb18.php 第 168 行.
NOTIC: [8] Use of undefined constant com_time - assumed 'com_time' /mnt/web/spectrum/public_html/Application/Runtime/Cache/Upadmin/ace4322b73e65b5c5432286c19d0cb18.php 第 172 行.
NOTIC: [8] Use of undefined constant com_url - assumed 'com_url' /mnt/web/spectrum/public_html/Application/Runtime/Cache/Upadmin/ace4322b73e65b5c5432286c19d0cb18.php 第 164 行.
NOTIC: [8] Use of undefined constant com_url - assumed 'com_url' /mnt/web/spectrum/public_html/Application/Runtime/Cache/Upadmin/ace4322b73e65b5c5432286c19d0cb18.php 第 164 行.
NOTIC: [8] Use of undefined constant com_is_rec - assumed 'com_is_rec' /mnt/web/spectrum/public_html/Application/Runtime/Cache/Upadmin/ace4322b73e65b5c5432286c19d0cb18.php 第 168 行.
NOTIC: [8] Use of undefined constant com_time - assumed 'com_time' /mnt/web/spectrum/public_html/Application/Runtime/Cache/Upadmin/ace4322b73e65b5c5432286c19d0cb18.php 第 172 行.
INFO: Run Behavior\ParseTemplateBehavior [ RunTime:0.010473s ]
INFO: [ view_parse ] --END-- [ RunTime:0.010510s ]
INFO: [ view_filter ] --START--
INFO: Run Behavior\WriteHtmlCacheBehavior [ RunTime:0.000258s ]
INFO: [ view_filter ] --END-- [ RunTime:0.000294s ]
INFO: [ app_end ] --START--
INFO: Run Behavior\ShowPageTraceBehavior [ RunTime:0.000463s ]
INFO: [ app_end ] --END-- [ RunTime:0.000528s ]

[ 2017-05-16T16:35:55+08:00 ] 119.130.231.197 /Upadmin/User/User_list
INFO: [ app_init ] --START--
INFO: Run Behavior\BuildLiteBehavior [ RunTime:0.000013s ]
INFO: [ app_init ] --END-- [ RunTime:0.000400s ]
INFO: [ app_begin ] --START--
INFO: Run Behavior\ReadHtmlCacheBehavior [ RunTime:0.000466s ]
INFO: [ app_begin ] --END-- [ RunTime:0.000513s ]
SQL: SHOW COLUMNS FROM `yd_company_info` [ RunTime:0.0012s ]
SQL: SELECT COUNT(*) AS tp_count FROM `yd_company_info` LIMIT 1   [ RunTime:0.0002s ]
SQL: SELECT `com_id`,`com_storeid`,`com_url`,`com_name`,`com_province`,`com_city`,`com_district`,`com_detailed`,`com_visit`,`com_praise`,`com_time`,`com_is_rec`,`com_status` FROM `yd_company_info` LIMIT 0,10   [ RunTime:0.0002s ]
INFO: [ view_parse ] --START--
INFO: [ template_filter ] --START--
INFO: Run Behavior\ContentReplaceBehavior [ RunTime:0.000068s ]
INFO: [ template_filter ] --END-- [ RunTime:0.000110s ]
NOTIC: [8] Use of undefined constant com_url - assumed 'com_url' /mnt/web/spectrum/public_html/Application/Runtime/Cache/Upadmin/ace4322b73e65b5c5432286c19d0cb18.php 第 164 行.
NOTIC: [8] Use of undefined constant com_url - assumed 'com_url' /mnt/web/spectrum/public_html/Application/Runtime/Cache/Upadmin/ace4322b73e65b5c5432286c19d0cb18.php 第 164 行.
NOTIC: [8] Use of undefined constant com_is_rec - assumed 'com_is_rec' /mnt/web/spectrum/public_html/Application/Runtime/Cache/Upadmin/ace4322b73e65b5c5432286c19d0cb18.php 第 168 行.
NOTIC: [8] Use of undefined constant com_time - assumed 'com_time' /mnt/web/spectrum/public_html/Application/Runtime/Cache/Upadmin/ace4322b73e65b5c5432286c19d0cb18.php 第 172 行.
NOTIC: [8] Use of undefined constant com_url - assumed 'com_url' /mnt/web/spectrum/public_html/Application/Runtime/Cache/Upadmin/ace4322b73e65b5c5432286c19d0cb18.php 第 164 行.
NOTIC: [8] Use of undefined constant com_url - assumed 'com_url' /mnt/web/spectrum/public_html/Application/Runtime/Cache/Upadmin/ace4322b73e65b5c5432286c19d0cb18.php 第 164 行.
NOTIC: [8] Use of undefined constant com_is_rec - assumed 'com_is_rec' /mnt/web/spectrum/public_html/Application/Runtime/Cache/Upadmin/ace4322b73e65b5c5432286c19d0cb18.php 第 168 行.
NOTIC: [8] Use of undefined constant com_time - assumed 'com_time' /mnt/web/spectrum/public_html/Application/Runtime/Cache/Upadmin/ace4322b73e65b5c5432286c19d0cb18.php 第 172 行.
NOTIC: [8] Use of undefined constant com_url - assumed 'com_url' /mnt/web/spectrum/public_html/Application/Runtime/Cache/Upadmin/ace4322b73e65b5c5432286c19d0cb18.php 第 164 行.
NOTIC: [8] Use of undefined constant com_url - assumed 'com_url' /mnt/web/spectrum/public_html/Application/Runtime/Cache/Upadmin/ace4322b73e65b5c5432286c19d0cb18.php 第 164 行.
NOTIC: [8] Use of undefined constant com_is_rec - assumed 'com_is_rec' /mnt/web/spectrum/public_html/Application/Runtime/Cache/Upadmin/ace4322b73e65b5c5432286c19d0cb18.php 第 168 行.
NOTIC: [8] Use of undefined constant com_time - assumed 'com_time' /mnt/web/spectrum/public_html/Application/Runtime/Cache/Upadmin/ace4322b73e65b5c5432286c19d0cb18.php 第 172 行.
NOTIC: [8] Use of undefined constant com_url - assumed 'com_url' /mnt/web/spectrum/public_html/Application/Runtime/Cache/Upadmin/ace4322b73e65b5c5432286c19d0cb18.php 第 164 行.
NOTIC: [8] Use of undefined constant com_url - assumed 'com_url' /mnt/web/spectrum/public_html/Application/Runtime/Cache/Upadmin/ace4322b73e65b5c5432286c19d0cb18.php 第 164 行.
NOTIC: [8] Use of undefined constant com_is_rec - assumed 'com_is_rec' /mnt/web/spectrum/public_html/Application/Runtime/Cache/Upadmin/ace4322b73e65b5c5432286c19d0cb18.php 第 168 行.
NOTIC: [8] Use of undefined constant com_time - assumed 'com_time' /mnt/web/spectrum/public_html/Application/Runtime/Cache/Upadmin/ace4322b73e65b5c5432286c19d0cb18.php 第 172 行.
INFO: Run Behavior\ParseTemplateBehavior [ RunTime:0.012205s ]
INFO: [ view_parse ] --END-- [ RunTime:0.012245s ]
INFO: [ view_filter ] --START--
INFO: Run Behavior\WriteHtmlCacheBehavior [ RunTime:0.000262s ]
INFO: [ view_filter ] --END-- [ RunTime:0.000299s ]
INFO: [ app_end ] --START--
INFO: Run Behavior\ShowPageTraceBehavior [ RunTime:0.000494s ]
INFO: [ app_end ] --END-- [ RunTime:0.000540s ]

[ 2017-05-16T16:35:56+08:00 ] 119.130.231.197 /Upadmin/user/shenhe.html?com_id=64
INFO: [ app_init ] --START--
INFO: Run Behavior\BuildLiteBehavior [ RunTime:0.000012s ]
INFO: [ app_init ] --END-- [ RunTime:0.000383s ]
INFO: [ app_begin ] --START--
INFO: Run Behavior\ReadHtmlCacheBehavior [ RunTime:0.000444s ]
INFO: [ app_begin ] --END-- [ RunTime:0.000490s ]
SQL: SHOW COLUMNS FROM `yd_company_info` [ RunTime:0.0010s ]
SQL: SELECT * FROM `yd_company_info` WHERE `com_id` = 64 LIMIT 1   [ RunTime:0.0002s ]
INFO: [ view_parse ] --START--
INFO: [ template_filter ] --START--
INFO: Run Behavior\ContentReplaceBehavior [ RunTime:0.000092s ]
INFO: [ template_filter ] --END-- [ RunTime:0.000135s ]
NOTIC: [8] Use of undefined constant com_storeid - assumed 'com_storeid' /mnt/web/spectrum/public_html/Application/Runtime/Cache/Upadmin/dc9d82e26535551d543ca5ab49e75b71.php 第 482 行.
INFO: Run Behavior\ParseTemplateBehavior [ RunTime:0.011381s ]
INFO: [ view_parse ] --END-- [ RunTime:0.011421s ]
INFO: [ view_filter ] --START--
INFO: Run Behavior\WriteHtmlCacheBehavior [ RunTime:0.000258s ]
INFO: [ view_filter ] --END-- [ RunTime:0.000294s ]
INFO: [ app_end ] --START--
INFO: Run Behavior\ShowPageTraceBehavior [ RunTime:0.000487s ]
INFO: [ app_end ] --END-- [ RunTime:0.000530s ]

[ 2017-05-16T16:35:56+08:00 ] 119.130.231.197 /Upadmin/User/ajax_img
INFO: [ app_init ] --START--
INFO: Run Behavior\BuildLiteBehavior [ RunTime:0.000013s ]
INFO: [ app_init ] --END-- [ RunTime:0.000378s ]
INFO: [ app_begin ] --START--
INFO: Run Behavior\ReadHtmlCacheBehavior [ RunTime:0.000434s ]
INFO: [ app_begin ] --END-- [ RunTime:0.000477s ]
SQL: SHOW COLUMNS FROM `yd_image` [ RunTime:0.0009s ]
SQL: SELECT * FROM `yd_image` WHERE `img_storeid` = 606  [ RunTime:0.0001s ]

[ 2017-05-16T16:35:59+08:00 ] 119.130.231.197 /Upadmin/User/audit
INFO: [ app_init ] --START--
INFO: Run Behavior\BuildLiteBehavior [ RunTime:0.000012s ]
INFO: [ app_init ] --END-- [ RunTime:0.000372s ]
INFO: [ app_begin ] --START--
INFO: Run Behavior\ReadHtmlCacheBehavior [ RunTime:0.000465s ]
INFO: [ app_begin ] --END-- [ RunTime:0.000508s ]
SQL: SHOW COLUMNS FROM `yd_audit` [ RunTime:0.0011s ]
SQL: INSERT INTO `yd_audit` (`name`,`beizhu`,`status`,`com_id`,`addtime`) VALUES ('admin','','1','64','1494923759') [ RunTime:0.0033s ]
SQL: SHOW COLUMNS FROM `yd_company_info` [ RunTime:0.0009s ]
SQL: UPDATE `yd_company_info` SET `com_status`='1' WHERE `com_id` = 64 [ RunTime:0.0028s ]
NOTIC: [2] Missing argument 1 for Think\Controller::ajaxReturn(), called in /mnt/web/spectrum/public_html/Application/Upadmin/Controller/UserController.class.php on line 112 and defined /mnt/web/spectrum/public_html/ThinkPHP/Library/Think/Controller.class.php 第 210 行.
NOTIC: [8] Undefined variable: data /mnt/web/spectrum/public_html/ThinkPHP/Library/Think/Controller.class.php 第 216 行.

[ 2017-05-16T16:38:11+08:00 ] 119.130.231.197 /Upadmin/user/shenhe.html?com_id=64
INFO: [ app_init ] --START--
INFO: Run Behavior\BuildLiteBehavior [ RunTime:0.000014s ]
INFO: [ app_init ] --END-- [ RunTime:0.000382s ]
INFO: [ app_begin ] --START--
INFO: Run Behavior\ReadHtmlCacheBehavior [ RunTime:0.000478s ]
INFO: [ app_begin ] --END-- [ RunTime:0.000524s ]
SQL: SHOW COLUMNS FROM `yd_company_info` [ RunTime:0.0012s ]
SQL: SELECT * FROM `yd_company_info` WHERE `com_id` = 64 LIMIT 1   [ RunTime:0.0003s ]
INFO: [ view_parse ] --START--
INFO: [ template_filter ] --START--
INFO: Run Behavior\ContentReplaceBehavior [ RunTime:0.000107s ]
INFO: [ template_filter ] --END-- [ RunTime:0.000151s ]
NOTIC: [8] Use of undefined constant com_storeid - assumed 'com_storeid' /mnt/web/spectrum/public_html/Application/Runtime/Cache/Upadmin/dc9d82e26535551d543ca5ab49e75b71.php 第 482 行.
INFO: Run Behavior\ParseTemplateBehavior [ RunTime:0.011684s ]
INFO: [ view_parse ] --END-- [ RunTime:0.011722s ]
INFO: [ view_filter ] --START--
INFO: Run Behavior\WriteHtmlCacheBehavior [ RunTime:0.000287s ]
INFO: [ view_filter ] --END-- [ RunTime:0.000324s ]
INFO: [ app_end ] --START--
INFO: Run Behavior\ShowPageTraceBehavior [ RunTime:0.000474s ]
INFO: [ app_end ] --END-- [ RunTime:0.000522s ]

[ 2017-05-16T16:38:12+08:00 ] 119.130.231.197 /Upadmin/User/ajax_img
INFO: [ app_init ] --START--
INFO: Run Behavior\BuildLiteBehavior [ RunTime:0.000023s ]
INFO: [ app_init ] --END-- [ RunTime:0.000390s ]
INFO: [ app_begin ] --START--
INFO: Run Behavior\ReadHtmlCacheBehavior [ RunTime:0.000468s ]
INFO: [ app_begin ] --END-- [ RunTime:0.000512s ]
SQL: SHOW COLUMNS FROM `yd_image` [ RunTime:0.0010s ]
SQL: SELECT * FROM `yd_image` WHERE `img_storeid` = 606  [ RunTime:0.0002s ]

[ 2017-05-16T16:38:13+08:00 ] 119.130.231.197 /Upadmin/User/audit
INFO: [ app_init ] --START--
INFO: Run Behavior\BuildLiteBehavior [ RunTime:0.000012s ]
INFO: [ app_init ] --END-- [ RunTime:0.000404s ]
INFO: [ app_begin ] --START--
INFO: Run Behavior\ReadHtmlCacheBehavior [ RunTime:0.000444s ]
INFO: [ app_begin ] --END-- [ RunTime:0.000503s ]
SQL: SHOW COLUMNS FROM `yd_audit` [ RunTime:0.0010s ]
SQL: INSERT INTO `yd_audit` (`name`,`beizhu`,`status`,`com_id`,`addtime`) VALUES ('admin','','1','64','1494923893') [ RunTime:0.0029s ]
SQL: SHOW COLUMNS FROM `yd_company_info` [ RunTime:0.0009s ]
SQL: UPDATE `yd_company_info` SET `com_status`='1' WHERE `com_id` = 64 [ RunTime:0.0032s ]

[ 2017-05-16T16:38:14+08:00 ] 119.130.231.197 /Upadmin/User/User_list
INFO: [ app_init ] --START--
INFO: Run Behavior\BuildLiteBehavior [ RunTime:0.000013s ]
INFO: [ app_init ] --END-- [ RunTime:0.000380s ]
INFO: [ app_begin ] --START--
INFO: Run Behavior\ReadHtmlCacheBehavior [ RunTime:0.000478s ]
INFO: [ app_begin ] --END-- [ RunTime:0.000524s ]
SQL: SHOW COLUMNS FROM `yd_company_info` [ RunTime:0.0012s ]
SQL: SELECT COUNT(*) AS tp_count FROM `yd_company_info` LIMIT 1   [ RunTime:0.0002s ]
SQL: SELECT `com_id`,`com_storeid`,`com_url`,`com_name`,`com_province`,`com_city`,`com_district`,`com_detailed`,`com_visit`,`com_praise`,`com_time`,`com_is_rec`,`com_status` FROM `yd_company_info` LIMIT 0,10   [ RunTime:0.0002s ]
INFO: [ view_parse ] --START--
INFO: [ template_filter ] --START--
INFO: Run Behavior\ContentReplaceBehavior [ RunTime:0.000069s ]
INFO: [ template_filter ] --END-- [ RunTime:0.000121s ]
NOTIC: [8] Use of undefined constant com_url - assumed 'com_url' /mnt/web/spectrum/public_html/Application/Runtime/Cache/Upadmin/ace4322b73e65b5c5432286c19d0cb18.php 第 164 行.
NOTIC: [8] Use of undefined constant com_url - assumed 'com_url' /mnt/web/spectrum/public_html/Application/Runtime/Cache/Upadmin/ace4322b73e65b5c5432286c19d0cb18.php 第 164 行.
NOTIC: [8] Use of undefined constant com_is_rec - assumed 'com_is_rec' /mnt/web/spectrum/public_html/Application/Runtime/Cache/Upadmin/ace4322b73e65b5c5432286c19d0cb18.php 第 168 行.
NOTIC: [8] Use of undefined constant com_time - assumed 'com_time' /mnt/web/spectrum/public_html/Application/Runtime/Cache/Upadmin/ace4322b73e65b5c5432286c19d0cb18.php 第 172 行.
NOTIC: [8] Use of undefined constant com_url - assumed 'com_url' /mnt/web/spectrum/public_html/Application/Runtime/Cache/Upadmin/ace4322b73e65b5c5432286c19d0cb18.php 第 164 行.
NOTIC: [8] Use of undefined constant com_url - assumed 'com_url' /mnt/web/spectrum/public_html/Application/Runtime/Cache/Upadmin/ace4322b73e65b5c5432286c19d0cb18.php 第 164 行.
NOTIC: [8] Use of undefined constant com_is_rec - assumed 'com_is_rec' /mnt/web/spectrum/public_html/Application/Runtime/Cache/Upadmin/ace4322b73e65b5c5432286c19d0cb18.php 第 168 行.
NOTIC: [8] Use of undefined constant com_time - assumed 'com_time' /mnt/web/spectrum/public_html/Application/Runtime/Cache/Upadmin/ace4322b73e65b5c5432286c19d0cb18.php 第 172 行.
NOTIC: [8] Use of undefined constant com_url - assumed 'com_url' /mnt/web/spectrum/public_html/Application/Runtime/Cache/Upadmin/ace4322b73e65b5c5432286c19d0cb18.php 第 164 行.
NOTIC: [8] Use of undefined constant com_url - assumed 'com_url' /mnt/web/spectrum/public_html/Application/Runtime/Cache/Upadmin/ace4322b73e65b5c5432286c19d0cb18.php 第 164 行.
NOTIC: [8] Use of undefined constant com_is_rec - assumed 'com_is_rec' /mnt/web/spectrum/public_html/Application/Runtime/Cache/Upadmin/ace4322b73e65b5c5432286c19d0cb18.php 第 168 行.
NOTIC: [8] Use of undefined constant com_time - assumed 'com_time' /mnt/web/spectrum/public_html/Application/Runtime/Cache/Upadmin/ace4322b73e65b5c5432286c19d0cb18.php 第 172 行.
NOTIC: [8] Use of undefined constant com_url - assumed 'com_url' /mnt/web/spectrum/public_html/Application/Runtime/Cache/Upadmin/ace4322b73e65b5c5432286c19d0cb18.php 第 164 行.
NOTIC: [8] Use of undefined constant com_url - assumed 'com_url' /mnt/web/spectrum/public_html/Application/Runtime/Cache/Upadmin/ace4322b73e65b5c5432286c19d0cb18.php 第 164 行.
NOTIC: [8] Use of undefined constant com_is_rec - assumed 'com_is_rec' /mnt/web/spectrum/public_html/Application/Runtime/Cache/Upadmin/ace4322b73e65b5c5432286c19d0cb18.php 第 168 行.
NOTIC: [8] Use of undefined constant com_time - assumed 'com_time' /mnt/web/spectrum/public_html/Application/Runtime/Cache/Upadmin/ace4322b73e65b5c5432286c19d0cb18.php 第 172 行.
INFO: Run Behavior\ParseTemplateBehavior [ RunTime:0.012557s ]
INFO: [ view_parse ] --END-- [ RunTime:0.012600s ]
INFO: [ view_filter ] --START--
INFO: Run Behavior\WriteHtmlCacheBehavior [ RunTime:0.000292s ]
INFO: [ view_filter ] --END-- [ RunTime:0.000331s ]
INFO: [ app_end ] --START--
INFO: Run Behavior\ShowPageTraceBehavior [ RunTime:0.000480s ]
INFO: [ app_end ] --END-- [ RunTime:0.000527s ]

