[ 2017-05-31T08:43:12+08:00 ] 127.0.0.1 /upadmin
INFO: [ app_init ] --START--
INFO: Run Behavior\BuildLiteBehavior [ RunTime:0.000020s ]
INFO: [ app_init ] --END-- [ RunTime:0.000368s ]
INFO: [ app_begin ] --START--
INFO: Run Behavior\ReadHtmlCacheBehavior [ RunTime:0.000551s ]
INFO: [ app_begin ] --END-- [ RunTime:0.000652s ]
INFO: [ view_parse ] --START--
INFO: [ template_filter ] --START--
INFO: Run Behavior\ContentReplaceBehavior [ RunTime:0.000100s ]
INFO: [ template_filter ] --END-- [ RunTime:0.000197s ]
INFO: Run Behavior\ParseTemplateBehavior [ RunTime:0.025741s ]
INFO: [ view_parse ] --END-- [ RunTime:0.025842s ]
INFO: [ view_filter ] --START--
INFO: Run Behavior\WriteHtmlCacheBehavior [ RunTime:0.000364s ]
INFO: [ view_filter ] --END-- [ RunTime:0.000445s ]
INFO: [ app_end ] --START--
INFO: Run Behavior\ShowPageTraceBehavior [ RunTime:0.000659s ]
INFO: [ app_end ] --END-- [ RunTime:0.000810s ]

[ 2017-05-31T08:43:12+08:00 ] 127.0.0.1 /upadmin/login/login
INFO: [ app_init ] --START--
INFO: Run Behavior\BuildLiteBehavior [ RunTime:0.000018s ]
INFO: [ app_init ] --END-- [ RunTime:0.000411s ]
INFO: [ app_begin ] --START--
INFO: Run Behavior\ReadHtmlCacheBehavior [ RunTime:0.000658s ]
INFO: [ app_begin ] --END-- [ RunTime:0.000745s ]
INFO: [ view_parse ] --START--
INFO: [ template_filter ] --START--
INFO: Run Behavior\ContentReplaceBehavior [ RunTime:0.000157s ]
INFO: [ template_filter ] --END-- [ RunTime:0.000291s ]
NOTIC: [8] Use of undefined constant yzm - assumed 'yzm' D:\wamp64\www\spectrum\public_html\Application\Runtime\Cache\Upadmin\97280386580f9501793336ede196af79.php 第 45 行.
NOTIC: [8] Use of undefined constant yzm - assumed 'yzm' D:\wamp64\www\spectrum\public_html\Application\Runtime\Cache\Upadmin\97280386580f9501793336ede196af79.php 第 45 行.
INFO: Run Behavior\ParseTemplateBehavior [ RunTime:0.006692s ]
INFO: [ view_parse ] --END-- [ RunTime:0.006781s ]
INFO: [ view_filter ] --START--
INFO: Run Behavior\WriteHtmlCacheBehavior [ RunTime:0.000512s ]
INFO: [ view_filter ] --END-- [ RunTime:0.000591s ]
INFO: [ app_end ] --START--
INFO: Run Behavior\ShowPageTraceBehavior [ RunTime:0.000601s ]
INFO: [ app_end ] --END-- [ RunTime:0.000681s ]

[ 2017-05-31T08:43:12+08:00 ] 127.0.0.1 /Upadmin/Login/yzm.html
INFO: [ app_init ] --START--
INFO: Run Behavior\BuildLiteBehavior [ RunTime:0.000031s ]
INFO: [ app_init ] --END-- [ RunTime:0.001055s ]
INFO: [ app_begin ] --START--
INFO: Run Behavior\ReadHtmlCacheBehavior [ RunTime:0.000900s ]
INFO: [ app_begin ] --END-- [ RunTime:0.001047s ]
INFO: [ app_end ] --START--
INFO: Run Behavior\ShowPageTraceBehavior [ RunTime:0.002179s ]
INFO: [ app_end ] --END-- [ RunTime:0.002572s ]

[ 2017-05-31T08:43:22+08:00 ] 127.0.0.1 /upadmin/login/login
INFO: [ app_init ] --START--
INFO: Run Behavior\BuildLiteBehavior [ RunTime:0.000023s ]
INFO: [ app_init ] --END-- [ RunTime:0.000585s ]
INFO: [ app_begin ] --START--
INFO: Run Behavior\ReadHtmlCacheBehavior [ RunTime:0.000569s ]
INFO: [ app_begin ] --END-- [ RunTime:0.000697s ]
SQL: SHOW COLUMNS FROM `yd_admin` [ RunTime:0.0011s ]
SQL: SELECT * FROM `yd_admin` WHERE `admin` = 'admin' AND `password` = '2efaef77b86d68ef7998de1b4af9d3bb' LIMIT 1   [ RunTime:0.0003s ]
INFO: [ view_parse ] --START--
INFO: [ template_filter ] --START--
INFO: Run Behavior\ContentReplaceBehavior [ RunTime:0.000074s ]
INFO: [ template_filter ] --END-- [ RunTime:0.000190s ]
NOTIC: [8] Use of undefined constant yzm - assumed 'yzm' D:\wamp64\www\spectrum\public_html\Application\Runtime\Cache\Upadmin\97280386580f9501793336ede196af79.php 第 45 行.
NOTIC: [8] Use of undefined constant yzm - assumed 'yzm' D:\wamp64\www\spectrum\public_html\Application\Runtime\Cache\Upadmin\97280386580f9501793336ede196af79.php 第 45 行.
INFO: Run Behavior\ParseTemplateBehavior [ RunTime:0.007052s ]
INFO: [ view_parse ] --END-- [ RunTime:0.007180s ]
INFO: [ view_filter ] --START--
INFO: Run Behavior\WriteHtmlCacheBehavior [ RunTime:0.001558s ]
INFO: [ view_filter ] --END-- [ RunTime:0.001739s ]
INFO: [ app_end ] --START--
INFO: Run Behavior\ShowPageTraceBehavior [ RunTime:0.001714s ]
INFO: [ app_end ] --END-- [ RunTime:0.001995s ]

[ 2017-05-31T08:43:22+08:00 ] 127.0.0.1 /upadmin/index/index
INFO: [ app_init ] --START--
INFO: Run Behavior\BuildLiteBehavior [ RunTime:0.000020s ]
INFO: [ app_init ] --END-- [ RunTime:0.000358s ]
INFO: [ app_begin ] --START--
INFO: Run Behavior\ReadHtmlCacheBehavior [ RunTime:0.000702s ]
INFO: [ app_begin ] --END-- [ RunTime:0.000829s ]
INFO: [ view_parse ] --START--
INFO: [ template_filter ] --START--
INFO: Run Behavior\ContentReplaceBehavior [ RunTime:0.000151s ]
INFO: [ template_filter ] --END-- [ RunTime:0.000307s ]
INFO: Run Behavior\ParseTemplateBehavior [ RunTime:0.015327s ]
INFO: [ view_parse ] --END-- [ RunTime:0.015463s ]
INFO: [ view_filter ] --START--
INFO: Run Behavior\WriteHtmlCacheBehavior [ RunTime:0.000474s ]
INFO: [ view_filter ] --END-- [ RunTime:0.000558s ]
INFO: [ app_end ] --START--
INFO: Run Behavior\ShowPageTraceBehavior [ RunTime:0.000627s ]
INFO: [ app_end ] --END-- [ RunTime:0.000787s ]

[ 2017-05-31T08:43:22+08:00 ] 127.0.0.1 /upadmin/index/favicon.ico
INFO: [ app_init ] --START--
INFO: Run Behavior\BuildLiteBehavior [ RunTime:0.000018s ]
INFO: [ app_init ] --END-- [ RunTime:0.000380s ]

[ 2017-05-31T08:43:24+08:00 ] 127.0.0.1 /Upadmin/Web/system.html
INFO: [ app_init ] --START--
INFO: Run Behavior\BuildLiteBehavior [ RunTime:0.000018s ]
INFO: [ app_init ] --END-- [ RunTime:0.000468s ]
INFO: [ app_begin ] --START--
INFO: Run Behavior\ReadHtmlCacheBehavior [ RunTime:0.000603s ]
INFO: [ app_begin ] --END-- [ RunTime:0.000690s ]
SQL: SHOW COLUMNS FROM `yd_system` [ RunTime:0.0005s ]
SQL: SELECT * FROM `yd_system` LIMIT 1   [ RunTime:0.0003s ]
INFO: [ view_parse ] --START--
INFO: [ template_filter ] --START--
INFO: Run Behavior\ContentReplaceBehavior [ RunTime:0.000082s ]
INFO: [ template_filter ] --END-- [ RunTime:0.000169s ]
INFO: Run Behavior\ParseTemplateBehavior [ RunTime:0.019539s ]
INFO: [ view_parse ] --END-- [ RunTime:0.019636s ]
INFO: [ view_filter ] --START--
INFO: Run Behavior\WriteHtmlCacheBehavior [ RunTime:0.000494s ]
INFO: [ view_filter ] --END-- [ RunTime:0.000573s ]
INFO: [ app_end ] --START--
INFO: Run Behavior\ShowPageTraceBehavior [ RunTime:0.000624s ]
INFO: [ app_end ] --END-- [ RunTime:0.000738s ]

[ 2017-05-31T08:43:24+08:00 ] 127.0.0.1 /Upadmin/Web/favicon.ico
INFO: [ app_init ] --START--
INFO: Run Behavior\BuildLiteBehavior [ RunTime:0.000018s ]
INFO: [ app_init ] --END-- [ RunTime:0.000466s ]

[ 2017-05-31T08:43:29+08:00 ] 127.0.0.1 /Upadmin/Web/system.html
INFO: [ app_init ] --START--
INFO: Run Behavior\BuildLiteBehavior [ RunTime:0.000018s ]
INFO: [ app_init ] --END-- [ RunTime:0.000407s ]
INFO: [ app_begin ] --START--
INFO: Run Behavior\ReadHtmlCacheBehavior [ RunTime:0.000609s ]
INFO: [ app_begin ] --END-- [ RunTime:0.000696s ]
SQL: SHOW COLUMNS FROM `yd_system` [ RunTime:0.0005s ]
SQL: SELECT * FROM `yd_system` LIMIT 1   [ RunTime:0.0003s ]
INFO: [ view_parse ] --START--
INFO: [ template_filter ] --START--
INFO: Run Behavior\ContentReplaceBehavior [ RunTime:0.000080s ]
INFO: [ template_filter ] --END-- [ RunTime:0.000167s ]
INFO: Run Behavior\ParseTemplateBehavior [ RunTime:0.009344s ]
INFO: [ view_parse ] --END-- [ RunTime:0.009437s ]
INFO: [ view_filter ] --START--
INFO: Run Behavior\WriteHtmlCacheBehavior [ RunTime:0.000563s ]
INFO: [ view_filter ] --END-- [ RunTime:0.000644s ]
INFO: [ app_end ] --START--
INFO: Run Behavior\ShowPageTraceBehavior [ RunTime:0.000628s ]
INFO: [ app_end ] --END-- [ RunTime:0.000739s ]

[ 2017-05-31T08:43:30+08:00 ] 127.0.0.1 /Upadmin/Web/navigation_list.html
INFO: [ app_init ] --START--
INFO: Run Behavior\BuildLiteBehavior [ RunTime:0.000020s ]
INFO: [ app_init ] --END-- [ RunTime:0.000541s ]
INFO: [ app_begin ] --START--
INFO: Run Behavior\ReadHtmlCacheBehavior [ RunTime:0.000616s ]
INFO: [ app_begin ] --END-- [ RunTime:0.000702s ]
SQL: SHOW COLUMNS FROM `yd_navigation` [ RunTime:0.0009s ]
SQL: SELECT COUNT(*) AS tp_count FROM `yd_navigation` LIMIT 1   [ RunTime:0.0003s ]
SQL: SELECT * FROM `yd_navigation` ORDER BY orderid LIMIT 0,10   [ RunTime:0.0004s ]
INFO: [ view_parse ] --START--
INFO: [ template_filter ] --START--
INFO: Run Behavior\ContentReplaceBehavior [ RunTime:0.000086s ]
INFO: [ template_filter ] --END-- [ RunTime:0.000172s ]
INFO: Run Behavior\ParseTemplateBehavior [ RunTime:0.018269s ]
INFO: [ view_parse ] --END-- [ RunTime:0.018362s ]
INFO: [ view_filter ] --START--
INFO: Run Behavior\WriteHtmlCacheBehavior [ RunTime:0.000495s ]
INFO: [ view_filter ] --END-- [ RunTime:0.000577s ]
INFO: [ app_end ] --START--
INFO: Run Behavior\ShowPageTraceBehavior [ RunTime:0.000623s ]
INFO: [ app_end ] --END-- [ RunTime:0.000733s ]

[ 2017-05-31T08:43:31+08:00 ] 127.0.0.1 /Upadmin/Admin/admin_list.html
INFO: [ app_init ] --START--
INFO: Run Behavior\BuildLiteBehavior [ RunTime:0.000018s ]
INFO: [ app_init ] --END-- [ RunTime:0.000474s ]
INFO: [ app_begin ] --START--
INFO: Run Behavior\ReadHtmlCacheBehavior [ RunTime:0.001271s ]
INFO: [ app_begin ] --END-- [ RunTime:0.001374s ]
SQL: SHOW COLUMNS FROM `yd_admin` [ RunTime:0.0005s ]
SQL: SELECT * FROM `yd_admin`  [ RunTime:0.0003s ]
INFO: [ view_parse ] --START--
INFO: [ template_filter ] --START--
INFO: Run Behavior\ContentReplaceBehavior [ RunTime:0.000089s ]
INFO: [ template_filter ] --END-- [ RunTime:0.000176s ]
INFO: Run Behavior\ParseTemplateBehavior [ RunTime:0.022359s ]
INFO: [ view_parse ] --END-- [ RunTime:0.022452s ]
INFO: [ view_filter ] --START--
INFO: Run Behavior\WriteHtmlCacheBehavior [ RunTime:0.000498s ]
INFO: [ view_filter ] --END-- [ RunTime:0.000578s ]
INFO: [ app_end ] --START--
INFO: Run Behavior\ShowPageTraceBehavior [ RunTime:0.000691s ]
INFO: [ app_end ] --END-- [ RunTime:0.000794s ]

[ 2017-05-31T08:43:31+08:00 ] 127.0.0.1 /Upadmin/Admin/favicon.ico
INFO: [ app_init ] --START--
INFO: Run Behavior\BuildLiteBehavior [ RunTime:0.000019s ]
INFO: [ app_init ] --END-- [ RunTime:0.000500s ]

[ 2017-05-31T08:43:32+08:00 ] 127.0.0.1 /Upadmin/User/User_list.html
INFO: [ app_init ] --START--
INFO: Run Behavior\BuildLiteBehavior [ RunTime:0.000018s ]
INFO: [ app_init ] --END-- [ RunTime:0.000416s ]
INFO: [ app_begin ] --START--
INFO: Run Behavior\ReadHtmlCacheBehavior [ RunTime:0.000571s ]
INFO: [ app_begin ] --END-- [ RunTime:0.000657s ]
SQL: SHOW COLUMNS FROM `yd_company_info` [ RunTime:0.0009s ]
SQL: SELECT COUNT(*) AS tp_count FROM `yd_company_info` LIMIT 1   [ RunTime:0.0003s ]
SQL: SELECT `com_id`,`com_storeid`,`com_url`,`com_name`,`com_province`,`com_city`,`com_district`,`com_detailed`,`com_visit`,`com_praise`,`com_time`,`com_is_rec`,`com_status` FROM `yd_company_info` LIMIT 0,10   [ RunTime:0.0004s ]
INFO: [ view_parse ] --START--
INFO: [ template_filter ] --START--
INFO: Run Behavior\ContentReplaceBehavior [ RunTime:0.000103s ]
INFO: [ template_filter ] --END-- [ RunTime:0.000192s ]
NOTIC: [8] Use of undefined constant com_url - assumed 'com_url' D:\wamp64\www\spectrum\public_html\Application\Runtime\Cache\Upadmin\ace4322b73e65b5c5432286c19d0cb18.php 第 164 行.
NOTIC: [8] Use of undefined constant com_url - assumed 'com_url' D:\wamp64\www\spectrum\public_html\Application\Runtime\Cache\Upadmin\ace4322b73e65b5c5432286c19d0cb18.php 第 164 行.
NOTIC: [8] Use of undefined constant com_is_rec - assumed 'com_is_rec' D:\wamp64\www\spectrum\public_html\Application\Runtime\Cache\Upadmin\ace4322b73e65b5c5432286c19d0cb18.php 第 168 行.
NOTIC: [8] Use of undefined constant com_time - assumed 'com_time' D:\wamp64\www\spectrum\public_html\Application\Runtime\Cache\Upadmin\ace4322b73e65b5c5432286c19d0cb18.php 第 172 行.
NOTIC: [8] Use of undefined constant com_url - assumed 'com_url' D:\wamp64\www\spectrum\public_html\Application\Runtime\Cache\Upadmin\ace4322b73e65b5c5432286c19d0cb18.php 第 164 行.
NOTIC: [8] Use of undefined constant com_url - assumed 'com_url' D:\wamp64\www\spectrum\public_html\Application\Runtime\Cache\Upadmin\ace4322b73e65b5c5432286c19d0cb18.php 第 164 行.
NOTIC: [8] Use of undefined constant com_is_rec - assumed 'com_is_rec' D:\wamp64\www\spectrum\public_html\Application\Runtime\Cache\Upadmin\ace4322b73e65b5c5432286c19d0cb18.php 第 168 行.
NOTIC: [8] Use of undefined constant com_time - assumed 'com_time' D:\wamp64\www\spectrum\public_html\Application\Runtime\Cache\Upadmin\ace4322b73e65b5c5432286c19d0cb18.php 第 172 行.
NOTIC: [8] Use of undefined constant com_url - assumed 'com_url' D:\wamp64\www\spectrum\public_html\Application\Runtime\Cache\Upadmin\ace4322b73e65b5c5432286c19d0cb18.php 第 164 行.
NOTIC: [8] Use of undefined constant com_url - assumed 'com_url' D:\wamp64\www\spectrum\public_html\Application\Runtime\Cache\Upadmin\ace4322b73e65b5c5432286c19d0cb18.php 第 164 行.
NOTIC: [8] Use of undefined constant com_is_rec - assumed 'com_is_rec' D:\wamp64\www\spectrum\public_html\Application\Runtime\Cache\Upadmin\ace4322b73e65b5c5432286c19d0cb18.php 第 168 行.
NOTIC: [8] Use of undefined constant com_time - assumed 'com_time' D:\wamp64\www\spectrum\public_html\Application\Runtime\Cache\Upadmin\ace4322b73e65b5c5432286c19d0cb18.php 第 172 行.
NOTIC: [8] Use of undefined constant com_url - assumed 'com_url' D:\wamp64\www\spectrum\public_html\Application\Runtime\Cache\Upadmin\ace4322b73e65b5c5432286c19d0cb18.php 第 164 行.
NOTIC: [8] Use of undefined constant com_url - assumed 'com_url' D:\wamp64\www\spectrum\public_html\Application\Runtime\Cache\Upadmin\ace4322b73e65b5c5432286c19d0cb18.php 第 164 行.
NOTIC: [8] Use of undefined constant com_is_rec - assumed 'com_is_rec' D:\wamp64\www\spectrum\public_html\Application\Runtime\Cache\Upadmin\ace4322b73e65b5c5432286c19d0cb18.php 第 168 行.
NOTIC: [8] Use of undefined constant com_time - assumed 'com_time' D:\wamp64\www\spectrum\public_html\Application\Runtime\Cache\Upadmin\ace4322b73e65b5c5432286c19d0cb18.php 第 172 行.
INFO: Run Behavior\ParseTemplateBehavior [ RunTime:0.013439s ]
INFO: [ view_parse ] --END-- [ RunTime:0.013530s ]
INFO: [ view_filter ] --START--
INFO: Run Behavior\WriteHtmlCacheBehavior [ RunTime:0.000580s ]
INFO: [ view_filter ] --END-- [ RunTime:0.000669s ]
INFO: [ app_end ] --START--
INFO: Run Behavior\ShowPageTraceBehavior [ RunTime:0.000627s ]
INFO: [ app_end ] --END-- [ RunTime:0.000819s ]

[ 2017-05-31T08:43:33+08:00 ] 127.0.0.1 /Upadmin/User/favicon.ico
INFO: [ app_init ] --START--
INFO: Run Behavior\BuildLiteBehavior [ RunTime:0.000026s ]
INFO: [ app_init ] --END-- [ RunTime:0.000588s ]

[ 2017-05-31T08:43:37+08:00 ] 127.0.0.1 /Upadmin/User/User_list.html
INFO: [ app_init ] --START--
INFO: Run Behavior\BuildLiteBehavior [ RunTime:0.000046s ]
INFO: [ app_init ] --END-- [ RunTime:0.001017s ]
INFO: [ app_begin ] --START--
INFO: Run Behavior\ReadHtmlCacheBehavior [ RunTime:0.001360s ]
INFO: [ app_begin ] --END-- [ RunTime:0.001600s ]
SQL: SHOW COLUMNS FROM `yd_company_info` [ RunTime:0.0009s ]
SQL: SELECT COUNT(*) AS tp_count FROM `yd_company_info` LIMIT 1   [ RunTime:0.0003s ]
SQL: SELECT `com_id`,`com_storeid`,`com_url`,`com_name`,`com_province`,`com_city`,`com_district`,`com_detailed`,`com_visit`,`com_praise`,`com_time`,`com_is_rec`,`com_status` FROM `yd_company_info` LIMIT 0,10   [ RunTime:0.0005s ]
INFO: [ view_parse ] --START--
INFO: [ template_filter ] --START--
INFO: Run Behavior\ContentReplaceBehavior [ RunTime:0.000134s ]
INFO: [ template_filter ] --END-- [ RunTime:0.000253s ]
NOTIC: [8] Use of undefined constant com_url - assumed 'com_url' D:\wamp64\www\spectrum\public_html\Application\Runtime\Cache\Upadmin\ace4322b73e65b5c5432286c19d0cb18.php 第 164 行.
NOTIC: [8] Use of undefined constant com_url - assumed 'com_url' D:\wamp64\www\spectrum\public_html\Application\Runtime\Cache\Upadmin\ace4322b73e65b5c5432286c19d0cb18.php 第 164 行.
NOTIC: [8] Use of undefined constant com_is_rec - assumed 'com_is_rec' D:\wamp64\www\spectrum\public_html\Application\Runtime\Cache\Upadmin\ace4322b73e65b5c5432286c19d0cb18.php 第 168 行.
NOTIC: [8] Use of undefined constant com_time - assumed 'com_time' D:\wamp64\www\spectrum\public_html\Application\Runtime\Cache\Upadmin\ace4322b73e65b5c5432286c19d0cb18.php 第 172 行.
NOTIC: [8] Use of undefined constant com_url - assumed 'com_url' D:\wamp64\www\spectrum\public_html\Application\Runtime\Cache\Upadmin\ace4322b73e65b5c5432286c19d0cb18.php 第 164 行.
NOTIC: [8] Use of undefined constant com_url - assumed 'com_url' D:\wamp64\www\spectrum\public_html\Application\Runtime\Cache\Upadmin\ace4322b73e65b5c5432286c19d0cb18.php 第 164 行.
NOTIC: [8] Use of undefined constant com_is_rec - assumed 'com_is_rec' D:\wamp64\www\spectrum\public_html\Application\Runtime\Cache\Upadmin\ace4322b73e65b5c5432286c19d0cb18.php 第 168 行.
NOTIC: [8] Use of undefined constant com_time - assumed 'com_time' D:\wamp64\www\spectrum\public_html\Application\Runtime\Cache\Upadmin\ace4322b73e65b5c5432286c19d0cb18.php 第 172 行.
NOTIC: [8] Use of undefined constant com_url - assumed 'com_url' D:\wamp64\www\spectrum\public_html\Application\Runtime\Cache\Upadmin\ace4322b73e65b5c5432286c19d0cb18.php 第 164 行.
NOTIC: [8] Use of undefined constant com_url - assumed 'com_url' D:\wamp64\www\spectrum\public_html\Application\Runtime\Cache\Upadmin\ace4322b73e65b5c5432286c19d0cb18.php 第 164 行.
NOTIC: [8] Use of undefined constant com_is_rec - assumed 'com_is_rec' D:\wamp64\www\spectrum\public_html\Application\Runtime\Cache\Upadmin\ace4322b73e65b5c5432286c19d0cb18.php 第 168 行.
NOTIC: [8] Use of undefined constant com_time - assumed 'com_time' D:\wamp64\www\spectrum\public_html\Application\Runtime\Cache\Upadmin\ace4322b73e65b5c5432286c19d0cb18.php 第 172 行.
NOTIC: [8] Use of undefined constant com_url - assumed 'com_url' D:\wamp64\www\spectrum\public_html\Application\Runtime\Cache\Upadmin\ace4322b73e65b5c5432286c19d0cb18.php 第 164 行.
NOTIC: [8] Use of undefined constant com_url - assumed 'com_url' D:\wamp64\www\spectrum\public_html\Application\Runtime\Cache\Upadmin\ace4322b73e65b5c5432286c19d0cb18.php 第 164 行.
NOTIC: [8] Use of undefined constant com_is_rec - assumed 'com_is_rec' D:\wamp64\www\spectrum\public_html\Application\Runtime\Cache\Upadmin\ace4322b73e65b5c5432286c19d0cb18.php 第 168 行.
NOTIC: [8] Use of undefined constant com_time - assumed 'com_time' D:\wamp64\www\spectrum\public_html\Application\Runtime\Cache\Upadmin\ace4322b73e65b5c5432286c19d0cb18.php 第 172 行.
INFO: Run Behavior\ParseTemplateBehavior [ RunTime:0.018260s ]
INFO: [ view_parse ] --END-- [ RunTime:0.018392s ]
INFO: [ view_filter ] --START--
INFO: Run Behavior\WriteHtmlCacheBehavior [ RunTime:0.000701s ]
INFO: [ view_filter ] --END-- [ RunTime:0.000814s ]
INFO: [ app_end ] --START--
INFO: Run Behavior\ShowPageTraceBehavior [ RunTime:0.000850s ]
INFO: [ app_end ] --END-- [ RunTime:0.000980s ]

[ 2017-05-31T08:43:37+08:00 ] 127.0.0.1 /Upadmin/User/User_list.html
INFO: [ app_init ] --START--
INFO: Run Behavior\BuildLiteBehavior [ RunTime:0.000063s ]
INFO: [ app_init ] --END-- [ RunTime:0.000909s ]
INFO: [ app_begin ] --START--
INFO: Run Behavior\ReadHtmlCacheBehavior [ RunTime:0.001112s ]
INFO: [ app_begin ] --END-- [ RunTime:0.001314s ]
SQL: SHOW COLUMNS FROM `yd_company_info` [ RunTime:0.0005s ]
SQL: SELECT COUNT(*) AS tp_count FROM `yd_company_info` LIMIT 1   [ RunTime:0.0002s ]
SQL: SELECT `com_id`,`com_storeid`,`com_url`,`com_name`,`com_province`,`com_city`,`com_district`,`com_detailed`,`com_visit`,`com_praise`,`com_time`,`com_is_rec`,`com_status` FROM `yd_company_info` LIMIT 0,10   [ RunTime:0.0003s ]
INFO: [ view_parse ] --START--
INFO: [ template_filter ] --START--
INFO: Run Behavior\ContentReplaceBehavior [ RunTime:0.000106s ]
INFO: [ template_filter ] --END-- [ RunTime:0.000205s ]
NOTIC: [8] Use of undefined constant com_url - assumed 'com_url' D:\wamp64\www\spectrum\public_html\Application\Runtime\Cache\Upadmin\ace4322b73e65b5c5432286c19d0cb18.php 第 164 行.
NOTIC: [8] Use of undefined constant com_url - assumed 'com_url' D:\wamp64\www\spectrum\public_html\Application\Runtime\Cache\Upadmin\ace4322b73e65b5c5432286c19d0cb18.php 第 164 行.
NOTIC: [8] Use of undefined constant com_is_rec - assumed 'com_is_rec' D:\wamp64\www\spectrum\public_html\Application\Runtime\Cache\Upadmin\ace4322b73e65b5c5432286c19d0cb18.php 第 168 行.
NOTIC: [8] Use of undefined constant com_time - assumed 'com_time' D:\wamp64\www\spectrum\public_html\Application\Runtime\Cache\Upadmin\ace4322b73e65b5c5432286c19d0cb18.php 第 172 行.
NOTIC: [8] Use of undefined constant com_url - assumed 'com_url' D:\wamp64\www\spectrum\public_html\Application\Runtime\Cache\Upadmin\ace4322b73e65b5c5432286c19d0cb18.php 第 164 行.
NOTIC: [8] Use of undefined constant com_url - assumed 'com_url' D:\wamp64\www\spectrum\public_html\Application\Runtime\Cache\Upadmin\ace4322b73e65b5c5432286c19d0cb18.php 第 164 行.
NOTIC: [8] Use of undefined constant com_is_rec - assumed 'com_is_rec' D:\wamp64\www\spectrum\public_html\Application\Runtime\Cache\Upadmin\ace4322b73e65b5c5432286c19d0cb18.php 第 168 行.
NOTIC: [8] Use of undefined constant com_time - assumed 'com_time' D:\wamp64\www\spectrum\public_html\Application\Runtime\Cache\Upadmin\ace4322b73e65b5c5432286c19d0cb18.php 第 172 行.
NOTIC: [8] Use of undefined constant com_url - assumed 'com_url' D:\wamp64\www\spectrum\public_html\Application\Runtime\Cache\Upadmin\ace4322b73e65b5c5432286c19d0cb18.php 第 164 行.
NOTIC: [8] Use of undefined constant com_url - assumed 'com_url' D:\wamp64\www\spectrum\public_html\Application\Runtime\Cache\Upadmin\ace4322b73e65b5c5432286c19d0cb18.php 第 164 行.
NOTIC: [8] Use of undefined constant com_is_rec - assumed 'com_is_rec' D:\wamp64\www\spectrum\public_html\Application\Runtime\Cache\Upadmin\ace4322b73e65b5c5432286c19d0cb18.php 第 168 行.
NOTIC: [8] Use of undefined constant com_time - assumed 'com_time' D:\wamp64\www\spectrum\public_html\Application\Runtime\Cache\Upadmin\ace4322b73e65b5c5432286c19d0cb18.php 第 172 行.
NOTIC: [8] Use of undefined constant com_url - assumed 'com_url' D:\wamp64\www\spectrum\public_html\Application\Runtime\Cache\Upadmin\ace4322b73e65b5c5432286c19d0cb18.php 第 164 行.
NOTIC: [8] Use of undefined constant com_url - assumed 'com_url' D:\wamp64\www\spectrum\public_html\Application\Runtime\Cache\Upadmin\ace4322b73e65b5c5432286c19d0cb18.php 第 164 行.
NOTIC: [8] Use of undefined constant com_is_rec - assumed 'com_is_rec' D:\wamp64\www\spectrum\public_html\Application\Runtime\Cache\Upadmin\ace4322b73e65b5c5432286c19d0cb18.php 第 168 行.
NOTIC: [8] Use of undefined constant com_time - assumed 'com_time' D:\wamp64\www\spectrum\public_html\Application\Runtime\Cache\Upadmin\ace4322b73e65b5c5432286c19d0cb18.php 第 172 行.
INFO: Run Behavior\ParseTemplateBehavior [ RunTime:0.013494s ]
INFO: [ view_parse ] --END-- [ RunTime:0.013583s ]
INFO: [ view_filter ] --START--
INFO: Run Behavior\WriteHtmlCacheBehavior [ RunTime:0.000480s ]
INFO: [ view_filter ] --END-- [ RunTime:0.000562s ]
INFO: [ app_end ] --START--
INFO: Run Behavior\ShowPageTraceBehavior [ RunTime:0.000821s ]
INFO: [ app_end ] --END-- [ RunTime:0.000954s ]

[ 2017-05-31T08:43:38+08:00 ] 127.0.0.1 /Upadmin/User/User_list.html
INFO: [ app_init ] --START--
INFO: Run Behavior\BuildLiteBehavior [ RunTime:0.000039s ]
INFO: [ app_init ] --END-- [ RunTime:0.000891s ]
INFO: [ app_begin ] --START--
INFO: Run Behavior\ReadHtmlCacheBehavior [ RunTime:0.001121s ]
INFO: [ app_begin ] --END-- [ RunTime:0.001307s ]
SQL: SHOW COLUMNS FROM `yd_company_info` [ RunTime:0.0009s ]
SQL: SELECT COUNT(*) AS tp_count FROM `yd_company_info` LIMIT 1   [ RunTime:0.0004s ]
SQL: SELECT `com_id`,`com_storeid`,`com_url`,`com_name`,`com_province`,`com_city`,`com_district`,`com_detailed`,`com_visit`,`com_praise`,`com_time`,`com_is_rec`,`com_status` FROM `yd_company_info` LIMIT 0,10   [ RunTime:0.0005s ]
INFO: [ view_parse ] --START--
INFO: [ template_filter ] --START--
INFO: Run Behavior\ContentReplaceBehavior [ RunTime:0.000208s ]
INFO: [ template_filter ] --END-- [ RunTime:0.000401s ]
NOTIC: [8] Use of undefined constant com_url - assumed 'com_url' D:\wamp64\www\spectrum\public_html\Application\Runtime\Cache\Upadmin\ace4322b73e65b5c5432286c19d0cb18.php 第 164 行.
NOTIC: [8] Use of undefined constant com_url - assumed 'com_url' D:\wamp64\www\spectrum\public_html\Application\Runtime\Cache\Upadmin\ace4322b73e65b5c5432286c19d0cb18.php 第 164 行.
NOTIC: [8] Use of undefined constant com_is_rec - assumed 'com_is_rec' D:\wamp64\www\spectrum\public_html\Application\Runtime\Cache\Upadmin\ace4322b73e65b5c5432286c19d0cb18.php 第 168 行.
NOTIC: [8] Use of undefined constant com_time - assumed 'com_time' D:\wamp64\www\spectrum\public_html\Application\Runtime\Cache\Upadmin\ace4322b73e65b5c5432286c19d0cb18.php 第 172 行.
NOTIC: [8] Use of undefined constant com_url - assumed 'com_url' D:\wamp64\www\spectrum\public_html\Application\Runtime\Cache\Upadmin\ace4322b73e65b5c5432286c19d0cb18.php 第 164 行.
NOTIC: [8] Use of undefined constant com_url - assumed 'com_url' D:\wamp64\www\spectrum\public_html\Application\Runtime\Cache\Upadmin\ace4322b73e65b5c5432286c19d0cb18.php 第 164 行.
NOTIC: [8] Use of undefined constant com_is_rec - assumed 'com_is_rec' D:\wamp64\www\spectrum\public_html\Application\Runtime\Cache\Upadmin\ace4322b73e65b5c5432286c19d0cb18.php 第 168 行.
NOTIC: [8] Use of undefined constant com_time - assumed 'com_time' D:\wamp64\www\spectrum\public_html\Application\Runtime\Cache\Upadmin\ace4322b73e65b5c5432286c19d0cb18.php 第 172 行.
NOTIC: [8] Use of undefined constant com_url - assumed 'com_url' D:\wamp64\www\spectrum\public_html\Application\Runtime\Cache\Upadmin\ace4322b73e65b5c5432286c19d0cb18.php 第 164 行.
NOTIC: [8] Use of undefined constant com_url - assumed 'com_url' D:\wamp64\www\spectrum\public_html\Application\Runtime\Cache\Upadmin\ace4322b73e65b5c5432286c19d0cb18.php 第 164 行.
NOTIC: [8] Use of undefined constant com_is_rec - assumed 'com_is_rec' D:\wamp64\www\spectrum\public_html\Application\Runtime\Cache\Upadmin\ace4322b73e65b5c5432286c19d0cb18.php 第 168 行.
NOTIC: [8] Use of undefined constant com_time - assumed 'com_time' D:\wamp64\www\spectrum\public_html\Application\Runtime\Cache\Upadmin\ace4322b73e65b5c5432286c19d0cb18.php 第 172 行.
NOTIC: [8] Use of undefined constant com_url - assumed 'com_url' D:\wamp64\www\spectrum\public_html\Application\Runtime\Cache\Upadmin\ace4322b73e65b5c5432286c19d0cb18.php 第 164 行.
NOTIC: [8] Use of undefined constant com_url - assumed 'com_url' D:\wamp64\www\spectrum\public_html\Application\Runtime\Cache\Upadmin\ace4322b73e65b5c5432286c19d0cb18.php 第 164 行.
NOTIC: [8] Use of undefined constant com_is_rec - assumed 'com_is_rec' D:\wamp64\www\spectrum\public_html\Application\Runtime\Cache\Upadmin\ace4322b73e65b5c5432286c19d0cb18.php 第 168 行.
NOTIC: [8] Use of undefined constant com_time - assumed 'com_time' D:\wamp64\www\spectrum\public_html\Application\Runtime\Cache\Upadmin\ace4322b73e65b5c5432286c19d0cb18.php 第 172 行.
INFO: Run Behavior\ParseTemplateBehavior [ RunTime:0.026703s ]
INFO: [ view_parse ] --END-- [ RunTime:0.026834s ]
INFO: [ view_filter ] --START--
INFO: Run Behavior\WriteHtmlCacheBehavior [ RunTime:0.000563s ]
INFO: [ view_filter ] --END-- [ RunTime:0.000646s ]
INFO: [ app_end ] --START--
INFO: Run Behavior\ShowPageTraceBehavior [ RunTime:0.000689s ]
INFO: [ app_end ] --END-- [ RunTime:0.000851s ]

[ 2017-05-31T08:43:39+08:00 ] 127.0.0.1 /Upadmin/User/User_list.html
INFO: [ app_init ] --START--
INFO: Run Behavior\BuildLiteBehavior [ RunTime:0.000039s ]
INFO: [ app_init ] --END-- [ RunTime:0.000931s ]
INFO: [ app_begin ] --START--
INFO: Run Behavior\ReadHtmlCacheBehavior [ RunTime:0.001348s ]
INFO: [ app_begin ] --END-- [ RunTime:0.001550s ]
SQL: SHOW COLUMNS FROM `yd_company_info` [ RunTime:0.0006s ]
SQL: SELECT COUNT(*) AS tp_count FROM `yd_company_info` LIMIT 1   [ RunTime:0.0002s ]
SQL: SELECT `com_id`,`com_storeid`,`com_url`,`com_name`,`com_province`,`com_city`,`com_district`,`com_detailed`,`com_visit`,`com_praise`,`com_time`,`com_is_rec`,`com_status` FROM `yd_company_info` LIMIT 0,10   [ RunTime:0.0004s ]
INFO: [ view_parse ] --START--
INFO: [ template_filter ] --START--
INFO: Run Behavior\ContentReplaceBehavior [ RunTime:0.000107s ]
INFO: [ template_filter ] --END-- [ RunTime:0.000198s ]
NOTIC: [8] Use of undefined constant com_url - assumed 'com_url' D:\wamp64\www\spectrum\public_html\Application\Runtime\Cache\Upadmin\ace4322b73e65b5c5432286c19d0cb18.php 第 164 行.
NOTIC: [8] Use of undefined constant com_url - assumed 'com_url' D:\wamp64\www\spectrum\public_html\Application\Runtime\Cache\Upadmin\ace4322b73e65b5c5432286c19d0cb18.php 第 164 行.
NOTIC: [8] Use of undefined constant com_is_rec - assumed 'com_is_rec' D:\wamp64\www\spectrum\public_html\Application\Runtime\Cache\Upadmin\ace4322b73e65b5c5432286c19d0cb18.php 第 168 行.
NOTIC: [8] Use of undefined constant com_time - assumed 'com_time' D:\wamp64\www\spectrum\public_html\Application\Runtime\Cache\Upadmin\ace4322b73e65b5c5432286c19d0cb18.php 第 172 行.
NOTIC: [8] Use of undefined constant com_url - assumed 'com_url' D:\wamp64\www\spectrum\public_html\Application\Runtime\Cache\Upadmin\ace4322b73e65b5c5432286c19d0cb18.php 第 164 行.
NOTIC: [8] Use of undefined constant com_url - assumed 'com_url' D:\wamp64\www\spectrum\public_html\Application\Runtime\Cache\Upadmin\ace4322b73e65b5c5432286c19d0cb18.php 第 164 行.
NOTIC: [8] Use of undefined constant com_is_rec - assumed 'com_is_rec' D:\wamp64\www\spectrum\public_html\Application\Runtime\Cache\Upadmin\ace4322b73e65b5c5432286c19d0cb18.php 第 168 行.
NOTIC: [8] Use of undefined constant com_time - assumed 'com_time' D:\wamp64\www\spectrum\public_html\Application\Runtime\Cache\Upadmin\ace4322b73e65b5c5432286c19d0cb18.php 第 172 行.
NOTIC: [8] Use of undefined constant com_url - assumed 'com_url' D:\wamp64\www\spectrum\public_html\Application\Runtime\Cache\Upadmin\ace4322b73e65b5c5432286c19d0cb18.php 第 164 行.
NOTIC: [8] Use of undefined constant com_url - assumed 'com_url' D:\wamp64\www\spectrum\public_html\Application\Runtime\Cache\Upadmin\ace4322b73e65b5c5432286c19d0cb18.php 第 164 行.
NOTIC: [8] Use of undefined constant com_is_rec - assumed 'com_is_rec' D:\wamp64\www\spectrum\public_html\Application\Runtime\Cache\Upadmin\ace4322b73e65b5c5432286c19d0cb18.php 第 168 行.
NOTIC: [8] Use of undefined constant com_time - assumed 'com_time' D:\wamp64\www\spectrum\public_html\Application\Runtime\Cache\Upadmin\ace4322b73e65b5c5432286c19d0cb18.php 第 172 行.
NOTIC: [8] Use of undefined constant com_url - assumed 'com_url' D:\wamp64\www\spectrum\public_html\Application\Runtime\Cache\Upadmin\ace4322b73e65b5c5432286c19d0cb18.php 第 164 行.
NOTIC: [8] Use of undefined constant com_url - assumed 'com_url' D:\wamp64\www\spectrum\public_html\Application\Runtime\Cache\Upadmin\ace4322b73e65b5c5432286c19d0cb18.php 第 164 行.
NOTIC: [8] Use of undefined constant com_is_rec - assumed 'com_is_rec' D:\wamp64\www\spectrum\public_html\Application\Runtime\Cache\Upadmin\ace4322b73e65b5c5432286c19d0cb18.php 第 168 行.
NOTIC: [8] Use of undefined constant com_time - assumed 'com_time' D:\wamp64\www\spectrum\public_html\Application\Runtime\Cache\Upadmin\ace4322b73e65b5c5432286c19d0cb18.php 第 172 行.
INFO: Run Behavior\ParseTemplateBehavior [ RunTime:0.013588s ]
INFO: [ view_parse ] --END-- [ RunTime:0.013680s ]
INFO: [ view_filter ] --START--
INFO: Run Behavior\WriteHtmlCacheBehavior [ RunTime:0.000568s ]
INFO: [ view_filter ] --END-- [ RunTime:0.000652s ]
INFO: [ app_end ] --START--
INFO: Run Behavior\ShowPageTraceBehavior [ RunTime:0.001024s ]
INFO: [ app_end ] --END-- [ RunTime:0.001257s ]

[ 2017-05-31T08:43:39+08:00 ] 127.0.0.1 /Upadmin/User/User_list.html
INFO: [ app_init ] --START--
INFO: Run Behavior\BuildLiteBehavior [ RunTime:0.000037s ]
INFO: [ app_init ] --END-- [ RunTime:0.000845s ]
INFO: [ app_begin ] --START--
INFO: Run Behavior\ReadHtmlCacheBehavior [ RunTime:0.001105s ]
INFO: [ app_begin ] --END-- [ RunTime:0.001281s ]
SQL: SHOW COLUMNS FROM `yd_company_info` [ RunTime:0.0006s ]
SQL: SELECT COUNT(*) AS tp_count FROM `yd_company_info` LIMIT 1   [ RunTime:0.0002s ]
SQL: SELECT `com_id`,`com_storeid`,`com_url`,`com_name`,`com_province`,`com_city`,`com_district`,`com_detailed`,`com_visit`,`com_praise`,`com_time`,`com_is_rec`,`com_status` FROM `yd_company_info` LIMIT 0,10   [ RunTime:0.0004s ]
INFO: [ view_parse ] --START--
INFO: [ template_filter ] --START--
INFO: Run Behavior\ContentReplaceBehavior [ RunTime:0.000100s ]
INFO: [ template_filter ] --END-- [ RunTime:0.000186s ]
NOTIC: [8] Use of undefined constant com_url - assumed 'com_url' D:\wamp64\www\spectrum\public_html\Application\Runtime\Cache\Upadmin\ace4322b73e65b5c5432286c19d0cb18.php 第 164 行.
NOTIC: [8] Use of undefined constant com_url - assumed 'com_url' D:\wamp64\www\spectrum\public_html\Application\Runtime\Cache\Upadmin\ace4322b73e65b5c5432286c19d0cb18.php 第 164 行.
NOTIC: [8] Use of undefined constant com_is_rec - assumed 'com_is_rec' D:\wamp64\www\spectrum\public_html\Application\Runtime\Cache\Upadmin\ace4322b73e65b5c5432286c19d0cb18.php 第 168 行.
NOTIC: [8] Use of undefined constant com_time - assumed 'com_time' D:\wamp64\www\spectrum\public_html\Application\Runtime\Cache\Upadmin\ace4322b73e65b5c5432286c19d0cb18.php 第 172 行.
NOTIC: [8] Use of undefined constant com_url - assumed 'com_url' D:\wamp64\www\spectrum\public_html\Application\Runtime\Cache\Upadmin\ace4322b73e65b5c5432286c19d0cb18.php 第 164 行.
NOTIC: [8] Use of undefined constant com_url - assumed 'com_url' D:\wamp64\www\spectrum\public_html\Application\Runtime\Cache\Upadmin\ace4322b73e65b5c5432286c19d0cb18.php 第 164 行.
NOTIC: [8] Use of undefined constant com_is_rec - assumed 'com_is_rec' D:\wamp64\www\spectrum\public_html\Application\Runtime\Cache\Upadmin\ace4322b73e65b5c5432286c19d0cb18.php 第 168 行.
NOTIC: [8] Use of undefined constant com_time - assumed 'com_time' D:\wamp64\www\spectrum\public_html\Application\Runtime\Cache\Upadmin\ace4322b73e65b5c5432286c19d0cb18.php 第 172 行.
NOTIC: [8] Use of undefined constant com_url - assumed 'com_url' D:\wamp64\www\spectrum\public_html\Application\Runtime\Cache\Upadmin\ace4322b73e65b5c5432286c19d0cb18.php 第 164 行.
NOTIC: [8] Use of undefined constant com_url - assumed 'com_url' D:\wamp64\www\spectrum\public_html\Application\Runtime\Cache\Upadmin\ace4322b73e65b5c5432286c19d0cb18.php 第 164 行.
NOTIC: [8] Use of undefined constant com_is_rec - assumed 'com_is_rec' D:\wamp64\www\spectrum\public_html\Application\Runtime\Cache\Upadmin\ace4322b73e65b5c5432286c19d0cb18.php 第 168 行.
NOTIC: [8] Use of undefined constant com_time - assumed 'com_time' D:\wamp64\www\spectrum\public_html\Application\Runtime\Cache\Upadmin\ace4322b73e65b5c5432286c19d0cb18.php 第 172 行.
NOTIC: [8] Use of undefined constant com_url - assumed 'com_url' D:\wamp64\www\spectrum\public_html\Application\Runtime\Cache\Upadmin\ace4322b73e65b5c5432286c19d0cb18.php 第 164 行.
NOTIC: [8] Use of undefined constant com_url - assumed 'com_url' D:\wamp64\www\spectrum\public_html\Application\Runtime\Cache\Upadmin\ace4322b73e65b5c5432286c19d0cb18.php 第 164 行.
NOTIC: [8] Use of undefined constant com_is_rec - assumed 'com_is_rec' D:\wamp64\www\spectrum\public_html\Application\Runtime\Cache\Upadmin\ace4322b73e65b5c5432286c19d0cb18.php 第 168 行.
NOTIC: [8] Use of undefined constant com_time - assumed 'com_time' D:\wamp64\www\spectrum\public_html\Application\Runtime\Cache\Upadmin\ace4322b73e65b5c5432286c19d0cb18.php 第 172 行.
INFO: Run Behavior\ParseTemplateBehavior [ RunTime:0.013153s ]
INFO: [ view_parse ] --END-- [ RunTime:0.013236s ]
INFO: [ view_filter ] --START--
INFO: Run Behavior\WriteHtmlCacheBehavior [ RunTime:0.000469s ]
INFO: [ view_filter ] --END-- [ RunTime:0.000549s ]
INFO: [ app_end ] --START--
INFO: Run Behavior\ShowPageTraceBehavior [ RunTime:0.000636s ]
INFO: [ app_end ] --END-- [ RunTime:0.000734s ]

