[ 2017-05-17T19:05:37+08:00 ] 119.130.231.197 /upadmin
INFO: [ app_init ] --START--
INFO: Run Behavior\BuildLiteBehavior [ RunTime:0.000012s ]
INFO: [ app_init ] --END-- [ RunTime:0.000372s ]
INFO: [ app_begin ] --START--
INFO: Run Behavior\ReadHtmlCacheBehavior [ RunTime:0.000448s ]
INFO: [ app_begin ] --END-- [ RunTime:0.000493s ]
INFO: [ view_parse ] --START--
INFO: [ template_filter ] --START--
INFO: Run Behavior\ContentReplaceBehavior [ RunTime:0.000054s ]
INFO: [ template_filter ] --END-- [ RunTime:0.000097s ]
INFO: Run Behavior\ParseTemplateBehavior [ RunTime:0.008246s ]
INFO: [ view_parse ] --END-- [ RunTime:0.008289s ]
INFO: [ view_filter ] --START--
INFO: Run Behavior\WriteHtmlCacheBehavior [ RunTime:0.000257s ]
INFO: [ view_filter ] --END-- [ RunTime:0.000293s ]
INFO: [ app_end ] --START--
INFO: Run Behavior\ShowPageTraceBehavior [ RunTime:0.000489s ]
INFO: [ app_end ] --END-- [ RunTime:0.000533s ]

[ 2017-05-17T19:05:37+08:00 ] 119.130.231.197 /upadmin/login/login
INFO: [ app_init ] --START--
INFO: Run Behavior\BuildLiteBehavior [ RunTime:0.000012s ]
INFO: [ app_init ] --END-- [ RunTime:0.000386s ]
INFO: [ app_begin ] --START--
INFO: Run Behavior\ReadHtmlCacheBehavior [ RunTime:0.000452s ]
INFO: [ app_begin ] --END-- [ RunTime:0.000499s ]
INFO: [ view_parse ] --START--
INFO: [ template_filter ] --START--
INFO: Run Behavior\ContentReplaceBehavior [ RunTime:0.000034s ]
INFO: [ template_filter ] --END-- [ RunTime:0.000076s ]
NOTIC: [8] Use of undefined constant yzm - assumed 'yzm' /mnt/web/spectrum/public_html/Application/Runtime/Cache/Upadmin/97280386580f9501793336ede196af79.php 第 45 行.
NOTIC: [8] Use of undefined constant yzm - assumed 'yzm' /mnt/web/spectrum/public_html/Application/Runtime/Cache/Upadmin/97280386580f9501793336ede196af79.php 第 45 行.
INFO: Run Behavior\ParseTemplateBehavior [ RunTime:0.004725s ]
INFO: [ view_parse ] --END-- [ RunTime:0.004776s ]
INFO: [ view_filter ] --START--
INFO: Run Behavior\WriteHtmlCacheBehavior [ RunTime:0.000267s ]
INFO: [ view_filter ] --END-- [ RunTime:0.000302s ]
INFO: [ app_end ] --START--
INFO: Run Behavior\ShowPageTraceBehavior [ RunTime:0.000455s ]
INFO: [ app_end ] --END-- [ RunTime:0.000493s ]

[ 2017-05-17T19:05:37+08:00 ] 119.130.231.197 /Upadmin/Login/yzm.html
INFO: [ app_init ] --START--
INFO: Run Behavior\BuildLiteBehavior [ RunTime:0.000026s ]
INFO: [ app_init ] --END-- [ RunTime:0.000383s ]
INFO: [ app_begin ] --START--
INFO: Run Behavior\ReadHtmlCacheBehavior [ RunTime:0.000455s ]
INFO: [ app_begin ] --END-- [ RunTime:0.000500s ]
INFO: [ app_end ] --START--
INFO: Run Behavior\ShowPageTraceBehavior [ RunTime:0.000463s ]
INFO: [ app_end ] --END-- [ RunTime:0.000513s ]

[ 2017-05-17T19:05:51+08:00 ] 119.130.231.197 /upadmin/login/login
INFO: [ app_init ] --START--
INFO: Run Behavior\BuildLiteBehavior [ RunTime:0.000028s ]
INFO: [ app_init ] --END-- [ RunTime:0.000409s ]
INFO: [ app_begin ] --START--
INFO: Run Behavior\ReadHtmlCacheBehavior [ RunTime:0.000463s ]
INFO: [ app_begin ] --END-- [ RunTime:0.000512s ]
SQL: SHOW COLUMNS FROM `yd_admin` [ RunTime:0.0011s ]
SQL: SELECT * FROM `yd_admin` WHERE `admin` = 'admin' AND `password` = '2efaef77b86d68ef7998de1b4af9d3bb' LIMIT 1   [ RunTime:0.0011s ]
INFO: [ view_parse ] --START--
INFO: [ template_filter ] --START--
INFO: Run Behavior\ContentReplaceBehavior [ RunTime:0.000036s ]
INFO: [ template_filter ] --END-- [ RunTime:0.000077s ]
NOTIC: [8] Use of undefined constant yzm - assumed 'yzm' /mnt/web/spectrum/public_html/Application/Runtime/Cache/Upadmin/97280386580f9501793336ede196af79.php 第 45 行.
NOTIC: [8] Use of undefined constant yzm - assumed 'yzm' /mnt/web/spectrum/public_html/Application/Runtime/Cache/Upadmin/97280386580f9501793336ede196af79.php 第 45 行.
INFO: Run Behavior\ParseTemplateBehavior [ RunTime:0.004847s ]
INFO: [ view_parse ] --END-- [ RunTime:0.004885s ]
INFO: [ view_filter ] --START--
INFO: Run Behavior\WriteHtmlCacheBehavior [ RunTime:0.000265s ]
INFO: [ view_filter ] --END-- [ RunTime:0.000315s ]
INFO: [ app_end ] --START--
INFO: Run Behavior\ShowPageTraceBehavior [ RunTime:0.000461s ]
INFO: [ app_end ] --END-- [ RunTime:0.000499s ]

[ 2017-05-17T19:05:51+08:00 ] 119.130.231.197 /upadmin/index/index
INFO: [ app_init ] --START--
INFO: Run Behavior\BuildLiteBehavior [ RunTime:0.000013s ]
INFO: [ app_init ] --END-- [ RunTime:0.000383s ]
INFO: [ app_begin ] --START--
INFO: Run Behavior\ReadHtmlCacheBehavior [ RunTime:0.000449s ]
INFO: [ app_begin ] --END-- [ RunTime:0.000496s ]
INFO: [ view_parse ] --START--
INFO: [ template_filter ] --START--
INFO: Run Behavior\ContentReplaceBehavior [ RunTime:0.000051s ]
INFO: [ template_filter ] --END-- [ RunTime:0.000109s ]
INFO: Run Behavior\ParseTemplateBehavior [ RunTime:0.008285s ]
INFO: [ view_parse ] --END-- [ RunTime:0.008330s ]
INFO: [ view_filter ] --START--
INFO: Run Behavior\WriteHtmlCacheBehavior [ RunTime:0.000265s ]
INFO: [ view_filter ] --END-- [ RunTime:0.000302s ]
INFO: [ app_end ] --START--
INFO: Run Behavior\ShowPageTraceBehavior [ RunTime:0.000502s ]
INFO: [ app_end ] --END-- [ RunTime:0.000549s ]

[ 2017-05-17T19:05:52+08:00 ] 119.130.231.197 /upadmin/index/favicon.ico
INFO: [ app_init ] --START--
INFO: Run Behavior\BuildLiteBehavior [ RunTime:0.000012s ]
INFO: [ app_init ] --END-- [ RunTime:0.000386s ]

[ 2017-05-17T19:05:55+08:00 ] 119.130.231.197 /Upadmin/User/User_list.html
INFO: [ app_init ] --START--
INFO: Run Behavior\BuildLiteBehavior [ RunTime:0.000013s ]
INFO: [ app_init ] --END-- [ RunTime:0.000377s ]
INFO: [ app_begin ] --START--
INFO: Run Behavior\ReadHtmlCacheBehavior [ RunTime:0.000478s ]
INFO: [ app_begin ] --END-- [ RunTime:0.000524s ]
SQL: SHOW COLUMNS FROM `yd_company_info` [ RunTime:0.0012s ]
SQL: SELECT COUNT(*) AS tp_count FROM `yd_company_info` LIMIT 1   [ RunTime:0.0002s ]
SQL: SELECT `com_id`,`com_storeid`,`com_url`,`com_name`,`com_province`,`com_city`,`com_district`,`com_detailed`,`com_visit`,`com_praise`,`com_time`,`com_is_rec`,`com_status` FROM `yd_company_info` LIMIT 0,10   [ RunTime:0.0002s ]
INFO: [ view_parse ] --START--
INFO: [ template_filter ] --START--
INFO: Run Behavior\ContentReplaceBehavior [ RunTime:0.000068s ]
INFO: [ template_filter ] --END-- [ RunTime:0.000109s ]
NOTIC: [8] Use of undefined constant com_url - assumed 'com_url' /mnt/web/spectrum/public_html/Application/Runtime/Cache/Upadmin/ace4322b73e65b5c5432286c19d0cb18.php 第 164 行.
NOTIC: [8] Use of undefined constant com_url - assumed 'com_url' /mnt/web/spectrum/public_html/Application/Runtime/Cache/Upadmin/ace4322b73e65b5c5432286c19d0cb18.php 第 164 行.
NOTIC: [8] Use of undefined constant com_is_rec - assumed 'com_is_rec' /mnt/web/spectrum/public_html/Application/Runtime/Cache/Upadmin/ace4322b73e65b5c5432286c19d0cb18.php 第 168 行.
NOTIC: [8] Use of undefined constant com_time - assumed 'com_time' /mnt/web/spectrum/public_html/Application/Runtime/Cache/Upadmin/ace4322b73e65b5c5432286c19d0cb18.php 第 172 行.
NOTIC: [8] Use of undefined constant com_url - assumed 'com_url' /mnt/web/spectrum/public_html/Application/Runtime/Cache/Upadmin/ace4322b73e65b5c5432286c19d0cb18.php 第 164 行.
NOTIC: [8] Use of undefined constant com_url - assumed 'com_url' /mnt/web/spectrum/public_html/Application/Runtime/Cache/Upadmin/ace4322b73e65b5c5432286c19d0cb18.php 第 164 行.
NOTIC: [8] Use of undefined constant com_is_rec - assumed 'com_is_rec' /mnt/web/spectrum/public_html/Application/Runtime/Cache/Upadmin/ace4322b73e65b5c5432286c19d0cb18.php 第 168 行.
NOTIC: [8] Use of undefined constant com_time - assumed 'com_time' /mnt/web/spectrum/public_html/Application/Runtime/Cache/Upadmin/ace4322b73e65b5c5432286c19d0cb18.php 第 172 行.
NOTIC: [8] Use of undefined constant com_url - assumed 'com_url' /mnt/web/spectrum/public_html/Application/Runtime/Cache/Upadmin/ace4322b73e65b5c5432286c19d0cb18.php 第 164 行.
NOTIC: [8] Use of undefined constant com_url - assumed 'com_url' /mnt/web/spectrum/public_html/Application/Runtime/Cache/Upadmin/ace4322b73e65b5c5432286c19d0cb18.php 第 164 行.
NOTIC: [8] Use of undefined constant com_is_rec - assumed 'com_is_rec' /mnt/web/spectrum/public_html/Application/Runtime/Cache/Upadmin/ace4322b73e65b5c5432286c19d0cb18.php 第 168 行.
NOTIC: [8] Use of undefined constant com_time - assumed 'com_time' /mnt/web/spectrum/public_html/Application/Runtime/Cache/Upadmin/ace4322b73e65b5c5432286c19d0cb18.php 第 172 行.
NOTIC: [8] Use of undefined constant com_url - assumed 'com_url' /mnt/web/spectrum/public_html/Application/Runtime/Cache/Upadmin/ace4322b73e65b5c5432286c19d0cb18.php 第 164 行.
NOTIC: [8] Use of undefined constant com_url - assumed 'com_url' /mnt/web/spectrum/public_html/Application/Runtime/Cache/Upadmin/ace4322b73e65b5c5432286c19d0cb18.php 第 164 行.
NOTIC: [8] Use of undefined constant com_is_rec - assumed 'com_is_rec' /mnt/web/spectrum/public_html/Application/Runtime/Cache/Upadmin/ace4322b73e65b5c5432286c19d0cb18.php 第 168 行.
NOTIC: [8] Use of undefined constant com_time - assumed 'com_time' /mnt/web/spectrum/public_html/Application/Runtime/Cache/Upadmin/ace4322b73e65b5c5432286c19d0cb18.php 第 172 行.
INFO: Run Behavior\ParseTemplateBehavior [ RunTime:0.010631s ]
INFO: [ view_parse ] --END-- [ RunTime:0.010671s ]
INFO: [ view_filter ] --START--
INFO: Run Behavior\WriteHtmlCacheBehavior [ RunTime:0.000264s ]
INFO: [ view_filter ] --END-- [ RunTime:0.000312s ]
INFO: [ app_end ] --START--
INFO: Run Behavior\ShowPageTraceBehavior [ RunTime:0.000481s ]
INFO: [ app_end ] --END-- [ RunTime:0.000528s ]

[ 2017-05-17T19:05:55+08:00 ] 119.130.231.197 /Upadmin/User/favicon.ico
INFO: [ app_init ] --START--
INFO: Run Behavior\BuildLiteBehavior [ RunTime:0.000013s ]
INFO: [ app_init ] --END-- [ RunTime:0.000388s ]

[ 2017-05-17T19:05:59+08:00 ] 119.130.231.197 /Upadmin/user/shenhe.html?com_id=73
INFO: [ app_init ] --START--
INFO: Run Behavior\BuildLiteBehavior [ RunTime:0.000013s ]
INFO: [ app_init ] --END-- [ RunTime:0.000373s ]
INFO: [ app_begin ] --START--
INFO: Run Behavior\ReadHtmlCacheBehavior [ RunTime:0.000454s ]
INFO: [ app_begin ] --END-- [ RunTime:0.000499s ]
SQL: SHOW COLUMNS FROM `yd_company_info` [ RunTime:0.0012s ]
SQL: SELECT * FROM `yd_company_info` WHERE `com_id` = 73 LIMIT 1   [ RunTime:0.0002s ]
INFO: [ view_parse ] --START--
INFO: [ template_filter ] --START--
INFO: Run Behavior\ContentReplaceBehavior [ RunTime:0.000092s ]
INFO: [ template_filter ] --END-- [ RunTime:0.000136s ]
NOTIC: [8] Use of undefined constant com_storeid - assumed 'com_storeid' /mnt/web/spectrum/public_html/Application/Runtime/Cache/Upadmin/dc9d82e26535551d543ca5ab49e75b71.php 第 482 行.
INFO: Run Behavior\ParseTemplateBehavior [ RunTime:0.011582s ]
INFO: [ view_parse ] --END-- [ RunTime:0.011620s ]
INFO: [ view_filter ] --START--
INFO: Run Behavior\WriteHtmlCacheBehavior [ RunTime:0.000263s ]
INFO: [ view_filter ] --END-- [ RunTime:0.000301s ]
INFO: [ app_end ] --START--
INFO: Run Behavior\ShowPageTraceBehavior [ RunTime:0.000472s ]
INFO: [ app_end ] --END-- [ RunTime:0.000519s ]

[ 2017-05-17T19:05:59+08:00 ] 119.130.231.197 /Upadmin/User/ajax_img
INFO: [ app_init ] --START--
INFO: Run Behavior\BuildLiteBehavior [ RunTime:0.000012s ]
INFO: [ app_init ] --END-- [ RunTime:0.000376s ]
INFO: [ app_begin ] --START--
INFO: Run Behavior\ReadHtmlCacheBehavior [ RunTime:0.000463s ]
INFO: [ app_begin ] --END-- [ RunTime:0.000507s ]
SQL: SHOW COLUMNS FROM `yd_image` [ RunTime:0.0010s ]
SQL: SELECT * FROM `yd_image` WHERE `img_storeid` = 617  [ RunTime:0.0002s ]
NOTIC: [8] Undefined variable: res /mnt/web/spectrum/public_html/Application/Upadmin/Controller/UserController.class.php 第 98 行.

[ 2017-05-17T19:05:59+08:00 ] 119.130.231.197 /Upadmin/user/favicon.ico
INFO: [ app_init ] --START--
INFO: Run Behavior\BuildLiteBehavior [ RunTime:0.000013s ]
INFO: [ app_init ] --END-- [ RunTime:0.000379s ]

[ 2017-05-17T19:06:25+08:00 ] 119.130.231.197 /Upadmin/User/audit
INFO: [ app_init ] --START--
INFO: Run Behavior\BuildLiteBehavior [ RunTime:0.000013s ]
INFO: [ app_init ] --END-- [ RunTime:0.000386s ]
INFO: [ app_begin ] --START--
INFO: Run Behavior\ReadHtmlCacheBehavior [ RunTime:0.000442s ]
INFO: [ app_begin ] --END-- [ RunTime:0.000485s ]
SQL: SHOW COLUMNS FROM `yd_audit` [ RunTime:0.0011s ]
SQL: INSERT INTO `yd_audit` (`name`,`beizhu`,`status`,`com_id`,`addtime`) VALUES ('admin','信息不完成，存在不真实的数据','2','73','1495019185') [ RunTime:0.0039s ]
SQL: SHOW COLUMNS FROM `yd_company_info` [ RunTime:0.0009s ]
SQL: UPDATE `yd_company_info` SET `com_status`='2' WHERE `com_id` = 73 [ RunTime:0.0029s ]

[ 2017-05-17T19:06:28+08:00 ] 119.130.231.197 /Upadmin/User/User_list
INFO: [ app_init ] --START--
INFO: Run Behavior\BuildLiteBehavior [ RunTime:0.000014s ]
INFO: [ app_init ] --END-- [ RunTime:0.000382s ]
INFO: [ app_begin ] --START--
INFO: Run Behavior\ReadHtmlCacheBehavior [ RunTime:0.000454s ]
INFO: [ app_begin ] --END-- [ RunTime:0.000500s ]
SQL: SHOW COLUMNS FROM `yd_company_info` [ RunTime:0.0012s ]
SQL: SELECT COUNT(*) AS tp_count FROM `yd_company_info` LIMIT 1   [ RunTime:0.0002s ]
SQL: SELECT `com_id`,`com_storeid`,`com_url`,`com_name`,`com_province`,`com_city`,`com_district`,`com_detailed`,`com_visit`,`com_praise`,`com_time`,`com_is_rec`,`com_status` FROM `yd_company_info` LIMIT 0,10   [ RunTime:0.0002s ]
INFO: [ view_parse ] --START--
INFO: [ template_filter ] --START--
INFO: Run Behavior\ContentReplaceBehavior [ RunTime:0.000067s ]
INFO: [ template_filter ] --END-- [ RunTime:0.000109s ]
NOTIC: [8] Use of undefined constant com_url - assumed 'com_url' /mnt/web/spectrum/public_html/Application/Runtime/Cache/Upadmin/ace4322b73e65b5c5432286c19d0cb18.php 第 164 行.
NOTIC: [8] Use of undefined constant com_url - assumed 'com_url' /mnt/web/spectrum/public_html/Application/Runtime/Cache/Upadmin/ace4322b73e65b5c5432286c19d0cb18.php 第 164 行.
NOTIC: [8] Use of undefined constant com_is_rec - assumed 'com_is_rec' /mnt/web/spectrum/public_html/Application/Runtime/Cache/Upadmin/ace4322b73e65b5c5432286c19d0cb18.php 第 168 行.
NOTIC: [8] Use of undefined constant com_time - assumed 'com_time' /mnt/web/spectrum/public_html/Application/Runtime/Cache/Upadmin/ace4322b73e65b5c5432286c19d0cb18.php 第 172 行.
NOTIC: [8] Use of undefined constant com_url - assumed 'com_url' /mnt/web/spectrum/public_html/Application/Runtime/Cache/Upadmin/ace4322b73e65b5c5432286c19d0cb18.php 第 164 行.
NOTIC: [8] Use of undefined constant com_url - assumed 'com_url' /mnt/web/spectrum/public_html/Application/Runtime/Cache/Upadmin/ace4322b73e65b5c5432286c19d0cb18.php 第 164 行.
NOTIC: [8] Use of undefined constant com_is_rec - assumed 'com_is_rec' /mnt/web/spectrum/public_html/Application/Runtime/Cache/Upadmin/ace4322b73e65b5c5432286c19d0cb18.php 第 168 行.
NOTIC: [8] Use of undefined constant com_time - assumed 'com_time' /mnt/web/spectrum/public_html/Application/Runtime/Cache/Upadmin/ace4322b73e65b5c5432286c19d0cb18.php 第 172 行.
NOTIC: [8] Use of undefined constant com_url - assumed 'com_url' /mnt/web/spectrum/public_html/Application/Runtime/Cache/Upadmin/ace4322b73e65b5c5432286c19d0cb18.php 第 164 行.
NOTIC: [8] Use of undefined constant com_url - assumed 'com_url' /mnt/web/spectrum/public_html/Application/Runtime/Cache/Upadmin/ace4322b73e65b5c5432286c19d0cb18.php 第 164 行.
NOTIC: [8] Use of undefined constant com_is_rec - assumed 'com_is_rec' /mnt/web/spectrum/public_html/Application/Runtime/Cache/Upadmin/ace4322b73e65b5c5432286c19d0cb18.php 第 168 行.
NOTIC: [8] Use of undefined constant com_time - assumed 'com_time' /mnt/web/spectrum/public_html/Application/Runtime/Cache/Upadmin/ace4322b73e65b5c5432286c19d0cb18.php 第 172 行.
NOTIC: [8] Use of undefined constant com_url - assumed 'com_url' /mnt/web/spectrum/public_html/Application/Runtime/Cache/Upadmin/ace4322b73e65b5c5432286c19d0cb18.php 第 164 行.
NOTIC: [8] Use of undefined constant com_url - assumed 'com_url' /mnt/web/spectrum/public_html/Application/Runtime/Cache/Upadmin/ace4322b73e65b5c5432286c19d0cb18.php 第 164 行.
NOTIC: [8] Use of undefined constant com_is_rec - assumed 'com_is_rec' /mnt/web/spectrum/public_html/Application/Runtime/Cache/Upadmin/ace4322b73e65b5c5432286c19d0cb18.php 第 168 行.
NOTIC: [8] Use of undefined constant com_time - assumed 'com_time' /mnt/web/spectrum/public_html/Application/Runtime/Cache/Upadmin/ace4322b73e65b5c5432286c19d0cb18.php 第 172 行.
INFO: Run Behavior\ParseTemplateBehavior [ RunTime:0.010629s ]
INFO: [ view_parse ] --END-- [ RunTime:0.010670s ]
INFO: [ view_filter ] --START--
INFO: Run Behavior\WriteHtmlCacheBehavior [ RunTime:0.000288s ]
INFO: [ view_filter ] --END-- [ RunTime:0.000325s ]
INFO: [ app_end ] --START--
INFO: Run Behavior\ShowPageTraceBehavior [ RunTime:0.000465s ]
INFO: [ app_end ] --END-- [ RunTime:0.000511s ]

[ 2017-05-17T19:06:41+08:00 ] 119.130.231.197 /Upadmin/User/User_list
INFO: [ app_init ] --START--
INFO: Run Behavior\BuildLiteBehavior [ RunTime:0.000014s ]
INFO: [ app_init ] --END-- [ RunTime:0.000405s ]
INFO: [ app_begin ] --START--
INFO: Run Behavior\ReadHtmlCacheBehavior [ RunTime:0.000449s ]
INFO: [ app_begin ] --END-- [ RunTime:0.000495s ]
SQL: SHOW COLUMNS FROM `yd_company_info` [ RunTime:0.0012s ]
SQL: SELECT COUNT(*) AS tp_count FROM `yd_company_info` LIMIT 1   [ RunTime:0.0002s ]
SQL: SELECT `com_id`,`com_storeid`,`com_url`,`com_name`,`com_province`,`com_city`,`com_district`,`com_detailed`,`com_visit`,`com_praise`,`com_time`,`com_is_rec`,`com_status` FROM `yd_company_info` LIMIT 0,10   [ RunTime:0.0002s ]
INFO: [ view_parse ] --START--
INFO: [ template_filter ] --START--
INFO: Run Behavior\ContentReplaceBehavior [ RunTime:0.000066s ]
INFO: [ template_filter ] --END-- [ RunTime:0.000125s ]
NOTIC: [8] Use of undefined constant com_url - assumed 'com_url' /mnt/web/spectrum/public_html/Application/Runtime/Cache/Upadmin/ace4322b73e65b5c5432286c19d0cb18.php 第 164 行.
NOTIC: [8] Use of undefined constant com_url - assumed 'com_url' /mnt/web/spectrum/public_html/Application/Runtime/Cache/Upadmin/ace4322b73e65b5c5432286c19d0cb18.php 第 164 行.
NOTIC: [8] Use of undefined constant com_is_rec - assumed 'com_is_rec' /mnt/web/spectrum/public_html/Application/Runtime/Cache/Upadmin/ace4322b73e65b5c5432286c19d0cb18.php 第 168 行.
NOTIC: [8] Use of undefined constant com_time - assumed 'com_time' /mnt/web/spectrum/public_html/Application/Runtime/Cache/Upadmin/ace4322b73e65b5c5432286c19d0cb18.php 第 172 行.
NOTIC: [8] Use of undefined constant com_url - assumed 'com_url' /mnt/web/spectrum/public_html/Application/Runtime/Cache/Upadmin/ace4322b73e65b5c5432286c19d0cb18.php 第 164 行.
NOTIC: [8] Use of undefined constant com_url - assumed 'com_url' /mnt/web/spectrum/public_html/Application/Runtime/Cache/Upadmin/ace4322b73e65b5c5432286c19d0cb18.php 第 164 行.
NOTIC: [8] Use of undefined constant com_is_rec - assumed 'com_is_rec' /mnt/web/spectrum/public_html/Application/Runtime/Cache/Upadmin/ace4322b73e65b5c5432286c19d0cb18.php 第 168 行.
NOTIC: [8] Use of undefined constant com_time - assumed 'com_time' /mnt/web/spectrum/public_html/Application/Runtime/Cache/Upadmin/ace4322b73e65b5c5432286c19d0cb18.php 第 172 行.
NOTIC: [8] Use of undefined constant com_url - assumed 'com_url' /mnt/web/spectrum/public_html/Application/Runtime/Cache/Upadmin/ace4322b73e65b5c5432286c19d0cb18.php 第 164 行.
NOTIC: [8] Use of undefined constant com_url - assumed 'com_url' /mnt/web/spectrum/public_html/Application/Runtime/Cache/Upadmin/ace4322b73e65b5c5432286c19d0cb18.php 第 164 行.
NOTIC: [8] Use of undefined constant com_is_rec - assumed 'com_is_rec' /mnt/web/spectrum/public_html/Application/Runtime/Cache/Upadmin/ace4322b73e65b5c5432286c19d0cb18.php 第 168 行.
NOTIC: [8] Use of undefined constant com_time - assumed 'com_time' /mnt/web/spectrum/public_html/Application/Runtime/Cache/Upadmin/ace4322b73e65b5c5432286c19d0cb18.php 第 172 行.
NOTIC: [8] Use of undefined constant com_url - assumed 'com_url' /mnt/web/spectrum/public_html/Application/Runtime/Cache/Upadmin/ace4322b73e65b5c5432286c19d0cb18.php 第 164 行.
NOTIC: [8] Use of undefined constant com_url - assumed 'com_url' /mnt/web/spectrum/public_html/Application/Runtime/Cache/Upadmin/ace4322b73e65b5c5432286c19d0cb18.php 第 164 行.
NOTIC: [8] Use of undefined constant com_is_rec - assumed 'com_is_rec' /mnt/web/spectrum/public_html/Application/Runtime/Cache/Upadmin/ace4322b73e65b5c5432286c19d0cb18.php 第 168 行.
NOTIC: [8] Use of undefined constant com_time - assumed 'com_time' /mnt/web/spectrum/public_html/Application/Runtime/Cache/Upadmin/ace4322b73e65b5c5432286c19d0cb18.php 第 172 行.
INFO: Run Behavior\ParseTemplateBehavior [ RunTime:0.010663s ]
INFO: [ view_parse ] --END-- [ RunTime:0.010703s ]
INFO: [ view_filter ] --START--
INFO: Run Behavior\WriteHtmlCacheBehavior [ RunTime:0.000274s ]
INFO: [ view_filter ] --END-- [ RunTime:0.000310s ]
INFO: [ app_end ] --START--
INFO: Run Behavior\ShowPageTraceBehavior [ RunTime:0.000480s ]
INFO: [ app_end ] --END-- [ RunTime:0.000525s ]

[ 2017-05-17T19:06:55+08:00 ] 119.130.231.197 /Upadmin/user/shenhe.html?com_id=66
INFO: [ app_init ] --START--
INFO: Run Behavior\BuildLiteBehavior [ RunTime:0.000013s ]
INFO: [ app_init ] --END-- [ RunTime:0.000381s ]
INFO: [ app_begin ] --START--
INFO: Run Behavior\ReadHtmlCacheBehavior [ RunTime:0.000479s ]
INFO: [ app_begin ] --END-- [ RunTime:0.000526s ]
SQL: SHOW COLUMNS FROM `yd_company_info` [ RunTime:0.0012s ]
SQL: SELECT * FROM `yd_company_info` WHERE `com_id` = 66 LIMIT 1   [ RunTime:0.0002s ]
INFO: [ view_parse ] --START--
INFO: [ template_filter ] --START--
INFO: Run Behavior\ContentReplaceBehavior [ RunTime:0.000093s ]
INFO: [ template_filter ] --END-- [ RunTime:0.000147s ]
NOTIC: [8] Use of undefined constant com_storeid - assumed 'com_storeid' /mnt/web/spectrum/public_html/Application/Runtime/Cache/Upadmin/dc9d82e26535551d543ca5ab49e75b71.php 第 482 行.
INFO: Run Behavior\ParseTemplateBehavior [ RunTime:0.011534s ]
INFO: [ view_parse ] --END-- [ RunTime:0.011572s ]
INFO: [ view_filter ] --START--
INFO: Run Behavior\WriteHtmlCacheBehavior [ RunTime:0.000285s ]
INFO: [ view_filter ] --END-- [ RunTime:0.000322s ]
INFO: [ app_end ] --START--
INFO: Run Behavior\ShowPageTraceBehavior [ RunTime:0.000473s ]
INFO: [ app_end ] --END-- [ RunTime:0.000518s ]

[ 2017-05-17T19:06:56+08:00 ] 119.130.231.197 /Upadmin/User/ajax_img
INFO: [ app_init ] --START--
INFO: Run Behavior\BuildLiteBehavior [ RunTime:0.000012s ]
INFO: [ app_init ] --END-- [ RunTime:0.000383s ]
INFO: [ app_begin ] --START--
INFO: Run Behavior\ReadHtmlCacheBehavior [ RunTime:0.000459s ]
INFO: [ app_begin ] --END-- [ RunTime:0.000505s ]
SQL: SHOW COLUMNS FROM `yd_image` [ RunTime:0.0012s ]
SQL: SELECT * FROM `yd_image` WHERE `img_storeid` = 607  [ RunTime:0.0002s ]

[ 2017-05-17T19:08:01+08:00 ] 119.130.231.197 /Upadmin/User/audit
INFO: [ app_init ] --START--
INFO: Run Behavior\BuildLiteBehavior [ RunTime:0.000013s ]
INFO: [ app_init ] --END-- [ RunTime:0.000382s ]
INFO: [ app_begin ] --START--
INFO: Run Behavior\ReadHtmlCacheBehavior [ RunTime:0.000469s ]
INFO: [ app_begin ] --END-- [ RunTime:0.000512s ]
SQL: SHOW COLUMNS FROM `yd_audit` [ RunTime:0.0011s ]
SQL: INSERT INTO `yd_audit` (`name`,`beizhu`,`status`,`com_id`,`addtime`) VALUES ('admin','信息不真实','2','66','1495019281') [ RunTime:0.0044s ]
SQL: SHOW COLUMNS FROM `yd_company_info` [ RunTime:0.0019s ]
SQL: UPDATE `yd_company_info` SET `com_status`='2' WHERE `com_id` = 66 [ RunTime:0.0032s ]

[ 2017-05-17T19:08:03+08:00 ] 119.130.231.197 /Upadmin/User/User_list
INFO: [ app_init ] --START--
INFO: Run Behavior\BuildLiteBehavior [ RunTime:0.000014s ]
INFO: [ app_init ] --END-- [ RunTime:0.000375s ]
INFO: [ app_begin ] --START--
INFO: Run Behavior\ReadHtmlCacheBehavior [ RunTime:0.000472s ]
INFO: [ app_begin ] --END-- [ RunTime:0.000518s ]
SQL: SHOW COLUMNS FROM `yd_company_info` [ RunTime:0.0012s ]
SQL: SELECT COUNT(*) AS tp_count FROM `yd_company_info` LIMIT 1   [ RunTime:0.0002s ]
SQL: SELECT `com_id`,`com_storeid`,`com_url`,`com_name`,`com_province`,`com_city`,`com_district`,`com_detailed`,`com_visit`,`com_praise`,`com_time`,`com_is_rec`,`com_status` FROM `yd_company_info` LIMIT 0,10   [ RunTime:0.0002s ]
INFO: [ view_parse ] --START--
INFO: [ template_filter ] --START--
INFO: Run Behavior\ContentReplaceBehavior [ RunTime:0.000067s ]
INFO: [ template_filter ] --END-- [ RunTime:0.000107s ]
NOTIC: [8] Use of undefined constant com_url - assumed 'com_url' /mnt/web/spectrum/public_html/Application/Runtime/Cache/Upadmin/ace4322b73e65b5c5432286c19d0cb18.php 第 164 行.
NOTIC: [8] Use of undefined constant com_url - assumed 'com_url' /mnt/web/spectrum/public_html/Application/Runtime/Cache/Upadmin/ace4322b73e65b5c5432286c19d0cb18.php 第 164 行.
NOTIC: [8] Use of undefined constant com_is_rec - assumed 'com_is_rec' /mnt/web/spectrum/public_html/Application/Runtime/Cache/Upadmin/ace4322b73e65b5c5432286c19d0cb18.php 第 168 行.
NOTIC: [8] Use of undefined constant com_time - assumed 'com_time' /mnt/web/spectrum/public_html/Application/Runtime/Cache/Upadmin/ace4322b73e65b5c5432286c19d0cb18.php 第 172 行.
NOTIC: [8] Use of undefined constant com_url - assumed 'com_url' /mnt/web/spectrum/public_html/Application/Runtime/Cache/Upadmin/ace4322b73e65b5c5432286c19d0cb18.php 第 164 行.
NOTIC: [8] Use of undefined constant com_url - assumed 'com_url' /mnt/web/spectrum/public_html/Application/Runtime/Cache/Upadmin/ace4322b73e65b5c5432286c19d0cb18.php 第 164 行.
NOTIC: [8] Use of undefined constant com_is_rec - assumed 'com_is_rec' /mnt/web/spectrum/public_html/Application/Runtime/Cache/Upadmin/ace4322b73e65b5c5432286c19d0cb18.php 第 168 行.
NOTIC: [8] Use of undefined constant com_time - assumed 'com_time' /mnt/web/spectrum/public_html/Application/Runtime/Cache/Upadmin/ace4322b73e65b5c5432286c19d0cb18.php 第 172 行.
NOTIC: [8] Use of undefined constant com_url - assumed 'com_url' /mnt/web/spectrum/public_html/Application/Runtime/Cache/Upadmin/ace4322b73e65b5c5432286c19d0cb18.php 第 164 行.
NOTIC: [8] Use of undefined constant com_url - assumed 'com_url' /mnt/web/spectrum/public_html/Application/Runtime/Cache/Upadmin/ace4322b73e65b5c5432286c19d0cb18.php 第 164 行.
NOTIC: [8] Use of undefined constant com_is_rec - assumed 'com_is_rec' /mnt/web/spectrum/public_html/Application/Runtime/Cache/Upadmin/ace4322b73e65b5c5432286c19d0cb18.php 第 168 行.
NOTIC: [8] Use of undefined constant com_time - assumed 'com_time' /mnt/web/spectrum/public_html/Application/Runtime/Cache/Upadmin/ace4322b73e65b5c5432286c19d0cb18.php 第 172 行.
NOTIC: [8] Use of undefined constant com_url - assumed 'com_url' /mnt/web/spectrum/public_html/Application/Runtime/Cache/Upadmin/ace4322b73e65b5c5432286c19d0cb18.php 第 164 行.
NOTIC: [8] Use of undefined constant com_url - assumed 'com_url' /mnt/web/spectrum/public_html/Application/Runtime/Cache/Upadmin/ace4322b73e65b5c5432286c19d0cb18.php 第 164 行.
NOTIC: [8] Use of undefined constant com_is_rec - assumed 'com_is_rec' /mnt/web/spectrum/public_html/Application/Runtime/Cache/Upadmin/ace4322b73e65b5c5432286c19d0cb18.php 第 168 行.
NOTIC: [8] Use of undefined constant com_time - assumed 'com_time' /mnt/web/spectrum/public_html/Application/Runtime/Cache/Upadmin/ace4322b73e65b5c5432286c19d0cb18.php 第 172 行.
INFO: Run Behavior\ParseTemplateBehavior [ RunTime:0.010709s ]
INFO: [ view_parse ] --END-- [ RunTime:0.010747s ]
INFO: [ view_filter ] --START--
INFO: Run Behavior\WriteHtmlCacheBehavior [ RunTime:0.000269s ]
INFO: [ view_filter ] --END-- [ RunTime:0.000306s ]
INFO: [ app_end ] --START--
INFO: Run Behavior\ShowPageTraceBehavior [ RunTime:0.000473s ]
INFO: [ app_end ] --END-- [ RunTime:0.000518s ]

[ 2017-05-17T19:15:33+08:00 ] 119.130.231.197 /Upadmin/User/User_list.html
INFO: [ app_init ] --START--
INFO: Run Behavior\BuildLiteBehavior [ RunTime:0.000013s ]
INFO: [ app_init ] --END-- [ RunTime:0.000373s ]
INFO: [ app_begin ] --START--
INFO: Run Behavior\ReadHtmlCacheBehavior [ RunTime:0.000496s ]
INFO: [ app_begin ] --END-- [ RunTime:0.000542s ]
SQL: SHOW COLUMNS FROM `yd_company_info` [ RunTime:0.0012s ]
SQL: SELECT COUNT(*) AS tp_count FROM `yd_company_info` LIMIT 1   [ RunTime:0.0002s ]
SQL: SELECT `com_id`,`com_storeid`,`com_url`,`com_name`,`com_province`,`com_city`,`com_district`,`com_detailed`,`com_visit`,`com_praise`,`com_time`,`com_is_rec`,`com_status` FROM `yd_company_info` LIMIT 0,10   [ RunTime:0.0002s ]
INFO: [ view_parse ] --START--
INFO: [ template_filter ] --START--
INFO: Run Behavior\ContentReplaceBehavior [ RunTime:0.000068s ]
INFO: [ template_filter ] --END-- [ RunTime:0.000110s ]
NOTIC: [8] Use of undefined constant com_url - assumed 'com_url' /mnt/web/spectrum/public_html/Application/Runtime/Cache/Upadmin/ace4322b73e65b5c5432286c19d0cb18.php 第 164 行.
NOTIC: [8] Use of undefined constant com_url - assumed 'com_url' /mnt/web/spectrum/public_html/Application/Runtime/Cache/Upadmin/ace4322b73e65b5c5432286c19d0cb18.php 第 164 行.
NOTIC: [8] Use of undefined constant com_is_rec - assumed 'com_is_rec' /mnt/web/spectrum/public_html/Application/Runtime/Cache/Upadmin/ace4322b73e65b5c5432286c19d0cb18.php 第 168 行.
NOTIC: [8] Use of undefined constant com_time - assumed 'com_time' /mnt/web/spectrum/public_html/Application/Runtime/Cache/Upadmin/ace4322b73e65b5c5432286c19d0cb18.php 第 172 行.
NOTIC: [8] Use of undefined constant com_url - assumed 'com_url' /mnt/web/spectrum/public_html/Application/Runtime/Cache/Upadmin/ace4322b73e65b5c5432286c19d0cb18.php 第 164 行.
NOTIC: [8] Use of undefined constant com_url - assumed 'com_url' /mnt/web/spectrum/public_html/Application/Runtime/Cache/Upadmin/ace4322b73e65b5c5432286c19d0cb18.php 第 164 行.
NOTIC: [8] Use of undefined constant com_is_rec - assumed 'com_is_rec' /mnt/web/spectrum/public_html/Application/Runtime/Cache/Upadmin/ace4322b73e65b5c5432286c19d0cb18.php 第 168 行.
NOTIC: [8] Use of undefined constant com_time - assumed 'com_time' /mnt/web/spectrum/public_html/Application/Runtime/Cache/Upadmin/ace4322b73e65b5c5432286c19d0cb18.php 第 172 行.
NOTIC: [8] Use of undefined constant com_url - assumed 'com_url' /mnt/web/spectrum/public_html/Application/Runtime/Cache/Upadmin/ace4322b73e65b5c5432286c19d0cb18.php 第 164 行.
NOTIC: [8] Use of undefined constant com_url - assumed 'com_url' /mnt/web/spectrum/public_html/Application/Runtime/Cache/Upadmin/ace4322b73e65b5c5432286c19d0cb18.php 第 164 行.
NOTIC: [8] Use of undefined constant com_is_rec - assumed 'com_is_rec' /mnt/web/spectrum/public_html/Application/Runtime/Cache/Upadmin/ace4322b73e65b5c5432286c19d0cb18.php 第 168 行.
NOTIC: [8] Use of undefined constant com_time - assumed 'com_time' /mnt/web/spectrum/public_html/Application/Runtime/Cache/Upadmin/ace4322b73e65b5c5432286c19d0cb18.php 第 172 行.
NOTIC: [8] Use of undefined constant com_url - assumed 'com_url' /mnt/web/spectrum/public_html/Application/Runtime/Cache/Upadmin/ace4322b73e65b5c5432286c19d0cb18.php 第 164 行.
NOTIC: [8] Use of undefined constant com_url - assumed 'com_url' /mnt/web/spectrum/public_html/Application/Runtime/Cache/Upadmin/ace4322b73e65b5c5432286c19d0cb18.php 第 164 行.
NOTIC: [8] Use of undefined constant com_is_rec - assumed 'com_is_rec' /mnt/web/spectrum/public_html/Application/Runtime/Cache/Upadmin/ace4322b73e65b5c5432286c19d0cb18.php 第 168 行.
NOTIC: [8] Use of undefined constant com_time - assumed 'com_time' /mnt/web/spectrum/public_html/Application/Runtime/Cache/Upadmin/ace4322b73e65b5c5432286c19d0cb18.php 第 172 行.
INFO: Run Behavior\ParseTemplateBehavior [ RunTime:0.010684s ]
INFO: [ view_parse ] --END-- [ RunTime:0.010725s ]
INFO: [ view_filter ] --START--
INFO: Run Behavior\WriteHtmlCacheBehavior [ RunTime:0.000277s ]
INFO: [ view_filter ] --END-- [ RunTime:0.000314s ]
INFO: [ app_end ] --START--
INFO: Run Behavior\ShowPageTraceBehavior [ RunTime:0.000485s ]
INFO: [ app_end ] --END-- [ RunTime:0.000533s ]

[ 2017-05-17T19:15:36+08:00 ] 119.130.231.197 /Upadmin/User/audit_list.html
INFO: [ app_init ] --START--
INFO: Run Behavior\BuildLiteBehavior [ RunTime:0.000013s ]
INFO: [ app_init ] --END-- [ RunTime:0.000373s ]
INFO: [ app_begin ] --START--
INFO: Run Behavior\ReadHtmlCacheBehavior [ RunTime:0.000472s ]
INFO: [ app_begin ] --END-- [ RunTime:0.000518s ]
SQL: SHOW COLUMNS FROM `yd_audit` [ RunTime:0.0011s ]
SQL: SELECT COUNT(*) AS tp_count FROM `yd_audit` LIMIT 1   [ RunTime:0.0002s ]
SQL: SELECT * FROM `yd_audit` ORDER BY addtime desc LIMIT 0,10   [ RunTime:0.0002s ]
INFO: [ view_parse ] --START--
INFO: [ template_filter ] --START--
INFO: Run Behavior\ContentReplaceBehavior [ RunTime:0.000056s ]
INFO: [ template_filter ] --END-- [ RunTime:0.000096s ]
INFO: Run Behavior\ParseTemplateBehavior [ RunTime:0.008661s ]
INFO: [ view_parse ] --END-- [ RunTime:0.008702s ]
INFO: [ view_filter ] --START--
INFO: Run Behavior\WriteHtmlCacheBehavior [ RunTime:0.000258s ]
INFO: [ view_filter ] --END-- [ RunTime:0.000293s ]
INFO: [ app_end ] --START--
INFO: Run Behavior\ShowPageTraceBehavior [ RunTime:0.000489s ]
INFO: [ app_end ] --END-- [ RunTime:0.000535s ]

[ 2017-05-17T19:51:57+08:00 ] 119.130.231.197 /Upadmin/User/User_list.html
INFO: [ app_init ] --START--
INFO: Run Behavior\BuildLiteBehavior [ RunTime:0.000013s ]
INFO: [ app_init ] --END-- [ RunTime:0.000381s ]
INFO: [ app_begin ] --START--
INFO: Run Behavior\ReadHtmlCacheBehavior [ RunTime:0.000477s ]
INFO: [ app_begin ] --END-- [ RunTime:0.000524s ]
SQL: SHOW COLUMNS FROM `yd_company_info` [ RunTime:0.0012s ]
SQL: SELECT COUNT(*) AS tp_count FROM `yd_company_info` LIMIT 1   [ RunTime:0.0002s ]
SQL: SELECT `com_id`,`com_storeid`,`com_url`,`com_name`,`com_province`,`com_city`,`com_district`,`com_detailed`,`com_visit`,`com_praise`,`com_time`,`com_is_rec`,`com_status` FROM `yd_company_info` LIMIT 0,10   [ RunTime:0.0002s ]
INFO: [ view_parse ] --START--
INFO: [ template_filter ] --START--
INFO: Run Behavior\ContentReplaceBehavior [ RunTime:0.000079s ]
INFO: [ template_filter ] --END-- [ RunTime:0.000123s ]
NOTIC: [8] Use of undefined constant com_url - assumed 'com_url' /mnt/web/spectrum/public_html/Application/Runtime/Cache/Upadmin/ace4322b73e65b5c5432286c19d0cb18.php 第 164 行.
NOTIC: [8] Use of undefined constant com_url - assumed 'com_url' /mnt/web/spectrum/public_html/Application/Runtime/Cache/Upadmin/ace4322b73e65b5c5432286c19d0cb18.php 第 164 行.
NOTIC: [8] Use of undefined constant com_is_rec - assumed 'com_is_rec' /mnt/web/spectrum/public_html/Application/Runtime/Cache/Upadmin/ace4322b73e65b5c5432286c19d0cb18.php 第 168 行.
NOTIC: [8] Use of undefined constant com_time - assumed 'com_time' /mnt/web/spectrum/public_html/Application/Runtime/Cache/Upadmin/ace4322b73e65b5c5432286c19d0cb18.php 第 172 行.
NOTIC: [8] Use of undefined constant com_url - assumed 'com_url' /mnt/web/spectrum/public_html/Application/Runtime/Cache/Upadmin/ace4322b73e65b5c5432286c19d0cb18.php 第 164 行.
NOTIC: [8] Use of undefined constant com_url - assumed 'com_url' /mnt/web/spectrum/public_html/Application/Runtime/Cache/Upadmin/ace4322b73e65b5c5432286c19d0cb18.php 第 164 行.
NOTIC: [8] Use of undefined constant com_is_rec - assumed 'com_is_rec' /mnt/web/spectrum/public_html/Application/Runtime/Cache/Upadmin/ace4322b73e65b5c5432286c19d0cb18.php 第 168 行.
NOTIC: [8] Use of undefined constant com_time - assumed 'com_time' /mnt/web/spectrum/public_html/Application/Runtime/Cache/Upadmin/ace4322b73e65b5c5432286c19d0cb18.php 第 172 行.
NOTIC: [8] Use of undefined constant com_url - assumed 'com_url' /mnt/web/spectrum/public_html/Application/Runtime/Cache/Upadmin/ace4322b73e65b5c5432286c19d0cb18.php 第 164 行.
NOTIC: [8] Use of undefined constant com_url - assumed 'com_url' /mnt/web/spectrum/public_html/Application/Runtime/Cache/Upadmin/ace4322b73e65b5c5432286c19d0cb18.php 第 164 行.
NOTIC: [8] Use of undefined constant com_is_rec - assumed 'com_is_rec' /mnt/web/spectrum/public_html/Application/Runtime/Cache/Upadmin/ace4322b73e65b5c5432286c19d0cb18.php 第 168 行.
NOTIC: [8] Use of undefined constant com_time - assumed 'com_time' /mnt/web/spectrum/public_html/Application/Runtime/Cache/Upadmin/ace4322b73e65b5c5432286c19d0cb18.php 第 172 行.
NOTIC: [8] Use of undefined constant com_url - assumed 'com_url' /mnt/web/spectrum/public_html/Application/Runtime/Cache/Upadmin/ace4322b73e65b5c5432286c19d0cb18.php 第 164 行.
NOTIC: [8] Use of undefined constant com_url - assumed 'com_url' /mnt/web/spectrum/public_html/Application/Runtime/Cache/Upadmin/ace4322b73e65b5c5432286c19d0cb18.php 第 164 行.
NOTIC: [8] Use of undefined constant com_is_rec - assumed 'com_is_rec' /mnt/web/spectrum/public_html/Application/Runtime/Cache/Upadmin/ace4322b73e65b5c5432286c19d0cb18.php 第 168 行.
NOTIC: [8] Use of undefined constant com_time - assumed 'com_time' /mnt/web/spectrum/public_html/Application/Runtime/Cache/Upadmin/ace4322b73e65b5c5432286c19d0cb18.php 第 172 行.
INFO: Run Behavior\ParseTemplateBehavior [ RunTime:0.010685s ]
INFO: [ view_parse ] --END-- [ RunTime:0.010725s ]
INFO: [ view_filter ] --START--
INFO: Run Behavior\WriteHtmlCacheBehavior [ RunTime:0.000291s ]
INFO: [ view_filter ] --END-- [ RunTime:0.000328s ]
INFO: [ app_end ] --START--
INFO: Run Behavior\ShowPageTraceBehavior [ RunTime:0.000478s ]
INFO: [ app_end ] --END-- [ RunTime:0.000524s ]

