[ 2017-05-15T09:03:43+08:00 ] 218.19.99.33 /Admin/index/tindex
INFO: [ app_init ] --START--
INFO: Run Behavior\BuildLiteBehavior [ RunTime:0.000013s ]
INFO: [ app_init ] --END-- [ RunTime:0.000393s ]
INFO: [ app_begin ] --START--
INFO: Run Behavior\ReadHtmlCacheBehavior [ RunTime:0.000462s ]
INFO: [ app_begin ] --END-- [ RunTime:0.000509s ]
SQL: SHOW COLUMNS FROM `yd_company_info` [ RunTime:0.0012s ]
SQL: SELECT * FROM `yd_company_info` WHERE `com_storeid` = 617 LIMIT 1   [ RunTime:0.0002s ]
INFO: [ view_parse ] --START--
INFO: [ template_filter ] --START--
INFO: Run Behavior\ContentReplaceBehavior [ RunTime:0.000034s ]
INFO: [ template_filter ] --END-- [ RunTime:0.000075s ]
INFO: Run Behavior\ParseTemplateBehavior [ RunTime:0.004492s ]
INFO: [ view_parse ] --END-- [ RunTime:0.004553s ]
INFO: [ view_filter ] --START--
INFO: Run Behavior\WriteHtmlCacheBehavior [ RunTime:0.000270s ]
INFO: [ view_filter ] --END-- [ RunTime:0.000306s ]
INFO: [ app_end ] --START--
INFO: Run Behavior\ShowPageTraceBehavior [ RunTime:0.000464s ]
INFO: [ app_end ] --END-- [ RunTime:0.000503s ]

[ 2017-05-15T09:03:49+08:00 ] 218.19.99.33 /admin/CompanyInfo/add_info
INFO: [ app_init ] --START--
INFO: Run Behavior\BuildLiteBehavior [ RunTime:0.000016s ]
INFO: [ app_init ] --END-- [ RunTime:0.000407s ]
INFO: [ app_begin ] --START--
INFO: Run Behavior\ReadHtmlCacheBehavior [ RunTime:0.000510s ]
INFO: [ app_begin ] --END-- [ RunTime:0.000558s ]
SQL: SHOW COLUMNS FROM `yd_company_info` [ RunTime:0.0012s ]
SQL: SELECT * FROM `yd_company_info` WHERE `com_storeid` = 617 LIMIT 1   [ RunTime:0.0002s ]
NOTIC: [8] Undefined index: com_scname /mnt/web/spectrum/public_html/Application/Admin/Model/CompanyInfoModel.class.php 第 39 行.
SQL: SHOW COLUMNS FROM `yd_image` [ RunTime:0.0008s ]
SQL: SELECT * FROM `yd_image` WHERE `img_storeid` = 617  [ RunTime:0.0002s ]
NOTIC: [8] Undefined index: com_status /mnt/web/spectrum/public_html/Application/Admin/Controller/CompanyInfoController.class.php 第 18 行.
INFO: [ view_parse ] --START--
INFO: [ template_filter ] --START--
INFO: Run Behavior\ContentReplaceBehavior [ RunTime:0.000116s ]
INFO: [ template_filter ] --END-- [ RunTime:0.000162s ]
NOTIC: [8] Undefined index: com_id /mnt/web/spectrum/public_html/Application/Runtime/Cache/Admin/419e0d41903d9084a23840c8c3ea4e2a.php 第 93 行.
NOTIC: [8] Undefined index: com_name /mnt/web/spectrum/public_html/Application/Runtime/Cache/Admin/419e0d41903d9084a23840c8c3ea4e2a.php 第 97 行.
NOTIC: [8] Undefined index: com_logo /mnt/web/spectrum/public_html/Application/Runtime/Cache/Admin/419e0d41903d9084a23840c8c3ea4e2a.php 第 144 行.
NOTIC: [8] Undefined index: com_province /mnt/web/spectrum/public_html/Application/Runtime/Cache/Admin/419e0d41903d9084a23840c8c3ea4e2a.php 第 164 行.
NOTIC: [8] Undefined index: com_city /mnt/web/spectrum/public_html/Application/Runtime/Cache/Admin/419e0d41903d9084a23840c8c3ea4e2a.php 第 169 行.
NOTIC: [8] Undefined index: com_district /mnt/web/spectrum/public_html/Application/Runtime/Cache/Admin/419e0d41903d9084a23840c8c3ea4e2a.php 第 173 行.
NOTIC: [8] Undefined index: com_detailed /mnt/web/spectrum/public_html/Application/Runtime/Cache/Admin/419e0d41903d9084a23840c8c3ea4e2a.php 第 176 行.
NOTIC: [8] Undefined variable: store_class /mnt/web/spectrum/public_html/Application/Runtime/Cache/Admin/419e0d41903d9084a23840c8c3ea4e2a.php 第 184 行.
NOTIC: [8] Undefined variable: apply /mnt/web/spectrum/public_html/Application/Runtime/Cache/Admin/419e0d41903d9084a23840c8c3ea4e2a.php 第 186 行.
NOTIC: [8] Undefined index: com_synopsis /mnt/web/spectrum/public_html/Application/Runtime/Cache/Admin/419e0d41903d9084a23840c8c3ea4e2a.php 第 282 行.
NOTIC: [8] Undefined index: com_history /mnt/web/spectrum/public_html/Application/Runtime/Cache/Admin/419e0d41903d9084a23840c8c3ea4e2a.php 第 299 行.
NOTIC: [8] Undefined index: com_service /mnt/web/spectrum/public_html/Application/Runtime/Cache/Admin/419e0d41903d9084a23840c8c3ea4e2a.php 第 318 行.
NOTIC: [8] Undefined index: com_honor /mnt/web/spectrum/public_html/Application/Runtime/Cache/Admin/419e0d41903d9084a23840c8c3ea4e2a.php 第 335 行.
NOTIC: [8] Undefined index: com_culture /mnt/web/spectrum/public_html/Application/Runtime/Cache/Admin/419e0d41903d9084a23840c8c3ea4e2a.php 第 351 行.
NOTIC: [8] Undefined index: com_id /mnt/web/spectrum/public_html/Application/Runtime/Cache/Admin/419e0d41903d9084a23840c8c3ea4e2a.php 第 550 行.
INFO: Run Behavior\ParseTemplateBehavior [ RunTime:0.011530s ]
INFO: [ view_parse ] --END-- [ RunTime:0.011570s ]
INFO: [ view_filter ] --START--
INFO: Run Behavior\WriteHtmlCacheBehavior [ RunTime:0.000261s ]
INFO: [ view_filter ] --END-- [ RunTime:0.000298s ]
INFO: [ app_end ] --START--
INFO: Run Behavior\ShowPageTraceBehavior [ RunTime:0.000502s ]
INFO: [ app_end ] --END-- [ RunTime:0.000563s ]

[ 2017-05-15T09:03:50+08:00 ] 218.19.99.33 /admin/CompanyInfo/ajax_img
INFO: [ app_init ] --START--
INFO: Run Behavior\BuildLiteBehavior [ RunTime:0.000013s ]
INFO: [ app_init ] --END-- [ RunTime:0.000393s ]
INFO: [ app_begin ] --START--
INFO: Run Behavior\ReadHtmlCacheBehavior [ RunTime:0.000469s ]
INFO: [ app_begin ] --END-- [ RunTime:0.000512s ]
SQL: SHOW COLUMNS FROM `yd_image` [ RunTime:0.0011s ]
SQL: SELECT * FROM `yd_image` WHERE `img_storeid` = 617  [ RunTime:0.0002s ]
NOTIC: [8] Undefined variable: res /mnt/web/spectrum/public_html/Application/Admin/Controller/CompanyInfoController.class.php 第 59 行.

[ 2017-05-15T09:03:50+08:00 ] 218.19.99.33 /Admin/Media/media_list
INFO: [ app_init ] --START--
INFO: Run Behavior\BuildLiteBehavior [ RunTime:0.000013s ]
INFO: [ app_init ] --END-- [ RunTime:0.000368s ]
INFO: [ app_begin ] --START--
INFO: Run Behavior\ReadHtmlCacheBehavior [ RunTime:0.000466s ]
INFO: [ app_begin ] --END-- [ RunTime:0.000510s ]
SQL: SHOW COLUMNS FROM `yd_media` [ RunTime:0.0009s ]
SQL: SELECT * FROM `yd_media` WHERE `med_storeid` = 617 ORDER BY med_id desc LIMIT 6   [ RunTime:0.0002s ]
INFO: [ app_end ] --START--
INFO: Run Behavior\ShowPageTraceBehavior [ RunTime:0.000486s ]
INFO: [ app_end ] --END-- [ RunTime:0.000525s ]

[ 2017-05-15T09:04:04+08:00 ] 218.19.99.33 /Admin/index/tindex
INFO: [ app_init ] --START--
INFO: Run Behavior\BuildLiteBehavior [ RunTime:0.000012s ]
INFO: [ app_init ] --END-- [ RunTime:0.000389s ]
INFO: [ app_begin ] --START--
INFO: Run Behavior\ReadHtmlCacheBehavior [ RunTime:0.000466s ]
INFO: [ app_begin ] --END-- [ RunTime:0.000527s ]
SQL: SHOW COLUMNS FROM `yd_company_info` [ RunTime:0.0012s ]
SQL: SELECT * FROM `yd_company_info` WHERE `com_storeid` = 617 LIMIT 1   [ RunTime:0.0002s ]
INFO: [ view_parse ] --START--
INFO: [ template_filter ] --START--
INFO: Run Behavior\ContentReplaceBehavior [ RunTime:0.000036s ]
INFO: [ template_filter ] --END-- [ RunTime:0.000077s ]
INFO: Run Behavior\ParseTemplateBehavior [ RunTime:0.004721s ]
INFO: [ view_parse ] --END-- [ RunTime:0.004765s ]
INFO: [ view_filter ] --START--
INFO: Run Behavior\WriteHtmlCacheBehavior [ RunTime:0.000267s ]
INFO: [ view_filter ] --END-- [ RunTime:0.000303s ]
INFO: [ app_end ] --START--
INFO: Run Behavior\ShowPageTraceBehavior [ RunTime:0.000465s ]
INFO: [ app_end ] --END-- [ RunTime:0.000504s ]

[ 2017-05-15T09:04:20+08:00 ] 218.19.99.33 /Admin/index/tindex
INFO: [ app_init ] --START--
INFO: Run Behavior\BuildLiteBehavior [ RunTime:0.000012s ]
INFO: [ app_init ] --END-- [ RunTime:0.000380s ]
INFO: [ app_begin ] --START--
INFO: Run Behavior\ReadHtmlCacheBehavior [ RunTime:0.000450s ]
INFO: [ app_begin ] --END-- [ RunTime:0.000497s ]
SQL: SHOW COLUMNS FROM `yd_company_info` [ RunTime:0.0010s ]
SQL: SELECT * FROM `yd_company_info` WHERE `com_storeid` = 617 LIMIT 1   [ RunTime:0.0002s ]
INFO: [ view_parse ] --START--
INFO: [ template_filter ] --START--
INFO: Run Behavior\ContentReplaceBehavior [ RunTime:0.000033s ]
INFO: [ template_filter ] --END-- [ RunTime:0.000073s ]
INFO: Run Behavior\ParseTemplateBehavior [ RunTime:0.004565s ]
INFO: [ view_parse ] --END-- [ RunTime:0.004608s ]
INFO: [ view_filter ] --START--
INFO: Run Behavior\WriteHtmlCacheBehavior [ RunTime:0.000267s ]
INFO: [ view_filter ] --END-- [ RunTime:0.000304s ]
INFO: [ app_end ] --START--
INFO: Run Behavior\ShowPageTraceBehavior [ RunTime:0.000463s ]
INFO: [ app_end ] --END-- [ RunTime:0.000502s ]

[ 2017-05-15T09:04:30+08:00 ] 218.19.99.33 /Admin/index/tindex
INFO: [ app_init ] --START--
INFO: Run Behavior\BuildLiteBehavior [ RunTime:0.000013s ]
INFO: [ app_init ] --END-- [ RunTime:0.000372s ]
INFO: [ app_begin ] --START--
INFO: Run Behavior\ReadHtmlCacheBehavior [ RunTime:0.000478s ]
INFO: [ app_begin ] --END-- [ RunTime:0.000526s ]
SQL: SHOW COLUMNS FROM `yd_company_info` [ RunTime:0.0010s ]
SQL: SELECT * FROM `yd_company_info` WHERE `com_storeid` = 617 LIMIT 1   [ RunTime:0.0002s ]
INFO: [ view_parse ] --START--
INFO: [ template_filter ] --START--
INFO: Run Behavior\ContentReplaceBehavior [ RunTime:0.000037s ]
INFO: [ template_filter ] --END-- [ RunTime:0.000078s ]
INFO: Run Behavior\ParseTemplateBehavior [ RunTime:0.004590s ]
INFO: [ view_parse ] --END-- [ RunTime:0.004635s ]
INFO: [ view_filter ] --START--
INFO: Run Behavior\WriteHtmlCacheBehavior [ RunTime:0.000262s ]
INFO: [ view_filter ] --END-- [ RunTime:0.000298s ]
INFO: [ app_end ] --START--
INFO: Run Behavior\ShowPageTraceBehavior [ RunTime:0.000501s ]
INFO: [ app_end ] --END-- [ RunTime:0.000541s ]

[ 2017-05-15T09:04:38+08:00 ] 218.19.99.33 /admin/CompanyInfo/add_info
INFO: [ app_init ] --START--
INFO: Run Behavior\BuildLiteBehavior [ RunTime:0.000013s ]
INFO: [ app_init ] --END-- [ RunTime:0.000388s ]
INFO: [ app_begin ] --START--
INFO: Run Behavior\ReadHtmlCacheBehavior [ RunTime:0.000448s ]
INFO: [ app_begin ] --END-- [ RunTime:0.000493s ]
SQL: SHOW COLUMNS FROM `yd_company_info` [ RunTime:0.0012s ]
SQL: SELECT * FROM `yd_company_info` WHERE `com_storeid` = 617 LIMIT 1   [ RunTime:0.0002s ]
NOTIC: [8] Undefined index: com_scname /mnt/web/spectrum/public_html/Application/Admin/Model/CompanyInfoModel.class.php 第 39 行.
SQL: SHOW COLUMNS FROM `yd_image` [ RunTime:0.0008s ]
SQL: SELECT * FROM `yd_image` WHERE `img_storeid` = 617  [ RunTime:0.0001s ]
NOTIC: [8] Undefined index: com_status /mnt/web/spectrum/public_html/Application/Admin/Controller/CompanyInfoController.class.php 第 18 行.
INFO: [ view_parse ] --START--
INFO: [ template_filter ] --START--
INFO: Run Behavior\ContentReplaceBehavior [ RunTime:0.000104s ]
INFO: [ template_filter ] --END-- [ RunTime:0.000156s ]
NOTIC: [8] Undefined index: com_id /mnt/web/spectrum/public_html/Application/Runtime/Cache/Admin/419e0d41903d9084a23840c8c3ea4e2a.php 第 93 行.
NOTIC: [8] Undefined index: com_name /mnt/web/spectrum/public_html/Application/Runtime/Cache/Admin/419e0d41903d9084a23840c8c3ea4e2a.php 第 97 行.
NOTIC: [8] Undefined index: com_logo /mnt/web/spectrum/public_html/Application/Runtime/Cache/Admin/419e0d41903d9084a23840c8c3ea4e2a.php 第 144 行.
NOTIC: [8] Undefined index: com_province /mnt/web/spectrum/public_html/Application/Runtime/Cache/Admin/419e0d41903d9084a23840c8c3ea4e2a.php 第 164 行.
NOTIC: [8] Undefined index: com_city /mnt/web/spectrum/public_html/Application/Runtime/Cache/Admin/419e0d41903d9084a23840c8c3ea4e2a.php 第 169 行.
NOTIC: [8] Undefined index: com_district /mnt/web/spectrum/public_html/Application/Runtime/Cache/Admin/419e0d41903d9084a23840c8c3ea4e2a.php 第 173 行.
NOTIC: [8] Undefined index: com_detailed /mnt/web/spectrum/public_html/Application/Runtime/Cache/Admin/419e0d41903d9084a23840c8c3ea4e2a.php 第 176 行.
NOTIC: [8] Undefined variable: store_class /mnt/web/spectrum/public_html/Application/Runtime/Cache/Admin/419e0d41903d9084a23840c8c3ea4e2a.php 第 184 行.
NOTIC: [8] Undefined variable: apply /mnt/web/spectrum/public_html/Application/Runtime/Cache/Admin/419e0d41903d9084a23840c8c3ea4e2a.php 第 186 行.
NOTIC: [8] Undefined index: com_synopsis /mnt/web/spectrum/public_html/Application/Runtime/Cache/Admin/419e0d41903d9084a23840c8c3ea4e2a.php 第 282 行.
NOTIC: [8] Undefined index: com_history /mnt/web/spectrum/public_html/Application/Runtime/Cache/Admin/419e0d41903d9084a23840c8c3ea4e2a.php 第 299 行.
NOTIC: [8] Undefined index: com_service /mnt/web/spectrum/public_html/Application/Runtime/Cache/Admin/419e0d41903d9084a23840c8c3ea4e2a.php 第 318 行.
NOTIC: [8] Undefined index: com_honor /mnt/web/spectrum/public_html/Application/Runtime/Cache/Admin/419e0d41903d9084a23840c8c3ea4e2a.php 第 335 行.
NOTIC: [8] Undefined index: com_culture /mnt/web/spectrum/public_html/Application/Runtime/Cache/Admin/419e0d41903d9084a23840c8c3ea4e2a.php 第 351 行.
NOTIC: [8] Undefined index: com_id /mnt/web/spectrum/public_html/Application/Runtime/Cache/Admin/419e0d41903d9084a23840c8c3ea4e2a.php 第 550 行.
INFO: Run Behavior\ParseTemplateBehavior [ RunTime:0.011371s ]
INFO: [ view_parse ] --END-- [ RunTime:0.011408s ]
INFO: [ view_filter ] --START--
INFO: Run Behavior\WriteHtmlCacheBehavior [ RunTime:0.000288s ]
INFO: [ view_filter ] --END-- [ RunTime:0.000324s ]
INFO: [ app_end ] --START--
INFO: Run Behavior\ShowPageTraceBehavior [ RunTime:0.000498s ]
INFO: [ app_end ] --END-- [ RunTime:0.000546s ]

[ 2017-05-15T09:04:38+08:00 ] 218.19.99.33 /admin/CompanyInfo/ajax_img
INFO: [ app_init ] --START--
INFO: Run Behavior\BuildLiteBehavior [ RunTime:0.000013s ]
INFO: [ app_init ] --END-- [ RunTime:0.000381s ]
INFO: [ app_begin ] --START--
INFO: Run Behavior\ReadHtmlCacheBehavior [ RunTime:0.000469s ]
INFO: [ app_begin ] --END-- [ RunTime:0.000515s ]
SQL: SHOW COLUMNS FROM `yd_image` [ RunTime:0.0011s ]
SQL: SELECT * FROM `yd_image` WHERE `img_storeid` = 617  [ RunTime:0.0002s ]
NOTIC: [8] Undefined variable: res /mnt/web/spectrum/public_html/Application/Admin/Controller/CompanyInfoController.class.php 第 59 行.

[ 2017-05-15T09:04:38+08:00 ] 218.19.99.33 /Admin/Media/media_list
INFO: [ app_init ] --START--
INFO: Run Behavior\BuildLiteBehavior [ RunTime:0.000012s ]
INFO: [ app_init ] --END-- [ RunTime:0.000380s ]
INFO: [ app_begin ] --START--
INFO: Run Behavior\ReadHtmlCacheBehavior [ RunTime:0.000454s ]
INFO: [ app_begin ] --END-- [ RunTime:0.000497s ]
SQL: SHOW COLUMNS FROM `yd_media` [ RunTime:0.0009s ]
SQL: SELECT * FROM `yd_media` WHERE `med_storeid` = 617 ORDER BY med_id desc LIMIT 6   [ RunTime:0.0002s ]
INFO: [ app_end ] --START--
INFO: Run Behavior\ShowPageTraceBehavior [ RunTime:0.000494s ]
INFO: [ app_end ] --END-- [ RunTime:0.000533s ]

[ 2017-05-15T09:06:19+08:00 ] 218.19.99.33 /Admin/index/tindex
INFO: [ app_init ] --START--
INFO: Run Behavior\BuildLiteBehavior [ RunTime:0.000014s ]
INFO: [ app_init ] --END-- [ RunTime:0.000386s ]
INFO: [ app_begin ] --START--
INFO: Run Behavior\ReadHtmlCacheBehavior [ RunTime:0.000450s ]
INFO: [ app_begin ] --END-- [ RunTime:0.000496s ]
SQL: SHOW COLUMNS FROM `yd_company_info` [ RunTime:0.0012s ]
SQL: SELECT * FROM `yd_company_info` WHERE `com_storeid` = 617 LIMIT 1   [ RunTime:0.0002s ]
INFO: [ view_parse ] --START--
INFO: [ template_filter ] --START--
INFO: Run Behavior\ContentReplaceBehavior [ RunTime:0.000035s ]
INFO: [ template_filter ] --END-- [ RunTime:0.000074s ]
INFO: Run Behavior\ParseTemplateBehavior [ RunTime:0.004599s ]
INFO: [ view_parse ] --END-- [ RunTime:0.004644s ]
INFO: [ view_filter ] --START--
INFO: Run Behavior\WriteHtmlCacheBehavior [ RunTime:0.000258s ]
INFO: [ view_filter ] --END-- [ RunTime:0.000294s ]
INFO: [ app_end ] --START--
INFO: Run Behavior\ShowPageTraceBehavior [ RunTime:0.000499s ]
INFO: [ app_end ] --END-- [ RunTime:0.000538s ]

[ 2017-05-15T09:06:21+08:00 ] 218.19.99.33 /admin/CompanyInfo/add_info
INFO: [ app_init ] --START--
INFO: Run Behavior\BuildLiteBehavior [ RunTime:0.000013s ]
INFO: [ app_init ] --END-- [ RunTime:0.000391s ]
INFO: [ app_begin ] --START--
INFO: Run Behavior\ReadHtmlCacheBehavior [ RunTime:0.000442s ]
INFO: [ app_begin ] --END-- [ RunTime:0.000488s ]
SQL: SHOW COLUMNS FROM `yd_company_info` [ RunTime:0.0012s ]
SQL: SELECT * FROM `yd_company_info` WHERE `com_storeid` = 617 LIMIT 1   [ RunTime:0.0002s ]
NOTIC: [8] Undefined index: com_scname /mnt/web/spectrum/public_html/Application/Admin/Model/CompanyInfoModel.class.php 第 39 行.
SQL: SHOW COLUMNS FROM `yd_image` [ RunTime:0.0008s ]
SQL: SELECT * FROM `yd_image` WHERE `img_storeid` = 617  [ RunTime:0.0002s ]
NOTIC: [8] Undefined index: com_status /mnt/web/spectrum/public_html/Application/Admin/Controller/CompanyInfoController.class.php 第 18 行.
INFO: [ view_parse ] --START--
INFO: [ template_filter ] --START--
INFO: Run Behavior\ContentReplaceBehavior [ RunTime:0.000113s ]
INFO: [ template_filter ] --END-- [ RunTime:0.000157s ]
NOTIC: [8] Undefined index: com_id /mnt/web/spectrum/public_html/Application/Runtime/Cache/Admin/419e0d41903d9084a23840c8c3ea4e2a.php 第 93 行.
NOTIC: [8] Undefined index: com_name /mnt/web/spectrum/public_html/Application/Runtime/Cache/Admin/419e0d41903d9084a23840c8c3ea4e2a.php 第 97 行.
NOTIC: [8] Undefined index: com_logo /mnt/web/spectrum/public_html/Application/Runtime/Cache/Admin/419e0d41903d9084a23840c8c3ea4e2a.php 第 144 行.
NOTIC: [8] Undefined index: com_province /mnt/web/spectrum/public_html/Application/Runtime/Cache/Admin/419e0d41903d9084a23840c8c3ea4e2a.php 第 164 行.
NOTIC: [8] Undefined index: com_city /mnt/web/spectrum/public_html/Application/Runtime/Cache/Admin/419e0d41903d9084a23840c8c3ea4e2a.php 第 169 行.
NOTIC: [8] Undefined index: com_district /mnt/web/spectrum/public_html/Application/Runtime/Cache/Admin/419e0d41903d9084a23840c8c3ea4e2a.php 第 173 行.
NOTIC: [8] Undefined index: com_detailed /mnt/web/spectrum/public_html/Application/Runtime/Cache/Admin/419e0d41903d9084a23840c8c3ea4e2a.php 第 176 行.
NOTIC: [8] Undefined variable: store_class /mnt/web/spectrum/public_html/Application/Runtime/Cache/Admin/419e0d41903d9084a23840c8c3ea4e2a.php 第 184 行.
NOTIC: [8] Undefined variable: apply /mnt/web/spectrum/public_html/Application/Runtime/Cache/Admin/419e0d41903d9084a23840c8c3ea4e2a.php 第 186 行.
NOTIC: [8] Undefined index: com_synopsis /mnt/web/spectrum/public_html/Application/Runtime/Cache/Admin/419e0d41903d9084a23840c8c3ea4e2a.php 第 282 行.
NOTIC: [8] Undefined index: com_history /mnt/web/spectrum/public_html/Application/Runtime/Cache/Admin/419e0d41903d9084a23840c8c3ea4e2a.php 第 299 行.
NOTIC: [8] Undefined index: com_service /mnt/web/spectrum/public_html/Application/Runtime/Cache/Admin/419e0d41903d9084a23840c8c3ea4e2a.php 第 318 行.
NOTIC: [8] Undefined index: com_honor /mnt/web/spectrum/public_html/Application/Runtime/Cache/Admin/419e0d41903d9084a23840c8c3ea4e2a.php 第 335 行.
NOTIC: [8] Undefined index: com_culture /mnt/web/spectrum/public_html/Application/Runtime/Cache/Admin/419e0d41903d9084a23840c8c3ea4e2a.php 第 351 行.
NOTIC: [8] Undefined index: com_id /mnt/web/spectrum/public_html/Application/Runtime/Cache/Admin/419e0d41903d9084a23840c8c3ea4e2a.php 第 550 行.
INFO: Run Behavior\ParseTemplateBehavior [ RunTime:0.011370s ]
INFO: [ view_parse ] --END-- [ RunTime:0.011406s ]
INFO: [ view_filter ] --START--
INFO: Run Behavior\WriteHtmlCacheBehavior [ RunTime:0.000258s ]
INFO: [ view_filter ] --END-- [ RunTime:0.000293s ]
INFO: [ app_end ] --START--
INFO: Run Behavior\ShowPageTraceBehavior [ RunTime:0.000495s ]
INFO: [ app_end ] --END-- [ RunTime:0.000543s ]

[ 2017-05-15T09:06:21+08:00 ] 218.19.99.33 /admin/CompanyInfo/ajax_img
INFO: [ app_init ] --START--
INFO: Run Behavior\BuildLiteBehavior [ RunTime:0.000013s ]
INFO: [ app_init ] --END-- [ RunTime:0.000388s ]
INFO: [ app_begin ] --START--
INFO: Run Behavior\ReadHtmlCacheBehavior [ RunTime:0.000456s ]
INFO: [ app_begin ] --END-- [ RunTime:0.000500s ]
SQL: SHOW COLUMNS FROM `yd_image` [ RunTime:0.0011s ]
SQL: SELECT * FROM `yd_image` WHERE `img_storeid` = 617  [ RunTime:0.0002s ]
NOTIC: [8] Undefined variable: res /mnt/web/spectrum/public_html/Application/Admin/Controller/CompanyInfoController.class.php 第 59 行.

[ 2017-05-15T09:06:21+08:00 ] 218.19.99.33 /Admin/Media/media_list
INFO: [ app_init ] --START--
INFO: Run Behavior\BuildLiteBehavior [ RunTime:0.000023s ]
INFO: [ app_init ] --END-- [ RunTime:0.000392s ]
INFO: [ app_begin ] --START--
INFO: Run Behavior\ReadHtmlCacheBehavior [ RunTime:0.000453s ]
INFO: [ app_begin ] --END-- [ RunTime:0.000496s ]
SQL: SHOW COLUMNS FROM `yd_media` [ RunTime:0.0009s ]
SQL: SELECT * FROM `yd_media` WHERE `med_storeid` = 617 ORDER BY med_id desc LIMIT 6   [ RunTime:0.0002s ]
INFO: [ app_end ] --START--
INFO: Run Behavior\ShowPageTraceBehavior [ RunTime:0.000483s ]
INFO: [ app_end ] --END-- [ RunTime:0.000522s ]

[ 2017-05-15T09:38:06+08:00 ] 218.19.99.33 /Admin/index/tindex
INFO: [ app_init ] --START--
INFO: Run Behavior\BuildLiteBehavior [ RunTime:0.000013s ]
INFO: [ app_init ] --END-- [ RunTime:0.000388s ]
INFO: [ app_begin ] --START--
INFO: Run Behavior\ReadHtmlCacheBehavior [ RunTime:0.000467s ]
INFO: [ app_begin ] --END-- [ RunTime:0.000513s ]
SQL: SHOW COLUMNS FROM `yd_company_info` [ RunTime:0.0012s ]
SQL: SELECT * FROM `yd_company_info` WHERE `com_storeid` = 617 LIMIT 1   [ RunTime:0.0002s ]
INFO: [ view_parse ] --START--
INFO: [ template_filter ] --START--
INFO: Run Behavior\ContentReplaceBehavior [ RunTime:0.000037s ]
INFO: [ template_filter ] --END-- [ RunTime:0.000078s ]
INFO: Run Behavior\ParseTemplateBehavior [ RunTime:0.004617s ]
INFO: [ view_parse ] --END-- [ RunTime:0.004662s ]
INFO: [ view_filter ] --START--
INFO: Run Behavior\WriteHtmlCacheBehavior [ RunTime:0.000256s ]
INFO: [ view_filter ] --END-- [ RunTime:0.000291s ]
INFO: [ app_end ] --START--
INFO: Run Behavior\ShowPageTraceBehavior [ RunTime:0.000488s ]
INFO: [ app_end ] --END-- [ RunTime:0.000543s ]

[ 2017-05-15T09:38:08+08:00 ] 218.19.99.33 /admin/CompanyInfo/add_info
INFO: [ app_init ] --START--
INFO: Run Behavior\BuildLiteBehavior [ RunTime:0.000013s ]
INFO: [ app_init ] --END-- [ RunTime:0.000381s ]
INFO: [ app_begin ] --START--
INFO: Run Behavior\ReadHtmlCacheBehavior [ RunTime:0.000466s ]
INFO: [ app_begin ] --END-- [ RunTime:0.000512s ]
SQL: SHOW COLUMNS FROM `yd_company_info` [ RunTime:0.0012s ]
SQL: SELECT * FROM `yd_company_info` WHERE `com_storeid` = 617 LIMIT 1   [ RunTime:0.0002s ]
NOTIC: [8] Undefined index: com_scname /mnt/web/spectrum/public_html/Application/Admin/Model/CompanyInfoModel.class.php 第 39 行.
SQL: SHOW COLUMNS FROM `yd_image` [ RunTime:0.0008s ]
SQL: SELECT * FROM `yd_image` WHERE `img_storeid` = 617  [ RunTime:0.0002s ]
NOTIC: [8] Undefined index: com_status /mnt/web/spectrum/public_html/Application/Admin/Controller/CompanyInfoController.class.php 第 18 行.
INFO: [ view_parse ] --START--
INFO: [ template_filter ] --START--
INFO: Run Behavior\ContentReplaceBehavior [ RunTime:0.000102s ]
INFO: [ template_filter ] --END-- [ RunTime:0.000145s ]
NOTIC: [8] Undefined index: com_id /mnt/web/spectrum/public_html/Application/Runtime/Cache/Admin/419e0d41903d9084a23840c8c3ea4e2a.php 第 93 行.
NOTIC: [8] Undefined index: com_name /mnt/web/spectrum/public_html/Application/Runtime/Cache/Admin/419e0d41903d9084a23840c8c3ea4e2a.php 第 97 行.
NOTIC: [8] Undefined index: com_logo /mnt/web/spectrum/public_html/Application/Runtime/Cache/Admin/419e0d41903d9084a23840c8c3ea4e2a.php 第 144 行.
NOTIC: [8] Undefined index: com_province /mnt/web/spectrum/public_html/Application/Runtime/Cache/Admin/419e0d41903d9084a23840c8c3ea4e2a.php 第 164 行.
NOTIC: [8] Undefined index: com_city /mnt/web/spectrum/public_html/Application/Runtime/Cache/Admin/419e0d41903d9084a23840c8c3ea4e2a.php 第 169 行.
NOTIC: [8] Undefined index: com_district /mnt/web/spectrum/public_html/Application/Runtime/Cache/Admin/419e0d41903d9084a23840c8c3ea4e2a.php 第 173 行.
NOTIC: [8] Undefined index: com_detailed /mnt/web/spectrum/public_html/Application/Runtime/Cache/Admin/419e0d41903d9084a23840c8c3ea4e2a.php 第 176 行.
NOTIC: [8] Undefined variable: store_class /mnt/web/spectrum/public_html/Application/Runtime/Cache/Admin/419e0d41903d9084a23840c8c3ea4e2a.php 第 184 行.
NOTIC: [8] Undefined variable: apply /mnt/web/spectrum/public_html/Application/Runtime/Cache/Admin/419e0d41903d9084a23840c8c3ea4e2a.php 第 186 行.
NOTIC: [8] Undefined index: com_synopsis /mnt/web/spectrum/public_html/Application/Runtime/Cache/Admin/419e0d41903d9084a23840c8c3ea4e2a.php 第 282 行.
NOTIC: [8] Undefined index: com_history /mnt/web/spectrum/public_html/Application/Runtime/Cache/Admin/419e0d41903d9084a23840c8c3ea4e2a.php 第 299 行.
NOTIC: [8] Undefined index: com_service /mnt/web/spectrum/public_html/Application/Runtime/Cache/Admin/419e0d41903d9084a23840c8c3ea4e2a.php 第 318 行.
NOTIC: [8] Undefined index: com_honor /mnt/web/spectrum/public_html/Application/Runtime/Cache/Admin/419e0d41903d9084a23840c8c3ea4e2a.php 第 335 行.
NOTIC: [8] Undefined index: com_culture /mnt/web/spectrum/public_html/Application/Runtime/Cache/Admin/419e0d41903d9084a23840c8c3ea4e2a.php 第 351 行.
NOTIC: [8] Undefined index: com_id /mnt/web/spectrum/public_html/Application/Runtime/Cache/Admin/419e0d41903d9084a23840c8c3ea4e2a.php 第 550 行.
INFO: Run Behavior\ParseTemplateBehavior [ RunTime:0.011402s ]
INFO: [ view_parse ] --END-- [ RunTime:0.011438s ]
INFO: [ view_filter ] --START--
INFO: Run Behavior\WriteHtmlCacheBehavior [ RunTime:0.000258s ]
INFO: [ view_filter ] --END-- [ RunTime:0.000295s ]
INFO: [ app_end ] --START--
INFO: Run Behavior\ShowPageTraceBehavior [ RunTime:0.000481s ]
INFO: [ app_end ] --END-- [ RunTime:0.000528s ]

[ 2017-05-15T09:38:08+08:00 ] 218.19.99.33 /admin/CompanyInfo/ajax_img
INFO: [ app_init ] --START--
INFO: Run Behavior\BuildLiteBehavior [ RunTime:0.000013s ]
INFO: [ app_init ] --END-- [ RunTime:0.000382s ]
INFO: [ app_begin ] --START--
INFO: Run Behavior\ReadHtmlCacheBehavior [ RunTime:0.000463s ]
INFO: [ app_begin ] --END-- [ RunTime:0.000506s ]
SQL: SHOW COLUMNS FROM `yd_image` [ RunTime:0.0009s ]
SQL: SELECT * FROM `yd_image` WHERE `img_storeid` = 617  [ RunTime:0.0002s ]
NOTIC: [8] Undefined variable: res /mnt/web/spectrum/public_html/Application/Admin/Controller/CompanyInfoController.class.php 第 59 行.

[ 2017-05-15T09:38:08+08:00 ] 218.19.99.33 /Admin/Media/media_list
INFO: [ app_init ] --START--
INFO: Run Behavior\BuildLiteBehavior [ RunTime:0.000012s ]
INFO: [ app_init ] --END-- [ RunTime:0.000367s ]
INFO: [ app_begin ] --START--
INFO: Run Behavior\ReadHtmlCacheBehavior [ RunTime:0.000462s ]
INFO: [ app_begin ] --END-- [ RunTime:0.000506s ]
SQL: SHOW COLUMNS FROM `yd_media` [ RunTime:0.0011s ]
SQL: SELECT * FROM `yd_media` WHERE `med_storeid` = 617 ORDER BY med_id desc LIMIT 6   [ RunTime:0.0002s ]
INFO: [ app_end ] --START--
INFO: Run Behavior\ShowPageTraceBehavior [ RunTime:0.000484s ]
INFO: [ app_end ] --END-- [ RunTime:0.000524s ]

[ 2017-05-15T09:38:11+08:00 ] 218.19.99.33 /Admin/index/tindex
INFO: [ app_init ] --START--
INFO: Run Behavior\BuildLiteBehavior [ RunTime:0.000013s ]
INFO: [ app_init ] --END-- [ RunTime:0.000397s ]
INFO: [ app_begin ] --START--
INFO: Run Behavior\ReadHtmlCacheBehavior [ RunTime:0.000460s ]
INFO: [ app_begin ] --END-- [ RunTime:0.000516s ]
SQL: SHOW COLUMNS FROM `yd_company_info` [ RunTime:0.0010s ]
SQL: SELECT * FROM `yd_company_info` WHERE `com_storeid` = 617 LIMIT 1   [ RunTime:0.0002s ]
INFO: [ view_parse ] --START--
INFO: [ template_filter ] --START--
INFO: Run Behavior\ContentReplaceBehavior [ RunTime:0.000035s ]
INFO: [ template_filter ] --END-- [ RunTime:0.000077s ]
INFO: Run Behavior\ParseTemplateBehavior [ RunTime:0.004569s ]
INFO: [ view_parse ] --END-- [ RunTime:0.004615s ]
INFO: [ view_filter ] --START--
INFO: Run Behavior\WriteHtmlCacheBehavior [ RunTime:0.000274s ]
INFO: [ view_filter ] --END-- [ RunTime:0.000311s ]
INFO: [ app_end ] --START--
INFO: Run Behavior\ShowPageTraceBehavior [ RunTime:0.000469s ]
INFO: [ app_end ] --END-- [ RunTime:0.000524s ]

[ 2017-05-15T09:38:26+08:00 ] 218.19.99.33 /Admin/index/tindex
INFO: [ app_init ] --START--
INFO: Run Behavior\BuildLiteBehavior [ RunTime:0.000013s ]
INFO: [ app_init ] --END-- [ RunTime:0.000390s ]
INFO: [ app_begin ] --START--
INFO: Run Behavior\ReadHtmlCacheBehavior [ RunTime:0.000465s ]
INFO: [ app_begin ] --END-- [ RunTime:0.000513s ]
SQL: SHOW COLUMNS FROM `yd_company_info` [ RunTime:0.0010s ]
SQL: SELECT * FROM `yd_company_info` WHERE `com_storeid` = 617 LIMIT 1   [ RunTime:0.0002s ]
INFO: [ view_parse ] --START--
INFO: [ template_filter ] --START--
INFO: Run Behavior\ContentReplaceBehavior [ RunTime:0.000048s ]
INFO: [ template_filter ] --END-- [ RunTime:0.000091s ]
INFO: Run Behavior\ParseTemplateBehavior [ RunTime:0.004567s ]
INFO: [ view_parse ] --END-- [ RunTime:0.004612s ]
INFO: [ view_filter ] --START--
INFO: Run Behavior\WriteHtmlCacheBehavior [ RunTime:0.000261s ]
INFO: [ view_filter ] --END-- [ RunTime:0.000314s ]
INFO: [ app_end ] --START--
INFO: Run Behavior\ShowPageTraceBehavior [ RunTime:0.000496s ]
INFO: [ app_end ] --END-- [ RunTime:0.000538s ]

[ 2017-05-15T09:38:54+08:00 ] 218.19.99.33 /Admin/index/tindex
INFO: [ app_init ] --START--
INFO: Run Behavior\BuildLiteBehavior [ RunTime:0.000013s ]
INFO: [ app_init ] --END-- [ RunTime:0.000385s ]
INFO: [ app_begin ] --START--
INFO: Run Behavior\ReadHtmlCacheBehavior [ RunTime:0.000462s ]
INFO: [ app_begin ] --END-- [ RunTime:0.000508s ]
SQL: SHOW COLUMNS FROM `yd_company_info` [ RunTime:0.0011s ]
SQL: SELECT * FROM `yd_company_info` WHERE `com_storeid` = 617 LIMIT 1   [ RunTime:0.0002s ]
INFO: [ view_parse ] --START--
INFO: [ template_filter ] --START--
INFO: Run Behavior\ContentReplaceBehavior [ RunTime:0.000034s ]
INFO: [ template_filter ] --END-- [ RunTime:0.000073s ]
INFO: Run Behavior\ParseTemplateBehavior [ RunTime:0.004508s ]
INFO: [ view_parse ] --END-- [ RunTime:0.004551s ]
INFO: [ view_filter ] --START--
INFO: Run Behavior\WriteHtmlCacheBehavior [ RunTime:0.000265s ]
INFO: [ view_filter ] --END-- [ RunTime:0.000301s ]
INFO: [ app_end ] --START--
INFO: Run Behavior\ShowPageTraceBehavior [ RunTime:0.000487s ]
INFO: [ app_end ] --END-- [ RunTime:0.000524s ]

[ 2017-05-15T09:38:56+08:00 ] 218.19.99.33 /admin/CompanyInfo/add_info
INFO: [ app_init ] --START--
INFO: Run Behavior\BuildLiteBehavior [ RunTime:0.000013s ]
INFO: [ app_init ] --END-- [ RunTime:0.000399s ]
INFO: [ app_begin ] --START--
INFO: Run Behavior\ReadHtmlCacheBehavior [ RunTime:0.000458s ]
INFO: [ app_begin ] --END-- [ RunTime:0.000506s ]
SQL: SHOW COLUMNS FROM `yd_company_info` [ RunTime:0.0012s ]
SQL: SELECT * FROM `yd_company_info` WHERE `com_storeid` = 617 LIMIT 1   [ RunTime:0.0002s ]
NOTIC: [8] Undefined index: com_scname /mnt/web/spectrum/public_html/Application/Admin/Model/CompanyInfoModel.class.php 第 39 行.
SQL: SHOW COLUMNS FROM `yd_image` [ RunTime:0.0008s ]
SQL: SELECT * FROM `yd_image` WHERE `img_storeid` = 617  [ RunTime:0.0002s ]
NOTIC: [8] Undefined index: com_status /mnt/web/spectrum/public_html/Application/Admin/Controller/CompanyInfoController.class.php 第 18 行.
INFO: [ view_parse ] --START--
INFO: [ template_filter ] --START--
INFO: Run Behavior\ContentReplaceBehavior [ RunTime:0.000104s ]
INFO: [ template_filter ] --END-- [ RunTime:0.000149s ]
NOTIC: [8] Undefined index: com_id /mnt/web/spectrum/public_html/Application/Runtime/Cache/Admin/419e0d41903d9084a23840c8c3ea4e2a.php 第 93 行.
NOTIC: [8] Undefined index: com_name /mnt/web/spectrum/public_html/Application/Runtime/Cache/Admin/419e0d41903d9084a23840c8c3ea4e2a.php 第 97 行.
NOTIC: [8] Undefined index: com_logo /mnt/web/spectrum/public_html/Application/Runtime/Cache/Admin/419e0d41903d9084a23840c8c3ea4e2a.php 第 144 行.
NOTIC: [8] Undefined index: com_province /mnt/web/spectrum/public_html/Application/Runtime/Cache/Admin/419e0d41903d9084a23840c8c3ea4e2a.php 第 164 行.
NOTIC: [8] Undefined index: com_city /mnt/web/spectrum/public_html/Application/Runtime/Cache/Admin/419e0d41903d9084a23840c8c3ea4e2a.php 第 169 行.
NOTIC: [8] Undefined index: com_district /mnt/web/spectrum/public_html/Application/Runtime/Cache/Admin/419e0d41903d9084a23840c8c3ea4e2a.php 第 173 行.
NOTIC: [8] Undefined index: com_detailed /mnt/web/spectrum/public_html/Application/Runtime/Cache/Admin/419e0d41903d9084a23840c8c3ea4e2a.php 第 176 行.
NOTIC: [8] Undefined variable: store_class /mnt/web/spectrum/public_html/Application/Runtime/Cache/Admin/419e0d41903d9084a23840c8c3ea4e2a.php 第 184 行.
NOTIC: [8] Undefined variable: apply /mnt/web/spectrum/public_html/Application/Runtime/Cache/Admin/419e0d41903d9084a23840c8c3ea4e2a.php 第 186 行.
NOTIC: [8] Undefined index: com_synopsis /mnt/web/spectrum/public_html/Application/Runtime/Cache/Admin/419e0d41903d9084a23840c8c3ea4e2a.php 第 282 行.
NOTIC: [8] Undefined index: com_history /mnt/web/spectrum/public_html/Application/Runtime/Cache/Admin/419e0d41903d9084a23840c8c3ea4e2a.php 第 299 行.
NOTIC: [8] Undefined index: com_service /mnt/web/spectrum/public_html/Application/Runtime/Cache/Admin/419e0d41903d9084a23840c8c3ea4e2a.php 第 318 行.
NOTIC: [8] Undefined index: com_honor /mnt/web/spectrum/public_html/Application/Runtime/Cache/Admin/419e0d41903d9084a23840c8c3ea4e2a.php 第 335 行.
NOTIC: [8] Undefined index: com_culture /mnt/web/spectrum/public_html/Application/Runtime/Cache/Admin/419e0d41903d9084a23840c8c3ea4e2a.php 第 351 行.
NOTIC: [8] Undefined index: com_id /mnt/web/spectrum/public_html/Application/Runtime/Cache/Admin/419e0d41903d9084a23840c8c3ea4e2a.php 第 550 行.
INFO: Run Behavior\ParseTemplateBehavior [ RunTime:0.011591s ]
INFO: [ view_parse ] --END-- [ RunTime:0.011630s ]
INFO: [ view_filter ] --START--
INFO: Run Behavior\WriteHtmlCacheBehavior [ RunTime:0.000276s ]
INFO: [ view_filter ] --END-- [ RunTime:0.000314s ]
INFO: [ app_end ] --START--
INFO: Run Behavior\ShowPageTraceBehavior [ RunTime:0.000492s ]
INFO: [ app_end ] --END-- [ RunTime:0.000542s ]

[ 2017-05-15T09:38:56+08:00 ] 218.19.99.33 /admin/CompanyInfo/ajax_img
INFO: [ app_init ] --START--
INFO: Run Behavior\BuildLiteBehavior [ RunTime:0.000013s ]
INFO: [ app_init ] --END-- [ RunTime:0.000391s ]
INFO: [ app_begin ] --START--
INFO: Run Behavior\ReadHtmlCacheBehavior [ RunTime:0.000462s ]
INFO: [ app_begin ] --END-- [ RunTime:0.000508s ]
SQL: SHOW COLUMNS FROM `yd_image` [ RunTime:0.0009s ]
SQL: SELECT * FROM `yd_image` WHERE `img_storeid` = 617  [ RunTime:0.0002s ]
NOTIC: [8] Undefined variable: res /mnt/web/spectrum/public_html/Application/Admin/Controller/CompanyInfoController.class.php 第 59 行.

[ 2017-05-15T09:38:56+08:00 ] 218.19.99.33 /Admin/Media/media_list
INFO: [ app_init ] --START--
INFO: Run Behavior\BuildLiteBehavior [ RunTime:0.000013s ]
INFO: [ app_init ] --END-- [ RunTime:0.000382s ]
INFO: [ app_begin ] --START--
INFO: Run Behavior\ReadHtmlCacheBehavior [ RunTime:0.000454s ]
INFO: [ app_begin ] --END-- [ RunTime:0.000507s ]
SQL: SHOW COLUMNS FROM `yd_media` [ RunTime:0.0009s ]
SQL: SELECT * FROM `yd_media` WHERE `med_storeid` = 617 ORDER BY med_id desc LIMIT 6   [ RunTime:0.0002s ]
INFO: [ app_end ] --START--
INFO: Run Behavior\ShowPageTraceBehavior [ RunTime:0.000510s ]
INFO: [ app_end ] --END-- [ RunTime:0.000553s ]

[ 2017-05-15T09:40:04+08:00 ] 218.19.99.33 /admin/index/webup.html
INFO: [ app_init ] --START--
INFO: Run Behavior\BuildLiteBehavior [ RunTime:0.000014s ]
INFO: [ app_init ] --END-- [ RunTime:0.000388s ]
INFO: [ app_begin ] --START--
INFO: Run Behavior\ReadHtmlCacheBehavior [ RunTime:0.000443s ]
INFO: [ app_begin ] --END-- [ RunTime:0.000490s ]
NOTIC: [2] call_user_func() expects parameter 1 to be a valid callback, no array or string given /mnt/web/spectrum/public_html/ThinkPHP/Library/Think/Upload.class.php 第 170 行.

[ 2017-05-15T09:42:03+08:00 ] 218.19.99.33 /Admin/Media/add_media
INFO: [ app_init ] --START--
INFO: Run Behavior\BuildLiteBehavior [ RunTime:0.000013s ]
INFO: [ app_init ] --END-- [ RunTime:0.000390s ]
INFO: [ app_begin ] --START--
INFO: Run Behavior\ReadHtmlCacheBehavior [ RunTime:0.000447s ]
INFO: [ app_begin ] --END-- [ RunTime:0.000492s ]
SQL: SHOW COLUMNS FROM `yd_media` [ RunTime:0.0011s ]
NOTIC: [8] Undefined index: validate /mnt/web/spectrum/public_html/ThinkPHP/Library/Think/Model.class.php 第 1185 行.
NOTIC: [8] Undefined index: auto /mnt/web/spectrum/public_html/ThinkPHP/Library/Think/Model.class.php 第 1128 行.
SQL: INSERT INTO `yd_media` (`med_title`,`med_source`,`med_url`,`med_storeid`,`med_addtime`) VALUES ('火热推荐','百度','www.1900.com','617','1494812523') [ RunTime:0.0041s ]
SQL: SHOW COLUMNS FROM `yd_media` [ RunTime:0.0009s ]
SQL: SELECT * FROM `yd_media` WHERE `med_storeid` = 617 ORDER BY med_id desc LIMIT 6   [ RunTime:0.0002s ]

[ 2017-05-15T09:42:29+08:00 ] 218.19.99.33 /Admin/Media/media_save
INFO: [ app_init ] --START--
INFO: Run Behavior\BuildLiteBehavior [ RunTime:0.000014s ]
INFO: [ app_init ] --END-- [ RunTime:0.000391s ]
INFO: [ app_begin ] --START--
INFO: Run Behavior\ReadHtmlCacheBehavior [ RunTime:0.000484s ]
INFO: [ app_begin ] --END-- [ RunTime:0.000527s ]
SQL: SHOW COLUMNS FROM `yd_media` [ RunTime:0.0011s ]
NOTIC: [8] Undefined index: validate /mnt/web/spectrum/public_html/ThinkPHP/Library/Think/Model.class.php 第 1185 行.
NOTIC: [8] Undefined index: auto /mnt/web/spectrum/public_html/ThinkPHP/Library/Think/Model.class.php 第 1128 行.
SQL: UPDATE `yd_media` SET `med_title`='火热推荐',`med_source`='百度',`med_url`='www.yundi88.com',`med_addtime`='1494812549' WHERE `med_id` = '105' [ RunTime:0.0035s ]
SQL: SELECT * FROM `yd_media` WHERE `med_storeid` = 617 ORDER BY med_id desc LIMIT 6   [ RunTime:0.0003s ]

[ 2017-05-15T09:43:21+08:00 ] 218.19.99.33 /Admin/Media/add_media
INFO: [ app_init ] --START--
INFO: Run Behavior\BuildLiteBehavior [ RunTime:0.000014s ]
INFO: [ app_init ] --END-- [ RunTime:0.000393s ]
INFO: [ app_begin ] --START--
INFO: Run Behavior\ReadHtmlCacheBehavior [ RunTime:0.000466s ]
INFO: [ app_begin ] --END-- [ RunTime:0.000509s ]
SQL: SHOW COLUMNS FROM `yd_media` [ RunTime:0.0011s ]
NOTIC: [8] Undefined index: validate /mnt/web/spectrum/public_html/ThinkPHP/Library/Think/Model.class.php 第 1185 行.
NOTIC: [8] Undefined index: auto /mnt/web/spectrum/public_html/ThinkPHP/Library/Think/Model.class.php 第 1128 行.
SQL: INSERT INTO `yd_media` (`med_title`,`med_source`,`med_url`,`med_storeid`,`med_addtime`) VALUES ('企业动态','搜狐','b.yundi88.com','617','1494812601') [ RunTime:0.0039s ]
SQL: SHOW COLUMNS FROM `yd_media` [ RunTime:0.0009s ]
SQL: SELECT * FROM `yd_media` WHERE `med_storeid` = 617 ORDER BY med_id desc LIMIT 6   [ RunTime:0.0002s ]

[ 2017-05-15T09:43:35+08:00 ] 218.19.99.33 /admin/index/webup.html
INFO: [ app_init ] --START--
INFO: Run Behavior\BuildLiteBehavior [ RunTime:0.000013s ]
INFO: [ app_init ] --END-- [ RunTime:0.000392s ]
INFO: [ app_begin ] --START--
INFO: Run Behavior\ReadHtmlCacheBehavior [ RunTime:0.000460s ]
INFO: [ app_begin ] --END-- [ RunTime:0.000506s ]
NOTIC: [2] call_user_func() expects parameter 1 to be a valid callback, no array or string given /mnt/web/spectrum/public_html/ThinkPHP/Library/Think/Upload.class.php 第 170 行.

[ 2017-05-15T09:43:45+08:00 ] 218.19.99.33 /admin/CompanyInfo/img_add
INFO: [ app_init ] --START--
INFO: Run Behavior\BuildLiteBehavior [ RunTime:0.000014s ]
INFO: [ app_init ] --END-- [ RunTime:0.000379s ]
INFO: [ app_begin ] --START--
INFO: Run Behavior\ReadHtmlCacheBehavior [ RunTime:0.000474s ]
INFO: [ app_begin ] --END-- [ RunTime:0.000517s ]
NOTIC: [2] Invalid argument supplied for foreach() /mnt/web/spectrum/public_html/Application/Admin/Controller/CompanyInfoController.class.php 第 82 行.

[ 2017-05-15T09:43:45+08:00 ] 218.19.99.33 /admin/CompanyInfo/ajax_img
INFO: [ app_init ] --START--
INFO: Run Behavior\BuildLiteBehavior [ RunTime:0.000012s ]
INFO: [ app_init ] --END-- [ RunTime:0.000366s ]
INFO: [ app_begin ] --START--
INFO: Run Behavior\ReadHtmlCacheBehavior [ RunTime:0.000477s ]
INFO: [ app_begin ] --END-- [ RunTime:0.000521s ]
SQL: SHOW COLUMNS FROM `yd_image` [ RunTime:0.0011s ]
SQL: SELECT * FROM `yd_image` WHERE `img_storeid` = 617  [ RunTime:0.0002s ]
NOTIC: [8] Undefined variable: res /mnt/web/spectrum/public_html/Application/Admin/Controller/CompanyInfoController.class.php 第 59 行.

[ 2017-05-15T09:44:05+08:00 ] 218.19.99.33 /admin/index/webup.html
INFO: [ app_init ] --START--
INFO: Run Behavior\BuildLiteBehavior [ RunTime:0.000014s ]
INFO: [ app_init ] --END-- [ RunTime:0.000387s ]
INFO: [ app_begin ] --START--
INFO: Run Behavior\ReadHtmlCacheBehavior [ RunTime:0.000466s ]
INFO: [ app_begin ] --END-- [ RunTime:0.000512s ]
NOTIC: [2] call_user_func() expects parameter 1 to be a valid callback, no array or string given /mnt/web/spectrum/public_html/ThinkPHP/Library/Think/Upload.class.php 第 170 行.

[ 2017-05-15T09:44:09+08:00 ] 218.19.99.33 /admin/CompanyInfo/img_add
INFO: [ app_init ] --START--
INFO: Run Behavior\BuildLiteBehavior [ RunTime:0.000014s ]
INFO: [ app_init ] --END-- [ RunTime:0.000379s ]
INFO: [ app_begin ] --START--
INFO: Run Behavior\ReadHtmlCacheBehavior [ RunTime:0.000465s ]
INFO: [ app_begin ] --END-- [ RunTime:0.000518s ]
NOTIC: [2] Invalid argument supplied for foreach() /mnt/web/spectrum/public_html/Application/Admin/Controller/CompanyInfoController.class.php 第 82 行.

[ 2017-05-15T09:44:09+08:00 ] 218.19.99.33 /admin/CompanyInfo/ajax_img
INFO: [ app_init ] --START--
INFO: Run Behavior\BuildLiteBehavior [ RunTime:0.000013s ]
INFO: [ app_init ] --END-- [ RunTime:0.000384s ]
INFO: [ app_begin ] --START--
INFO: Run Behavior\ReadHtmlCacheBehavior [ RunTime:0.000456s ]
INFO: [ app_begin ] --END-- [ RunTime:0.000499s ]
SQL: SHOW COLUMNS FROM `yd_image` [ RunTime:0.0011s ]
SQL: SELECT * FROM `yd_image` WHERE `img_storeid` = 617  [ RunTime:0.0002s ]
NOTIC: [8] Undefined variable: res /mnt/web/spectrum/public_html/Application/Admin/Controller/CompanyInfoController.class.php 第 59 行.

[ 2017-05-15T09:44:30+08:00 ] 218.19.99.33 /admin/CompanyInfo/ajax_yulan
INFO: [ app_init ] --START--
INFO: Run Behavior\BuildLiteBehavior [ RunTime:0.000012s ]
INFO: [ app_init ] --END-- [ RunTime:0.000387s ]
INFO: [ app_begin ] --START--
INFO: Run Behavior\ReadHtmlCacheBehavior [ RunTime:0.000445s ]
INFO: [ app_begin ] --END-- [ RunTime:0.000487s ]
SQL: SHOW COLUMNS FROM `yd_company_info` [ RunTime:0.0012s ]
NOTIC: [8] Undefined index: validate /mnt/web/spectrum/public_html/ThinkPHP/Library/Think/Model.class.php 第 1185 行.
NOTIC: [8] Undefined index: auto /mnt/web/spectrum/public_html/ThinkPHP/Library/Think/Model.class.php 第 1128 行.
SQL: INSERT INTO `yd_company_info` (`com_id`,`com_name`,`com_url`,`com_logo`,`com_scname`,`com_province`,`com_city`,`com_district`,`com_detailed`,`com_synopsis`,`com_history`,`com_service`,`com_honor`,`com_culture`,`com_scid`,`com_storeid`,`com_time`) VALUES ('0','北京宏源福利投资管理有限公司','a:1:{i:0;s:19:\"http://www.1900.com\";}','/Public/Uploads/mod/2017-05-15/591906f42efe7.jpg','a:2:{i:0;s:12:\"企业网站\";i:1;s:12:\"公司网站\";}','北京市','北京市市辖区','大兴区','高密度难形成大厦','<p>saaaaaaaaaaaaaaaaaaaa</p>','<p>asssssssssssssssssssssssssssssdas12</p>','<p>121233as</p>','<p>assssssssssss122121</p>','','0','617','1494812670') [ RunTime:0.0041s ]

[ 2017-05-15T09:44:31+08:00 ] 218.19.99.33 /admin/index/rightset
INFO: [ app_init ] --START--
INFO: Run Behavior\BuildLiteBehavior [ RunTime:0.000021s ]
INFO: [ app_init ] --END-- [ RunTime:0.000392s ]
INFO: [ app_begin ] --START--
INFO: Run Behavior\ReadHtmlCacheBehavior [ RunTime:0.000457s ]
INFO: [ app_begin ] --END-- [ RunTime:0.000503s ]
INFO: [ view_parse ] --START--
INFO: [ template_filter ] --START--
INFO: Run Behavior\ContentReplaceBehavior [ RunTime:0.000032s ]
INFO: [ template_filter ] --END-- [ RunTime:0.000074s ]
INFO: Run Behavior\ParseTemplateBehavior [ RunTime:0.004157s ]
INFO: [ view_parse ] --END-- [ RunTime:0.004220s ]
INFO: [ view_filter ] --START--
INFO: Run Behavior\WriteHtmlCacheBehavior [ RunTime:0.000269s ]
INFO: [ view_filter ] --END-- [ RunTime:0.000304s ]
INFO: [ app_end ] --START--
INFO: Run Behavior\ShowPageTraceBehavior [ RunTime:0.000465s ]
INFO: [ app_end ] --END-- [ RunTime:0.000503s ]

[ 2017-05-15T09:44:39+08:00 ] 218.19.99.33 /Admin/index/tindex
INFO: [ app_init ] --START--
INFO: Run Behavior\BuildLiteBehavior [ RunTime:0.000013s ]
INFO: [ app_init ] --END-- [ RunTime:0.000394s ]
INFO: [ app_begin ] --START--
INFO: Run Behavior\ReadHtmlCacheBehavior [ RunTime:0.000483s ]
INFO: [ app_begin ] --END-- [ RunTime:0.000530s ]
SQL: SHOW COLUMNS FROM `yd_company_info` [ RunTime:0.0012s ]
SQL: SELECT * FROM `yd_company_info` WHERE `com_storeid` = 617 LIMIT 1   [ RunTime:0.0002s ]
NOTIC: [8] Undefined index: status /mnt/web/spectrum/public_html/Application/Admin/Controller/IndexController.class.php 第 55 行.
INFO: [ view_parse ] --START--
INFO: [ template_filter ] --START--
INFO: Run Behavior\ContentReplaceBehavior [ RunTime:0.000038s ]
INFO: [ template_filter ] --END-- [ RunTime:0.000078s ]
INFO: Run Behavior\ParseTemplateBehavior [ RunTime:0.004606s ]
INFO: [ view_parse ] --END-- [ RunTime:0.004650s ]
INFO: [ view_filter ] --START--
INFO: Run Behavior\WriteHtmlCacheBehavior [ RunTime:0.000273s ]
INFO: [ view_filter ] --END-- [ RunTime:0.000311s ]
INFO: [ app_end ] --START--
INFO: Run Behavior\ShowPageTraceBehavior [ RunTime:0.000470s ]
INFO: [ app_end ] --END-- [ RunTime:0.000509s ]

[ 2017-05-15T09:44:40+08:00 ] 218.19.99.33 /admin/CompanyInfo/add_info
INFO: [ app_init ] --START--
INFO: Run Behavior\BuildLiteBehavior [ RunTime:0.000014s ]
INFO: [ app_init ] --END-- [ RunTime:0.000395s ]
INFO: [ app_begin ] --START--
INFO: Run Behavior\ReadHtmlCacheBehavior [ RunTime:0.000451s ]
INFO: [ app_begin ] --END-- [ RunTime:0.000498s ]
SQL: SHOW COLUMNS FROM `yd_company_info` [ RunTime:0.0012s ]
SQL: SELECT * FROM `yd_company_info` WHERE `com_storeid` = 617 LIMIT 1   [ RunTime:0.0002s ]
SQL: SHOW COLUMNS FROM `yd_image` [ RunTime:0.0008s ]
SQL: SELECT * FROM `yd_image` WHERE `img_storeid` = 617  [ RunTime:0.0001s ]

[ 2017-05-15T09:44:40+08:00 ] 218.19.99.33 /admin/index/rightset
INFO: [ app_init ] --START--
INFO: Run Behavior\BuildLiteBehavior [ RunTime:0.000012s ]
INFO: [ app_init ] --END-- [ RunTime:0.000373s ]
INFO: [ app_begin ] --START--
INFO: Run Behavior\ReadHtmlCacheBehavior [ RunTime:0.000448s ]
INFO: [ app_begin ] --END-- [ RunTime:0.000495s ]
INFO: [ view_parse ] --START--
INFO: [ template_filter ] --START--
INFO: Run Behavior\ContentReplaceBehavior [ RunTime:0.000032s ]
INFO: [ template_filter ] --END-- [ RunTime:0.000074s ]
INFO: Run Behavior\ParseTemplateBehavior [ RunTime:0.004126s ]
INFO: [ view_parse ] --END-- [ RunTime:0.004171s ]
INFO: [ view_filter ] --START--
INFO: Run Behavior\WriteHtmlCacheBehavior [ RunTime:0.000268s ]
INFO: [ view_filter ] --END-- [ RunTime:0.000302s ]
INFO: [ app_end ] --START--
INFO: Run Behavior\ShowPageTraceBehavior [ RunTime:0.000478s ]
INFO: [ app_end ] --END-- [ RunTime:0.000518s ]

[ 2017-05-15T10:45:11+08:00 ] 150.255.184.78 /admin/index/tindex.html
INFO: [ app_init ] --START--
INFO: Run Behavior\BuildLiteBehavior [ RunTime:0.000013s ]
INFO: [ app_init ] --END-- [ RunTime:0.000379s ]
INFO: [ app_begin ] --START--
INFO: Run Behavior\ReadHtmlCacheBehavior [ RunTime:0.000457s ]
INFO: [ app_begin ] --END-- [ RunTime:0.000502s ]

[ 2017-05-15T14:58:21+08:00 ] 218.19.99.33 /Admin/index/tindex
INFO: [ app_init ] --START--
INFO: Run Behavior\BuildLiteBehavior [ RunTime:0.000013s ]
INFO: [ app_init ] --END-- [ RunTime:0.000394s ]
INFO: [ app_begin ] --START--
INFO: Run Behavior\ReadHtmlCacheBehavior [ RunTime:0.000471s ]
INFO: [ app_begin ] --END-- [ RunTime:0.000519s ]
SQL: SHOW COLUMNS FROM `yd_company_info` [ RunTime:0.0010s ]
SQL: SELECT * FROM `yd_company_info` WHERE `com_storeid` = 715 LIMIT 1   [ RunTime:0.0002s ]
INFO: [ view_parse ] --START--
INFO: [ template_filter ] --START--
INFO: Run Behavior\ContentReplaceBehavior [ RunTime:0.000035s ]
INFO: [ template_filter ] --END-- [ RunTime:0.000077s ]
INFO: Run Behavior\ParseTemplateBehavior [ RunTime:0.004552s ]
INFO: [ view_parse ] --END-- [ RunTime:0.004613s ]
INFO: [ view_filter ] --START--
INFO: Run Behavior\WriteHtmlCacheBehavior [ RunTime:0.000267s ]
INFO: [ view_filter ] --END-- [ RunTime:0.000304s ]
INFO: [ app_end ] --START--
INFO: Run Behavior\ShowPageTraceBehavior [ RunTime:0.000482s ]
INFO: [ app_end ] --END-- [ RunTime:0.000522s ]

[ 2017-05-15T15:28:03+08:00 ] 220.112.243.146 /Admin/index/tindex
INFO: [ app_init ] --START--
INFO: Run Behavior\BuildLiteBehavior [ RunTime:0.000012s ]
INFO: [ app_init ] --END-- [ RunTime:0.000368s ]
INFO: [ app_begin ] --START--
INFO: Run Behavior\ReadHtmlCacheBehavior [ RunTime:0.000471s ]
INFO: [ app_begin ] --END-- [ RunTime:0.000518s ]
SQL: SHOW COLUMNS FROM `yd_company_info` [ RunTime:0.0010s ]
SQL: SELECT * FROM `yd_company_info` WHERE `com_storeid` = 716 LIMIT 1   [ RunTime:0.0002s ]
INFO: [ view_parse ] --START--
INFO: [ template_filter ] --START--
INFO: Run Behavior\ContentReplaceBehavior [ RunTime:0.000036s ]
INFO: [ template_filter ] --END-- [ RunTime:0.000079s ]
INFO: Run Behavior\ParseTemplateBehavior [ RunTime:0.004637s ]
INFO: [ view_parse ] --END-- [ RunTime:0.004683s ]
INFO: [ view_filter ] --START--
INFO: Run Behavior\WriteHtmlCacheBehavior [ RunTime:0.000254s ]
INFO: [ view_filter ] --END-- [ RunTime:0.000290s ]
INFO: [ app_end ] --START--
INFO: Run Behavior\ShowPageTraceBehavior [ RunTime:0.000486s ]
INFO: [ app_end ] --END-- [ RunTime:0.000525s ]

[ 2017-05-15T19:10:47+08:00 ] 218.19.99.33 /Admin/index/tindex
INFO: [ app_init ] --START--
INFO: Run Behavior\BuildLiteBehavior [ RunTime:0.000012s ]
INFO: [ app_init ] --END-- [ RunTime:0.000375s ]
INFO: [ app_begin ] --START--
INFO: Run Behavior\ReadHtmlCacheBehavior [ RunTime:0.000459s ]
INFO: [ app_begin ] --END-- [ RunTime:0.000505s ]
SQL: SHOW COLUMNS FROM `yd_company_info` [ RunTime:0.0009s ]
SQL: SELECT * FROM `yd_company_info` WHERE `com_storeid` = 621 LIMIT 1   [ RunTime:0.0002s ]
INFO: [ view_parse ] --START--
INFO: [ template_filter ] --START--
INFO: Run Behavior\ContentReplaceBehavior [ RunTime:0.000035s ]
INFO: [ template_filter ] --END-- [ RunTime:0.000074s ]
INFO: Run Behavior\ParseTemplateBehavior [ RunTime:0.004404s ]
INFO: [ view_parse ] --END-- [ RunTime:0.004447s ]
INFO: [ view_filter ] --START--
INFO: Run Behavior\WriteHtmlCacheBehavior [ RunTime:0.000250s ]
INFO: [ view_filter ] --END-- [ RunTime:0.000285s ]
INFO: [ app_end ] --START--
INFO: Run Behavior\ShowPageTraceBehavior [ RunTime:0.000479s ]
INFO: [ app_end ] --END-- [ RunTime:0.000518s ]

[ 2017-05-15T19:11:47+08:00 ] 218.19.99.33 /admin/CompanyInfo/add_info
INFO: [ app_init ] --START--
INFO: Run Behavior\BuildLiteBehavior [ RunTime:0.000013s ]
INFO: [ app_init ] --END-- [ RunTime:0.000382s ]
INFO: [ app_begin ] --START--
INFO: Run Behavior\ReadHtmlCacheBehavior [ RunTime:0.000466s ]
INFO: [ app_begin ] --END-- [ RunTime:0.000513s ]
SQL: SHOW COLUMNS FROM `yd_company_info` [ RunTime:0.0012s ]
SQL: SELECT * FROM `yd_company_info` WHERE `com_storeid` = 621 LIMIT 1   [ RunTime:0.0002s ]
NOTIC: [8] Undefined index: com_scname /mnt/web/spectrum/public_html/Application/Admin/Model/CompanyInfoModel.class.php 第 39 行.
SQL: SHOW COLUMNS FROM `yd_image` [ RunTime:0.0008s ]
SQL: SELECT * FROM `yd_image` WHERE `img_storeid` = 621  [ RunTime:0.0002s ]
NOTIC: [8] Undefined index: com_status /mnt/web/spectrum/public_html/Application/Admin/Controller/CompanyInfoController.class.php 第 18 行.
INFO: [ view_parse ] --START--
INFO: [ template_filter ] --START--
INFO: Run Behavior\ContentReplaceBehavior [ RunTime:0.000101s ]
INFO: [ template_filter ] --END-- [ RunTime:0.000145s ]
NOTIC: [8] Undefined index: com_id /mnt/web/spectrum/public_html/Application/Runtime/Cache/Admin/419e0d41903d9084a23840c8c3ea4e2a.php 第 93 行.
NOTIC: [8] Undefined index: com_name /mnt/web/spectrum/public_html/Application/Runtime/Cache/Admin/419e0d41903d9084a23840c8c3ea4e2a.php 第 97 行.
NOTIC: [8] Undefined index: com_logo /mnt/web/spectrum/public_html/Application/Runtime/Cache/Admin/419e0d41903d9084a23840c8c3ea4e2a.php 第 144 行.
NOTIC: [8] Undefined index: com_province /mnt/web/spectrum/public_html/Application/Runtime/Cache/Admin/419e0d41903d9084a23840c8c3ea4e2a.php 第 164 行.
NOTIC: [8] Undefined index: com_city /mnt/web/spectrum/public_html/Application/Runtime/Cache/Admin/419e0d41903d9084a23840c8c3ea4e2a.php 第 169 行.
NOTIC: [8] Undefined index: com_district /mnt/web/spectrum/public_html/Application/Runtime/Cache/Admin/419e0d41903d9084a23840c8c3ea4e2a.php 第 173 行.
NOTIC: [8] Undefined index: com_detailed /mnt/web/spectrum/public_html/Application/Runtime/Cache/Admin/419e0d41903d9084a23840c8c3ea4e2a.php 第 176 行.
NOTIC: [8] Undefined variable: store_class /mnt/web/spectrum/public_html/Application/Runtime/Cache/Admin/419e0d41903d9084a23840c8c3ea4e2a.php 第 184 行.
NOTIC: [8] Undefined variable: apply /mnt/web/spectrum/public_html/Application/Runtime/Cache/Admin/419e0d41903d9084a23840c8c3ea4e2a.php 第 186 行.
NOTIC: [8] Undefined index: com_synopsis /mnt/web/spectrum/public_html/Application/Runtime/Cache/Admin/419e0d41903d9084a23840c8c3ea4e2a.php 第 282 行.
NOTIC: [8] Undefined index: com_history /mnt/web/spectrum/public_html/Application/Runtime/Cache/Admin/419e0d41903d9084a23840c8c3ea4e2a.php 第 299 行.
NOTIC: [8] Undefined index: com_service /mnt/web/spectrum/public_html/Application/Runtime/Cache/Admin/419e0d41903d9084a23840c8c3ea4e2a.php 第 318 行.
NOTIC: [8] Undefined index: com_honor /mnt/web/spectrum/public_html/Application/Runtime/Cache/Admin/419e0d41903d9084a23840c8c3ea4e2a.php 第 335 行.
NOTIC: [8] Undefined index: com_culture /mnt/web/spectrum/public_html/Application/Runtime/Cache/Admin/419e0d41903d9084a23840c8c3ea4e2a.php 第 351 行.
NOTIC: [8] Undefined index: com_id /mnt/web/spectrum/public_html/Application/Runtime/Cache/Admin/419e0d41903d9084a23840c8c3ea4e2a.php 第 550 行.
INFO: Run Behavior\ParseTemplateBehavior [ RunTime:0.011225s ]
INFO: [ view_parse ] --END-- [ RunTime:0.011261s ]
INFO: [ view_filter ] --START--
INFO: Run Behavior\WriteHtmlCacheBehavior [ RunTime:0.000259s ]
INFO: [ view_filter ] --END-- [ RunTime:0.000320s ]
INFO: [ app_end ] --START--
INFO: Run Behavior\ShowPageTraceBehavior [ RunTime:0.000495s ]
INFO: [ app_end ] --END-- [ RunTime:0.000539s ]

[ 2017-05-15T19:11:48+08:00 ] 218.19.99.33 /admin/CompanyInfo/ajax_img
INFO: [ app_init ] --START--
INFO: Run Behavior\BuildLiteBehavior [ RunTime:0.000016s ]
INFO: [ app_init ] --END-- [ RunTime:0.000409s ]
INFO: [ app_begin ] --START--
INFO: Run Behavior\ReadHtmlCacheBehavior [ RunTime:0.000446s ]
INFO: [ app_begin ] --END-- [ RunTime:0.000510s ]
SQL: SHOW COLUMNS FROM `yd_image` [ RunTime:0.0011s ]
SQL: SELECT * FROM `yd_image` WHERE `img_storeid` = 621  [ RunTime:0.0002s ]
NOTIC: [8] Undefined variable: res /mnt/web/spectrum/public_html/Application/Admin/Controller/CompanyInfoController.class.php 第 59 行.

[ 2017-05-15T19:11:48+08:00 ] 218.19.99.33 /Admin/Media/media_list
INFO: [ app_init ] --START--
INFO: Run Behavior\BuildLiteBehavior [ RunTime:0.000013s ]
INFO: [ app_init ] --END-- [ RunTime:0.000395s ]
INFO: [ app_begin ] --START--
INFO: Run Behavior\ReadHtmlCacheBehavior [ RunTime:0.000475s ]
INFO: [ app_begin ] --END-- [ RunTime:0.000519s ]
SQL: SHOW COLUMNS FROM `yd_media` [ RunTime:0.0009s ]
SQL: SELECT * FROM `yd_media` WHERE `med_storeid` = 621 ORDER BY med_id desc LIMIT 6   [ RunTime:0.0002s ]
INFO: [ app_end ] --START--
INFO: Run Behavior\ShowPageTraceBehavior [ RunTime:0.000476s ]
INFO: [ app_end ] --END-- [ RunTime:0.000517s ]

[ 2017-05-15T19:11:53+08:00 ] 218.19.99.33 /Admin/index/tindex
INFO: [ app_init ] --START--
INFO: Run Behavior\BuildLiteBehavior [ RunTime:0.000012s ]
INFO: [ app_init ] --END-- [ RunTime:0.000375s ]
INFO: [ app_begin ] --START--
INFO: Run Behavior\ReadHtmlCacheBehavior [ RunTime:0.000449s ]
INFO: [ app_begin ] --END-- [ RunTime:0.000496s ]
SQL: SHOW COLUMNS FROM `yd_company_info` [ RunTime:0.0012s ]
SQL: SELECT * FROM `yd_company_info` WHERE `com_storeid` = 621 LIMIT 1   [ RunTime:0.0002s ]
INFO: [ view_parse ] --START--
INFO: [ template_filter ] --START--
INFO: Run Behavior\ContentReplaceBehavior [ RunTime:0.000037s ]
INFO: [ template_filter ] --END-- [ RunTime:0.000075s ]
INFO: Run Behavior\ParseTemplateBehavior [ RunTime:0.004425s ]
INFO: [ view_parse ] --END-- [ RunTime:0.004469s ]
INFO: [ view_filter ] --START--
INFO: Run Behavior\WriteHtmlCacheBehavior [ RunTime:0.000266s ]
INFO: [ view_filter ] --END-- [ RunTime:0.000301s ]
INFO: [ app_end ] --START--
INFO: Run Behavior\ShowPageTraceBehavior [ RunTime:0.000472s ]
INFO: [ app_end ] --END-- [ RunTime:0.000510s ]

[ 2017-05-15T19:11:54+08:00 ] 218.19.99.33 /Admin/index/tindex
INFO: [ app_init ] --START--
INFO: Run Behavior\BuildLiteBehavior [ RunTime:0.000012s ]
INFO: [ app_init ] --END-- [ RunTime:0.000377s ]
INFO: [ app_begin ] --START--
INFO: Run Behavior\ReadHtmlCacheBehavior [ RunTime:0.000476s ]
INFO: [ app_begin ] --END-- [ RunTime:0.000522s ]
SQL: SHOW COLUMNS FROM `yd_company_info` [ RunTime:0.0010s ]
SQL: SELECT * FROM `yd_company_info` WHERE `com_storeid` = 621 LIMIT 1   [ RunTime:0.0002s ]
INFO: [ view_parse ] --START--
INFO: [ template_filter ] --START--
INFO: Run Behavior\ContentReplaceBehavior [ RunTime:0.000036s ]
INFO: [ template_filter ] --END-- [ RunTime:0.000074s ]
INFO: Run Behavior\ParseTemplateBehavior [ RunTime:0.004371s ]
INFO: [ view_parse ] --END-- [ RunTime:0.004414s ]
INFO: [ view_filter ] --START--
INFO: Run Behavior\WriteHtmlCacheBehavior [ RunTime:0.000251s ]
INFO: [ view_filter ] --END-- [ RunTime:0.000296s ]
INFO: [ app_end ] --START--
INFO: Run Behavior\ShowPageTraceBehavior [ RunTime:0.000476s ]
INFO: [ app_end ] --END-- [ RunTime:0.000513s ]

[ 2017-05-15T19:11:58+08:00 ] 218.19.99.33 /admin/CompanyInfo/add_info
INFO: [ app_init ] --START--
INFO: Run Behavior\BuildLiteBehavior [ RunTime:0.000013s ]
INFO: [ app_init ] --END-- [ RunTime:0.000389s ]
INFO: [ app_begin ] --START--
INFO: Run Behavior\ReadHtmlCacheBehavior [ RunTime:0.000444s ]
INFO: [ app_begin ] --END-- [ RunTime:0.000500s ]
SQL: SHOW COLUMNS FROM `yd_company_info` [ RunTime:0.0011s ]
SQL: SELECT * FROM `yd_company_info` WHERE `com_storeid` = 621 LIMIT 1   [ RunTime:0.0002s ]
NOTIC: [8] Undefined index: com_scname /mnt/web/spectrum/public_html/Application/Admin/Model/CompanyInfoModel.class.php 第 39 行.
SQL: SHOW COLUMNS FROM `yd_image` [ RunTime:0.0008s ]
SQL: SELECT * FROM `yd_image` WHERE `img_storeid` = 621  [ RunTime:0.0002s ]
NOTIC: [8] Undefined index: com_status /mnt/web/spectrum/public_html/Application/Admin/Controller/CompanyInfoController.class.php 第 18 行.
INFO: [ view_parse ] --START--
INFO: [ template_filter ] --START--
INFO: Run Behavior\ContentReplaceBehavior [ RunTime:0.000101s ]
INFO: [ template_filter ] --END-- [ RunTime:0.000144s ]
NOTIC: [8] Undefined index: com_id /mnt/web/spectrum/public_html/Application/Runtime/Cache/Admin/419e0d41903d9084a23840c8c3ea4e2a.php 第 93 行.
NOTIC: [8] Undefined index: com_name /mnt/web/spectrum/public_html/Application/Runtime/Cache/Admin/419e0d41903d9084a23840c8c3ea4e2a.php 第 97 行.
NOTIC: [8] Undefined index: com_logo /mnt/web/spectrum/public_html/Application/Runtime/Cache/Admin/419e0d41903d9084a23840c8c3ea4e2a.php 第 144 行.
NOTIC: [8] Undefined index: com_province /mnt/web/spectrum/public_html/Application/Runtime/Cache/Admin/419e0d41903d9084a23840c8c3ea4e2a.php 第 164 行.
NOTIC: [8] Undefined index: com_city /mnt/web/spectrum/public_html/Application/Runtime/Cache/Admin/419e0d41903d9084a23840c8c3ea4e2a.php 第 169 行.
NOTIC: [8] Undefined index: com_district /mnt/web/spectrum/public_html/Application/Runtime/Cache/Admin/419e0d41903d9084a23840c8c3ea4e2a.php 第 173 行.
NOTIC: [8] Undefined index: com_detailed /mnt/web/spectrum/public_html/Application/Runtime/Cache/Admin/419e0d41903d9084a23840c8c3ea4e2a.php 第 176 行.
NOTIC: [8] Undefined variable: store_class /mnt/web/spectrum/public_html/Application/Runtime/Cache/Admin/419e0d41903d9084a23840c8c3ea4e2a.php 第 184 行.
NOTIC: [8] Undefined variable: apply /mnt/web/spectrum/public_html/Application/Runtime/Cache/Admin/419e0d41903d9084a23840c8c3ea4e2a.php 第 186 行.
NOTIC: [8] Undefined index: com_synopsis /mnt/web/spectrum/public_html/Application/Runtime/Cache/Admin/419e0d41903d9084a23840c8c3ea4e2a.php 第 282 行.
NOTIC: [8] Undefined index: com_history /mnt/web/spectrum/public_html/Application/Runtime/Cache/Admin/419e0d41903d9084a23840c8c3ea4e2a.php 第 299 行.
NOTIC: [8] Undefined index: com_service /mnt/web/spectrum/public_html/Application/Runtime/Cache/Admin/419e0d41903d9084a23840c8c3ea4e2a.php 第 318 行.
NOTIC: [8] Undefined index: com_honor /mnt/web/spectrum/public_html/Application/Runtime/Cache/Admin/419e0d41903d9084a23840c8c3ea4e2a.php 第 335 行.
NOTIC: [8] Undefined index: com_culture /mnt/web/spectrum/public_html/Application/Runtime/Cache/Admin/419e0d41903d9084a23840c8c3ea4e2a.php 第 351 行.
NOTIC: [8] Undefined index: com_id /mnt/web/spectrum/public_html/Application/Runtime/Cache/Admin/419e0d41903d9084a23840c8c3ea4e2a.php 第 550 行.
INFO: Run Behavior\ParseTemplateBehavior [ RunTime:0.011404s ]
INFO: [ view_parse ] --END-- [ RunTime:0.011440s ]
INFO: [ view_filter ] --START--
INFO: Run Behavior\WriteHtmlCacheBehavior [ RunTime:0.000257s ]
INFO: [ view_filter ] --END-- [ RunTime:0.000292s ]
INFO: [ app_end ] --START--
INFO: Run Behavior\ShowPageTraceBehavior [ RunTime:0.000493s ]
INFO: [ app_end ] --END-- [ RunTime:0.000536s ]

[ 2017-05-15T19:11:59+08:00 ] 218.19.99.33 /admin/CompanyInfo/ajax_img
INFO: [ app_init ] --START--
INFO: Run Behavior\BuildLiteBehavior [ RunTime:0.000013s ]
INFO: [ app_init ] --END-- [ RunTime:0.000379s ]
INFO: [ app_begin ] --START--
INFO: Run Behavior\ReadHtmlCacheBehavior [ RunTime:0.000453s ]
INFO: [ app_begin ] --END-- [ RunTime:0.000497s ]
SQL: SHOW COLUMNS FROM `yd_image` [ RunTime:0.0010s ]
SQL: SELECT * FROM `yd_image` WHERE `img_storeid` = 621  [ RunTime:0.0002s ]
NOTIC: [8] Undefined variable: res /mnt/web/spectrum/public_html/Application/Admin/Controller/CompanyInfoController.class.php 第 59 行.

[ 2017-05-15T19:11:59+08:00 ] 218.19.99.33 /Admin/Media/media_list
INFO: [ app_init ] --START--
INFO: Run Behavior\BuildLiteBehavior [ RunTime:0.000012s ]
INFO: [ app_init ] --END-- [ RunTime:0.000368s ]
INFO: [ app_begin ] --START--
INFO: Run Behavior\ReadHtmlCacheBehavior [ RunTime:0.000477s ]
INFO: [ app_begin ] --END-- [ RunTime:0.000521s ]
SQL: SHOW COLUMNS FROM `yd_media` [ RunTime:0.0009s ]
SQL: SELECT * FROM `yd_media` WHERE `med_storeid` = 621 ORDER BY med_id desc LIMIT 6   [ RunTime:0.0002s ]
INFO: [ app_end ] --START--
INFO: Run Behavior\ShowPageTraceBehavior [ RunTime:0.000492s ]
INFO: [ app_end ] --END-- [ RunTime:0.000532s ]

