[ 2017-05-08T10:43:10+08:00 ] 218.19.99.118 /Admin/CompanyInfo/add_info
INFO: [ app_init ] --START--
INFO: Run Behavior\BuildLiteBehavior [ RunTime:0.000011s ]
INFO: [ app_init ] --END-- [ RunTime:0.000279s ]
INFO: [ app_begin ] --START--
INFO: Run Behavior\ReadHtmlCacheBehavior [ RunTime:0.000371s ]
INFO: [ app_begin ] --END-- [ RunTime:0.000412s ]

[ 2017-05-08T11:11:56+08:00 ] 218.19.99.118 /Admin/CompanyInfo/add_info
INFO: [ app_init ] --START--
INFO: Run Behavior\BuildLiteBehavior [ RunTime:0.000011s ]
INFO: [ app_init ] --END-- [ RunTime:0.000264s ]
INFO: [ app_begin ] --START--
INFO: Run Behavior\ReadHtmlCacheBehavior [ RunTime:0.000370s ]
INFO: [ app_begin ] --END-- [ RunTime:0.000411s ]
SQL: SHOW COLUMNS FROM `yd_company_info` [ RunTime:0.0006s ]
SQL: SELECT * FROM `yd_company_info` WHERE `com_storeid` = 606 LIMIT 1   [ RunTime:0.0002s ]
SQL: SHOW COLUMNS FROM `yd_image` [ RunTime:0.0004s ]
SQL: SELECT * FROM `yd_image` WHERE `img_storeid` = 606  [ RunTime:0.0001s ]
INFO: [ view_parse ] --START--
INFO: [ template_filter ] --START--
INFO: Run Behavior\ContentReplaceBehavior [ RunTime:0.000109s ]
INFO: [ template_filter ] --END-- [ RunTime:0.000154s ]
NOTIC: [8] Undefined variable: store_class /mnt/web/association/public_html/Application/Runtime/Cache/Admin/419e0d41903d9084a23840c8c3ea4e2a.php 第 142 行.
NOTIC: [8] Undefined variable: apply /mnt/web/association/public_html/Application/Runtime/Cache/Admin/419e0d41903d9084a23840c8c3ea4e2a.php 第 144 行.
INFO: Run Behavior\ParseTemplateBehavior [ RunTime:0.010028s ]
INFO: [ view_parse ] --END-- [ RunTime:0.010062s ]
INFO: [ view_filter ] --START--
INFO: Run Behavior\WriteHtmlCacheBehavior [ RunTime:0.000159s ]
INFO: [ view_filter ] --END-- [ RunTime:0.000186s ]
INFO: [ app_end ] --START--
INFO: Run Behavior\ShowPageTraceBehavior [ RunTime:0.000358s ]
INFO: [ app_end ] --END-- [ RunTime:0.000392s ]

[ 2017-05-08T11:11:56+08:00 ] 218.19.99.118 /admin/CompanyInfo/ajax_img
INFO: [ app_init ] --START--
INFO: Run Behavior\BuildLiteBehavior [ RunTime:0.000012s ]
INFO: [ app_init ] --END-- [ RunTime:0.000260s ]
INFO: [ app_begin ] --START--
INFO: Run Behavior\ReadHtmlCacheBehavior [ RunTime:0.000344s ]
INFO: [ app_begin ] --END-- [ RunTime:0.000381s ]
SQL: SHOW COLUMNS FROM `yd_image` [ RunTime:0.0007s ]
SQL: SELECT * FROM `yd_image` WHERE `img_storeid` = 606  [ RunTime:0.0002s ]

[ 2017-05-08T11:11:56+08:00 ] 218.19.99.118 /Admin/Media/media_list
INFO: [ app_init ] --START--
INFO: Run Behavior\BuildLiteBehavior [ RunTime:0.000010s ]
INFO: [ app_init ] --END-- [ RunTime:0.000255s ]
INFO: [ app_begin ] --START--
INFO: Run Behavior\ReadHtmlCacheBehavior [ RunTime:0.000369s ]
INFO: [ app_begin ] --END-- [ RunTime:0.000405s ]
SQL: SHOW COLUMNS FROM `yd_media` [ RunTime:0.0005s ]
SQL: SELECT * FROM `yd_media` WHERE `med_storeid` = 606 ORDER BY med_id desc LIMIT 6   [ RunTime:0.0002s ]

[ 2017-05-08T11:13:13+08:00 ] 218.19.99.118 /Admin/CompanyInfo/add_info
INFO: [ app_init ] --START--
INFO: Run Behavior\BuildLiteBehavior [ RunTime:0.000011s ]
INFO: [ app_init ] --END-- [ RunTime:0.000270s ]
INFO: [ app_begin ] --START--
INFO: Run Behavior\ReadHtmlCacheBehavior [ RunTime:0.000378s ]
INFO: [ app_begin ] --END-- [ RunTime:0.000415s ]
SQL: SHOW COLUMNS FROM `yd_company_info` [ RunTime:0.0008s ]
SQL: SELECT * FROM `yd_company_info` WHERE `com_storeid` = 606 LIMIT 1   [ RunTime:0.0002s ]
SQL: SHOW COLUMNS FROM `yd_image` [ RunTime:0.0004s ]
SQL: SELECT * FROM `yd_image` WHERE `img_storeid` = 606  [ RunTime:0.0001s ]
INFO: [ view_parse ] --START--
INFO: [ template_filter ] --START--
INFO: Run Behavior\ContentReplaceBehavior [ RunTime:0.000103s ]
INFO: [ template_filter ] --END-- [ RunTime:0.000141s ]
NOTIC: [8] Undefined variable: store_class /mnt/web/association/public_html/Application/Runtime/Cache/Admin/419e0d41903d9084a23840c8c3ea4e2a.php 第 142 行.
NOTIC: [8] Undefined variable: apply /mnt/web/association/public_html/Application/Runtime/Cache/Admin/419e0d41903d9084a23840c8c3ea4e2a.php 第 144 行.
INFO: Run Behavior\ParseTemplateBehavior [ RunTime:0.010096s ]
INFO: [ view_parse ] --END-- [ RunTime:0.010128s ]
INFO: [ view_filter ] --START--
INFO: Run Behavior\WriteHtmlCacheBehavior [ RunTime:0.000158s ]
INFO: [ view_filter ] --END-- [ RunTime:0.000187s ]
INFO: [ app_end ] --START--
INFO: Run Behavior\ShowPageTraceBehavior [ RunTime:0.000354s ]
INFO: [ app_end ] --END-- [ RunTime:0.000389s ]

[ 2017-05-08T11:13:13+08:00 ] 218.19.99.118 /admin/CompanyInfo/ajax_img
INFO: [ app_init ] --START--
INFO: Run Behavior\BuildLiteBehavior [ RunTime:0.000011s ]
INFO: [ app_init ] --END-- [ RunTime:0.000264s ]
INFO: [ app_begin ] --START--
INFO: Run Behavior\ReadHtmlCacheBehavior [ RunTime:0.000343s ]
INFO: [ app_begin ] --END-- [ RunTime:0.000381s ]
SQL: SHOW COLUMNS FROM `yd_image` [ RunTime:0.0007s ]
SQL: SELECT * FROM `yd_image` WHERE `img_storeid` = 606  [ RunTime:0.0002s ]

[ 2017-05-08T11:13:13+08:00 ] 218.19.99.118 /Admin/Media/media_list
INFO: [ app_init ] --START--
INFO: Run Behavior\BuildLiteBehavior [ RunTime:0.000011s ]
INFO: [ app_init ] --END-- [ RunTime:0.000280s ]
INFO: [ app_begin ] --START--
INFO: Run Behavior\ReadHtmlCacheBehavior [ RunTime:0.000346s ]
INFO: [ app_begin ] --END-- [ RunTime:0.000382s ]
SQL: SHOW COLUMNS FROM `yd_media` [ RunTime:0.0006s ]
SQL: SELECT * FROM `yd_media` WHERE `med_storeid` = 606 ORDER BY med_id desc LIMIT 6   [ RunTime:0.0002s ]

[ 2017-05-08T13:12:59+08:00 ] 218.19.99.118 /Admin/CompanyInfo/add_info
INFO: [ app_init ] --START--
INFO: Run Behavior\BuildLiteBehavior [ RunTime:0.000010s ]
INFO: [ app_init ] --END-- [ RunTime:0.000245s ]
INFO: [ app_begin ] --START--
INFO: Run Behavior\ReadHtmlCacheBehavior [ RunTime:0.001069s ]
INFO: [ app_begin ] --END-- [ RunTime:0.001108s ]
SQL: SHOW COLUMNS FROM `yd_company_info` [ RunTime:0.0035s ]
SQL: SELECT * FROM `yd_company_info` WHERE `com_storeid` = 606 LIMIT 1   [ RunTime:0.0010s ]
SQL: SHOW COLUMNS FROM `yd_image` [ RunTime:0.0037s ]
SQL: SELECT * FROM `yd_image` WHERE `img_storeid` = 606  [ RunTime:0.0001s ]
INFO: [ view_parse ] --START--
INFO: [ template_filter ] --START--
INFO: Run Behavior\ContentReplaceBehavior [ RunTime:0.000107s ]
INFO: [ template_filter ] --END-- [ RunTime:0.000143s ]
NOTIC: [8] Undefined variable: store_class /mnt/web/association/public_html/Application/Runtime/Cache/Admin/419e0d41903d9084a23840c8c3ea4e2a.php 第 142 行.
NOTIC: [8] Undefined variable: apply /mnt/web/association/public_html/Application/Runtime/Cache/Admin/419e0d41903d9084a23840c8c3ea4e2a.php 第 144 行.
INFO: Run Behavior\ParseTemplateBehavior [ RunTime:0.022502s ]
INFO: [ view_parse ] --END-- [ RunTime:0.022534s ]
INFO: [ view_filter ] --START--
INFO: Run Behavior\WriteHtmlCacheBehavior [ RunTime:0.000885s ]
INFO: [ view_filter ] --END-- [ RunTime:0.000913s ]
INFO: [ app_end ] --START--
INFO: Run Behavior\ShowPageTraceBehavior [ RunTime:0.001049s ]
INFO: [ app_end ] --END-- [ RunTime:0.001085s ]

[ 2017-05-08T13:12:59+08:00 ] 218.19.99.118 /admin/CompanyInfo/ajax_img
INFO: [ app_init ] --START--
INFO: Run Behavior\BuildLiteBehavior [ RunTime:0.000018s ]
INFO: [ app_init ] --END-- [ RunTime:0.000261s ]
INFO: [ app_begin ] --START--
INFO: Run Behavior\ReadHtmlCacheBehavior [ RunTime:0.000354s ]
INFO: [ app_begin ] --END-- [ RunTime:0.000390s ]
SQL: SHOW COLUMNS FROM `yd_image` [ RunTime:0.0006s ]
SQL: SELECT * FROM `yd_image` WHERE `img_storeid` = 606  [ RunTime:0.0002s ]

[ 2017-05-08T13:12:59+08:00 ] 218.19.99.118 /Admin/Media/media_list
INFO: [ app_init ] --START--
INFO: Run Behavior\BuildLiteBehavior [ RunTime:0.000010s ]
INFO: [ app_init ] --END-- [ RunTime:0.000254s ]
INFO: [ app_begin ] --START--
INFO: Run Behavior\ReadHtmlCacheBehavior [ RunTime:0.000341s ]
INFO: [ app_begin ] --END-- [ RunTime:0.000377s ]
SQL: SHOW COLUMNS FROM `yd_media` [ RunTime:0.0034s ]
SQL: SELECT * FROM `yd_media` WHERE `med_storeid` = 606 ORDER BY med_id desc LIMIT 6   [ RunTime:0.0002s ]

[ 2017-05-08T13:26:02+08:00 ] 218.19.99.118 /Admin/CompanyInfo/add_info
INFO: [ app_init ] --START--
INFO: Run Behavior\BuildLiteBehavior [ RunTime:0.000010s ]
INFO: [ app_init ] --END-- [ RunTime:0.000244s ]
INFO: [ app_begin ] --START--
INFO: Run Behavior\ReadHtmlCacheBehavior [ RunTime:0.000342s ]
INFO: [ app_begin ] --END-- [ RunTime:0.000378s ]

[ 2017-05-08T15:40:31+08:00 ] 36.149.40.178 /Admin/CompanyInfo/add_info
INFO: [ app_init ] --START--
INFO: Run Behavior\BuildLiteBehavior [ RunTime:0.000014s ]
INFO: [ app_init ] --END-- [ RunTime:0.000332s ]
INFO: [ app_begin ] --START--
INFO: Run Behavior\ReadHtmlCacheBehavior [ RunTime:0.000432s ]
INFO: [ app_begin ] --END-- [ RunTime:0.000474s ]
SQL: SHOW COLUMNS FROM `yd_company_info` [ RunTime:0.0007s ]
SQL: SELECT * FROM `yd_company_info` WHERE `com_storeid` = 678 LIMIT 1   [ RunTime:0.0002s ]
NOTIC: [8] Undefined index: com_scname /mnt/web/association/public_html/Application/Admin/Model/CompanyInfoModel.class.php 第 39 行.
SQL: SHOW COLUMNS FROM `yd_image` [ RunTime:0.0004s ]
SQL: SELECT * FROM `yd_image` WHERE `img_storeid` = 678  [ RunTime:0.0002s ]
INFO: [ view_parse ] --START--
INFO: [ template_filter ] --START--
INFO: Run Behavior\ContentReplaceBehavior [ RunTime:0.000118s ]
INFO: [ template_filter ] --END-- [ RunTime:0.000157s ]
NOTIC: [8] Undefined index: com_id /mnt/web/association/public_html/Application/Runtime/Cache/Admin/419e0d41903d9084a23840c8c3ea4e2a.php 第 51 行.
NOTIC: [8] Undefined index: com_name /mnt/web/association/public_html/Application/Runtime/Cache/Admin/419e0d41903d9084a23840c8c3ea4e2a.php 第 55 行.
NOTIC: [8] Undefined index: com_logo /mnt/web/association/public_html/Application/Runtime/Cache/Admin/419e0d41903d9084a23840c8c3ea4e2a.php 第 102 行.
NOTIC: [8] Undefined index: com_province /mnt/web/association/public_html/Application/Runtime/Cache/Admin/419e0d41903d9084a23840c8c3ea4e2a.php 第 122 行.
NOTIC: [8] Undefined index: com_city /mnt/web/association/public_html/Application/Runtime/Cache/Admin/419e0d41903d9084a23840c8c3ea4e2a.php 第 127 行.
NOTIC: [8] Undefined index: com_district /mnt/web/association/public_html/Application/Runtime/Cache/Admin/419e0d41903d9084a23840c8c3ea4e2a.php 第 131 行.
NOTIC: [8] Undefined index: com_detailed /mnt/web/association/public_html/Application/Runtime/Cache/Admin/419e0d41903d9084a23840c8c3ea4e2a.php 第 134 行.
NOTIC: [8] Undefined variable: store_class /mnt/web/association/public_html/Application/Runtime/Cache/Admin/419e0d41903d9084a23840c8c3ea4e2a.php 第 142 行.
NOTIC: [8] Undefined variable: apply /mnt/web/association/public_html/Application/Runtime/Cache/Admin/419e0d41903d9084a23840c8c3ea4e2a.php 第 144 行.
NOTIC: [8] Undefined index: com_synopsis /mnt/web/association/public_html/Application/Runtime/Cache/Admin/419e0d41903d9084a23840c8c3ea4e2a.php 第 240 行.
NOTIC: [8] Undefined index: com_history /mnt/web/association/public_html/Application/Runtime/Cache/Admin/419e0d41903d9084a23840c8c3ea4e2a.php 第 257 行.
NOTIC: [8] Undefined index: com_service /mnt/web/association/public_html/Application/Runtime/Cache/Admin/419e0d41903d9084a23840c8c3ea4e2a.php 第 276 行.
NOTIC: [8] Undefined index: com_honor /mnt/web/association/public_html/Application/Runtime/Cache/Admin/419e0d41903d9084a23840c8c3ea4e2a.php 第 293 行.
NOTIC: [8] Undefined index: com_culture /mnt/web/association/public_html/Application/Runtime/Cache/Admin/419e0d41903d9084a23840c8c3ea4e2a.php 第 309 行.
INFO: Run Behavior\ParseTemplateBehavior [ RunTime:0.010858s ]
INFO: [ view_parse ] --END-- [ RunTime:0.010897s ]
INFO: [ view_filter ] --START--
INFO: Run Behavior\WriteHtmlCacheBehavior [ RunTime:0.000162s ]
INFO: [ view_filter ] --END-- [ RunTime:0.000193s ]
INFO: [ app_end ] --START--
INFO: Run Behavior\ShowPageTraceBehavior [ RunTime:0.000391s ]
INFO: [ app_end ] --END-- [ RunTime:0.000429s ]

[ 2017-05-08T15:40:32+08:00 ] 36.149.40.178 /admin/CompanyInfo/ajax_img
INFO: [ app_init ] --START--
INFO: Run Behavior\BuildLiteBehavior [ RunTime:0.000013s ]
INFO: [ app_init ] --END-- [ RunTime:0.000317s ]
INFO: [ app_begin ] --START--
INFO: Run Behavior\ReadHtmlCacheBehavior [ RunTime:0.000390s ]
INFO: [ app_begin ] --END-- [ RunTime:0.000432s ]
SQL: SHOW COLUMNS FROM `yd_image` [ RunTime:0.0006s ]
SQL: SELECT * FROM `yd_image` WHERE `img_storeid` = 678  [ RunTime:0.0002s ]
NOTIC: [8] Undefined variable: res /mnt/web/association/public_html/Application/Admin/Controller/CompanyInfoController.class.php 第 43 行.

[ 2017-05-08T15:40:32+08:00 ] 36.149.40.178 /Admin/Media/media_list
INFO: [ app_init ] --START--
INFO: Run Behavior\BuildLiteBehavior [ RunTime:0.000014s ]
INFO: [ app_init ] --END-- [ RunTime:0.000306s ]
INFO: [ app_begin ] --START--
INFO: Run Behavior\ReadHtmlCacheBehavior [ RunTime:0.000376s ]
INFO: [ app_begin ] --END-- [ RunTime:0.000416s ]
SQL: SHOW COLUMNS FROM `yd_media` [ RunTime:0.0007s ]
SQL: SELECT * FROM `yd_media` WHERE `med_storeid` = 678 ORDER BY med_id desc LIMIT 6   [ RunTime:0.0002s ]
INFO: [ app_end ] --START--
INFO: Run Behavior\ShowPageTraceBehavior [ RunTime:0.000425s ]
INFO: [ app_end ] --END-- [ RunTime:0.000462s ]

[ 2017-05-08T19:21:46+08:00 ] 218.19.99.118 /Admin/CompanyInfo/add_info
INFO: [ app_init ] --START--
INFO: Run Behavior\BuildLiteBehavior [ RunTime:0.000012s ]
INFO: [ app_init ] --END-- [ RunTime:0.000373s ]
INFO: [ app_begin ] --START--
INFO: Run Behavior\ReadHtmlCacheBehavior [ RunTime:0.000465s ]
INFO: [ app_begin ] --END-- [ RunTime:0.000510s ]
SQL: SHOW COLUMNS FROM `yd_company_info` [ RunTime:0.0009s ]
SQL: SELECT * FROM `yd_company_info` WHERE `com_storeid` = 606 LIMIT 1   [ RunTime:0.0002s ]
SQL: SHOW COLUMNS FROM `yd_image` [ RunTime:0.0008s ]
SQL: SELECT * FROM `yd_image` WHERE `img_storeid` = 606  [ RunTime:0.0001s ]
INFO: [ view_parse ] --START--
INFO: [ template_filter ] --START--
INFO: Run Behavior\ContentReplaceBehavior [ RunTime:0.000113s ]
INFO: [ template_filter ] --END-- [ RunTime:0.000158s ]
NOTIC: [8] Undefined variable: store_class /mnt/web/association/public_html/Application/Runtime/Cache/Admin/419e0d41903d9084a23840c8c3ea4e2a.php 第 142 行.
NOTIC: [8] Undefined variable: apply /mnt/web/association/public_html/Application/Runtime/Cache/Admin/419e0d41903d9084a23840c8c3ea4e2a.php 第 144 行.
INFO: Run Behavior\ParseTemplateBehavior [ RunTime:0.010938s ]
INFO: [ view_parse ] --END-- [ RunTime:0.010978s ]
INFO: [ view_filter ] --START--
INFO: Run Behavior\WriteHtmlCacheBehavior [ RunTime:0.000259s ]
INFO: [ view_filter ] --END-- [ RunTime:0.000293s ]
INFO: [ app_end ] --START--
INFO: Run Behavior\ShowPageTraceBehavior [ RunTime:0.000515s ]
INFO: [ app_end ] --END-- [ RunTime:0.000563s ]

[ 2017-05-08T19:21:46+08:00 ] 218.19.99.118 /admin/CompanyInfo/ajax_img
INFO: [ app_init ] --START--
INFO: Run Behavior\BuildLiteBehavior [ RunTime:0.000012s ]
INFO: [ app_init ] --END-- [ RunTime:0.000350s ]
INFO: [ app_begin ] --START--
INFO: Run Behavior\ReadHtmlCacheBehavior [ RunTime:0.000435s ]
INFO: [ app_begin ] --END-- [ RunTime:0.000487s ]
SQL: SHOW COLUMNS FROM `yd_image` [ RunTime:0.0008s ]
SQL: SELECT * FROM `yd_image` WHERE `img_storeid` = 606  [ RunTime:0.0001s ]

[ 2017-05-08T19:21:46+08:00 ] 218.19.99.118 /Admin/Media/media_list
INFO: [ app_init ] --START--
INFO: Run Behavior\BuildLiteBehavior [ RunTime:0.000023s ]
INFO: [ app_init ] --END-- [ RunTime:0.000370s ]
INFO: [ app_begin ] --START--
INFO: Run Behavior\ReadHtmlCacheBehavior [ RunTime:0.000458s ]
INFO: [ app_begin ] --END-- [ RunTime:0.000502s ]
SQL: SHOW COLUMNS FROM `yd_media` [ RunTime:0.0009s ]
SQL: SELECT * FROM `yd_media` WHERE `med_storeid` = 606 ORDER BY med_id desc LIMIT 6   [ RunTime:0.0002s ]

