[ 2017-05-22T10:47:54+08:00 ] 119.130.228.44 /Admin/index/tindex
INFO: [ app_init ] --START--
INFO: Run Behavior\BuildLiteBehavior [ RunTime:0.000013s ]
INFO: [ app_init ] --END-- [ RunTime:0.000384s ]
INFO: [ app_begin ] --START--
INFO: Run Behavior\ReadHtmlCacheBehavior [ RunTime:0.000465s ]
INFO: [ app_begin ] --END-- [ RunTime:0.000511s ]
SQL: SHOW COLUMNS FROM `yd_company_info` [ RunTime:0.0011s ]
SQL: SELECT * FROM `yd_company_info` WHERE `com_storeid` = 607 LIMIT 1   [ RunTime:0.0002s ]
NOTIC: [8] Undefined index: status /mnt/web/spectrum/public_html/Application/Admin/Controller/IndexController.class.php 第 55 行.
SQL: SHOW COLUMNS FROM `yd_audit` [ RunTime:0.0008s ]
SQL: SELECT * FROM `yd_audit` WHERE `com_id` = 66 AND `status` = 2 ORDER BY addtime desc LIMIT 1   [ RunTime:0.0002s ]
INFO: [ view_parse ] --START--
INFO: [ template_filter ] --START--
INFO: Run Behavior\ContentReplaceBehavior [ RunTime:0.000035s ]
INFO: [ template_filter ] --END-- [ RunTime:0.000073s ]
INFO: Run Behavior\ParseTemplateBehavior [ RunTime:0.005961s ]
INFO: [ view_parse ] --END-- [ RunTime:0.006005s ]
INFO: [ view_filter ] --START--
INFO: Run Behavior\WriteHtmlCacheBehavior [ RunTime:0.000264s ]
INFO: [ view_filter ] --END-- [ RunTime:0.000300s ]
INFO: [ app_end ] --START--
INFO: Run Behavior\ShowPageTraceBehavior [ RunTime:0.000477s ]
INFO: [ app_end ] --END-- [ RunTime:0.000515s ]

[ 2017-05-22T10:48:18+08:00 ] 119.130.228.44 /Admin/index/tindex
INFO: [ app_init ] --START--
INFO: Run Behavior\BuildLiteBehavior [ RunTime:0.000012s ]
INFO: [ app_init ] --END-- [ RunTime:0.000368s ]
INFO: [ app_begin ] --START--
INFO: Run Behavior\ReadHtmlCacheBehavior [ RunTime:0.000460s ]
INFO: [ app_begin ] --END-- [ RunTime:0.000507s ]
SQL: SHOW COLUMNS FROM `yd_company_info` [ RunTime:0.0012s ]
SQL: SELECT * FROM `yd_company_info` WHERE `com_storeid` = 607 LIMIT 1   [ RunTime:0.0002s ]
NOTIC: [8] Undefined index: status /mnt/web/spectrum/public_html/Application/Admin/Controller/IndexController.class.php 第 55 行.
SQL: SHOW COLUMNS FROM `yd_audit` [ RunTime:0.0008s ]
SQL: SELECT * FROM `yd_audit` WHERE `com_id` = 66 AND `status` = 2 ORDER BY addtime desc LIMIT 1   [ RunTime:0.0002s ]
INFO: [ view_parse ] --START--
INFO: [ template_filter ] --START--
INFO: Run Behavior\ContentReplaceBehavior [ RunTime:0.000035s ]
INFO: [ template_filter ] --END-- [ RunTime:0.000075s ]
INFO: Run Behavior\ParseTemplateBehavior [ RunTime:0.004498s ]
INFO: [ view_parse ] --END-- [ RunTime:0.004540s ]
INFO: [ view_filter ] --START--
INFO: Run Behavior\WriteHtmlCacheBehavior [ RunTime:0.000265s ]
INFO: [ view_filter ] --END-- [ RunTime:0.000301s ]
INFO: [ app_end ] --START--
INFO: Run Behavior\ShowPageTraceBehavior [ RunTime:0.000473s ]
INFO: [ app_end ] --END-- [ RunTime:0.000511s ]

[ 2017-05-22T10:49:35+08:00 ] 119.130.228.44 /Admin/index/tindex
INFO: [ app_init ] --START--
INFO: Run Behavior\BuildLiteBehavior [ RunTime:0.000012s ]
INFO: [ app_init ] --END-- [ RunTime:0.000374s ]
INFO: [ app_begin ] --START--
INFO: Run Behavior\ReadHtmlCacheBehavior [ RunTime:0.000473s ]
INFO: [ app_begin ] --END-- [ RunTime:0.000518s ]
SQL: SHOW COLUMNS FROM `yd_company_info` [ RunTime:0.0010s ]
SQL: SELECT * FROM `yd_company_info` WHERE `com_storeid` = 607 LIMIT 1   [ RunTime:0.0002s ]
NOTIC: [8] Undefined index: status /mnt/web/spectrum/public_html/Application/Admin/Controller/IndexController.class.php 第 55 行.
SQL: SHOW COLUMNS FROM `yd_audit` [ RunTime:0.0008s ]
SQL: SELECT * FROM `yd_audit` WHERE `com_id` = 66 AND `status` = 2 ORDER BY addtime desc LIMIT 1   [ RunTime:0.0002s ]
INFO: [ view_parse ] --START--
INFO: [ template_filter ] --START--
INFO: Run Behavior\ContentReplaceBehavior [ RunTime:0.000035s ]
INFO: [ template_filter ] --END-- [ RunTime:0.000080s ]
INFO: Run Behavior\ParseTemplateBehavior [ RunTime:0.004472s ]
INFO: [ view_parse ] --END-- [ RunTime:0.004515s ]
INFO: [ view_filter ] --START--
INFO: Run Behavior\WriteHtmlCacheBehavior [ RunTime:0.000251s ]
INFO: [ view_filter ] --END-- [ RunTime:0.000286s ]
INFO: [ app_end ] --START--
INFO: Run Behavior\ShowPageTraceBehavior [ RunTime:0.000467s ]
INFO: [ app_end ] --END-- [ RunTime:0.000506s ]

[ 2017-05-22T10:50:10+08:00 ] 119.130.228.44 /Admin/index/tindex
INFO: [ app_init ] --START--
INFO: Run Behavior\BuildLiteBehavior [ RunTime:0.000012s ]
INFO: [ app_init ] --END-- [ RunTime:0.000366s ]
INFO: [ app_begin ] --START--
INFO: Run Behavior\ReadHtmlCacheBehavior [ RunTime:0.000468s ]
INFO: [ app_begin ] --END-- [ RunTime:0.000513s ]
SQL: SHOW COLUMNS FROM `yd_company_info` [ RunTime:0.0010s ]
SQL: SELECT * FROM `yd_company_info` WHERE `com_storeid` = 607 LIMIT 1   [ RunTime:0.0002s ]
NOTIC: [8] Undefined index: status /mnt/web/spectrum/public_html/Application/Admin/Controller/IndexController.class.php 第 55 行.
SQL: SHOW COLUMNS FROM `yd_audit` [ RunTime:0.0008s ]
SQL: SELECT * FROM `yd_audit` WHERE `com_id` = 66 AND `status` = 2 ORDER BY addtime desc LIMIT 1   [ RunTime:0.0002s ]
INFO: [ view_parse ] --START--
INFO: [ template_filter ] --START--
INFO: Run Behavior\ContentReplaceBehavior [ RunTime:0.000035s ]
INFO: [ template_filter ] --END-- [ RunTime:0.000074s ]
INFO: Run Behavior\ParseTemplateBehavior [ RunTime:0.004456s ]
INFO: [ view_parse ] --END-- [ RunTime:0.004500s ]
INFO: [ view_filter ] --START--
INFO: Run Behavior\WriteHtmlCacheBehavior [ RunTime:0.000270s ]
INFO: [ view_filter ] --END-- [ RunTime:0.000305s ]
INFO: [ app_end ] --START--
INFO: Run Behavior\ShowPageTraceBehavior [ RunTime:0.000467s ]
INFO: [ app_end ] --END-- [ RunTime:0.000504s ]

[ 2017-05-22T10:51:57+08:00 ] 119.130.228.44 /Admin/index/tindex
INFO: [ app_init ] --START--
INFO: Run Behavior\BuildLiteBehavior [ RunTime:0.000014s ]
INFO: [ app_init ] --END-- [ RunTime:0.000390s ]
INFO: [ app_begin ] --START--
INFO: Run Behavior\ReadHtmlCacheBehavior [ RunTime:0.000476s ]
INFO: [ app_begin ] --END-- [ RunTime:0.000525s ]
SQL: SHOW COLUMNS FROM `yd_company_info` [ RunTime:0.0012s ]
SQL: SELECT * FROM `yd_company_info` WHERE `com_storeid` = 607 LIMIT 1   [ RunTime:0.0002s ]
NOTIC: [8] Undefined index: status /mnt/web/spectrum/public_html/Application/Admin/Controller/IndexController.class.php 第 55 行.
SQL: SHOW COLUMNS FROM `yd_audit` [ RunTime:0.0008s ]
SQL: SELECT * FROM `yd_audit` WHERE `com_id` = 66 AND `status` = 2 ORDER BY addtime desc LIMIT 1   [ RunTime:0.0002s ]
INFO: [ view_parse ] --START--
INFO: [ template_filter ] --START--
INFO: Run Behavior\ContentReplaceBehavior [ RunTime:0.000036s ]
INFO: [ template_filter ] --END-- [ RunTime:0.000076s ]
INFO: Run Behavior\ParseTemplateBehavior [ RunTime:0.004584s ]
INFO: [ view_parse ] --END-- [ RunTime:0.004629s ]
INFO: [ view_filter ] --START--
INFO: Run Behavior\WriteHtmlCacheBehavior [ RunTime:0.000263s ]
INFO: [ view_filter ] --END-- [ RunTime:0.000298s ]
INFO: [ app_end ] --START--
INFO: Run Behavior\ShowPageTraceBehavior [ RunTime:0.000477s ]
INFO: [ app_end ] --END-- [ RunTime:0.000517s ]

[ 2017-05-22T10:52:06+08:00 ] 119.130.228.44 /admin/CompanyInfo/add_info
INFO: [ app_init ] --START--
INFO: Run Behavior\BuildLiteBehavior [ RunTime:0.000014s ]
INFO: [ app_init ] --END-- [ RunTime:0.000377s ]
INFO: [ app_begin ] --START--
INFO: Run Behavior\ReadHtmlCacheBehavior [ RunTime:0.000459s ]
INFO: [ app_begin ] --END-- [ RunTime:0.000506s ]
SQL: SHOW COLUMNS FROM `yd_company_info` [ RunTime:0.0012s ]
SQL: SELECT * FROM `yd_company_info` WHERE `com_storeid` = 607 LIMIT 1   [ RunTime:0.0002s ]
SQL: SHOW COLUMNS FROM `yd_image` [ RunTime:0.0008s ]
SQL: SELECT * FROM `yd_image` WHERE `img_storeid` = 607  [ RunTime:0.0002s ]
INFO: [ view_parse ] --START--
INFO: [ template_filter ] --START--
INFO: Run Behavior\ContentReplaceBehavior [ RunTime:0.000093s ]
INFO: [ template_filter ] --END-- [ RunTime:0.000137s ]
INFO: Run Behavior\ParseTemplateBehavior [ RunTime:0.010534s ]
INFO: [ view_parse ] --END-- [ RunTime:0.010577s ]
INFO: [ view_filter ] --START--
INFO: Run Behavior\WriteHtmlCacheBehavior [ RunTime:0.000281s ]
INFO: [ view_filter ] --END-- [ RunTime:0.000321s ]
INFO: [ app_end ] --START--
INFO: Run Behavior\ShowPageTraceBehavior [ RunTime:0.000492s ]
INFO: [ app_end ] --END-- [ RunTime:0.000544s ]

[ 2017-05-22T10:52:07+08:00 ] 119.130.228.44 /admin/CompanyInfo/ajax_img
INFO: [ app_init ] --START--
INFO: Run Behavior\BuildLiteBehavior [ RunTime:0.000014s ]
INFO: [ app_init ] --END-- [ RunTime:0.000387s ]
INFO: [ app_begin ] --START--
INFO: Run Behavior\ReadHtmlCacheBehavior [ RunTime:0.000450s ]
INFO: [ app_begin ] --END-- [ RunTime:0.000496s ]
SQL: SHOW COLUMNS FROM `yd_image` [ RunTime:0.0010s ]
SQL: SELECT * FROM `yd_image` WHERE `img_storeid` = 607  [ RunTime:0.0002s ]

[ 2017-05-22T10:52:07+08:00 ] 119.130.228.44 /Admin/Media/media_list
INFO: [ app_init ] --START--
INFO: Run Behavior\BuildLiteBehavior [ RunTime:0.000013s ]
INFO: [ app_init ] --END-- [ RunTime:0.000389s ]
INFO: [ app_begin ] --START--
INFO: Run Behavior\ReadHtmlCacheBehavior [ RunTime:0.000449s ]
INFO: [ app_begin ] --END-- [ RunTime:0.000519s ]
SQL: SHOW COLUMNS FROM `yd_media` [ RunTime:0.0009s ]
SQL: SELECT * FROM `yd_media` WHERE `med_storeid` = 607 ORDER BY med_id desc LIMIT 6   [ RunTime:0.0002s ]
INFO: [ app_end ] --START--
INFO: Run Behavior\ShowPageTraceBehavior [ RunTime:0.000481s ]
INFO: [ app_end ] --END-- [ RunTime:0.000532s ]

[ 2017-05-22T10:52:21+08:00 ] 119.130.228.44 /Admin/index/tindex
INFO: [ app_init ] --START--
INFO: Run Behavior\BuildLiteBehavior [ RunTime:0.000014s ]
INFO: [ app_init ] --END-- [ RunTime:0.000381s ]
INFO: [ app_begin ] --START--
INFO: Run Behavior\ReadHtmlCacheBehavior [ RunTime:0.000463s ]
INFO: [ app_begin ] --END-- [ RunTime:0.000511s ]
SQL: SHOW COLUMNS FROM `yd_company_info` [ RunTime:0.0012s ]
SQL: SELECT * FROM `yd_company_info` WHERE `com_storeid` = 607 LIMIT 1   [ RunTime:0.0002s ]
NOTIC: [8] Undefined index: status /mnt/web/spectrum/public_html/Application/Admin/Controller/IndexController.class.php 第 55 行.
SQL: SHOW COLUMNS FROM `yd_audit` [ RunTime:0.0008s ]
SQL: SELECT * FROM `yd_audit` WHERE `com_id` = 66 AND `status` = 2 ORDER BY addtime desc LIMIT 1   [ RunTime:0.0002s ]
INFO: [ view_parse ] --START--
INFO: [ template_filter ] --START--
INFO: Run Behavior\ContentReplaceBehavior [ RunTime:0.000035s ]
INFO: [ template_filter ] --END-- [ RunTime:0.000074s ]
INFO: Run Behavior\ParseTemplateBehavior [ RunTime:0.004709s ]
INFO: [ view_parse ] --END-- [ RunTime:0.004753s ]
INFO: [ view_filter ] --START--
INFO: Run Behavior\WriteHtmlCacheBehavior [ RunTime:0.000276s ]
INFO: [ view_filter ] --END-- [ RunTime:0.000313s ]
INFO: [ app_end ] --START--
INFO: Run Behavior\ShowPageTraceBehavior [ RunTime:0.000471s ]
INFO: [ app_end ] --END-- [ RunTime:0.000510s ]

[ 2017-05-22T10:53:06+08:00 ] 119.130.228.44 /Admin/index/tindex
INFO: [ app_init ] --START--
INFO: Run Behavior\BuildLiteBehavior [ RunTime:0.000014s ]
INFO: [ app_init ] --END-- [ RunTime:0.000394s ]
INFO: [ app_begin ] --START--
INFO: Run Behavior\ReadHtmlCacheBehavior [ RunTime:0.000459s ]
INFO: [ app_begin ] --END-- [ RunTime:0.000506s ]
SQL: SHOW COLUMNS FROM `yd_company_info` [ RunTime:0.0012s ]
SQL: SELECT * FROM `yd_company_info` WHERE `com_storeid` = 607 LIMIT 1   [ RunTime:0.0002s ]
NOTIC: [8] Undefined index: status /mnt/web/spectrum/public_html/Application/Admin/Controller/IndexController.class.php 第 55 行.
SQL: SHOW COLUMNS FROM `yd_audit` [ RunTime:0.0008s ]
SQL: SELECT * FROM `yd_audit` WHERE `com_id` = 66 AND `status` = 2 ORDER BY addtime desc LIMIT 1   [ RunTime:0.0002s ]
INFO: [ view_parse ] --START--
INFO: [ template_filter ] --START--
INFO: Run Behavior\ContentReplaceBehavior [ RunTime:0.000042s ]
INFO: [ template_filter ] --END-- [ RunTime:0.000083s ]
INFO: Run Behavior\ParseTemplateBehavior [ RunTime:0.004568s ]
INFO: [ view_parse ] --END-- [ RunTime:0.004610s ]
INFO: [ view_filter ] --START--
INFO: Run Behavior\WriteHtmlCacheBehavior [ RunTime:0.000266s ]
INFO: [ view_filter ] --END-- [ RunTime:0.000302s ]
INFO: [ app_end ] --START--
INFO: Run Behavior\ShowPageTraceBehavior [ RunTime:0.000481s ]
INFO: [ app_end ] --END-- [ RunTime:0.000520s ]

[ 2017-05-22T10:53:18+08:00 ] 119.130.228.44 /Admin/index/tindex
INFO: [ app_init ] --START--
INFO: Run Behavior\BuildLiteBehavior [ RunTime:0.000013s ]
INFO: [ app_init ] --END-- [ RunTime:0.000363s ]
INFO: [ app_begin ] --START--
INFO: Run Behavior\ReadHtmlCacheBehavior [ RunTime:0.000491s ]
INFO: [ app_begin ] --END-- [ RunTime:0.000537s ]
SQL: SHOW COLUMNS FROM `yd_company_info` [ RunTime:0.0010s ]
SQL: SELECT * FROM `yd_company_info` WHERE `com_storeid` = 607 LIMIT 1   [ RunTime:0.0002s ]
NOTIC: [8] Undefined index: status /mnt/web/spectrum/public_html/Application/Admin/Controller/IndexController.class.php 第 55 行.
SQL: SHOW COLUMNS FROM `yd_audit` [ RunTime:0.0008s ]
SQL: SELECT * FROM `yd_audit` WHERE `com_id` = 66 AND `status` = 2 ORDER BY addtime desc LIMIT 1   [ RunTime:0.0002s ]
INFO: [ view_parse ] --START--
INFO: [ template_filter ] --START--
INFO: Run Behavior\ContentReplaceBehavior [ RunTime:0.000034s ]
INFO: [ template_filter ] --END-- [ RunTime:0.000073s ]
INFO: Run Behavior\ParseTemplateBehavior [ RunTime:0.004523s ]
INFO: [ view_parse ] --END-- [ RunTime:0.004566s ]
INFO: [ view_filter ] --START--
INFO: Run Behavior\WriteHtmlCacheBehavior [ RunTime:0.000254s ]
INFO: [ view_filter ] --END-- [ RunTime:0.000288s ]
INFO: [ app_end ] --START--
INFO: Run Behavior\ShowPageTraceBehavior [ RunTime:0.000483s ]
INFO: [ app_end ] --END-- [ RunTime:0.000521s ]

[ 2017-05-22T10:56:01+08:00 ] 119.130.228.44 /admin/CompanyInfo/add_info
INFO: [ app_init ] --START--
INFO: Run Behavior\BuildLiteBehavior [ RunTime:0.000015s ]
INFO: [ app_init ] --END-- [ RunTime:0.000388s ]
INFO: [ app_begin ] --START--
INFO: Run Behavior\ReadHtmlCacheBehavior [ RunTime:0.000474s ]
INFO: [ app_begin ] --END-- [ RunTime:0.000522s ]
SQL: SHOW COLUMNS FROM `yd_company_info` [ RunTime:0.0011s ]
SQL: SELECT * FROM `yd_company_info` WHERE `com_storeid` = 607 LIMIT 1   [ RunTime:0.0002s ]
SQL: SHOW COLUMNS FROM `yd_image` [ RunTime:0.0008s ]
SQL: SELECT * FROM `yd_image` WHERE `img_storeid` = 607  [ RunTime:0.0001s ]
INFO: [ view_parse ] --START--
INFO: [ template_filter ] --START--
INFO: Run Behavior\ContentReplaceBehavior [ RunTime:0.000094s ]
INFO: [ template_filter ] --END-- [ RunTime:0.000137s ]
INFO: Run Behavior\ParseTemplateBehavior [ RunTime:0.010587s ]
INFO: [ view_parse ] --END-- [ RunTime:0.010640s ]
INFO: [ view_filter ] --START--
INFO: Run Behavior\WriteHtmlCacheBehavior [ RunTime:0.000260s ]
INFO: [ view_filter ] --END-- [ RunTime:0.000298s ]
INFO: [ app_end ] --START--
INFO: Run Behavior\ShowPageTraceBehavior [ RunTime:0.000492s ]
INFO: [ app_end ] --END-- [ RunTime:0.000542s ]

[ 2017-05-22T10:56:02+08:00 ] 119.130.228.44 /admin/CompanyInfo/ajax_img
INFO: [ app_init ] --START--
INFO: Run Behavior\BuildLiteBehavior [ RunTime:0.000013s ]
INFO: [ app_init ] --END-- [ RunTime:0.000374s ]
INFO: [ app_begin ] --START--
INFO: Run Behavior\ReadHtmlCacheBehavior [ RunTime:0.000456s ]
INFO: [ app_begin ] --END-- [ RunTime:0.000499s ]
SQL: SHOW COLUMNS FROM `yd_image` [ RunTime:0.0010s ]
SQL: SELECT * FROM `yd_image` WHERE `img_storeid` = 607  [ RunTime:0.0002s ]

[ 2017-05-22T10:56:02+08:00 ] 119.130.228.44 /Admin/Media/media_list
INFO: [ app_init ] --START--
INFO: Run Behavior\BuildLiteBehavior [ RunTime:0.000013s ]
INFO: [ app_init ] --END-- [ RunTime:0.000384s ]
INFO: [ app_begin ] --START--
INFO: Run Behavior\ReadHtmlCacheBehavior [ RunTime:0.000467s ]
INFO: [ app_begin ] --END-- [ RunTime:0.000510s ]
SQL: SHOW COLUMNS FROM `yd_media` [ RunTime:0.0009s ]
SQL: SELECT * FROM `yd_media` WHERE `med_storeid` = 607 ORDER BY med_id desc LIMIT 6   [ RunTime:0.0002s ]
INFO: [ app_end ] --START--
INFO: Run Behavior\ShowPageTraceBehavior [ RunTime:0.000507s ]
INFO: [ app_end ] --END-- [ RunTime:0.000546s ]

[ 2017-05-22T23:52:10+08:00 ] 140.205.201.33 /admin/
INFO: [ app_init ] --START--
INFO: Run Behavior\BuildLiteBehavior [ RunTime:0.000013s ]
INFO: [ app_init ] --END-- [ RunTime:0.000381s ]
INFO: [ app_begin ] --START--
INFO: Run Behavior\ReadHtmlCacheBehavior [ RunTime:0.000452s ]
INFO: [ app_begin ] --END-- [ RunTime:0.000499s ]

